<?xml version="1.0" encoding="UTF-8"?>
<TestRun id="fb8e0d8c-8df4-4cf8-9dd6-dad535451466" name="Mohan Krupanandan@OWNER-PC 2014-07-22 11:40:33" runUser="Owner-PC\Mohan Krupanandan" xmlns="http://microsoft.com/schemas/VisualStudio/TeamTest/2006">
  <TestRunConfiguration name="Local Test Run" id="7484b31a-7605-4c36-89c2-1c7908653846">
    <Description>This is a default test run configuration for a local test run.</Description>
    <Deployment userDeploymentRoot="C:\Users\Mohan Krupanandan\Documents\GitHub\seo_sdk_dotnet\BVSeoSdkDotNet\TestResults" useDefaultDeploymentRoot="false" runDeploymentRoot="C:\Users\Mohan Krupanandan\Documents\GitHub\seo_sdk_dotnet\BVSeoSdkDotNet\TestResults\Mohan Krupanandan_OWNER-PC 2014-07-22 11_40_33">
      <DeploymentItem filename="C:\Users\Mohan Krupanandan\Documents\GitHub\seo_sdk_dotnet\BVSeoSdkDotNet\BVSeoSdkDotNet\bin\Debug\BVSeoSdkDotNet.dll" />
    </Deployment>
    <TestTypeSpecific />
  </TestRunConfiguration>
  <ResultSummary outcome="Completed">
    <Counters total="2" executed="2" passed="2" error="0" failed="0" timeout="0" aborted="0" inconclusive="0" passedButRunAborted="0" notRunnable="0" notExecuted="0" disconnected="0" warning="0" completed="0" inProgress="0" pending="0" />
  </ResultSummary>
  <Times creation="2014-07-22T11:40:33.1234411-05:00" queuing="2014-07-22T11:40:33.5774670-05:00" start="2014-07-22T11:40:33.5984682-05:00" finish="2014-07-22T11:40:33.6764727-05:00" />
  <TestDefinitions>
    <UnitTest name="TestUri_For_C2013_HTTP" storage="c:\users\mohan krupanandan\documents\github\seo_sdk_dotnet\bvseosdkdotnet\bvseosdkdotnettest\bin\debug\bvseosdktest.dll" id="4519dc37-d6af-1168-2fe0-550fdf975e5c">
      <Css projectStructure="" iteration="" />
      <Owners>
        <Owner name="" />
      </Owners>
      <Execution id="ee395b79-721d-4308-b1b0-db5329bb250e" />
      <TestMethod codeBase="C:\Users\Mohan Krupanandan\Documents\GitHub\seo_sdk_dotnet\BVSeoSdkDotNet\BVSeoSdkDotNetTest\bin\Debug\BVSEOSDKTest.dll" adapterTypeName="Microsoft.VisualStudio.TestTools.TestTypes.Unit.UnitTestAdapter, Microsoft.VisualStudio.QualityTools.Tips.UnitTest.Adapter, Version=9.0.0.0, Culture=neutral, PublicKeyToken=b03f5f7f11d50a3a" className="BVSEOSDKTest.BVSeoSdkURLBuilderTest, BVSEOSDKTest" name="TestUri_For_C2013_HTTP" />
    </UnitTest>
    <UnitTest name="TestUri_For_C2013_File" storage="c:\users\mohan krupanandan\documents\github\seo_sdk_dotnet\bvseosdkdotnet\bvseosdkdotnettest\bin\debug\bvseosdktest.dll" id="47f9a937-2bcb-0684-d30d-91119567ec8d">
      <Css projectStructure="" iteration="" />
      <Owners>
        <Owner name="" />
      </Owners>
      <Execution id="374d290f-6017-4a56-af14-5d8708817aae" />
      <TestMethod codeBase="C:\Users\Mohan Krupanandan\Documents\GitHub\seo_sdk_dotnet\BVSeoSdkDotNet\BVSeoSdkDotNetTest\bin\Debug\BVSEOSDKTest.dll" adapterTypeName="Microsoft.VisualStudio.TestTools.TestTypes.Unit.UnitTestAdapter, Microsoft.VisualStudio.QualityTools.Tips.UnitTest.Adapter, Version=9.0.0.0, Culture=neutral, PublicKeyToken=b03f5f7f11d50a3a" className="BVSEOSDKTest.BVSeoSdkURLBuilderTest, BVSEOSDKTest" name="TestUri_For_C2013_File" />
    </UnitTest>
  </TestDefinitions>
  <TestLists>
    <TestList name="Results Not in a List" id="8c84fa94-04c1-424b-9868-57a2d4851a1d" />
    <TestList name="All Loaded Results" id="19431567-8539-422a-85d7-44ee4e166bda" />
  </TestLists>
  <TestEntries>
    <TestEntry testId="4519dc37-d6af-1168-2fe0-550fdf975e5c" executionId="ee395b79-721d-4308-b1b0-db5329bb250e" testListId="8c84fa94-04c1-424b-9868-57a2d4851a1d" />
    <TestEntry testId="47f9a937-2bcb-0684-d30d-91119567ec8d" executionId="374d290f-6017-4a56-af14-5d8708817aae" testListId="8c84fa94-04c1-424b-9868-57a2d4851a1d" />
  </TestEntries>
  <Results>
    <UnitTestResult executionId="ee395b79-721d-4308-b1b0-db5329bb250e" testId="4519dc37-d6af-1168-2fe0-550fdf975e5c" testName="TestUri_For_C2013_HTTP" computerName="OWNER-PC" duration="00:00:00.0179353" startTime="2014-07-22T11:40:33.5994683-05:00" endTime="2014-07-22T11:40:33.6664721-05:00" testType="13cdc9d9-ddb5-4fa4-a97d-d965ccfc6d4b" outcome="Passed" testListId="8c84fa94-04c1-424b-9868-57a2d4851a1d">
      <Output>
      </Output>
    </UnitTestResult>
    <UnitTestResult executionId="374d290f-6017-4a56-af14-5d8708817aae" testId="47f9a937-2bcb-0684-d30d-91119567ec8d" testName="TestUri_For_C2013_File" computerName="OWNER-PC" duration="00:00:00.0010647" startTime="2014-07-22T11:40:33.6684722-05:00" endTime="2014-07-22T11:40:33.6714724-05:00" testType="13cdc9d9-ddb5-4fa4-a97d-d965ccfc6d4b" outcome="Passed" testListId="8c84fa94-04c1-424b-9868-57a2d4851a1d">
      <Output>
      </Output>
    </UnitTestResult>
  </Results>
</TestRun>