<?xml version="1.0" encoding="UTF-8"?>
<TestRun id="e1b9e402-5ee0-420d-a0d5-c6687c1a4669" name="Mohan Krupanandan@OWNER-PC 2014-06-19 16:10:52" runUser="Owner-PC\Mohan Krupanandan" xmlns="http://microsoft.com/schemas/VisualStudio/TeamTest/2006">
  <TestRunConfiguration name="Local Test Run" id="7484b31a-7605-4c36-89c2-1c7908653846">
    <Description>This is a default test run configuration for a local test run.</Description>
    <Deployment runDeploymentRoot="C:\Projects\BVSeoSdkDotNet\TestResults\Mohan Krupanandan_OWNER-PC 2014-06-19 16_10_52">
      <DeploymentItem filename="C:\Projects\BVSeoSdkDotNet\BVSeoSdkDotNet\bin\Debug\BVSeoSdkDotNet.dll" />
    </Deployment>
    <TestTypeSpecific />
  </TestRunConfiguration>
  <ResultSummary outcome="Completed">
    <Counters total="63" executed="63" passed="63" error="0" failed="0" timeout="0" aborted="0" inconclusive="0" passedButRunAborted="0" notRunnable="0" notExecuted="0" disconnected="0" warning="0" completed="0" inProgress="0" pending="0" />
  </ResultSummary>
  <Times creation="2014-06-19T16:10:52.1063911-05:00" queuing="2014-06-19T16:10:52.8524337-05:00" start="2014-06-19T16:10:53.0224435-05:00" finish="2014-06-19T16:10:56.9526683-05:00" />
  <TestDefinitions>
    <UnitTest name="TestSEOContentFromHTTP_SinglePageC2013" storage="c:\projects\bvseosdkdotnet\bvseosdkdotnettest\bin\debug\bvseosdktest.dll" id="fc6b45b6-617d-35be-f3b7-a6ec6b460ed6">
      <Css projectStructure="" iteration="" />
      <Owners>
        <Owner name="" />
      </Owners>
      <Execution id="76e0fa06-3867-404f-8104-aefdf8e98f29" />
      <TestMethod codeBase="C:\Projects\BVSeoSdkDotNet\BVSeoSdkDotNetTest\bin\Debug\BVSEOSDKTest.dll" adapterTypeName="Microsoft.VisualStudio.TestTools.TestTypes.Unit.UnitTestAdapter, Microsoft.VisualStudio.QualityTools.Tips.UnitTest.Adapter, Version=9.0.0.0, Culture=neutral, PublicKeyToken=b03f5f7f11d50a3a" className="BVSeoSdkDotNet.BVManagedUIContent_SinglePageTest, BVSEOSDKTest" name="TestSEOContentFromHTTP_SinglePageC2013" />
    </UnitTest>
    <UnitTest name="TestSEOContentFromHTTP__InvalidCloudKey" storage="c:\projects\bvseosdkdotnet\bvseosdkdotnettest\bin\debug\bvseosdktest.dll" id="aeaa7568-80d7-74bb-5b00-573772c963a7">
      <Css projectStructure="" iteration="" />
      <Owners>
        <Owner name="" />
      </Owners>
      <Execution id="68fb16ee-c27f-458b-9dff-f10e8a1ab48f" />
      <TestMethod codeBase="C:\Projects\BVSeoSdkDotNet\BVSeoSdkDotNetTest\bin\Debug\BVSEOSDKTest.dll" adapterTypeName="Microsoft.VisualStudio.TestTools.TestTypes.Unit.UnitTestAdapter, Microsoft.VisualStudio.QualityTools.Tips.UnitTest.Adapter, Version=9.0.0.0, Culture=neutral, PublicKeyToken=b03f5f7f11d50a3a" className="BVSeoSdkDotNet.BVManagedUIContent_SinglePageTest, BVSEOSDKTest" name="TestSEOContentFromHTTP__InvalidCloudKey" />
    </UnitTest>
    <UnitTest name="TestUri_For_C2013_File" storage="c:\projects\bvseosdkdotnet\bvseosdkdotnettest\bin\debug\bvseosdktest.dll" id="47f9a937-2bcb-0684-d30d-91119567ec8d">
      <Css projectStructure="" iteration="" />
      <Owners>
        <Owner name="" />
      </Owners>
      <Execution id="1484a9e0-d52d-4edf-8743-80b18e5cba41" />
      <TestMethod codeBase="C:\Projects\BVSeoSdkDotNet\BVSeoSdkDotNetTest\bin\Debug\BVSEOSDKTest.dll" adapterTypeName="Microsoft.VisualStudio.TestTools.TestTypes.Unit.UnitTestAdapter, Microsoft.VisualStudio.QualityTools.Tips.UnitTest.Adapter, Version=9.0.0.0, Culture=neutral, PublicKeyToken=b03f5f7f11d50a3a" className="BVSEOSDKTest.BVSeoSdkURLBuilderTest, BVSEOSDKTest" name="TestUri_For_C2013_File" />
    </UnitTest>
    <UnitTest name="TestAdd_GetProperty" storage="c:\projects\bvseosdkdotnet\bvseosdkdotnettest\bin\debug\bvseosdktest.dll" id="ad53fe42-0f62-0dd7-7cc0-48e9888ed79f">
      <Css projectStructure="" iteration="" />
      <Owners>
        <Owner name="" />
      </Owners>
      <Execution id="9565efe5-ad90-4713-b025-218c38439cc1" />
      <TestMethod codeBase="C:\Projects\BVSeoSdkDotNet\BVSeoSdkDotNetTest\bin\Debug\BVSEOSDKTest.dll" adapterTypeName="Microsoft.VisualStudio.TestTools.TestTypes.Unit.UnitTestAdapter, Microsoft.VisualStudio.QualityTools.Tips.UnitTest.Adapter, Version=9.0.0.0, Culture=neutral, PublicKeyToken=b03f5f7f11d50a3a" className="BVSEOSDKTest.BVSdkConfigurationTest, BVSEOSDKTest" name="TestAdd_GetProperty" />
    </UnitTest>
    <UnitTest name="TestSEOContent_SinglePageHTTP_AggregateRating_BotDetectionEnabled" storage="c:\projects\bvseosdkdotnet\bvseosdkdotnettest\bin\debug\bvseosdktest.dll" id="4e53e90c-79f3-2fe5-42dc-76c59df7f553">
      <Css projectStructure="" iteration="" />
      <Owners>
        <Owner name="" />
      </Owners>
      <Execution id="5c4faf72-de9d-4ac5-80f8-da706fd3b186" />
      <TestMethod codeBase="C:\Projects\BVSeoSdkDotNet\BVSeoSdkDotNetTest\bin\Debug\BVSEOSDKTest.dll" adapterTypeName="Microsoft.VisualStudio.TestTools.TestTypes.Unit.UnitTestAdapter, Microsoft.VisualStudio.QualityTools.Tips.UnitTest.Adapter, Version=9.0.0.0, Culture=neutral, PublicKeyToken=b03f5f7f11d50a3a" className="BVSEOSDKTest.BVManagedUIContentAggregateReviewTest, BVSEOSDKTest" name="TestSEOContent_SinglePageHTTP_AggregateRating_BotDetectionEnabled" />
    </UnitTest>
    <UnitTest name="BVManagedUIContentTestExecutionTimeOut" storage="c:\projects\bvseosdkdotnet\bvseosdkdotnettest\bin\debug\bvseosdktest.dll" id="f257fd26-c7b6-848a-b0cf-55010618c280">
      <Css projectStructure="" iteration="" />
      <Owners>
        <Owner name="" />
      </Owners>
      <Execution id="0773ca1d-3d78-4011-a455-102b1a61ec83" />
      <TestMethod codeBase="C:\Projects\BVSeoSdkDotNet\BVSeoSdkDotNetTest\bin\Debug\BVSEOSDKTest.dll" adapterTypeName="Microsoft.VisualStudio.TestTools.TestTypes.Unit.UnitTestAdapter, Microsoft.VisualStudio.QualityTools.Tips.UnitTest.Adapter, Version=9.0.0.0, Culture=neutral, PublicKeyToken=b03f5f7f11d50a3a" className="BVSeoSdkDotNet.BVManagedUIContentTest, BVSEOSDKTest" name="BVManagedUIContentTestExecutionTimeOut" />
    </UnitTest>
    <UnitTest name="TestStory_Default_None" storage="c:\projects\bvseosdkdotnet\bvseosdkdotnettest\bin\debug\bvseosdktest.dll" id="b48b3fc7-9265-32fb-3e33-df8465400226">
      <Css projectStructure="" iteration="" />
      <Owners>
        <Owner name="" />
      </Owners>
      <Execution id="84fb9e66-4374-4eb9-8c93-c455f5b03eb7" />
      <TestMethod codeBase="C:\Projects\BVSeoSdkDotNet\BVSeoSdkDotNetTest\bin\Debug\BVSEOSDKTest.dll" adapterTypeName="Microsoft.VisualStudio.TestTools.TestTypes.Unit.UnitTestAdapter, Microsoft.VisualStudio.QualityTools.Tips.UnitTest.Adapter, Version=9.0.0.0, Culture=neutral, PublicKeyToken=b03f5f7f11d50a3a" className="BVSEOSDKTest.BVSeoSdkURLBuilderTest, BVSEOSDKTest" name="TestStory_Default_None" />
    </UnitTest>
    <UnitTest name="TestBase_PageUri_For_PRR_HTTP" storage="c:\projects\bvseosdkdotnet\bvseosdkdotnettest\bin\debug\bvseosdktest.dll" id="cff9f61b-6dcb-0390-8d2f-6388c5c19037">
      <Css projectStructure="" iteration="" />
      <Owners>
        <Owner name="" />
      </Owners>
      <Execution id="de69a116-b3b0-467d-810f-431d9092bc12" />
      <TestMethod codeBase="C:\Projects\BVSeoSdkDotNet\BVSeoSdkDotNetTest\bin\Debug\BVSEOSDKTest.dll" adapterTypeName="Microsoft.VisualStudio.TestTools.TestTypes.Unit.UnitTestAdapter, Microsoft.VisualStudio.QualityTools.Tips.UnitTest.Adapter, Version=9.0.0.0, Culture=neutral, PublicKeyToken=b03f5f7f11d50a3a" className="BVSEOSDKTest.BVSeoSdkURLBuilderTest, BVSEOSDKTest" name="TestBase_PageUri_For_PRR_HTTP" />
    </UnitTest>
    <UnitTest name="TestSEOContent_SinglePageHTTP_GetContent_SDK_Disabled" storage="c:\projects\bvseosdkdotnet\bvseosdkdotnettest\bin\debug\bvseosdktest.dll" id="2d0de862-bf6f-df20-4a30-d5604ca0eadc">
      <Css projectStructure="" iteration="" />
      <Owners>
        <Owner name="" />
      </Owners>
      <Execution id="d99f0fcf-8546-4945-92d0-cb9166d1e799" />
      <TestMethod codeBase="C:\Projects\BVSeoSdkDotNet\BVSeoSdkDotNetTest\bin\Debug\BVSEOSDKTest.dll" adapterTypeName="Microsoft.VisualStudio.TestTools.TestTypes.Unit.UnitTestAdapter, Microsoft.VisualStudio.QualityTools.Tips.UnitTest.Adapter, Version=9.0.0.0, Culture=neutral, PublicKeyToken=b03f5f7f11d50a3a" className="BVSEOSDKTest.BVManagedUIContentAggregateReviewTest, BVSEOSDKTest" name="TestSEOContent_SinglePageHTTP_GetContent_SDK_Disabled" />
    </UnitTest>
    <UnitTest name="Test_SinglePage_Question" storage="c:\projects\bvseosdkdotnet\bvseosdkdotnettest\bin\debug\bvseosdktest.dll" id="6ae7685d-361b-24f8-8983-14c25fd9df76">
      <Css projectStructure="" iteration="" />
      <Owners>
        <Owner name="" />
      </Owners>
      <Execution id="84694ac9-2ed7-4cbd-8b02-5b67c703801c" />
      <TestMethod codeBase="C:\Projects\BVSeoSdkDotNet\BVSeoSdkDotNetTest\bin\Debug\BVSEOSDKTest.dll" adapterTypeName="Microsoft.VisualStudio.TestTools.TestTypes.Unit.UnitTestAdapter, Microsoft.VisualStudio.QualityTools.Tips.UnitTest.Adapter, Version=9.0.0.0, Culture=neutral, PublicKeyToken=b03f5f7f11d50a3a" className="BVSEOSDKTest.BVManagedUIContent4_Test, BVSEOSDKTest" name="Test_SinglePage_Question" />
    </UnitTest>
    <UnitTest name="TestBVCoreConfig" storage="c:\projects\bvseosdkdotnet\bvseosdkdotnettest\bin\debug\bvseosdktest.dll" id="6b64ef0b-98a8-9656-ca76-083b22cdebf3">
      <Css projectStructure="" iteration="" />
      <Owners>
        <Owner name="" />
      </Owners>
      <Execution id="51f2be9f-9165-497e-a558-f42e2acc0c19" />
      <TestMethod codeBase="C:\Projects\BVSeoSdkDotNet\BVSeoSdkDotNetTest\bin\Debug\BVSEOSDKTest.dll" adapterTypeName="Microsoft.VisualStudio.TestTools.TestTypes.Unit.UnitTestAdapter, Microsoft.VisualStudio.QualityTools.Tips.UnitTest.Adapter, Version=9.0.0.0, Culture=neutral, PublicKeyToken=b03f5f7f11d50a3a" className="BVSEOSDKTest.BVSdkConfigurationTest, BVSEOSDKTest" name="TestBVCoreConfig" />
    </UnitTest>
    <UnitTest name="BVManagedUIContentTestPagination" storage="c:\projects\bvseosdkdotnet\bvseosdkdotnettest\bin\debug\bvseosdktest.dll" id="8d264e89-646c-4a3d-bb37-95d58ddc393f">
      <Css projectStructure="" iteration="" />
      <Owners>
        <Owner name="" />
      </Owners>
      <Execution id="2a047a36-be39-413a-851a-9197f5abae1f" />
      <TestMethod codeBase="C:\Projects\BVSeoSdkDotNet\BVSeoSdkDotNetTest\bin\Debug\BVSEOSDKTest.dll" adapterTypeName="Microsoft.VisualStudio.TestTools.TestTypes.Unit.UnitTestAdapter, Microsoft.VisualStudio.QualityTools.Tips.UnitTest.Adapter, Version=9.0.0.0, Culture=neutral, PublicKeyToken=b03f5f7f11d50a3a" className="BVSeoSdkDotNet.BVManagedUIContentTest, BVSEOSDKTest" name="BVManagedUIContentTestPagination" />
    </UnitTest>
    <UnitTest name="Test_InlinePage_Stories" storage="c:\projects\bvseosdkdotnet\bvseosdkdotnettest\bin\debug\bvseosdktest.dll" id="3bb26db2-7d35-fe6b-cd94-62d30d126293">
      <Css projectStructure="" iteration="" />
      <Owners>
        <Owner name="" />
      </Owners>
      <Execution id="143484d9-b321-4f66-a448-c6a70ec1e0fd" />
      <TestMethod codeBase="C:\Projects\BVSeoSdkDotNet\BVSeoSdkDotNetTest\bin\Debug\BVSEOSDKTest.dll" adapterTypeName="Microsoft.VisualStudio.TestTools.TestTypes.Unit.UnitTestAdapter, Microsoft.VisualStudio.QualityTools.Tips.UnitTest.Adapter, Version=9.0.0.0, Culture=neutral, PublicKeyToken=b03f5f7f11d50a3a" className="BVSEOSDKTest.BVManagedUIContent4_Test, BVSEOSDKTest" name="Test_InlinePage_Stories" />
    </UnitTest>
    <UnitTest name="Test_SinglePage_Review" storage="c:\projects\bvseosdkdotnet\bvseosdkdotnettest\bin\debug\bvseosdktest.dll" id="6fd35cd4-d5d7-540a-5c99-9f9e1332807e">
      <Css projectStructure="" iteration="" />
      <Owners>
        <Owner name="" />
      </Owners>
      <Execution id="ef7a778c-013a-47cb-991d-67f371d3e953" />
      <TestMethod codeBase="C:\Projects\BVSeoSdkDotNet\BVSeoSdkDotNetTest\bin\Debug\BVSEOSDKTest.dll" adapterTypeName="Microsoft.VisualStudio.TestTools.TestTypes.Unit.UnitTestAdapter, Microsoft.VisualStudio.QualityTools.Tips.UnitTest.Adapter, Version=9.0.0.0, Culture=neutral, PublicKeyToken=b03f5f7f11d50a3a" className="BVSEOSDKTest.BVManagedUIContent3_Test, BVSEOSDKTest" name="Test_SinglePage_Review" />
    </UnitTest>
    <UnitTest name="Test_SinglePage_Question" storage="c:\projects\bvseosdkdotnet\bvseosdkdotnettest\bin\debug\bvseosdktest.dll" id="668619da-6a06-d548-720e-a61936cf267f">
      <Css projectStructure="" iteration="" />
      <Owners>
        <Owner name="" />
      </Owners>
      <Execution id="22b77ac0-78c1-4f82-9f73-2582302ad1ec" />
      <TestMethod codeBase="C:\Projects\BVSeoSdkDotNet\BVSeoSdkDotNetTest\bin\Debug\BVSEOSDKTest.dll" adapterTypeName="Microsoft.VisualStudio.TestTools.TestTypes.Unit.UnitTestAdapter, Microsoft.VisualStudio.QualityTools.Tips.UnitTest.Adapter, Version=9.0.0.0, Culture=neutral, PublicKeyToken=b03f5f7f11d50a3a" className="BVSEOSDKTest.BVManagedUIContent2_Test, BVSEOSDKTest" name="Test_SinglePage_Question" />
    </UnitTest>
    <UnitTest name="TestSEOContentFromHTTP_SinglePagePRR_AggregateRating" storage="c:\projects\bvseosdkdotnet\bvseosdkdotnettest\bin\debug\bvseosdktest.dll" id="83670232-d932-24b5-97b0-54c95872e53a">
      <Css projectStructure="" iteration="" />
      <Owners>
        <Owner name="" />
      </Owners>
      <Execution id="7b408856-3710-4c7e-9de3-c92a839de7d5" />
      <TestMethod codeBase="C:\Projects\BVSeoSdkDotNet\BVSeoSdkDotNetTest\bin\Debug\BVSEOSDKTest.dll" adapterTypeName="Microsoft.VisualStudio.TestTools.TestTypes.Unit.UnitTestAdapter, Microsoft.VisualStudio.QualityTools.Tips.UnitTest.Adapter, Version=9.0.0.0, Culture=neutral, PublicKeyToken=b03f5f7f11d50a3a" className="BVSEOSDKTest.BVManagedUIContentAggregateReviewTest, BVSEOSDKTest" name="TestSEOContentFromHTTP_SinglePagePRR_AggregateRating" />
    </UnitTest>
    <UnitTest name="TestSEOContent_SinglePageHTTP_GetReview_SDK_Disabled" storage="c:\projects\bvseosdkdotnet\bvseosdkdotnettest\bin\debug\bvseosdktest.dll" id="79217038-898f-bfff-42c1-8f4916c3308c">
      <Css projectStructure="" iteration="" />
      <Owners>
        <Owner name="" />
      </Owners>
      <Execution id="04952e80-2f73-46dd-9169-e2d0ee75c960" />
      <TestMethod codeBase="C:\Projects\BVSeoSdkDotNet\BVSeoSdkDotNetTest\bin\Debug\BVSEOSDKTest.dll" adapterTypeName="Microsoft.VisualStudio.TestTools.TestTypes.Unit.UnitTestAdapter, Microsoft.VisualStudio.QualityTools.Tips.UnitTest.Adapter, Version=9.0.0.0, Culture=neutral, PublicKeyToken=b03f5f7f11d50a3a" className="BVSEOSDKTest.BVManagedUIContentAggregateReviewTest, BVSEOSDKTest" name="TestSEOContent_SinglePageHTTP_GetReview_SDK_Disabled" />
    </UnitTest>
    <UnitTest name="TestUri_For_C2013_HTTP" storage="c:\projects\bvseosdkdotnet\bvseosdkdotnettest\bin\debug\bvseosdktest.dll" id="4519dc37-d6af-1168-2fe0-550fdf975e5c">
      <Css projectStructure="" iteration="" />
      <Owners>
        <Owner name="" />
      </Owners>
      <Execution id="f3c85742-bc1e-414c-b4e2-fa848c546306" />
      <TestMethod codeBase="C:\Projects\BVSeoSdkDotNet\BVSeoSdkDotNetTest\bin\Debug\BVSEOSDKTest.dll" adapterTypeName="Microsoft.VisualStudio.TestTools.TestTypes.Unit.UnitTestAdapter, Microsoft.VisualStudio.QualityTools.Tips.UnitTest.Adapter, Version=9.0.0.0, Culture=neutral, PublicKeyToken=b03f5f7f11d50a3a" className="BVSEOSDKTest.BVSeoSdkURLBuilderTest, BVSEOSDKTest" name="TestUri_For_C2013_HTTP" />
    </UnitTest>
    <UnitTest name="TestStory_Stories_PageNumber" storage="c:\projects\bvseosdkdotnet\bvseosdkdotnettest\bin\debug\bvseosdktest.dll" id="da2e4a92-4ba6-bd6e-bb80-20abea394ccb">
      <Css projectStructure="" iteration="" />
      <Owners>
        <Owner name="" />
      </Owners>
      <Execution id="bf8917aa-2d52-45a1-bfc8-b72d23689b2d" />
      <TestMethod codeBase="C:\Projects\BVSeoSdkDotNet\BVSeoSdkDotNetTest\bin\Debug\BVSEOSDKTest.dll" adapterTypeName="Microsoft.VisualStudio.TestTools.TestTypes.Unit.UnitTestAdapter, Microsoft.VisualStudio.QualityTools.Tips.UnitTest.Adapter, Version=9.0.0.0, Culture=neutral, PublicKeyToken=b03f5f7f11d50a3a" className="BVSEOSDKTest.BVSeoSdkURLBuilderTest, BVSEOSDKTest" name="TestStory_Stories_PageNumber" />
    </UnitTest>
    <UnitTest name="TestBase_PageUri_For_PRR_File" storage="c:\projects\bvseosdkdotnet\bvseosdkdotnettest\bin\debug\bvseosdktest.dll" id="75867207-bc67-e8f1-ac3b-474d1963e810">
      <Css projectStructure="" iteration="" />
      <Owners>
        <Owner name="" />
      </Owners>
      <Execution id="5e15a8e6-d111-421a-98b0-4cc853e344a1" />
      <TestMethod codeBase="C:\Projects\BVSeoSdkDotNet\BVSeoSdkDotNetTest\bin\Debug\BVSEOSDKTest.dll" adapterTypeName="Microsoft.VisualStudio.TestTools.TestTypes.Unit.UnitTestAdapter, Microsoft.VisualStudio.QualityTools.Tips.UnitTest.Adapter, Version=9.0.0.0, Culture=neutral, PublicKeyToken=b03f5f7f11d50a3a" className="BVSEOSDKTest.BVSeoSdkURLBuilderTest, BVSEOSDKTest" name="TestBase_PageUri_For_PRR_File" />
    </UnitTest>
    <UnitTest name="Test_InteractivePage_Review" storage="c:\projects\bvseosdkdotnet\bvseosdkdotnettest\bin\debug\bvseosdktest.dll" id="5cb9f28b-a05f-b9c4-950a-9a1b1d53a576">
      <Css projectStructure="" iteration="" />
      <Owners>
        <Owner name="" />
      </Owners>
      <Execution id="9441e35c-59b8-4a3b-9738-c3ec2e9988c5" />
      <TestMethod codeBase="C:\Projects\BVSeoSdkDotNet\BVSeoSdkDotNetTest\bin\Debug\BVSEOSDKTest.dll" adapterTypeName="Microsoft.VisualStudio.TestTools.TestTypes.Unit.UnitTestAdapter, Microsoft.VisualStudio.QualityTools.Tips.UnitTest.Adapter, Version=9.0.0.0, Culture=neutral, PublicKeyToken=b03f5f7f11d50a3a" className="BVSEOSDKTest.BVManagedUIContent2_Test, BVSEOSDKTest" name="Test_InteractivePage_Review" />
    </UnitTest>
    <UnitTest name="TestSEOContentFromHTTP_SinglePage_FileUnavailableError" storage="c:\projects\bvseosdkdotnet\bvseosdkdotnettest\bin\debug\bvseosdktest.dll" id="49ae87b0-a9db-70e4-4183-fa3f62452b2a">
      <Css projectStructure="" iteration="" />
      <Owners>
        <Owner name="" />
      </Owners>
      <Execution id="912dbbc3-88af-47f7-969f-596b1a252c88" />
      <TestMethod codeBase="C:\Projects\BVSeoSdkDotNet\BVSeoSdkDotNetTest\bin\Debug\BVSEOSDKTest.dll" adapterTypeName="Microsoft.VisualStudio.TestTools.TestTypes.Unit.UnitTestAdapter, Microsoft.VisualStudio.QualityTools.Tips.UnitTest.Adapter, Version=9.0.0.0, Culture=neutral, PublicKeyToken=b03f5f7f11d50a3a" className="BVSeoSdkDotNet.BVManagedUIContent_SinglePageTest, BVSEOSDKTest" name="TestSEOContentFromHTTP_SinglePage_FileUnavailableError" />
    </UnitTest>
    <UnitTest name="TestAggregate_NullSubjectID" storage="c:\projects\bvseosdkdotnet\bvseosdkdotnettest\bin\debug\bvseosdktest.dll" id="48c1bde0-440e-e42e-8163-c0c839234cdf">
      <Css projectStructure="" iteration="" />
      <Owners>
        <Owner name="" />
      </Owners>
      <Execution id="349db6ac-3339-4274-9f68-99670c07a57b" />
      <TestMethod codeBase="C:\Projects\BVSeoSdkDotNet\BVSeoSdkDotNetTest\bin\Debug\BVSEOSDKTest.dll" adapterTypeName="Microsoft.VisualStudio.TestTools.TestTypes.Unit.UnitTestAdapter, Microsoft.VisualStudio.QualityTools.Tips.UnitTest.Adapter, Version=9.0.0.0, Culture=neutral, PublicKeyToken=b03f5f7f11d50a3a" className="BVSEOSDKTest.BVManagedUIContentAggregateReviewTest, BVSEOSDKTest" name="TestAggregate_NullSubjectID" />
    </UnitTest>
    <UnitTest name="TestSEOContentFromFile_SinglePage_FileUnavailableError_bvReveal" storage="c:\projects\bvseosdkdotnet\bvseosdkdotnettest\bin\debug\bvseosdktest.dll" id="d8ca1f24-9443-c0e5-1264-61d20ec22e40">
      <Css projectStructure="" iteration="" />
      <Owners>
        <Owner name="" />
      </Owners>
      <Execution id="7c2bdacf-26d4-405d-8015-cbe892eb236d" />
      <TestMethod codeBase="C:\Projects\BVSeoSdkDotNet\BVSeoSdkDotNetTest\bin\Debug\BVSEOSDKTest.dll" adapterTypeName="Microsoft.VisualStudio.TestTools.TestTypes.Unit.UnitTestAdapter, Microsoft.VisualStudio.QualityTools.Tips.UnitTest.Adapter, Version=9.0.0.0, Culture=neutral, PublicKeyToken=b03f5f7f11d50a3a" className="BVSeoSdkDotNet.BVManagedUIContent_SinglePageTest, BVSEOSDKTest" name="TestSEOContentFromFile_SinglePage_FileUnavailableError_bvReveal" />
    </UnitTest>
    <UnitTest name="Test_SinglePage_Stories" storage="c:\projects\bvseosdkdotnet\bvseosdkdotnettest\bin\debug\bvseosdktest.dll" id="ba579d81-f213-d67c-11cb-81ed57511985">
      <Css projectStructure="" iteration="" />
      <Owners>
        <Owner name="" />
      </Owners>
      <Execution id="e822cbe1-ae65-4c22-9572-192072417a82" />
      <TestMethod codeBase="C:\Projects\BVSeoSdkDotNet\BVSeoSdkDotNetTest\bin\Debug\BVSEOSDKTest.dll" adapterTypeName="Microsoft.VisualStudio.TestTools.TestTypes.Unit.UnitTestAdapter, Microsoft.VisualStudio.QualityTools.Tips.UnitTest.Adapter, Version=9.0.0.0, Culture=neutral, PublicKeyToken=b03f5f7f11d50a3a" className="BVSEOSDKTest.BVManagedUIContent3_Test, BVSEOSDKTest" name="Test_SinglePage_Stories" />
    </UnitTest>
    <UnitTest name="TestSearchContentNullBVQueryParams" storage="c:\projects\bvseosdkdotnet\bvseosdkdotnettest\bin\debug\bvseosdktest.dll" id="64633bc6-a6c4-3385-bf98-af703e82448e">
      <Css projectStructure="" iteration="" />
      <Owners>
        <Owner name="" />
      </Owners>
      <Execution id="731adee5-0eca-43be-b3ed-9963703323e7" />
      <TestMethod codeBase="C:\Projects\BVSeoSdkDotNet\BVSeoSdkDotNetTest\bin\Debug\BVSEOSDKTest.dll" adapterTypeName="Microsoft.VisualStudio.TestTools.TestTypes.Unit.UnitTestAdapter, Microsoft.VisualStudio.QualityTools.Tips.UnitTest.Adapter, Version=9.0.0.0, Culture=neutral, PublicKeyToken=b03f5f7f11d50a3a" className="BVSeoSdkDotNet.BVManagedUIContentTest, BVSEOSDKTest" name="TestSearchContentNullBVQueryParams" />
    </UnitTest>
    <UnitTest name="TestDisplayFooter_URL_Debug" storage="c:\projects\bvseosdkdotnet\bvseosdkdotnettest\bin\debug\bvseosdktest.dll" id="305df720-2163-4902-ce02-9f70094cc502">
      <Css projectStructure="" iteration="" />
      <Owners>
        <Owner name="" />
      </Owners>
      <Execution id="366af63e-b0fa-4b78-88a7-d78bd24ed429" />
      <TestMethod codeBase="C:\Projects\BVSeoSdkDotNet\BVSeoSdkDotNetTest\bin\Debug\BVSEOSDKTest.dll" adapterTypeName="Microsoft.VisualStudio.TestTools.TestTypes.Unit.UnitTestAdapter, Microsoft.VisualStudio.QualityTools.Tips.UnitTest.Adapter, Version=9.0.0.0, Culture=neutral, PublicKeyToken=b03f5f7f11d50a3a" className="BVSEOSDKTest.BVHTMLFooterTest, BVSEOSDKTest" name="TestDisplayFooter_URL_Debug" />
    </UnitTest>
    <UnitTest name="TestSEOContentFromFile_SinglePageC2013" storage="c:\projects\bvseosdkdotnet\bvseosdkdotnettest\bin\debug\bvseosdktest.dll" id="dcc3c09a-4129-5a88-ed35-c7f7905cd23e">
      <Css projectStructure="" iteration="" />
      <Owners>
        <Owner name="" />
      </Owners>
      <Execution id="af79290f-a1a9-43af-914f-d6bf9bb8d797" />
      <TestMethod codeBase="C:\Projects\BVSeoSdkDotNet\BVSeoSdkDotNetTest\bin\Debug\BVSEOSDKTest.dll" adapterTypeName="Microsoft.VisualStudio.TestTools.TestTypes.Unit.UnitTestAdapter, Microsoft.VisualStudio.QualityTools.Tips.UnitTest.Adapter, Version=9.0.0.0, Culture=neutral, PublicKeyToken=b03f5f7f11d50a3a" className="BVSeoSdkDotNet.BVManagedUIContent_SinglePageTest, BVSEOSDKTest" name="TestSEOContentFromFile_SinglePageC2013" />
    </UnitTest>
    <UnitTest name="TestMultipleConfigurations" storage="c:\projects\bvseosdkdotnet\bvseosdkdotnettest\bin\debug\bvseosdktest.dll" id="0be53a4b-f193-b841-ba01-235a8d56dd4b">
      <Css projectStructure="" iteration="" />
      <Owners>
        <Owner name="" />
      </Owners>
      <Execution id="5da3a5fa-1c06-46fe-8406-d9488c5ca2f3" />
      <TestMethod codeBase="C:\Projects\BVSeoSdkDotNet\BVSeoSdkDotNetTest\bin\Debug\BVSEOSDKTest.dll" adapterTypeName="Microsoft.VisualStudio.TestTools.TestTypes.Unit.UnitTestAdapter, Microsoft.VisualStudio.QualityTools.Tips.UnitTest.Adapter, Version=9.0.0.0, Culture=neutral, PublicKeyToken=b03f5f7f11d50a3a" className="BVSEOSDKTest.BVSdkConfigurationTest, BVSEOSDKTest" name="TestMultipleConfigurations" />
    </UnitTest>
    <UnitTest name="TestSEOContentFromFile_SinglePagePRR_PageUri" storage="c:\projects\bvseosdkdotnet\bvseosdkdotnettest\bin\debug\bvseosdktest.dll" id="64102383-1eec-2357-e495-a1398ceb1c60">
      <Css projectStructure="" iteration="" />
      <Owners>
        <Owner name="" />
      </Owners>
      <Execution id="9780699e-67c8-4919-8910-10ce0adba08b" />
      <TestMethod codeBase="C:\Projects\BVSeoSdkDotNet\BVSeoSdkDotNetTest\bin\Debug\BVSEOSDKTest.dll" adapterTypeName="Microsoft.VisualStudio.TestTools.TestTypes.Unit.UnitTestAdapter, Microsoft.VisualStudio.QualityTools.Tips.UnitTest.Adapter, Version=9.0.0.0, Culture=neutral, PublicKeyToken=b03f5f7f11d50a3a" className="BVSeoSdkDotNet.BVManagedUIContent_SinglePageTest, BVSEOSDKTest" name="TestSEOContentFromFile_SinglePagePRR_PageUri" />
    </UnitTest>
    <UnitTest name="TestSEOContentFromFile_SinglePage_FileUnavailableError" storage="c:\projects\bvseosdkdotnet\bvseosdkdotnettest\bin\debug\bvseosdktest.dll" id="5d4eaba0-94e6-3d0c-6697-dff9648ceeb5">
      <Css projectStructure="" iteration="" />
      <Owners>
        <Owner name="" />
      </Owners>
      <Execution id="c31dfd1e-65bd-4e6c-826b-2dcb61f70dd0" />
      <TestMethod codeBase="C:\Projects\BVSeoSdkDotNet\BVSeoSdkDotNetTest\bin\Debug\BVSEOSDKTest.dll" adapterTypeName="Microsoft.VisualStudio.TestTools.TestTypes.Unit.UnitTestAdapter, Microsoft.VisualStudio.QualityTools.Tips.UnitTest.Adapter, Version=9.0.0.0, Culture=neutral, PublicKeyToken=b03f5f7f11d50a3a" className="BVSeoSdkDotNet.BVManagedUIContent_SinglePageTest, BVSEOSDKTest" name="TestSEOContentFromFile_SinglePage_FileUnavailableError" />
    </UnitTest>
    <UnitTest name="TestSEOContent_SinglePageHTTP_Aggregate_WithoutPagination" storage="c:\projects\bvseosdkdotnet\bvseosdkdotnettest\bin\debug\bvseosdktest.dll" id="9fbc3db2-a72e-842c-8a9f-b86ecd2a1ffa">
      <Css projectStructure="" iteration="" />
      <Owners>
        <Owner name="" />
      </Owners>
      <Execution id="50d36666-23da-4cac-b39a-1f0c455461ff" />
      <TestMethod codeBase="C:\Projects\BVSeoSdkDotNet\BVSeoSdkDotNetTest\bin\Debug\BVSEOSDKTest.dll" adapterTypeName="Microsoft.VisualStudio.TestTools.TestTypes.Unit.UnitTestAdapter, Microsoft.VisualStudio.QualityTools.Tips.UnitTest.Adapter, Version=9.0.0.0, Culture=neutral, PublicKeyToken=b03f5f7f11d50a3a" className="BVSEOSDKTest.BVManagedUIContentAggregateReviewTest, BVSEOSDKTest" name="TestSEOContent_SinglePageHTTP_Aggregate_WithoutPagination" />
    </UnitTest>
    <UnitTest name="TestSEOContentFrom_Using_HTTPS" storage="c:\projects\bvseosdkdotnet\bvseosdkdotnettest\bin\debug\bvseosdktest.dll" id="f85c0aa3-3674-b42a-2128-69bd3afe7ca6">
      <Css projectStructure="" iteration="" />
      <Owners>
        <Owner name="" />
      </Owners>
      <Execution id="beea82c0-ae55-4e09-b7b2-e9a64549bb63" />
      <TestMethod codeBase="C:\Projects\BVSeoSdkDotNet\BVSeoSdkDotNetTest\bin\Debug\BVSEOSDKTest.dll" adapterTypeName="Microsoft.VisualStudio.TestTools.TestTypes.Unit.UnitTestAdapter, Microsoft.VisualStudio.QualityTools.Tips.UnitTest.Adapter, Version=9.0.0.0, Culture=neutral, PublicKeyToken=b03f5f7f11d50a3a" className="BVSEOSDKTest.BVManagedUIContent4_Test, BVSEOSDKTest" name="TestSEOContentFrom_Using_HTTPS" />
    </UnitTest>
    <UnitTest name="TestMessages" storage="c:\projects\bvseosdkdotnet\bvseosdkdotnettest\bin\debug\bvseosdktest.dll" id="cb9ab58d-8baa-855e-5d07-948d7c894c3b">
      <Css projectStructure="" iteration="" />
      <Owners>
        <Owner name="" />
      </Owners>
      <Execution id="05e427e7-0b3a-4d91-996d-f56aa0fd6534" />
      <TestMethod codeBase="C:\Projects\BVSeoSdkDotNet\BVSeoSdkDotNetTest\bin\Debug\BVSEOSDKTest.dll" adapterTypeName="Microsoft.VisualStudio.TestTools.TestTypes.Unit.UnitTestAdapter, Microsoft.VisualStudio.QualityTools.Tips.UnitTest.Adapter, Version=9.0.0.0, Culture=neutral, PublicKeyToken=b03f5f7f11d50a3a" className="BVSEOSDKTest.BVSdkMessageUtilTest, BVSEOSDKTest" name="TestMessages" />
    </UnitTest>
    <UnitTest name="TestSEOContentFromHTTP_SinglePagePRR_Reviews" storage="c:\projects\bvseosdkdotnet\bvseosdkdotnettest\bin\debug\bvseosdktest.dll" id="99cebdfa-8a8d-7958-449d-c3ab05306baa">
      <Css projectStructure="" iteration="" />
      <Owners>
        <Owner name="" />
      </Owners>
      <Execution id="acd17094-aa82-4a78-944e-4c43815f2604" />
      <TestMethod codeBase="C:\Projects\BVSeoSdkDotNet\BVSeoSdkDotNetTest\bin\Debug\BVSEOSDKTest.dll" adapterTypeName="Microsoft.VisualStudio.TestTools.TestTypes.Unit.UnitTestAdapter, Microsoft.VisualStudio.QualityTools.Tips.UnitTest.Adapter, Version=9.0.0.0, Culture=neutral, PublicKeyToken=b03f5f7f11d50a3a" className="BVSEOSDKTest.BVManagedUIContentAggregateReviewTest, BVSEOSDKTest" name="TestSEOContentFromHTTP_SinglePagePRR_Reviews" />
    </UnitTest>
    <UnitTest name="TestStory_Default" storage="c:\projects\bvseosdkdotnet\bvseosdkdotnettest\bin\debug\bvseosdktest.dll" id="9bc706cc-8a93-1cbe-a917-e57f61a9b33c">
      <Css projectStructure="" iteration="" />
      <Owners>
        <Owner name="" />
      </Owners>
      <Execution id="063a1ba0-4d42-4d50-bb2b-16fb1ba3942e" />
      <TestMethod codeBase="C:\Projects\BVSeoSdkDotNet\BVSeoSdkDotNetTest\bin\Debug\BVSEOSDKTest.dll" adapterTypeName="Microsoft.VisualStudio.TestTools.TestTypes.Unit.UnitTestAdapter, Microsoft.VisualStudio.QualityTools.Tips.UnitTest.Adapter, Version=9.0.0.0, Culture=neutral, PublicKeyToken=b03f5f7f11d50a3a" className="BVSEOSDKTest.BVSeoSdkURLBuilderTest, BVSEOSDKTest" name="TestStory_Default" />
    </UnitTest>
    <UnitTest name="TestSEOContent_SinglePageHTTP_GetReviews_ERR0013" storage="c:\projects\bvseosdkdotnet\bvseosdkdotnettest\bin\debug\bvseosdktest.dll" id="b643c69c-4cdc-3e70-5e26-8310153d1cef">
      <Css projectStructure="" iteration="" />
      <Owners>
        <Owner name="" />
      </Owners>
      <Execution id="12da5370-5552-4ce8-b336-4bece15dc03d" />
      <TestMethod codeBase="C:\Projects\BVSeoSdkDotNet\BVSeoSdkDotNetTest\bin\Debug\BVSEOSDKTest.dll" adapterTypeName="Microsoft.VisualStudio.TestTools.TestTypes.Unit.UnitTestAdapter, Microsoft.VisualStudio.QualityTools.Tips.UnitTest.Adapter, Version=9.0.0.0, Culture=neutral, PublicKeyToken=b03f5f7f11d50a3a" className="BVSEOSDKTest.BVManagedUIContentAggregateReviewTest, BVSEOSDKTest" name="TestSEOContent_SinglePageHTTP_GetReviews_ERR0013" />
    </UnitTest>
    <UnitTest name="TestShowUserAgentSeoContent" storage="c:\projects\bvseosdkdotnet\bvseosdkdotnettest\bin\debug\bvseosdktest.dll" id="c06fa58c-fdd8-dd0e-a4bc-27769392ea48">
      <Css projectStructure="" iteration="" />
      <Owners>
        <Owner name="" />
      </Owners>
      <Execution id="7e61089d-2394-41f8-89b0-2949d3e24ca3" />
      <TestMethod codeBase="C:\Projects\BVSeoSdkDotNet\BVSeoSdkDotNetTest\bin\Debug\BVSEOSDKTest.dll" adapterTypeName="Microsoft.VisualStudio.TestTools.TestTypes.Unit.UnitTestAdapter, Microsoft.VisualStudio.QualityTools.Tips.UnitTest.Adapter, Version=9.0.0.0, Culture=neutral, PublicKeyToken=b03f5f7f11d50a3a" className="BVSEOSDKTest.BVUIContentServiceProviderTest, BVSEOSDKTest" name="TestShowUserAgentSeoContent" />
    </UnitTest>
    <UnitTest name="Test_SinglePage_Review" storage="c:\projects\bvseosdkdotnet\bvseosdkdotnettest\bin\debug\bvseosdktest.dll" id="d59f7a52-4d79-9972-54da-b2b7c1ae1c5f">
      <Css projectStructure="" iteration="" />
      <Owners>
        <Owner name="" />
      </Owners>
      <Execution id="abf67b6e-0ed0-4131-8bf5-b4ba09cae53c" />
      <TestMethod codeBase="C:\Projects\BVSeoSdkDotNet\BVSeoSdkDotNetTest\bin\Debug\BVSEOSDKTest.dll" adapterTypeName="Microsoft.VisualStudio.TestTools.TestTypes.Unit.UnitTestAdapter, Microsoft.VisualStudio.QualityTools.Tips.UnitTest.Adapter, Version=9.0.0.0, Culture=neutral, PublicKeyToken=b03f5f7f11d50a3a" className="BVSEOSDKTest.BVManagedUIContent2_Test, BVSEOSDKTest" name="Test_SinglePage_Review" />
    </UnitTest>
    <UnitTest name="Test_InlinePage_Review" storage="c:\projects\bvseosdkdotnet\bvseosdkdotnettest\bin\debug\bvseosdktest.dll" id="b2d12f36-ff95-5ec9-cb04-8158ae12524d">
      <Css projectStructure="" iteration="" />
      <Owners>
        <Owner name="" />
      </Owners>
      <Execution id="dc3fddd3-02d9-4d12-86a9-f5a6f6c35c72" />
      <TestMethod codeBase="C:\Projects\BVSeoSdkDotNet\BVSeoSdkDotNetTest\bin\Debug\BVSEOSDKTest.dll" adapterTypeName="Microsoft.VisualStudio.TestTools.TestTypes.Unit.UnitTestAdapter, Microsoft.VisualStudio.QualityTools.Tips.UnitTest.Adapter, Version=9.0.0.0, Culture=neutral, PublicKeyToken=b03f5f7f11d50a3a" className="BVSEOSDKTest.BVManagedUIContent4_Test, BVSEOSDKTest" name="Test_InlinePage_Review" />
    </UnitTest>
    <UnitTest name="TestSEOContentFromHTTP_SinglePagePRR_CrawlerOverride" storage="c:\projects\bvseosdkdotnet\bvseosdkdotnettest\bin\debug\bvseosdktest.dll" id="320b82da-25e4-acee-cfe6-f5f499398763">
      <Css projectStructure="" iteration="" />
      <Owners>
        <Owner name="" />
      </Owners>
      <Execution id="d632f2f9-209a-43e7-a479-f1ca278a2298" />
      <TestMethod codeBase="C:\Projects\BVSeoSdkDotNet\BVSeoSdkDotNetTest\bin\Debug\BVSEOSDKTest.dll" adapterTypeName="Microsoft.VisualStudio.TestTools.TestTypes.Unit.UnitTestAdapter, Microsoft.VisualStudio.QualityTools.Tips.UnitTest.Adapter, Version=9.0.0.0, Culture=neutral, PublicKeyToken=b03f5f7f11d50a3a" className="BVSEOSDKTest.BVManagedUIContentAggregateReviewTest, BVSEOSDKTest" name="TestSEOContentFromHTTP_SinglePagePRR_CrawlerOverride" />
    </UnitTest>
    <UnitTest name="TestSEOContent_SinglePageHTTP_GetReviews_Blank_Page_Test" storage="c:\projects\bvseosdkdotnet\bvseosdkdotnettest\bin\debug\bvseosdktest.dll" id="a16719c5-f614-973b-19a7-7416eb2f394c">
      <Css projectStructure="" iteration="" />
      <Owners>
        <Owner name="" />
      </Owners>
      <Execution id="a2c61c40-4b23-45c3-8400-e25dd8258ca3" />
      <TestMethod codeBase="C:\Projects\BVSeoSdkDotNet\BVSeoSdkDotNetTest\bin\Debug\BVSEOSDKTest.dll" adapterTypeName="Microsoft.VisualStudio.TestTools.TestTypes.Unit.UnitTestAdapter, Microsoft.VisualStudio.QualityTools.Tips.UnitTest.Adapter, Version=9.0.0.0, Culture=neutral, PublicKeyToken=b03f5f7f11d50a3a" className="BVSEOSDKTest.BVManagedUIContentAggregateReviewTest, BVSEOSDKTest" name="TestSEOContent_SinglePageHTTP_GetReviews_Blank_Page_Test" />
    </UnitTest>
    <UnitTest name="TestValidation" storage="c:\projects\bvseosdkdotnet\bvseosdkdotnettest\bin\debug\bvseosdktest.dll" id="c3718dbe-75b9-2641-fc26-2579581d699d">
      <Css projectStructure="" iteration="" />
      <Owners>
        <Owner name="" />
      </Owners>
      <Execution id="c5ae8efa-a075-4f59-a099-80614e2dc055" />
      <TestMethod codeBase="C:\Projects\BVSeoSdkDotNet\BVSeoSdkDotNetTest\bin\Debug\BVSEOSDKTest.dll" adapterTypeName="Microsoft.VisualStudio.TestTools.TestTypes.Unit.UnitTestAdapter, Microsoft.VisualStudio.QualityTools.Tips.UnitTest.Adapter, Version=9.0.0.0, Culture=neutral, PublicKeyToken=b03f5f7f11d50a3a" className="BVSEOSDKTest.BVValidatorTest, BVSEOSDKTest" name="TestValidation" />
    </UnitTest>
    <UnitTest name="TestEquality" storage="c:\projects\bvseosdkdotnet\bvseosdkdotnettest\bin\debug\bvseosdktest.dll" id="a6d9cbae-7a2a-2a07-9ac8-67310f1bbfe9">
      <Css projectStructure="" iteration="" />
      <Owners>
        <Owner name="" />
      </Owners>
      <Execution id="91a330ba-aa8c-459f-b9c5-18adc8bafa71" />
      <TestMethod codeBase="C:\Projects\BVSeoSdkDotNet\BVSeoSdkDotNetTest\bin\Debug\BVSEOSDKTest.dll" adapterTypeName="Microsoft.VisualStudio.TestTools.TestTypes.Unit.UnitTestAdapter, Microsoft.VisualStudio.QualityTools.Tips.UnitTest.Adapter, Version=9.0.0.0, Culture=neutral, PublicKeyToken=b03f5f7f11d50a3a" className="BVSEOSDKTest.BVParametersTest, BVSEOSDKTest" name="TestEquality" />
    </UnitTest>
    <UnitTest name="TestSEOContentFromFile_SinglePagePRR" storage="c:\projects\bvseosdkdotnet\bvseosdkdotnettest\bin\debug\bvseosdktest.dll" id="c31714d1-4618-8354-d76b-91d08f8c9441">
      <Css projectStructure="" iteration="" />
      <Owners>
        <Owner name="" />
      </Owners>
      <Execution id="359ce3de-5b0f-4bed-91c5-1e6371f2f5f0" />
      <TestMethod codeBase="C:\Projects\BVSeoSdkDotNet\BVSeoSdkDotNetTest\bin\Debug\BVSEOSDKTest.dll" adapterTypeName="Microsoft.VisualStudio.TestTools.TestTypes.Unit.UnitTestAdapter, Microsoft.VisualStudio.QualityTools.Tips.UnitTest.Adapter, Version=9.0.0.0, Culture=neutral, PublicKeyToken=b03f5f7f11d50a3a" className="BVSeoSdkDotNet.BVManagedUIContent_SinglePageTest, BVSEOSDKTest" name="TestSEOContentFromFile_SinglePagePRR" />
    </UnitTest>
    <UnitTest name="Test_SinglePage_Review" storage="c:\projects\bvseosdkdotnet\bvseosdkdotnettest\bin\debug\bvseosdktest.dll" id="3b08769d-c5de-db20-839a-21cea7e6a04f">
      <Css projectStructure="" iteration="" />
      <Owners>
        <Owner name="" />
      </Owners>
      <Execution id="de9e7097-277d-4ab6-b451-c67ce3f30c5e" />
      <TestMethod codeBase="C:\Projects\BVSeoSdkDotNet\BVSeoSdkDotNetTest\bin\Debug\BVSEOSDKTest.dll" adapterTypeName="Microsoft.VisualStudio.TestTools.TestTypes.Unit.UnitTestAdapter, Microsoft.VisualStudio.QualityTools.Tips.UnitTest.Adapter, Version=9.0.0.0, Culture=neutral, PublicKeyToken=b03f5f7f11d50a3a" className="BVSEOSDKTest.BVManagedUIContent4_Test, BVSEOSDKTest" name="Test_SinglePage_Review" />
    </UnitTest>
    <UnitTest name="TestStory_Stories" storage="c:\projects\bvseosdkdotnet\bvseosdkdotnettest\bin\debug\bvseosdktest.dll" id="08808d6f-5f2b-19e6-4287-d69e6f5695c8">
      <Css projectStructure="" iteration="" />
      <Owners>
        <Owner name="" />
      </Owners>
      <Execution id="d2451ecc-8e9e-4d4a-9340-2f1e843eed9c" />
      <TestMethod codeBase="C:\Projects\BVSeoSdkDotNet\BVSeoSdkDotNetTest\bin\Debug\BVSEOSDKTest.dll" adapterTypeName="Microsoft.VisualStudio.TestTools.TestTypes.Unit.UnitTestAdapter, Microsoft.VisualStudio.QualityTools.Tips.UnitTest.Adapter, Version=9.0.0.0, Culture=neutral, PublicKeyToken=b03f5f7f11d50a3a" className="BVSEOSDKTest.BVSeoSdkURLBuilderTest, BVSEOSDKTest" name="TestStory_Stories" />
    </UnitTest>
    <UnitTest name="TestSDKEnabled" storage="c:\projects\bvseosdkdotnet\bvseosdkdotnettest\bin\debug\bvseosdktest.dll" id="b7f4a730-d7d6-6886-d361-333ee2505238">
      <Css projectStructure="" iteration="" />
      <Owners>
        <Owner name="" />
      </Owners>
      <Execution id="205fdba5-8d85-4867-9687-0adcc700c2df" />
      <TestMethod codeBase="C:\Projects\BVSeoSdkDotNet\BVSeoSdkDotNetTest\bin\Debug\BVSEOSDKTest.dll" adapterTypeName="Microsoft.VisualStudio.TestTools.TestTypes.Unit.UnitTestAdapter, Microsoft.VisualStudio.QualityTools.Tips.UnitTest.Adapter, Version=9.0.0.0, Culture=neutral, PublicKeyToken=b03f5f7f11d50a3a" className="BVSEOSDKTest.BVUIContentServiceProviderTest, BVSEOSDKTest" name="TestSDKEnabled" />
    </UnitTest>
    <UnitTest name="Test_InteractivePage_Stories" storage="c:\projects\bvseosdkdotnet\bvseosdkdotnettest\bin\debug\bvseosdktest.dll" id="d5b9f4f0-6010-0c54-3743-eb4ff4f22503">
      <Css projectStructure="" iteration="" />
      <Owners>
        <Owner name="" />
      </Owners>
      <Execution id="d7fc7164-c95d-4b66-a602-b44b6417ac9a" />
      <TestMethod codeBase="C:\Projects\BVSeoSdkDotNet\BVSeoSdkDotNetTest\bin\Debug\BVSEOSDKTest.dll" adapterTypeName="Microsoft.VisualStudio.TestTools.TestTypes.Unit.UnitTestAdapter, Microsoft.VisualStudio.QualityTools.Tips.UnitTest.Adapter, Version=9.0.0.0, Culture=neutral, PublicKeyToken=b03f5f7f11d50a3a" className="BVSEOSDKTest.BVManagedUIContent2_Test, BVSEOSDKTest" name="Test_InteractivePage_Stories" />
    </UnitTest>
    <UnitTest name="Test_SinglePage_Stories" storage="c:\projects\bvseosdkdotnet\bvseosdkdotnettest\bin\debug\bvseosdktest.dll" id="ad819142-0fc8-08d8-db73-e33e4581e13f">
      <Css projectStructure="" iteration="" />
      <Owners>
        <Owner name="" />
      </Owners>
      <Execution id="2c567989-bafe-483e-98c5-d119148f9f70" />
      <TestMethod codeBase="C:\Projects\BVSeoSdkDotNet\BVSeoSdkDotNetTest\bin\Debug\BVSEOSDKTest.dll" adapterTypeName="Microsoft.VisualStudio.TestTools.TestTypes.Unit.UnitTestAdapter, Microsoft.VisualStudio.QualityTools.Tips.UnitTest.Adapter, Version=9.0.0.0, Culture=neutral, PublicKeyToken=b03f5f7f11d50a3a" className="BVSEOSDKTest.BVManagedUIContent4_Test, BVSEOSDKTest" name="Test_SinglePage_Stories" />
    </UnitTest>
    <UnitTest name="Test_InlinePage_Question" storage="c:\projects\bvseosdkdotnet\bvseosdkdotnettest\bin\debug\bvseosdktest.dll" id="da0c38e7-f05e-1866-f108-b4c889ec0aac">
      <Css projectStructure="" iteration="" />
      <Owners>
        <Owner name="" />
      </Owners>
      <Execution id="b93830fb-58ce-4966-84a6-2f6b8083eeac" />
      <TestMethod codeBase="C:\Projects\BVSeoSdkDotNet\BVSeoSdkDotNetTest\bin\Debug\BVSEOSDKTest.dll" adapterTypeName="Microsoft.VisualStudio.TestTools.TestTypes.Unit.UnitTestAdapter, Microsoft.VisualStudio.QualityTools.Tips.UnitTest.Adapter, Version=9.0.0.0, Culture=neutral, PublicKeyToken=b03f5f7f11d50a3a" className="BVSEOSDKTest.BVManagedUIContent4_Test, BVSEOSDKTest" name="Test_InlinePage_Question" />
    </UnitTest>
    <UnitTest name="TestDisplayFooter" storage="c:\projects\bvseosdkdotnet\bvseosdkdotnettest\bin\debug\bvseosdktest.dll" id="915c5ee6-ea7f-ebc8-ffeb-939ac16ef3d4">
      <Css projectStructure="" iteration="" />
      <Owners>
        <Owner name="" />
      </Owners>
      <Execution id="5d9916bb-45a6-4a79-8ae2-23ca5e81242a" />
      <TestMethod codeBase="C:\Projects\BVSeoSdkDotNet\BVSeoSdkDotNetTest\bin\Debug\BVSEOSDKTest.dll" adapterTypeName="Microsoft.VisualStudio.TestTools.TestTypes.Unit.UnitTestAdapter, Microsoft.VisualStudio.QualityTools.Tips.UnitTest.Adapter, Version=9.0.0.0, Culture=neutral, PublicKeyToken=b03f5f7f11d50a3a" className="BVSEOSDKTest.BVHTMLFooterTest, BVSEOSDKTest" name="TestDisplayFooter" />
    </UnitTest>
    <UnitTest name="TestSEOContent_SinglePageHTTP_AggregateRatingAndReviews" storage="c:\projects\bvseosdkdotnet\bvseosdkdotnettest\bin\debug\bvseosdktest.dll" id="d1e3fb7c-9317-1703-6861-0e422458bfcb">
      <Css projectStructure="" iteration="" />
      <Owners>
        <Owner name="" />
      </Owners>
      <Execution id="9865f6c4-0071-4bff-b87c-9ff2847e09bf" />
      <TestMethod codeBase="C:\Projects\BVSeoSdkDotNet\BVSeoSdkDotNetTest\bin\Debug\BVSEOSDKTest.dll" adapterTypeName="Microsoft.VisualStudio.TestTools.TestTypes.Unit.UnitTestAdapter, Microsoft.VisualStudio.QualityTools.Tips.UnitTest.Adapter, Version=9.0.0.0, Culture=neutral, PublicKeyToken=b03f5f7f11d50a3a" className="BVSEOSDKTest.BVManagedUIContentAggregateReviewTest, BVSEOSDKTest" name="TestSEOContent_SinglePageHTTP_AggregateRatingAndReviews" />
    </UnitTest>
    <UnitTest name="Test_SinglePage_Stories" storage="c:\projects\bvseosdkdotnet\bvseosdkdotnettest\bin\debug\bvseosdktest.dll" id="b6359c4b-4264-9433-7578-43f7a388767a">
      <Css projectStructure="" iteration="" />
      <Owners>
        <Owner name="" />
      </Owners>
      <Execution id="3e163e9c-581e-4de8-a5cc-dc19c23134ed" />
      <TestMethod codeBase="C:\Projects\BVSeoSdkDotNet\BVSeoSdkDotNetTest\bin\Debug\BVSEOSDKTest.dll" adapterTypeName="Microsoft.VisualStudio.TestTools.TestTypes.Unit.UnitTestAdapter, Microsoft.VisualStudio.QualityTools.Tips.UnitTest.Adapter, Version=9.0.0.0, Culture=neutral, PublicKeyToken=b03f5f7f11d50a3a" className="BVSEOSDKTest.BVManagedUIContent2_Test, BVSEOSDKTest" name="Test_SinglePage_Stories" />
    </UnitTest>
    <UnitTest name="TestSEOContentFromHTTP_SinglePagePRR" storage="c:\projects\bvseosdkdotnet\bvseosdkdotnettest\bin\debug\bvseosdktest.dll" id="b356f059-aac1-f420-83c0-9add27c3b4a9">
      <Css projectStructure="" iteration="" />
      <Owners>
        <Owner name="" />
      </Owners>
      <Execution id="2fc500a5-0f06-4ebb-9b80-044ef655e447" />
      <TestMethod codeBase="C:\Projects\BVSeoSdkDotNet\BVSeoSdkDotNetTest\bin\Debug\BVSEOSDKTest.dll" adapterTypeName="Microsoft.VisualStudio.TestTools.TestTypes.Unit.UnitTestAdapter, Microsoft.VisualStudio.QualityTools.Tips.UnitTest.Adapter, Version=9.0.0.0, Culture=neutral, PublicKeyToken=b03f5f7f11d50a3a" className="BVSeoSdkDotNet.BVManagedUIContent_SinglePageTest, BVSEOSDKTest" name="TestSEOContentFromHTTP_SinglePagePRR" />
    </UnitTest>
    <UnitTest name="TestDisplayFooter_Debug" storage="c:\projects\bvseosdkdotnet\bvseosdkdotnettest\bin\debug\bvseosdktest.dll" id="ef6ccb04-b599-464a-c095-b5e5580d4593">
      <Css projectStructure="" iteration="" />
      <Owners>
        <Owner name="" />
      </Owners>
      <Execution id="c8f2c001-fca5-4967-a4c0-9f6a86578805" />
      <TestMethod codeBase="C:\Projects\BVSeoSdkDotNet\BVSeoSdkDotNetTest\bin\Debug\BVSEOSDKTest.dll" adapterTypeName="Microsoft.VisualStudio.TestTools.TestTypes.Unit.UnitTestAdapter, Microsoft.VisualStudio.QualityTools.Tips.UnitTest.Adapter, Version=9.0.0.0, Culture=neutral, PublicKeyToken=b03f5f7f11d50a3a" className="BVSEOSDKTest.BVHTMLFooterTest, BVSEOSDKTest" name="TestDisplayFooter_Debug" />
    </UnitTest>
    <UnitTest name="Test_SinglePage_Question" storage="c:\projects\bvseosdkdotnet\bvseosdkdotnettest\bin\debug\bvseosdktest.dll" id="1d3b670a-63ee-9c37-1355-fcb1f3847ad3">
      <Css projectStructure="" iteration="" />
      <Owners>
        <Owner name="" />
      </Owners>
      <Execution id="9bf69d38-b7d8-4ba9-9f11-87a421cb9839" />
      <TestMethod codeBase="C:\Projects\BVSeoSdkDotNet\BVSeoSdkDotNetTest\bin\Debug\BVSEOSDKTest.dll" adapterTypeName="Microsoft.VisualStudio.TestTools.TestTypes.Unit.UnitTestAdapter, Microsoft.VisualStudio.QualityTools.Tips.UnitTest.Adapter, Version=9.0.0.0, Culture=neutral, PublicKeyToken=b03f5f7f11d50a3a" className="BVSEOSDKTest.BVManagedUIContent3_Test, BVSEOSDKTest" name="Test_SinglePage_Question" />
    </UnitTest>
    <UnitTest name="Test_InteractivePage_Question" storage="c:\projects\bvseosdkdotnet\bvseosdkdotnettest\bin\debug\bvseosdktest.dll" id="e5392506-b2a1-3752-d638-f48e2c0698ee">
      <Css projectStructure="" iteration="" />
      <Owners>
        <Owner name="" />
      </Owners>
      <Execution id="eb7d6ce6-b84b-41ea-b344-82adba4607ea" />
      <TestMethod codeBase="C:\Projects\BVSeoSdkDotNet\BVSeoSdkDotNetTest\bin\Debug\BVSEOSDKTest.dll" adapterTypeName="Microsoft.VisualStudio.TestTools.TestTypes.Unit.UnitTestAdapter, Microsoft.VisualStudio.QualityTools.Tips.UnitTest.Adapter, Version=9.0.0.0, Culture=neutral, PublicKeyToken=b03f5f7f11d50a3a" className="BVSEOSDKTest.BVManagedUIContent2_Test, BVSEOSDKTest" name="Test_InteractivePage_Question" />
    </UnitTest>
    <UnitTest name="TestSEOContent_SinglePageHTTP_AggregateRating_IfNotPresent" storage="c:\projects\bvseosdkdotnet\bvseosdkdotnettest\bin\debug\bvseosdktest.dll" id="dcc51909-54b6-883c-dfae-331a4fe24ce0">
      <Css projectStructure="" iteration="" />
      <Owners>
        <Owner name="" />
      </Owners>
      <Execution id="18e8cdb6-3d05-4936-b1d1-7e625f241969" />
      <TestMethod codeBase="C:\Projects\BVSeoSdkDotNet\BVSeoSdkDotNetTest\bin\Debug\BVSEOSDKTest.dll" adapterTypeName="Microsoft.VisualStudio.TestTools.TestTypes.Unit.UnitTestAdapter, Microsoft.VisualStudio.QualityTools.Tips.UnitTest.Adapter, Version=9.0.0.0, Culture=neutral, PublicKeyToken=b03f5f7f11d50a3a" className="BVSEOSDKTest.BVManagedUIContentAggregateReviewTest, BVSEOSDKTest" name="TestSEOContent_SinglePageHTTP_AggregateRating_IfNotPresent" />
    </UnitTest>
    <UnitTest name="TestSEOContent_SinglePageHTTP_GetAggregateRating_SDK_Disabled" storage="c:\projects\bvseosdkdotnet\bvseosdkdotnettest\bin\debug\bvseosdktest.dll" id="078da8da-1cbe-cbec-0a75-ee687b3a32bc">
      <Css projectStructure="" iteration="" />
      <Owners>
        <Owner name="" />
      </Owners>
      <Execution id="7fb955bd-f99b-4ac9-878b-c674a92b9a91" />
      <TestMethod codeBase="C:\Projects\BVSeoSdkDotNet\BVSeoSdkDotNetTest\bin\Debug\BVSEOSDKTest.dll" adapterTypeName="Microsoft.VisualStudio.TestTools.TestTypes.Unit.UnitTestAdapter, Microsoft.VisualStudio.QualityTools.Tips.UnitTest.Adapter, Version=9.0.0.0, Culture=neutral, PublicKeyToken=b03f5f7f11d50a3a" className="BVSEOSDKTest.BVManagedUIContentAggregateReviewTest, BVSEOSDKTest" name="TestSEOContent_SinglePageHTTP_GetAggregateRating_SDK_Disabled" />
    </UnitTest>
    <UnitTest name="TestAggregate_InvalidURL" storage="c:\projects\bvseosdkdotnet\bvseosdkdotnettest\bin\debug\bvseosdktest.dll" id="0ba65008-77d4-41f5-b98c-eb8e2ccca5cb">
      <Css projectStructure="" iteration="" />
      <Owners>
        <Owner name="" />
      </Owners>
      <Execution id="3bd9f496-95d3-4efd-a8e6-0ce01566ac12" />
      <TestMethod codeBase="C:\Projects\BVSeoSdkDotNet\BVSeoSdkDotNetTest\bin\Debug\BVSEOSDKTest.dll" adapterTypeName="Microsoft.VisualStudio.TestTools.TestTypes.Unit.UnitTestAdapter, Microsoft.VisualStudio.QualityTools.Tips.UnitTest.Adapter, Version=9.0.0.0, Culture=neutral, PublicKeyToken=b03f5f7f11d50a3a" className="BVSEOSDKTest.BVManagedUIContentAggregateReviewTest, BVSEOSDKTest" name="TestAggregate_InvalidURL" />
    </UnitTest>
    <UnitTest name="TestBVConfigLoading" storage="c:\projects\bvseosdkdotnet\bvseosdkdotnettest\bin\debug\bvseosdktest.dll" id="6173729d-b1c9-b7db-f252-6b7bf296b99d">
      <Css projectStructure="" iteration="" />
      <Owners>
        <Owner name="" />
      </Owners>
      <Execution id="09e2843a-118f-40d1-bce6-49f00f5cd9bc" />
      <TestMethod codeBase="C:\Projects\BVSeoSdkDotNet\BVSeoSdkDotNetTest\bin\Debug\BVSEOSDKTest.dll" adapterTypeName="Microsoft.VisualStudio.TestTools.TestTypes.Unit.UnitTestAdapter, Microsoft.VisualStudio.QualityTools.Tips.UnitTest.Adapter, Version=9.0.0.0, Culture=neutral, PublicKeyToken=b03f5f7f11d50a3a" className="BVSEOSDKTest.BVSdkConfigurationTest, BVSEOSDKTest" name="TestBVConfigLoading" />
    </UnitTest>
    <UnitTest name="TestStory_StoriesGrid" storage="c:\projects\bvseosdkdotnet\bvseosdkdotnettest\bin\debug\bvseosdktest.dll" id="06b8de29-b2ea-925d-1fb8-9df6e1172a46">
      <Css projectStructure="" iteration="" />
      <Owners>
        <Owner name="" />
      </Owners>
      <Execution id="eb5f131d-ea37-44ee-9687-63c3bde86adf" />
      <TestMethod codeBase="C:\Projects\BVSeoSdkDotNet\BVSeoSdkDotNetTest\bin\Debug\BVSEOSDKTest.dll" adapterTypeName="Microsoft.VisualStudio.TestTools.TestTypes.Unit.UnitTestAdapter, Microsoft.VisualStudio.QualityTools.Tips.UnitTest.Adapter, Version=9.0.0.0, Culture=neutral, PublicKeyToken=b03f5f7f11d50a3a" className="BVSEOSDKTest.BVSeoSdkURLBuilderTest, BVSEOSDKTest" name="TestStory_StoriesGrid" />
    </UnitTest>
  </TestDefinitions>
  <TestLists>
    <TestList name="Results Not in a List" id="8c84fa94-04c1-424b-9868-57a2d4851a1d" />
    <TestList name="All Loaded Results" id="19431567-8539-422a-85d7-44ee4e166bda" />
  </TestLists>
  <TestEntries>
    <TestEntry testId="06b8de29-b2ea-925d-1fb8-9df6e1172a46" executionId="eb5f131d-ea37-44ee-9687-63c3bde86adf" testListId="8c84fa94-04c1-424b-9868-57a2d4851a1d" />
    <TestEntry testId="078da8da-1cbe-cbec-0a75-ee687b3a32bc" executionId="7fb955bd-f99b-4ac9-878b-c674a92b9a91" testListId="8c84fa94-04c1-424b-9868-57a2d4851a1d" />
    <TestEntry testId="08808d6f-5f2b-19e6-4287-d69e6f5695c8" executionId="d2451ecc-8e9e-4d4a-9340-2f1e843eed9c" testListId="8c84fa94-04c1-424b-9868-57a2d4851a1d" />
    <TestEntry testId="0ba65008-77d4-41f5-b98c-eb8e2ccca5cb" executionId="3bd9f496-95d3-4efd-a8e6-0ce01566ac12" testListId="8c84fa94-04c1-424b-9868-57a2d4851a1d" />
    <TestEntry testId="0be53a4b-f193-b841-ba01-235a8d56dd4b" executionId="5da3a5fa-1c06-46fe-8406-d9488c5ca2f3" testListId="8c84fa94-04c1-424b-9868-57a2d4851a1d" />
    <TestEntry testId="1d3b670a-63ee-9c37-1355-fcb1f3847ad3" executionId="9bf69d38-b7d8-4ba9-9f11-87a421cb9839" testListId="8c84fa94-04c1-424b-9868-57a2d4851a1d" />
    <TestEntry testId="2d0de862-bf6f-df20-4a30-d5604ca0eadc" executionId="d99f0fcf-8546-4945-92d0-cb9166d1e799" testListId="8c84fa94-04c1-424b-9868-57a2d4851a1d" />
    <TestEntry testId="305df720-2163-4902-ce02-9f70094cc502" executionId="366af63e-b0fa-4b78-88a7-d78bd24ed429" testListId="8c84fa94-04c1-424b-9868-57a2d4851a1d" />
    <TestEntry testId="320b82da-25e4-acee-cfe6-f5f499398763" executionId="d632f2f9-209a-43e7-a479-f1ca278a2298" testListId="8c84fa94-04c1-424b-9868-57a2d4851a1d" />
    <TestEntry testId="3b08769d-c5de-db20-839a-21cea7e6a04f" executionId="de9e7097-277d-4ab6-b451-c67ce3f30c5e" testListId="8c84fa94-04c1-424b-9868-57a2d4851a1d" />
    <TestEntry testId="3bb26db2-7d35-fe6b-cd94-62d30d126293" executionId="143484d9-b321-4f66-a448-c6a70ec1e0fd" testListId="8c84fa94-04c1-424b-9868-57a2d4851a1d" />
    <TestEntry testId="4519dc37-d6af-1168-2fe0-550fdf975e5c" executionId="f3c85742-bc1e-414c-b4e2-fa848c546306" testListId="8c84fa94-04c1-424b-9868-57a2d4851a1d" />
    <TestEntry testId="47f9a937-2bcb-0684-d30d-91119567ec8d" executionId="1484a9e0-d52d-4edf-8743-80b18e5cba41" testListId="8c84fa94-04c1-424b-9868-57a2d4851a1d" />
    <TestEntry testId="48c1bde0-440e-e42e-8163-c0c839234cdf" executionId="349db6ac-3339-4274-9f68-99670c07a57b" testListId="8c84fa94-04c1-424b-9868-57a2d4851a1d" />
    <TestEntry testId="49ae87b0-a9db-70e4-4183-fa3f62452b2a" executionId="912dbbc3-88af-47f7-969f-596b1a252c88" testListId="8c84fa94-04c1-424b-9868-57a2d4851a1d" />
    <TestEntry testId="4e53e90c-79f3-2fe5-42dc-76c59df7f553" executionId="5c4faf72-de9d-4ac5-80f8-da706fd3b186" testListId="8c84fa94-04c1-424b-9868-57a2d4851a1d" />
    <TestEntry testId="5cb9f28b-a05f-b9c4-950a-9a1b1d53a576" executionId="9441e35c-59b8-4a3b-9738-c3ec2e9988c5" testListId="8c84fa94-04c1-424b-9868-57a2d4851a1d" />
    <TestEntry testId="5d4eaba0-94e6-3d0c-6697-dff9648ceeb5" executionId="c31dfd1e-65bd-4e6c-826b-2dcb61f70dd0" testListId="8c84fa94-04c1-424b-9868-57a2d4851a1d" />
    <TestEntry testId="6173729d-b1c9-b7db-f252-6b7bf296b99d" executionId="09e2843a-118f-40d1-bce6-49f00f5cd9bc" testListId="8c84fa94-04c1-424b-9868-57a2d4851a1d" />
    <TestEntry testId="64102383-1eec-2357-e495-a1398ceb1c60" executionId="9780699e-67c8-4919-8910-10ce0adba08b" testListId="8c84fa94-04c1-424b-9868-57a2d4851a1d" />
    <TestEntry testId="64633bc6-a6c4-3385-bf98-af703e82448e" executionId="731adee5-0eca-43be-b3ed-9963703323e7" testListId="8c84fa94-04c1-424b-9868-57a2d4851a1d" />
    <TestEntry testId="668619da-6a06-d548-720e-a61936cf267f" executionId="22b77ac0-78c1-4f82-9f73-2582302ad1ec" testListId="8c84fa94-04c1-424b-9868-57a2d4851a1d" />
    <TestEntry testId="6ae7685d-361b-24f8-8983-14c25fd9df76" executionId="84694ac9-2ed7-4cbd-8b02-5b67c703801c" testListId="8c84fa94-04c1-424b-9868-57a2d4851a1d" />
    <TestEntry testId="6b64ef0b-98a8-9656-ca76-083b22cdebf3" executionId="51f2be9f-9165-497e-a558-f42e2acc0c19" testListId="8c84fa94-04c1-424b-9868-57a2d4851a1d" />
    <TestEntry testId="6fd35cd4-d5d7-540a-5c99-9f9e1332807e" executionId="ef7a778c-013a-47cb-991d-67f371d3e953" testListId="8c84fa94-04c1-424b-9868-57a2d4851a1d" />
    <TestEntry testId="75867207-bc67-e8f1-ac3b-474d1963e810" executionId="5e15a8e6-d111-421a-98b0-4cc853e344a1" testListId="8c84fa94-04c1-424b-9868-57a2d4851a1d" />
    <TestEntry testId="79217038-898f-bfff-42c1-8f4916c3308c" executionId="04952e80-2f73-46dd-9169-e2d0ee75c960" testListId="8c84fa94-04c1-424b-9868-57a2d4851a1d" />
    <TestEntry testId="83670232-d932-24b5-97b0-54c95872e53a" executionId="7b408856-3710-4c7e-9de3-c92a839de7d5" testListId="8c84fa94-04c1-424b-9868-57a2d4851a1d" />
    <TestEntry testId="8d264e89-646c-4a3d-bb37-95d58ddc393f" executionId="2a047a36-be39-413a-851a-9197f5abae1f" testListId="8c84fa94-04c1-424b-9868-57a2d4851a1d" />
    <TestEntry testId="915c5ee6-ea7f-ebc8-ffeb-939ac16ef3d4" executionId="5d9916bb-45a6-4a79-8ae2-23ca5e81242a" testListId="8c84fa94-04c1-424b-9868-57a2d4851a1d" />
    <TestEntry testId="99cebdfa-8a8d-7958-449d-c3ab05306baa" executionId="acd17094-aa82-4a78-944e-4c43815f2604" testListId="8c84fa94-04c1-424b-9868-57a2d4851a1d" />
    <TestEntry testId="9bc706cc-8a93-1cbe-a917-e57f61a9b33c" executionId="063a1ba0-4d42-4d50-bb2b-16fb1ba3942e" testListId="8c84fa94-04c1-424b-9868-57a2d4851a1d" />
    <TestEntry testId="9fbc3db2-a72e-842c-8a9f-b86ecd2a1ffa" executionId="50d36666-23da-4cac-b39a-1f0c455461ff" testListId="8c84fa94-04c1-424b-9868-57a2d4851a1d" />
    <TestEntry testId="a16719c5-f614-973b-19a7-7416eb2f394c" executionId="a2c61c40-4b23-45c3-8400-e25dd8258ca3" testListId="8c84fa94-04c1-424b-9868-57a2d4851a1d" />
    <TestEntry testId="a6d9cbae-7a2a-2a07-9ac8-67310f1bbfe9" executionId="91a330ba-aa8c-459f-b9c5-18adc8bafa71" testListId="8c84fa94-04c1-424b-9868-57a2d4851a1d" />
    <TestEntry testId="ad53fe42-0f62-0dd7-7cc0-48e9888ed79f" executionId="9565efe5-ad90-4713-b025-218c38439cc1" testListId="8c84fa94-04c1-424b-9868-57a2d4851a1d" />
    <TestEntry testId="ad819142-0fc8-08d8-db73-e33e4581e13f" executionId="2c567989-bafe-483e-98c5-d119148f9f70" testListId="8c84fa94-04c1-424b-9868-57a2d4851a1d" />
    <TestEntry testId="aeaa7568-80d7-74bb-5b00-573772c963a7" executionId="68fb16ee-c27f-458b-9dff-f10e8a1ab48f" testListId="8c84fa94-04c1-424b-9868-57a2d4851a1d" />
    <TestEntry testId="b2d12f36-ff95-5ec9-cb04-8158ae12524d" executionId="dc3fddd3-02d9-4d12-86a9-f5a6f6c35c72" testListId="8c84fa94-04c1-424b-9868-57a2d4851a1d" />
    <TestEntry testId="b356f059-aac1-f420-83c0-9add27c3b4a9" executionId="2fc500a5-0f06-4ebb-9b80-044ef655e447" testListId="8c84fa94-04c1-424b-9868-57a2d4851a1d" />
    <TestEntry testId="b48b3fc7-9265-32fb-3e33-df8465400226" executionId="84fb9e66-4374-4eb9-8c93-c455f5b03eb7" testListId="8c84fa94-04c1-424b-9868-57a2d4851a1d" />
    <TestEntry testId="b6359c4b-4264-9433-7578-43f7a388767a" executionId="3e163e9c-581e-4de8-a5cc-dc19c23134ed" testListId="8c84fa94-04c1-424b-9868-57a2d4851a1d" />
    <TestEntry testId="b643c69c-4cdc-3e70-5e26-8310153d1cef" executionId="12da5370-5552-4ce8-b336-4bece15dc03d" testListId="8c84fa94-04c1-424b-9868-57a2d4851a1d" />
    <TestEntry testId="b7f4a730-d7d6-6886-d361-333ee2505238" executionId="205fdba5-8d85-4867-9687-0adcc700c2df" testListId="8c84fa94-04c1-424b-9868-57a2d4851a1d" />
    <TestEntry testId="ba579d81-f213-d67c-11cb-81ed57511985" executionId="e822cbe1-ae65-4c22-9572-192072417a82" testListId="8c84fa94-04c1-424b-9868-57a2d4851a1d" />
    <TestEntry testId="c06fa58c-fdd8-dd0e-a4bc-27769392ea48" executionId="7e61089d-2394-41f8-89b0-2949d3e24ca3" testListId="8c84fa94-04c1-424b-9868-57a2d4851a1d" />
    <TestEntry testId="c31714d1-4618-8354-d76b-91d08f8c9441" executionId="359ce3de-5b0f-4bed-91c5-1e6371f2f5f0" testListId="8c84fa94-04c1-424b-9868-57a2d4851a1d" />
    <TestEntry testId="c3718dbe-75b9-2641-fc26-2579581d699d" executionId="c5ae8efa-a075-4f59-a099-80614e2dc055" testListId="8c84fa94-04c1-424b-9868-57a2d4851a1d" />
    <TestEntry testId="cb9ab58d-8baa-855e-5d07-948d7c894c3b" executionId="05e427e7-0b3a-4d91-996d-f56aa0fd6534" testListId="8c84fa94-04c1-424b-9868-57a2d4851a1d" />
    <TestEntry testId="cff9f61b-6dcb-0390-8d2f-6388c5c19037" executionId="de69a116-b3b0-467d-810f-431d9092bc12" testListId="8c84fa94-04c1-424b-9868-57a2d4851a1d" />
    <TestEntry testId="d1e3fb7c-9317-1703-6861-0e422458bfcb" executionId="9865f6c4-0071-4bff-b87c-9ff2847e09bf" testListId="8c84fa94-04c1-424b-9868-57a2d4851a1d" />
    <TestEntry testId="d59f7a52-4d79-9972-54da-b2b7c1ae1c5f" executionId="abf67b6e-0ed0-4131-8bf5-b4ba09cae53c" testListId="8c84fa94-04c1-424b-9868-57a2d4851a1d" />
    <TestEntry testId="d5b9f4f0-6010-0c54-3743-eb4ff4f22503" executionId="d7fc7164-c95d-4b66-a602-b44b6417ac9a" testListId="8c84fa94-04c1-424b-9868-57a2d4851a1d" />
    <TestEntry testId="d8ca1f24-9443-c0e5-1264-61d20ec22e40" executionId="7c2bdacf-26d4-405d-8015-cbe892eb236d" testListId="8c84fa94-04c1-424b-9868-57a2d4851a1d" />
    <TestEntry testId="da0c38e7-f05e-1866-f108-b4c889ec0aac" executionId="b93830fb-58ce-4966-84a6-2f6b8083eeac" testListId="8c84fa94-04c1-424b-9868-57a2d4851a1d" />
    <TestEntry testId="da2e4a92-4ba6-bd6e-bb80-20abea394ccb" executionId="bf8917aa-2d52-45a1-bfc8-b72d23689b2d" testListId="8c84fa94-04c1-424b-9868-57a2d4851a1d" />
    <TestEntry testId="dcc3c09a-4129-5a88-ed35-c7f7905cd23e" executionId="af79290f-a1a9-43af-914f-d6bf9bb8d797" testListId="8c84fa94-04c1-424b-9868-57a2d4851a1d" />
    <TestEntry testId="dcc51909-54b6-883c-dfae-331a4fe24ce0" executionId="18e8cdb6-3d05-4936-b1d1-7e625f241969" testListId="8c84fa94-04c1-424b-9868-57a2d4851a1d" />
    <TestEntry testId="e5392506-b2a1-3752-d638-f48e2c0698ee" executionId="eb7d6ce6-b84b-41ea-b344-82adba4607ea" testListId="8c84fa94-04c1-424b-9868-57a2d4851a1d" />
    <TestEntry testId="ef6ccb04-b599-464a-c095-b5e5580d4593" executionId="c8f2c001-fca5-4967-a4c0-9f6a86578805" testListId="8c84fa94-04c1-424b-9868-57a2d4851a1d" />
    <TestEntry testId="f257fd26-c7b6-848a-b0cf-55010618c280" executionId="0773ca1d-3d78-4011-a455-102b1a61ec83" testListId="8c84fa94-04c1-424b-9868-57a2d4851a1d" />
    <TestEntry testId="f85c0aa3-3674-b42a-2128-69bd3afe7ca6" executionId="beea82c0-ae55-4e09-b7b2-e9a64549bb63" testListId="8c84fa94-04c1-424b-9868-57a2d4851a1d" />
    <TestEntry testId="fc6b45b6-617d-35be-f3b7-a6ec6b460ed6" executionId="76e0fa06-3867-404f-8104-aefdf8e98f29" testListId="8c84fa94-04c1-424b-9868-57a2d4851a1d" />
  </TestEntries>
  <Results>
    <UnitTestResult executionId="eb5f131d-ea37-44ee-9687-63c3bde86adf" testId="06b8de29-b2ea-925d-1fb8-9df6e1172a46" testName="TestStory_StoriesGrid" computerName="OWNER-PC" duration="00:00:00.0311754" startTime="2014-06-19T16:10:53.0764466-05:00" endTime="2014-06-19T16:10:53.2904588-05:00" testType="13cdc9d9-ddb5-4fa4-a97d-d965ccfc6d4b" outcome="Passed" testListId="8c84fa94-04c1-424b-9868-57a2d4851a1d">
      <Output>
      </Output>
    </UnitTestResult>
    <UnitTestResult executionId="7fb955bd-f99b-4ac9-878b-c674a92b9a91" testId="078da8da-1cbe-cbec-0a75-ee687b3a32bc" testName="TestSEOContent_SinglePageHTTP_GetAggregateRating_SDK_Disabled" computerName="OWNER-PC" duration="00:00:00.3492378" startTime="2014-06-19T16:10:53.2914589-05:00" endTime="2014-06-19T16:10:53.6424789-05:00" testType="13cdc9d9-ddb5-4fa4-a97d-d965ccfc6d4b" outcome="Passed" testListId="8c84fa94-04c1-424b-9868-57a2d4851a1d">
      <Output>
        <StdErr>log4net:ERROR RollingFileAppenderOpenFile(,True) call failed.
System.UnauthorizedAccessException: Access to the path 'C:\Program Files (x86)\Microsoft Visual Studio 9.0\Common7\IDE\nvelocity.log' is denied.
   at System.IO.__Error.WinIOError(Int32 errorCode, String maybeFullPath)
   at System.IO.FileStream.Init(String path, FileMode mode, FileAccess access, Int32 rights, Boolean useRights, FileShare share, Int32 bufferSize, FileOptions options, SECURITY_ATTRIBUTES secAttrs, String msgPath, Boolean bFromProxy)
   at System.IO.FileStream..ctor(String path, FileMode mode, FileAccess access, FileShare share, Int32 bufferSize, FileOptions options)
   at System.IO.StreamWriter.CreateFile(String path, Boolean append)
   at System.IO.StreamWriter..ctor(String path, Boolean append, Encoding encoding, Int32 bufferSize)
   at System.IO.StreamWriter..ctor(String path, Boolean append)
   at log4net.Appender.FileAppender.OpenFile(String fileName, Boolean append)
   at log4net.Appender.RollingFileAppender.OpenFile(String fileName, Boolean append)
   at log4net.Appender.FileAppender.ActivateOptions()</StdErr>
        <DebugTrace>log4net:ERROR RollingFileAppenderOpenFile(,True) call failed.
System.UnauthorizedAccessException: Access to the path 'C:\Program Files (x86)\Microsoft Visual Studio 9.0\Common7\IDE\nvelocity.log' is denied.
   at System.IO.__Error.WinIOError(Int32 errorCode, String maybeFullPath)
   at System.IO.FileStream.Init(String path, FileMode mode, FileAccess access, Int32 rights, Boolean useRights, FileShare share, Int32 bufferSize, FileOptions options, SECURITY_ATTRIBUTES secAttrs, String msgPath, Boolean bFromProxy)
   at System.IO.FileStream..ctor(String path, FileMode mode, FileAccess access, FileShare share, Int32 bufferSize, FileOptions options)
   at System.IO.StreamWriter.CreateFile(String path, Boolean append)
   at System.IO.StreamWriter..ctor(String path, Boolean append, Encoding encoding, Int32 bufferSize)
   at System.IO.StreamWriter..ctor(String path, Boolean append)
   at log4net.Appender.FileAppender.OpenFile(String fileName, Boolean append)
   at log4net.Appender.RollingFileAppender.OpenFile(String fileName, Boolean append)
   at log4net.Appender.FileAppender.ActivateOptions()
</DebugTrace>
      </Output>
    </UnitTestResult>
    <UnitTestResult executionId="d2451ecc-8e9e-4d4a-9340-2f1e843eed9c" testId="08808d6f-5f2b-19e6-4287-d69e6f5695c8" testName="TestStory_Stories" computerName="OWNER-PC" duration="00:00:00.0007880" startTime="2014-06-19T16:10:53.6434790-05:00" endTime="2014-06-19T16:10:53.6464792-05:00" testType="13cdc9d9-ddb5-4fa4-a97d-d965ccfc6d4b" outcome="Passed" testListId="8c84fa94-04c1-424b-9868-57a2d4851a1d">
      <Output>
      </Output>
    </UnitTestResult>
    <UnitTestResult executionId="3bd9f496-95d3-4efd-a8e6-0ce01566ac12" testId="0ba65008-77d4-41f5-b98c-eb8e2ccca5cb" testName="TestAggregate_InvalidURL" computerName="OWNER-PC" duration="00:00:00.1717929" startTime="2014-06-19T16:10:53.6474792-05:00" endTime="2014-06-19T16:10:53.8214892-05:00" testType="13cdc9d9-ddb5-4fa4-a97d-d965ccfc6d4b" outcome="Passed" testListId="8c84fa94-04c1-424b-9868-57a2d4851a1d">
      <Output>
      </Output>
    </UnitTestResult>
    <UnitTestResult executionId="5da3a5fa-1c06-46fe-8406-d9488c5ca2f3" testId="0be53a4b-f193-b841-ba01-235a8d56dd4b" testName="TestMultipleConfigurations" computerName="OWNER-PC" duration="00:00:00.0005335" startTime="2014-06-19T16:10:53.8234893-05:00" endTime="2014-06-19T16:10:53.8264895-05:00" testType="13cdc9d9-ddb5-4fa4-a97d-d965ccfc6d4b" outcome="Passed" testListId="8c84fa94-04c1-424b-9868-57a2d4851a1d">
      <Output>
      </Output>
    </UnitTestResult>
    <UnitTestResult executionId="9bf69d38-b7d8-4ba9-9f11-87a421cb9839" testId="1d3b670a-63ee-9c37-1355-fcb1f3847ad3" testName="Test_SinglePage_Question" computerName="OWNER-PC" duration="00:00:00.1612578" startTime="2014-06-19T16:10:53.8274895-05:00" endTime="2014-06-19T16:10:53.9914989-05:00" testType="13cdc9d9-ddb5-4fa4-a97d-d965ccfc6d4b" outcome="Passed" testListId="8c84fa94-04c1-424b-9868-57a2d4851a1d">
      <Output>
      </Output>
    </UnitTestResult>
    <UnitTestResult executionId="d99f0fcf-8546-4945-92d0-cb9166d1e799" testId="2d0de862-bf6f-df20-4a30-d5604ca0eadc" testName="TestSEOContent_SinglePageHTTP_GetContent_SDK_Disabled" computerName="OWNER-PC" duration="00:00:00.0241976" startTime="2014-06-19T16:10:53.9944991-05:00" endTime="2014-06-19T16:10:54.0225007-05:00" testType="13cdc9d9-ddb5-4fa4-a97d-d965ccfc6d4b" outcome="Passed" testListId="8c84fa94-04c1-424b-9868-57a2d4851a1d">
      <Output>
      </Output>
    </UnitTestResult>
    <UnitTestResult executionId="366af63e-b0fa-4b78-88a7-d78bd24ed429" testId="305df720-2163-4902-ce02-9f70094cc502" testName="TestDisplayFooter_URL_Debug" computerName="OWNER-PC" duration="00:00:00.0583315" startTime="2014-06-19T16:10:54.0225007-05:00" endTime="2014-06-19T16:10:54.0835042-05:00" testType="13cdc9d9-ddb5-4fa4-a97d-d965ccfc6d4b" outcome="Passed" testListId="8c84fa94-04c1-424b-9868-57a2d4851a1d">
      <Output>
      </Output>
    </UnitTestResult>
    <UnitTestResult executionId="d632f2f9-209a-43e7-a479-f1ca278a2298" testId="320b82da-25e4-acee-cfe6-f5f499398763" testName="TestSEOContentFromHTTP_SinglePagePRR_CrawlerOverride" computerName="OWNER-PC" duration="00:00:00.1432902" startTime="2014-06-19T16:10:54.0855043-05:00" endTime="2014-06-19T16:10:54.2315126-05:00" testType="13cdc9d9-ddb5-4fa4-a97d-d965ccfc6d4b" outcome="Passed" testListId="8c84fa94-04c1-424b-9868-57a2d4851a1d">
      <Output>
      </Output>
    </UnitTestResult>
    <UnitTestResult executionId="de9e7097-277d-4ab6-b451-c67ce3f30c5e" testId="3b08769d-c5de-db20-839a-21cea7e6a04f" testName="Test_SinglePage_Review" computerName="OWNER-PC" duration="00:00:00.0604280" startTime="2014-06-19T16:10:54.2345128-05:00" endTime="2014-06-19T16:10:54.3005166-05:00" testType="13cdc9d9-ddb5-4fa4-a97d-d965ccfc6d4b" outcome="Passed" testListId="8c84fa94-04c1-424b-9868-57a2d4851a1d">
      <Output>
      </Output>
    </UnitTestResult>
    <UnitTestResult executionId="143484d9-b321-4f66-a448-c6a70ec1e0fd" testId="3bb26db2-7d35-fe6b-cd94-62d30d126293" testName="Test_InlinePage_Stories" computerName="OWNER-PC" duration="00:00:00.1029512" startTime="2014-06-19T16:10:54.3015166-05:00" endTime="2014-06-19T16:10:54.4085228-05:00" testType="13cdc9d9-ddb5-4fa4-a97d-d965ccfc6d4b" outcome="Passed" testListId="8c84fa94-04c1-424b-9868-57a2d4851a1d">
      <Output>
      </Output>
    </UnitTestResult>
    <UnitTestResult executionId="f3c85742-bc1e-414c-b4e2-fa848c546306" testId="4519dc37-d6af-1168-2fe0-550fdf975e5c" testName="TestUri_For_C2013_HTTP" computerName="OWNER-PC" duration="00:00:00.0057247" startTime="2014-06-19T16:10:54.4115229-05:00" endTime="2014-06-19T16:10:54.4205234-05:00" testType="13cdc9d9-ddb5-4fa4-a97d-d965ccfc6d4b" outcome="Passed" testListId="8c84fa94-04c1-424b-9868-57a2d4851a1d">
      <Output>
      </Output>
    </UnitTestResult>
    <UnitTestResult executionId="1484a9e0-d52d-4edf-8743-80b18e5cba41" testId="47f9a937-2bcb-0684-d30d-91119567ec8d" testName="TestUri_For_C2013_File" computerName="OWNER-PC" duration="00:00:00.0007572" startTime="2014-06-19T16:10:54.4205234-05:00" endTime="2014-06-19T16:10:54.4265238-05:00" testType="13cdc9d9-ddb5-4fa4-a97d-d965ccfc6d4b" outcome="Passed" testListId="8c84fa94-04c1-424b-9868-57a2d4851a1d">
      <Output>
      </Output>
    </UnitTestResult>
    <UnitTestResult executionId="349db6ac-3339-4274-9f68-99670c07a57b" testId="48c1bde0-440e-e42e-8163-c0c839234cdf" testName="TestAggregate_NullSubjectID" computerName="OWNER-PC" duration="00:00:00.0713777" startTime="2014-06-19T16:10:54.4285239-05:00" endTime="2014-06-19T16:10:54.5025281-05:00" testType="13cdc9d9-ddb5-4fa4-a97d-d965ccfc6d4b" outcome="Passed" testListId="8c84fa94-04c1-424b-9868-57a2d4851a1d">
      <Output>
      </Output>
    </UnitTestResult>
    <UnitTestResult executionId="912dbbc3-88af-47f7-969f-596b1a252c88" testId="49ae87b0-a9db-70e4-4183-fa3f62452b2a" testName="TestSEOContentFromHTTP_SinglePage_FileUnavailableError" computerName="OWNER-PC" duration="00:00:00.0939174" startTime="2014-06-19T16:10:54.5025281-05:00" endTime="2014-06-19T16:10:54.6005337-05:00" testType="13cdc9d9-ddb5-4fa4-a97d-d965ccfc6d4b" outcome="Passed" testListId="8c84fa94-04c1-424b-9868-57a2d4851a1d">
      <Output>
      </Output>
    </UnitTestResult>
    <UnitTestResult executionId="5c4faf72-de9d-4ac5-80f8-da706fd3b186" testId="4e53e90c-79f3-2fe5-42dc-76c59df7f553" testName="TestSEOContent_SinglePageHTTP_AggregateRating_BotDetectionEnabled" computerName="OWNER-PC" duration="00:00:00.0581706" startTime="2014-06-19T16:10:54.6005337-05:00" endTime="2014-06-19T16:10:54.6625373-05:00" testType="13cdc9d9-ddb5-4fa4-a97d-d965ccfc6d4b" outcome="Passed" testListId="8c84fa94-04c1-424b-9868-57a2d4851a1d">
      <Output>
      </Output>
    </UnitTestResult>
    <UnitTestResult executionId="9441e35c-59b8-4a3b-9738-c3ec2e9988c5" testId="5cb9f28b-a05f-b9c4-950a-9a1b1d53a576" testName="Test_InteractivePage_Review" computerName="OWNER-PC" duration="00:00:00.0612198" startTime="2014-06-19T16:10:54.6635373-05:00" endTime="2014-06-19T16:10:54.7275410-05:00" testType="13cdc9d9-ddb5-4fa4-a97d-d965ccfc6d4b" outcome="Passed" testListId="8c84fa94-04c1-424b-9868-57a2d4851a1d">
      <Output>
      </Output>
    </UnitTestResult>
    <UnitTestResult executionId="c31dfd1e-65bd-4e6c-826b-2dcb61f70dd0" testId="5d4eaba0-94e6-3d0c-6697-dff9648ceeb5" testName="TestSEOContentFromFile_SinglePage_FileUnavailableError" computerName="OWNER-PC" duration="00:00:00.0235525" startTime="2014-06-19T16:10:54.7285411-05:00" endTime="2014-06-19T16:10:54.7555426-05:00" testType="13cdc9d9-ddb5-4fa4-a97d-d965ccfc6d4b" outcome="Passed" testListId="8c84fa94-04c1-424b-9868-57a2d4851a1d">
      <Output>
      </Output>
    </UnitTestResult>
    <UnitTestResult executionId="09e2843a-118f-40d1-bce6-49f00f5cd9bc" testId="6173729d-b1c9-b7db-f252-6b7bf296b99d" testName="TestBVConfigLoading" computerName="OWNER-PC" duration="00:00:00.0003225" startTime="2014-06-19T16:10:54.7565427-05:00" endTime="2014-06-19T16:10:54.7605429-05:00" testType="13cdc9d9-ddb5-4fa4-a97d-d965ccfc6d4b" outcome="Passed" testListId="8c84fa94-04c1-424b-9868-57a2d4851a1d">
      <Output>
      </Output>
    </UnitTestResult>
    <UnitTestResult executionId="9780699e-67c8-4919-8910-10ce0adba08b" testId="64102383-1eec-2357-e495-a1398ceb1c60" testName="TestSEOContentFromFile_SinglePagePRR_PageUri" computerName="OWNER-PC" duration="00:00:00.0298561" startTime="2014-06-19T16:10:54.7625430-05:00" endTime="2014-06-19T16:10:54.7955449-05:00" testType="13cdc9d9-ddb5-4fa4-a97d-d965ccfc6d4b" outcome="Passed" testListId="8c84fa94-04c1-424b-9868-57a2d4851a1d">
      <Output>
      </Output>
    </UnitTestResult>
    <UnitTestResult executionId="731adee5-0eca-43be-b3ed-9963703323e7" testId="64633bc6-a6c4-3385-bf98-af703e82448e" testName="TestSearchContentNullBVQueryParams" computerName="OWNER-PC" duration="00:00:00.0194111" startTime="2014-06-19T16:10:54.7975450-05:00" endTime="2014-06-19T16:10:54.8195463-05:00" testType="13cdc9d9-ddb5-4fa4-a97d-d965ccfc6d4b" outcome="Passed" testListId="8c84fa94-04c1-424b-9868-57a2d4851a1d">
      <Output>
      </Output>
    </UnitTestResult>
    <UnitTestResult executionId="22b77ac0-78c1-4f82-9f73-2582302ad1ec" testId="668619da-6a06-d548-720e-a61936cf267f" testName="Test_SinglePage_Question" computerName="OWNER-PC" duration="00:00:00.0543291" startTime="2014-06-19T16:10:54.8195463-05:00" endTime="2014-06-19T16:10:54.8765495-05:00" testType="13cdc9d9-ddb5-4fa4-a97d-d965ccfc6d4b" outcome="Passed" testListId="8c84fa94-04c1-424b-9868-57a2d4851a1d">
      <Output>
      </Output>
    </UnitTestResult>
    <UnitTestResult executionId="84694ac9-2ed7-4cbd-8b02-5b67c703801c" testId="6ae7685d-361b-24f8-8983-14c25fd9df76" testName="Test_SinglePage_Question" computerName="OWNER-PC" duration="00:00:00.0541093" startTime="2014-06-19T16:10:54.8785496-05:00" endTime="2014-06-19T16:10:54.9355529-05:00" testType="13cdc9d9-ddb5-4fa4-a97d-d965ccfc6d4b" outcome="Passed" testListId="8c84fa94-04c1-424b-9868-57a2d4851a1d">
      <Output>
      </Output>
    </UnitTestResult>
    <UnitTestResult executionId="51f2be9f-9165-497e-a558-f42e2acc0c19" testId="6b64ef0b-98a8-9656-ca76-083b22cdebf3" testName="TestBVCoreConfig" computerName="OWNER-PC" duration="00:00:00.0003172" startTime="2014-06-19T16:10:54.9375530-05:00" endTime="2014-06-19T16:10:54.9395531-05:00" testType="13cdc9d9-ddb5-4fa4-a97d-d965ccfc6d4b" outcome="Passed" testListId="8c84fa94-04c1-424b-9868-57a2d4851a1d">
      <Output>
      </Output>
    </UnitTestResult>
    <UnitTestResult executionId="ef7a778c-013a-47cb-991d-67f371d3e953" testId="6fd35cd4-d5d7-540a-5c99-9f9e1332807e" testName="Test_SinglePage_Review" computerName="OWNER-PC" duration="00:00:00.0550332" startTime="2014-06-19T16:10:54.9405532-05:00" endTime="2014-06-19T16:10:55.0025567-05:00" testType="13cdc9d9-ddb5-4fa4-a97d-d965ccfc6d4b" outcome="Passed" testListId="8c84fa94-04c1-424b-9868-57a2d4851a1d">
      <Output>
      </Output>
    </UnitTestResult>
    <UnitTestResult executionId="5e15a8e6-d111-421a-98b0-4cc853e344a1" testId="75867207-bc67-e8f1-ac3b-474d1963e810" testName="TestBase_PageUri_For_PRR_File" computerName="OWNER-PC" duration="00:00:00.0123175" startTime="2014-06-19T16:10:55.0045568-05:00" endTime="2014-06-19T16:10:55.0195577-05:00" testType="13cdc9d9-ddb5-4fa4-a97d-d965ccfc6d4b" outcome="Passed" testListId="8c84fa94-04c1-424b-9868-57a2d4851a1d">
      <Output>
      </Output>
    </UnitTestResult>
    <UnitTestResult executionId="04952e80-2f73-46dd-9169-e2d0ee75c960" testId="79217038-898f-bfff-42c1-8f4916c3308c" testName="TestSEOContent_SinglePageHTTP_GetReview_SDK_Disabled" computerName="OWNER-PC" duration="00:00:00.0217813" startTime="2014-06-19T16:10:55.0215578-05:00" endTime="2014-06-19T16:10:55.0485594-05:00" testType="13cdc9d9-ddb5-4fa4-a97d-d965ccfc6d4b" outcome="Passed" testListId="8c84fa94-04c1-424b-9868-57a2d4851a1d">
      <Output>
      </Output>
    </UnitTestResult>
    <UnitTestResult executionId="7b408856-3710-4c7e-9de3-c92a839de7d5" testId="83670232-d932-24b5-97b0-54c95872e53a" testName="TestSEOContentFromHTTP_SinglePagePRR_AggregateRating" computerName="OWNER-PC" duration="00:00:00.0458542" startTime="2014-06-19T16:10:55.0495594-05:00" endTime="2014-06-19T16:10:55.1005623-05:00" testType="13cdc9d9-ddb5-4fa4-a97d-d965ccfc6d4b" outcome="Passed" testListId="8c84fa94-04c1-424b-9868-57a2d4851a1d">
      <Output>
      </Output>
    </UnitTestResult>
    <UnitTestResult executionId="2a047a36-be39-413a-851a-9197f5abae1f" testId="8d264e89-646c-4a3d-bb37-95d58ddc393f" testName="BVManagedUIContentTestPagination" computerName="OWNER-PC" duration="00:00:00.0607329" startTime="2014-06-19T16:10:55.1035625-05:00" endTime="2014-06-19T16:10:55.1725665-05:00" testType="13cdc9d9-ddb5-4fa4-a97d-d965ccfc6d4b" outcome="Passed" testListId="8c84fa94-04c1-424b-9868-57a2d4851a1d">
      <Output>
      </Output>
    </UnitTestResult>
    <UnitTestResult executionId="5d9916bb-45a6-4a79-8ae2-23ca5e81242a" testId="915c5ee6-ea7f-ebc8-ffeb-939ac16ef3d4" testName="TestDisplayFooter" computerName="OWNER-PC" duration="00:00:00.0304097" startTime="2014-06-19T16:10:55.1745666-05:00" endTime="2014-06-19T16:10:55.2065684-05:00" testType="13cdc9d9-ddb5-4fa4-a97d-d965ccfc6d4b" outcome="Passed" testListId="8c84fa94-04c1-424b-9868-57a2d4851a1d">
      <Output>
      </Output>
    </UnitTestResult>
    <UnitTestResult executionId="acd17094-aa82-4a78-944e-4c43815f2604" testId="99cebdfa-8a8d-7958-449d-c3ab05306baa" testName="TestSEOContentFromHTTP_SinglePagePRR_Reviews" computerName="OWNER-PC" duration="00:00:00.0423184" startTime="2014-06-19T16:10:55.2085685-05:00" endTime="2014-06-19T16:10:55.2535711-05:00" testType="13cdc9d9-ddb5-4fa4-a97d-d965ccfc6d4b" outcome="Passed" testListId="8c84fa94-04c1-424b-9868-57a2d4851a1d">
      <Output>
      </Output>
    </UnitTestResult>
    <UnitTestResult executionId="063a1ba0-4d42-4d50-bb2b-16fb1ba3942e" testId="9bc706cc-8a93-1cbe-a917-e57f61a9b33c" testName="TestStory_Default" computerName="OWNER-PC" duration="00:00:00.0006143" startTime="2014-06-19T16:10:55.2565713-05:00" endTime="2014-06-19T16:10:55.2595714-05:00" testType="13cdc9d9-ddb5-4fa4-a97d-d965ccfc6d4b" outcome="Passed" testListId="8c84fa94-04c1-424b-9868-57a2d4851a1d">
      <Output>
      </Output>
    </UnitTestResult>
    <UnitTestResult executionId="50d36666-23da-4cac-b39a-1f0c455461ff" testId="9fbc3db2-a72e-842c-8a9f-b86ecd2a1ffa" testName="TestSEOContent_SinglePageHTTP_Aggregate_WithoutPagination" computerName="OWNER-PC" duration="00:00:00.0464844" startTime="2014-06-19T16:10:55.2625716-05:00" endTime="2014-06-19T16:10:55.3165747-05:00" testType="13cdc9d9-ddb5-4fa4-a97d-d965ccfc6d4b" outcome="Passed" testListId="8c84fa94-04c1-424b-9868-57a2d4851a1d">
      <Output>
      </Output>
    </UnitTestResult>
    <UnitTestResult executionId="a2c61c40-4b23-45c3-8400-e25dd8258ca3" testId="a16719c5-f614-973b-19a7-7416eb2f394c" testName="TestSEOContent_SinglePageHTTP_GetReviews_Blank_Page_Test" computerName="OWNER-PC" duration="00:00:00.0961440" startTime="2014-06-19T16:10:55.3525767-05:00" endTime="2014-06-19T16:10:55.4525825-05:00" testType="13cdc9d9-ddb5-4fa4-a97d-d965ccfc6d4b" outcome="Passed" testListId="8c84fa94-04c1-424b-9868-57a2d4851a1d">
      <Output>
      </Output>
    </UnitTestResult>
    <UnitTestResult executionId="91a330ba-aa8c-459f-b9c5-18adc8bafa71" testId="a6d9cbae-7a2a-2a07-9ac8-67310f1bbfe9" testName="TestEquality" computerName="OWNER-PC" duration="00:00:00.0008234" startTime="2014-06-19T16:10:55.4545826-05:00" endTime="2014-06-19T16:10:55.4585828-05:00" testType="13cdc9d9-ddb5-4fa4-a97d-d965ccfc6d4b" outcome="Passed" testListId="8c84fa94-04c1-424b-9868-57a2d4851a1d">
      <Output>
      </Output>
    </UnitTestResult>
    <UnitTestResult executionId="9565efe5-ad90-4713-b025-218c38439cc1" testId="ad53fe42-0f62-0dd7-7cc0-48e9888ed79f" testName="TestAdd_GetProperty" computerName="OWNER-PC" duration="00:00:00.0009054" startTime="2014-06-19T16:10:55.4595829-05:00" endTime="2014-06-19T16:10:55.4625830-05:00" testType="13cdc9d9-ddb5-4fa4-a97d-d965ccfc6d4b" outcome="Passed" testListId="8c84fa94-04c1-424b-9868-57a2d4851a1d">
      <Output>
      </Output>
    </UnitTestResult>
    <UnitTestResult executionId="2c567989-bafe-483e-98c5-d119148f9f70" testId="ad819142-0fc8-08d8-db73-e33e4581e13f" testName="Test_SinglePage_Stories" computerName="OWNER-PC" duration="00:00:00.0626053" startTime="2014-06-19T16:10:55.4635831-05:00" endTime="2014-06-19T16:10:55.5295869-05:00" testType="13cdc9d9-ddb5-4fa4-a97d-d965ccfc6d4b" outcome="Passed" testListId="8c84fa94-04c1-424b-9868-57a2d4851a1d">
      <Output>
      </Output>
    </UnitTestResult>
    <UnitTestResult executionId="68fb16ee-c27f-458b-9dff-f10e8a1ab48f" testId="aeaa7568-80d7-74bb-5b00-573772c963a7" testName="TestSEOContentFromHTTP__InvalidCloudKey" computerName="OWNER-PC" duration="00:00:00.2575339" startTime="2014-06-19T16:10:55.5295869-05:00" endTime="2014-06-19T16:10:55.7906018-05:00" testType="13cdc9d9-ddb5-4fa4-a97d-d965ccfc6d4b" outcome="Passed" testListId="8c84fa94-04c1-424b-9868-57a2d4851a1d">
      <Output>
      </Output>
    </UnitTestResult>
    <UnitTestResult executionId="dc3fddd3-02d9-4d12-86a9-f5a6f6c35c72" testId="b2d12f36-ff95-5ec9-cb04-8158ae12524d" testName="Test_InlinePage_Review" computerName="OWNER-PC" duration="00:00:00.0590479" startTime="2014-06-19T16:10:55.7936020-05:00" endTime="2014-06-19T16:10:55.8566056-05:00" testType="13cdc9d9-ddb5-4fa4-a97d-d965ccfc6d4b" outcome="Passed" testListId="8c84fa94-04c1-424b-9868-57a2d4851a1d">
      <Output>
      </Output>
    </UnitTestResult>
    <UnitTestResult executionId="2fc500a5-0f06-4ebb-9b80-044ef655e447" testId="b356f059-aac1-f420-83c0-9add27c3b4a9" testName="TestSEOContentFromHTTP_SinglePagePRR" computerName="OWNER-PC" duration="00:00:00.0430440" startTime="2014-06-19T16:10:55.8596057-05:00" endTime="2014-06-19T16:10:55.9056084-05:00" testType="13cdc9d9-ddb5-4fa4-a97d-d965ccfc6d4b" outcome="Passed" testListId="8c84fa94-04c1-424b-9868-57a2d4851a1d">
      <Output>
      </Output>
    </UnitTestResult>
    <UnitTestResult executionId="84fb9e66-4374-4eb9-8c93-c455f5b03eb7" testId="b48b3fc7-9265-32fb-3e33-df8465400226" testName="TestStory_Default_None" computerName="OWNER-PC" duration="00:00:00.0006090" startTime="2014-06-19T16:10:55.9086086-05:00" endTime="2014-06-19T16:10:55.9116087-05:00" testType="13cdc9d9-ddb5-4fa4-a97d-d965ccfc6d4b" outcome="Passed" testListId="8c84fa94-04c1-424b-9868-57a2d4851a1d">
      <Output>
      </Output>
    </UnitTestResult>
    <UnitTestResult executionId="3e163e9c-581e-4de8-a5cc-dc19c23134ed" testId="b6359c4b-4264-9433-7578-43f7a388767a" testName="Test_SinglePage_Stories" computerName="OWNER-PC" duration="00:00:00.0557396" startTime="2014-06-19T16:10:55.9126088-05:00" endTime="2014-06-19T16:10:55.9736123-05:00" testType="13cdc9d9-ddb5-4fa4-a97d-d965ccfc6d4b" outcome="Passed" testListId="8c84fa94-04c1-424b-9868-57a2d4851a1d">
      <Output>
      </Output>
    </UnitTestResult>
    <UnitTestResult executionId="12da5370-5552-4ce8-b336-4bece15dc03d" testId="b643c69c-4cdc-3e70-5e26-8310153d1cef" testName="TestSEOContent_SinglePageHTTP_GetReviews_ERR0013" computerName="OWNER-PC" duration="00:00:00.0645332" startTime="2014-06-19T16:10:55.9756124-05:00" endTime="2014-06-19T16:10:56.0446163-05:00" testType="13cdc9d9-ddb5-4fa4-a97d-d965ccfc6d4b" outcome="Passed" testListId="8c84fa94-04c1-424b-9868-57a2d4851a1d">
      <Output>
      </Output>
    </UnitTestResult>
    <UnitTestResult executionId="205fdba5-8d85-4867-9687-0adcc700c2df" testId="b7f4a730-d7d6-6886-d361-333ee2505238" testName="TestSDKEnabled" computerName="OWNER-PC" duration="00:00:00.0049132" startTime="2014-06-19T16:10:56.0486166-05:00" endTime="2014-06-19T16:10:56.0596172-05:00" testType="13cdc9d9-ddb5-4fa4-a97d-d965ccfc6d4b" outcome="Passed" testListId="8c84fa94-04c1-424b-9868-57a2d4851a1d">
      <Output>
      </Output>
    </UnitTestResult>
    <UnitTestResult executionId="e822cbe1-ae65-4c22-9572-192072417a82" testId="ba579d81-f213-d67c-11cb-81ed57511985" testName="Test_SinglePage_Stories" computerName="OWNER-PC" duration="00:00:00.0543422" startTime="2014-06-19T16:10:56.0626174-05:00" endTime="2014-06-19T16:10:56.1216207-05:00" testType="13cdc9d9-ddb5-4fa4-a97d-d965ccfc6d4b" outcome="Passed" testListId="8c84fa94-04c1-424b-9868-57a2d4851a1d">
      <Output>
      </Output>
    </UnitTestResult>
    <UnitTestResult executionId="7e61089d-2394-41f8-89b0-2949d3e24ca3" testId="c06fa58c-fdd8-dd0e-a4bc-27769392ea48" testName="TestShowUserAgentSeoContent" computerName="OWNER-PC" duration="00:00:00.0010185" startTime="2014-06-19T16:10:56.1246209-05:00" endTime="2014-06-19T16:10:56.1286211-05:00" testType="13cdc9d9-ddb5-4fa4-a97d-d965ccfc6d4b" outcome="Passed" testListId="8c84fa94-04c1-424b-9868-57a2d4851a1d">
      <Output>
      </Output>
    </UnitTestResult>
    <UnitTestResult executionId="359ce3de-5b0f-4bed-91c5-1e6371f2f5f0" testId="c31714d1-4618-8354-d76b-91d08f8c9441" testName="TestSEOContentFromFile_SinglePagePRR" computerName="OWNER-PC" duration="00:00:00.0204951" startTime="2014-06-19T16:10:56.1286211-05:00" endTime="2014-06-19T16:10:56.1516225-05:00" testType="13cdc9d9-ddb5-4fa4-a97d-d965ccfc6d4b" outcome="Passed" testListId="8c84fa94-04c1-424b-9868-57a2d4851a1d">
      <Output>
      </Output>
    </UnitTestResult>
    <UnitTestResult executionId="c5ae8efa-a075-4f59-a099-80614e2dc055" testId="c3718dbe-75b9-2641-fc26-2579581d699d" testName="TestValidation" computerName="OWNER-PC" duration="00:00:00.0005589" startTime="2014-06-19T16:10:56.1526225-05:00" endTime="2014-06-19T16:10:56.1556227-05:00" testType="13cdc9d9-ddb5-4fa4-a97d-d965ccfc6d4b" outcome="Passed" testListId="8c84fa94-04c1-424b-9868-57a2d4851a1d">
      <Output>
      </Output>
    </UnitTestResult>
    <UnitTestResult executionId="05e427e7-0b3a-4d91-996d-f56aa0fd6534" testId="cb9ab58d-8baa-855e-5d07-948d7c894c3b" testName="TestMessages" computerName="OWNER-PC" duration="00:00:00.0008180" startTime="2014-06-19T16:10:56.1566227-05:00" endTime="2014-06-19T16:10:56.1696235-05:00" testType="13cdc9d9-ddb5-4fa4-a97d-d965ccfc6d4b" outcome="Passed" testListId="8c84fa94-04c1-424b-9868-57a2d4851a1d">
      <Output>
      </Output>
    </UnitTestResult>
    <UnitTestResult executionId="de69a116-b3b0-467d-810f-431d9092bc12" testId="cff9f61b-6dcb-0390-8d2f-6388c5c19037" testName="TestBase_PageUri_For_PRR_HTTP" computerName="OWNER-PC" duration="00:00:00.0111295" startTime="2014-06-19T16:10:56.1696235-05:00" endTime="2014-06-19T16:10:56.1836243-05:00" testType="13cdc9d9-ddb5-4fa4-a97d-d965ccfc6d4b" outcome="Passed" testListId="8c84fa94-04c1-424b-9868-57a2d4851a1d">
      <Output>
      </Output>
    </UnitTestResult>
    <UnitTestResult executionId="9865f6c4-0071-4bff-b87c-9ff2847e09bf" testId="d1e3fb7c-9317-1703-6861-0e422458bfcb" testName="TestSEOContent_SinglePageHTTP_AggregateRatingAndReviews" computerName="OWNER-PC" duration="00:00:00.0746703" startTime="2014-06-19T16:10:56.1846243-05:00" endTime="2014-06-19T16:10:56.2616287-05:00" testType="13cdc9d9-ddb5-4fa4-a97d-d965ccfc6d4b" outcome="Passed" testListId="8c84fa94-04c1-424b-9868-57a2d4851a1d">
      <Output>
      </Output>
    </UnitTestResult>
    <UnitTestResult executionId="abf67b6e-0ed0-4131-8bf5-b4ba09cae53c" testId="d59f7a52-4d79-9972-54da-b2b7c1ae1c5f" testName="Test_SinglePage_Review" computerName="OWNER-PC" duration="00:00:00.0499229" startTime="2014-06-19T16:10:56.2626288-05:00" endTime="2014-06-19T16:10:56.3146318-05:00" testType="13cdc9d9-ddb5-4fa4-a97d-d965ccfc6d4b" outcome="Passed" testListId="8c84fa94-04c1-424b-9868-57a2d4851a1d">
      <Output>
      </Output>
    </UnitTestResult>
    <UnitTestResult executionId="d7fc7164-c95d-4b66-a602-b44b6417ac9a" testId="d5b9f4f0-6010-0c54-3743-eb4ff4f22503" testName="Test_InteractivePage_Stories" computerName="OWNER-PC" duration="00:00:00.0883336" startTime="2014-06-19T16:10:56.3156318-05:00" endTime="2014-06-19T16:10:56.4066370-05:00" testType="13cdc9d9-ddb5-4fa4-a97d-d965ccfc6d4b" outcome="Passed" testListId="8c84fa94-04c1-424b-9868-57a2d4851a1d">
      <Output>
      </Output>
    </UnitTestResult>
    <UnitTestResult executionId="7c2bdacf-26d4-405d-8015-cbe892eb236d" testId="d8ca1f24-9443-c0e5-1264-61d20ec22e40" testName="TestSEOContentFromFile_SinglePage_FileUnavailableError_bvReveal" computerName="OWNER-PC" duration="00:00:00.0222436" startTime="2014-06-19T16:10:56.4096372-05:00" endTime="2014-06-19T16:10:56.4346386-05:00" testType="13cdc9d9-ddb5-4fa4-a97d-d965ccfc6d4b" outcome="Passed" testListId="8c84fa94-04c1-424b-9868-57a2d4851a1d">
      <Output>
      </Output>
    </UnitTestResult>
    <UnitTestResult executionId="b93830fb-58ce-4966-84a6-2f6b8083eeac" testId="da0c38e7-f05e-1866-f108-b4c889ec0aac" testName="Test_InlinePage_Question" computerName="OWNER-PC" duration="00:00:00.0645590" startTime="2014-06-19T16:10:56.4346386-05:00" endTime="2014-06-19T16:10:56.5066428-05:00" testType="13cdc9d9-ddb5-4fa4-a97d-d965ccfc6d4b" outcome="Passed" testListId="8c84fa94-04c1-424b-9868-57a2d4851a1d">
      <Output>
      </Output>
    </UnitTestResult>
    <UnitTestResult executionId="bf8917aa-2d52-45a1-bfc8-b72d23689b2d" testId="da2e4a92-4ba6-bd6e-bb80-20abea394ccb" testName="TestStory_Stories_PageNumber" computerName="OWNER-PC" duration="00:00:00.0115079" startTime="2014-06-19T16:10:56.5076428-05:00" endTime="2014-06-19T16:10:56.5236437-05:00" testType="13cdc9d9-ddb5-4fa4-a97d-d965ccfc6d4b" outcome="Passed" testListId="8c84fa94-04c1-424b-9868-57a2d4851a1d">
      <Output>
      </Output>
    </UnitTestResult>
    <UnitTestResult executionId="af79290f-a1a9-43af-914f-d6bf9bb8d797" testId="dcc3c09a-4129-5a88-ed35-c7f7905cd23e" testName="TestSEOContentFromFile_SinglePageC2013" computerName="OWNER-PC" duration="00:00:00.0210980" startTime="2014-06-19T16:10:56.5256438-05:00" endTime="2014-06-19T16:10:56.5496452-05:00" testType="13cdc9d9-ddb5-4fa4-a97d-d965ccfc6d4b" outcome="Passed" testListId="8c84fa94-04c1-424b-9868-57a2d4851a1d">
      <Output>
      </Output>
    </UnitTestResult>
    <UnitTestResult executionId="18e8cdb6-3d05-4936-b1d1-7e625f241969" testId="dcc51909-54b6-883c-dfae-331a4fe24ce0" testName="TestSEOContent_SinglePageHTTP_AggregateRating_IfNotPresent" computerName="OWNER-PC" duration="00:00:00.0929581" startTime="2014-06-19T16:10:56.5526454-05:00" endTime="2014-06-19T16:10:56.6496509-05:00" testType="13cdc9d9-ddb5-4fa4-a97d-d965ccfc6d4b" outcome="Passed" testListId="8c84fa94-04c1-424b-9868-57a2d4851a1d">
      <Output>
      </Output>
    </UnitTestResult>
    <UnitTestResult executionId="eb7d6ce6-b84b-41ea-b344-82adba4607ea" testId="e5392506-b2a1-3752-d638-f48e2c0698ee" testName="Test_InteractivePage_Question" computerName="OWNER-PC" duration="00:00:00.0511898" startTime="2014-06-19T16:10:56.6556513-05:00" endTime="2014-06-19T16:10:56.7116545-05:00" testType="13cdc9d9-ddb5-4fa4-a97d-d965ccfc6d4b" outcome="Passed" testListId="8c84fa94-04c1-424b-9868-57a2d4851a1d">
      <Output>
      </Output>
    </UnitTestResult>
    <UnitTestResult executionId="c8f2c001-fca5-4967-a4c0-9f6a86578805" testId="ef6ccb04-b599-464a-c095-b5e5580d4593" testName="TestDisplayFooter_Debug" computerName="OWNER-PC" duration="00:00:00.0208000" startTime="2014-06-19T16:10:56.7116545-05:00" endTime="2014-06-19T16:10:56.7416562-05:00" testType="13cdc9d9-ddb5-4fa4-a97d-d965ccfc6d4b" outcome="Passed" testListId="8c84fa94-04c1-424b-9868-57a2d4851a1d">
      <Output>
      </Output>
    </UnitTestResult>
    <UnitTestResult executionId="0773ca1d-3d78-4011-a455-102b1a61ec83" testId="f257fd26-c7b6-848a-b0cf-55010618c280" testName="BVManagedUIContentTestExecutionTimeOut" computerName="OWNER-PC" duration="00:00:00.0288533" startTime="2014-06-19T16:10:56.7446564-05:00" endTime="2014-06-19T16:10:56.7766582-05:00" testType="13cdc9d9-ddb5-4fa4-a97d-d965ccfc6d4b" outcome="Passed" testListId="8c84fa94-04c1-424b-9868-57a2d4851a1d">
      <Output>
      </Output>
    </UnitTestResult>
    <UnitTestResult executionId="beea82c0-ae55-4e09-b7b2-e9a64549bb63" testId="f85c0aa3-3674-b42a-2128-69bd3afe7ca6" testName="TestSEOContentFrom_Using_HTTPS" computerName="OWNER-PC" duration="00:00:00.0754290" startTime="2014-06-19T16:10:56.7806584-05:00" endTime="2014-06-19T16:10:56.8586629-05:00" testType="13cdc9d9-ddb5-4fa4-a97d-d965ccfc6d4b" outcome="Passed" testListId="8c84fa94-04c1-424b-9868-57a2d4851a1d">
      <Output>
      </Output>
    </UnitTestResult>
    <UnitTestResult executionId="76e0fa06-3867-404f-8104-aefdf8e98f29" testId="fc6b45b6-617d-35be-f3b7-a6ec6b460ed6" testName="TestSEOContentFromHTTP_SinglePageC2013" computerName="OWNER-PC" duration="00:00:00.0497924" startTime="2014-06-19T16:10:56.8606630-05:00" endTime="2014-06-19T16:10:56.9136660-05:00" testType="13cdc9d9-ddb5-4fa4-a97d-d965ccfc6d4b" outcome="Passed" testListId="8c84fa94-04c1-424b-9868-57a2d4851a1d">
      <Output>
      </Output>
    </UnitTestResult>
  </Results>
</TestRun>