<?xml version="1.0" encoding="UTF-8"?>
<TestRun id="da9961b6-af5b-40f1-968e-f3e9ff488d77" name="Mohan Krupanandan@OWNER-PC 2014-06-19 14:41:04" runUser="Owner-PC\Mohan Krupanandan" xmlns="http://microsoft.com/schemas/VisualStudio/TeamTest/2006">
  <TestRunConfiguration name="Local Test Run" id="7484b31a-7605-4c36-89c2-1c7908653846">
    <Description>This is a default test run configuration for a local test run.</Description>
    <Deployment runDeploymentRoot="C:\Projects\BVSeoSdkDotNet\TestResults\Mohan Krupanandan_OWNER-PC 2014-06-19 14_41_04">
      <DeploymentItem filename="C:\Projects\BVSeoSdkDotNet\BVSeoSdkDotNet\bin\Debug\BVSeoSdkDotNet.dll" />
    </Deployment>
    <TestTypeSpecific />
  </TestRunConfiguration>
  <ResultSummary outcome="Completed">
    <Counters total="63" executed="63" passed="63" error="0" failed="0" timeout="0" aborted="0" inconclusive="0" passedButRunAborted="0" notRunnable="0" notExecuted="0" disconnected="0" warning="0" completed="0" inProgress="0" pending="0" />
  </ResultSummary>
  <Times creation="2014-06-19T14:41:04.2572237-05:00" queuing="2014-06-19T14:41:05.7823110-05:00" start="2014-06-19T14:41:05.9663215-05:00" finish="2014-06-19T14:41:11.1506180-05:00" />
  <TestDefinitions>
    <UnitTest name="TestSEOContentFromHTTP_SinglePageC2013" storage="c:\projects\bvseosdkdotnet\bvseosdkdotnettest\bin\debug\bvseosdktest.dll" id="fc6b45b6-617d-35be-f3b7-a6ec6b460ed6">
      <Css projectStructure="" iteration="" />
      <Owners>
        <Owner name="" />
      </Owners>
      <Execution id="802dd1bf-f421-4fa2-a28b-ef7e83bdfe13" />
      <TestMethod codeBase="C:\Projects\BVSeoSdkDotNet\BVSeoSdkDotNetTest\bin\Debug\BVSEOSDKTest.dll" adapterTypeName="Microsoft.VisualStudio.TestTools.TestTypes.Unit.UnitTestAdapter, Microsoft.VisualStudio.QualityTools.Tips.UnitTest.Adapter, Version=9.0.0.0, Culture=neutral, PublicKeyToken=b03f5f7f11d50a3a" className="BVSeoSdkDotNet.BVManagedUIContent_SinglePageTest, BVSEOSDKTest" name="TestSEOContentFromHTTP_SinglePageC2013" />
    </UnitTest>
    <UnitTest name="TestSEOContentFromHTTP__InvalidCloudKey" storage="c:\projects\bvseosdkdotnet\bvseosdkdotnettest\bin\debug\bvseosdktest.dll" id="aeaa7568-80d7-74bb-5b00-573772c963a7">
      <Css projectStructure="" iteration="" />
      <Owners>
        <Owner name="" />
      </Owners>
      <Execution id="4d361318-b454-44f7-9ae5-d30779c8aa64" />
      <TestMethod codeBase="C:\Projects\BVSeoSdkDotNet\BVSeoSdkDotNetTest\bin\Debug\BVSEOSDKTest.dll" adapterTypeName="Microsoft.VisualStudio.TestTools.TestTypes.Unit.UnitTestAdapter, Microsoft.VisualStudio.QualityTools.Tips.UnitTest.Adapter, Version=9.0.0.0, Culture=neutral, PublicKeyToken=b03f5f7f11d50a3a" className="BVSeoSdkDotNet.BVManagedUIContent_SinglePageTest, BVSEOSDKTest" name="TestSEOContentFromHTTP__InvalidCloudKey" />
    </UnitTest>
    <UnitTest name="TestUri_For_C2013_File" storage="c:\projects\bvseosdkdotnet\bvseosdkdotnettest\bin\debug\bvseosdktest.dll" id="47f9a937-2bcb-0684-d30d-91119567ec8d">
      <Css projectStructure="" iteration="" />
      <Owners>
        <Owner name="" />
      </Owners>
      <Execution id="e12985ea-d5cc-4f2d-abcb-a35dced5e0f1" />
      <TestMethod codeBase="C:\Projects\BVSeoSdkDotNet\BVSeoSdkDotNetTest\bin\Debug\BVSEOSDKTest.dll" adapterTypeName="Microsoft.VisualStudio.TestTools.TestTypes.Unit.UnitTestAdapter, Microsoft.VisualStudio.QualityTools.Tips.UnitTest.Adapter, Version=9.0.0.0, Culture=neutral, PublicKeyToken=b03f5f7f11d50a3a" className="BVSEOSDKTest.BVSeoSdkURLBuilderTest, BVSEOSDKTest" name="TestUri_For_C2013_File" />
    </UnitTest>
    <UnitTest name="TestAdd_GetProperty" storage="c:\projects\bvseosdkdotnet\bvseosdkdotnettest\bin\debug\bvseosdktest.dll" id="ad53fe42-0f62-0dd7-7cc0-48e9888ed79f">
      <Css projectStructure="" iteration="" />
      <Owners>
        <Owner name="" />
      </Owners>
      <Execution id="3585c4dc-d93c-4a6d-89d7-730c6a85546d" />
      <TestMethod codeBase="C:\Projects\BVSeoSdkDotNet\BVSeoSdkDotNetTest\bin\Debug\BVSEOSDKTest.dll" adapterTypeName="Microsoft.VisualStudio.TestTools.TestTypes.Unit.UnitTestAdapter, Microsoft.VisualStudio.QualityTools.Tips.UnitTest.Adapter, Version=9.0.0.0, Culture=neutral, PublicKeyToken=b03f5f7f11d50a3a" className="BVSEOSDKTest.BVSdkConfigurationTest, BVSEOSDKTest" name="TestAdd_GetProperty" />
    </UnitTest>
    <UnitTest name="TestSEOContent_SinglePageHTTP_AggregateRating_BotDetectionEnabled" storage="c:\projects\bvseosdkdotnet\bvseosdkdotnettest\bin\debug\bvseosdktest.dll" id="4e53e90c-79f3-2fe5-42dc-76c59df7f553">
      <Css projectStructure="" iteration="" />
      <Owners>
        <Owner name="" />
      </Owners>
      <Execution id="0d6719d8-e690-45a8-927b-1c2074fad1ce" />
      <TestMethod codeBase="C:\Projects\BVSeoSdkDotNet\BVSeoSdkDotNetTest\bin\Debug\BVSEOSDKTest.dll" adapterTypeName="Microsoft.VisualStudio.TestTools.TestTypes.Unit.UnitTestAdapter, Microsoft.VisualStudio.QualityTools.Tips.UnitTest.Adapter, Version=9.0.0.0, Culture=neutral, PublicKeyToken=b03f5f7f11d50a3a" className="BVSEOSDKTest.BVManagedUIContentAggregateReviewTest, BVSEOSDKTest" name="TestSEOContent_SinglePageHTTP_AggregateRating_BotDetectionEnabled" />
    </UnitTest>
    <UnitTest name="BVManagedUIContentTestExecutionTimeOut" storage="c:\projects\bvseosdkdotnet\bvseosdkdotnettest\bin\debug\bvseosdktest.dll" id="f257fd26-c7b6-848a-b0cf-55010618c280">
      <Css projectStructure="" iteration="" />
      <Owners>
        <Owner name="" />
      </Owners>
      <Execution id="b9fb6428-9146-4d30-aee6-ddfee27e54e1" />
      <TestMethod codeBase="C:\Projects\BVSeoSdkDotNet\BVSeoSdkDotNetTest\bin\Debug\BVSEOSDKTest.dll" adapterTypeName="Microsoft.VisualStudio.TestTools.TestTypes.Unit.UnitTestAdapter, Microsoft.VisualStudio.QualityTools.Tips.UnitTest.Adapter, Version=9.0.0.0, Culture=neutral, PublicKeyToken=b03f5f7f11d50a3a" className="BVSeoSdkDotNet.BVManagedUIContentTest, BVSEOSDKTest" name="BVManagedUIContentTestExecutionTimeOut" />
    </UnitTest>
    <UnitTest name="TestStory_Default_None" storage="c:\projects\bvseosdkdotnet\bvseosdkdotnettest\bin\debug\bvseosdktest.dll" id="b48b3fc7-9265-32fb-3e33-df8465400226">
      <Css projectStructure="" iteration="" />
      <Owners>
        <Owner name="" />
      </Owners>
      <Execution id="4c7bd471-2d51-4095-850f-87bfdcc9b396" />
      <TestMethod codeBase="C:\Projects\BVSeoSdkDotNet\BVSeoSdkDotNetTest\bin\Debug\BVSEOSDKTest.dll" adapterTypeName="Microsoft.VisualStudio.TestTools.TestTypes.Unit.UnitTestAdapter, Microsoft.VisualStudio.QualityTools.Tips.UnitTest.Adapter, Version=9.0.0.0, Culture=neutral, PublicKeyToken=b03f5f7f11d50a3a" className="BVSEOSDKTest.BVSeoSdkURLBuilderTest, BVSEOSDKTest" name="TestStory_Default_None" />
    </UnitTest>
    <UnitTest name="TestBase_PageUri_For_PRR_HTTP" storage="c:\projects\bvseosdkdotnet\bvseosdkdotnettest\bin\debug\bvseosdktest.dll" id="cff9f61b-6dcb-0390-8d2f-6388c5c19037">
      <Css projectStructure="" iteration="" />
      <Owners>
        <Owner name="" />
      </Owners>
      <Execution id="86e27b3c-e6a8-428e-a4ed-c94db11366b6" />
      <TestMethod codeBase="C:\Projects\BVSeoSdkDotNet\BVSeoSdkDotNetTest\bin\Debug\BVSEOSDKTest.dll" adapterTypeName="Microsoft.VisualStudio.TestTools.TestTypes.Unit.UnitTestAdapter, Microsoft.VisualStudio.QualityTools.Tips.UnitTest.Adapter, Version=9.0.0.0, Culture=neutral, PublicKeyToken=b03f5f7f11d50a3a" className="BVSEOSDKTest.BVSeoSdkURLBuilderTest, BVSEOSDKTest" name="TestBase_PageUri_For_PRR_HTTP" />
    </UnitTest>
    <UnitTest name="TestSEOContent_SinglePageHTTP_GetContent_SDK_Disabled" storage="c:\projects\bvseosdkdotnet\bvseosdkdotnettest\bin\debug\bvseosdktest.dll" id="2d0de862-bf6f-df20-4a30-d5604ca0eadc">
      <Css projectStructure="" iteration="" />
      <Owners>
        <Owner name="" />
      </Owners>
      <Execution id="0a72747e-5a88-4d92-9e8f-5abb5ce33157" />
      <TestMethod codeBase="C:\Projects\BVSeoSdkDotNet\BVSeoSdkDotNetTest\bin\Debug\BVSEOSDKTest.dll" adapterTypeName="Microsoft.VisualStudio.TestTools.TestTypes.Unit.UnitTestAdapter, Microsoft.VisualStudio.QualityTools.Tips.UnitTest.Adapter, Version=9.0.0.0, Culture=neutral, PublicKeyToken=b03f5f7f11d50a3a" className="BVSEOSDKTest.BVManagedUIContentAggregateReviewTest, BVSEOSDKTest" name="TestSEOContent_SinglePageHTTP_GetContent_SDK_Disabled" />
    </UnitTest>
    <UnitTest name="Test_SinglePage_Question" storage="c:\projects\bvseosdkdotnet\bvseosdkdotnettest\bin\debug\bvseosdktest.dll" id="6ae7685d-361b-24f8-8983-14c25fd9df76">
      <Css projectStructure="" iteration="" />
      <Owners>
        <Owner name="" />
      </Owners>
      <Execution id="74bd0789-4336-4603-af14-0e3708d91139" />
      <TestMethod codeBase="C:\Projects\BVSeoSdkDotNet\BVSeoSdkDotNetTest\bin\Debug\BVSEOSDKTest.dll" adapterTypeName="Microsoft.VisualStudio.TestTools.TestTypes.Unit.UnitTestAdapter, Microsoft.VisualStudio.QualityTools.Tips.UnitTest.Adapter, Version=9.0.0.0, Culture=neutral, PublicKeyToken=b03f5f7f11d50a3a" className="BVSEOSDKTest.BVManagedUIContent4_Test, BVSEOSDKTest" name="Test_SinglePage_Question" />
    </UnitTest>
    <UnitTest name="TestBVCoreConfig" storage="c:\projects\bvseosdkdotnet\bvseosdkdotnettest\bin\debug\bvseosdktest.dll" id="6b64ef0b-98a8-9656-ca76-083b22cdebf3">
      <Css projectStructure="" iteration="" />
      <Owners>
        <Owner name="" />
      </Owners>
      <Execution id="ec509bbf-b4d0-49b2-8387-bf144f5bef3e" />
      <TestMethod codeBase="C:\Projects\BVSeoSdkDotNet\BVSeoSdkDotNetTest\bin\Debug\BVSEOSDKTest.dll" adapterTypeName="Microsoft.VisualStudio.TestTools.TestTypes.Unit.UnitTestAdapter, Microsoft.VisualStudio.QualityTools.Tips.UnitTest.Adapter, Version=9.0.0.0, Culture=neutral, PublicKeyToken=b03f5f7f11d50a3a" className="BVSEOSDKTest.BVSdkConfigurationTest, BVSEOSDKTest" name="TestBVCoreConfig" />
    </UnitTest>
    <UnitTest name="BVManagedUIContentTestPagination" storage="c:\projects\bvseosdkdotnet\bvseosdkdotnettest\bin\debug\bvseosdktest.dll" id="8d264e89-646c-4a3d-bb37-95d58ddc393f">
      <Css projectStructure="" iteration="" />
      <Owners>
        <Owner name="" />
      </Owners>
      <Execution id="8924d3c9-16db-4686-9e0a-c306faf04f59" />
      <TestMethod codeBase="C:\Projects\BVSeoSdkDotNet\BVSeoSdkDotNetTest\bin\Debug\BVSEOSDKTest.dll" adapterTypeName="Microsoft.VisualStudio.TestTools.TestTypes.Unit.UnitTestAdapter, Microsoft.VisualStudio.QualityTools.Tips.UnitTest.Adapter, Version=9.0.0.0, Culture=neutral, PublicKeyToken=b03f5f7f11d50a3a" className="BVSeoSdkDotNet.BVManagedUIContentTest, BVSEOSDKTest" name="BVManagedUIContentTestPagination" />
    </UnitTest>
    <UnitTest name="Test_InlinePage_Stories" storage="c:\projects\bvseosdkdotnet\bvseosdkdotnettest\bin\debug\bvseosdktest.dll" id="3bb26db2-7d35-fe6b-cd94-62d30d126293">
      <Css projectStructure="" iteration="" />
      <Owners>
        <Owner name="" />
      </Owners>
      <Execution id="2668fa17-62c1-42de-9e67-d80dee9beac6" />
      <TestMethod codeBase="C:\Projects\BVSeoSdkDotNet\BVSeoSdkDotNetTest\bin\Debug\BVSEOSDKTest.dll" adapterTypeName="Microsoft.VisualStudio.TestTools.TestTypes.Unit.UnitTestAdapter, Microsoft.VisualStudio.QualityTools.Tips.UnitTest.Adapter, Version=9.0.0.0, Culture=neutral, PublicKeyToken=b03f5f7f11d50a3a" className="BVSEOSDKTest.BVManagedUIContent4_Test, BVSEOSDKTest" name="Test_InlinePage_Stories" />
    </UnitTest>
    <UnitTest name="Test_SinglePage_Review" storage="c:\projects\bvseosdkdotnet\bvseosdkdotnettest\bin\debug\bvseosdktest.dll" id="6fd35cd4-d5d7-540a-5c99-9f9e1332807e">
      <Css projectStructure="" iteration="" />
      <Owners>
        <Owner name="" />
      </Owners>
      <Execution id="21309b57-ef15-41b9-a35a-46d12ab333cd" />
      <TestMethod codeBase="C:\Projects\BVSeoSdkDotNet\BVSeoSdkDotNetTest\bin\Debug\BVSEOSDKTest.dll" adapterTypeName="Microsoft.VisualStudio.TestTools.TestTypes.Unit.UnitTestAdapter, Microsoft.VisualStudio.QualityTools.Tips.UnitTest.Adapter, Version=9.0.0.0, Culture=neutral, PublicKeyToken=b03f5f7f11d50a3a" className="BVSEOSDKTest.BVManagedUIContent3_Test, BVSEOSDKTest" name="Test_SinglePage_Review" />
    </UnitTest>
    <UnitTest name="Test_SinglePage_Question" storage="c:\projects\bvseosdkdotnet\bvseosdkdotnettest\bin\debug\bvseosdktest.dll" id="668619da-6a06-d548-720e-a61936cf267f">
      <Css projectStructure="" iteration="" />
      <Owners>
        <Owner name="" />
      </Owners>
      <Execution id="4b8f901b-9640-48d8-a518-78eeb4e3897f" />
      <TestMethod codeBase="C:\Projects\BVSeoSdkDotNet\BVSeoSdkDotNetTest\bin\Debug\BVSEOSDKTest.dll" adapterTypeName="Microsoft.VisualStudio.TestTools.TestTypes.Unit.UnitTestAdapter, Microsoft.VisualStudio.QualityTools.Tips.UnitTest.Adapter, Version=9.0.0.0, Culture=neutral, PublicKeyToken=b03f5f7f11d50a3a" className="BVSEOSDKTest.BVManagedUIContent2_Test, BVSEOSDKTest" name="Test_SinglePage_Question" />
    </UnitTest>
    <UnitTest name="TestSEOContentFromHTTP_SinglePagePRR_AggregateRating" storage="c:\projects\bvseosdkdotnet\bvseosdkdotnettest\bin\debug\bvseosdktest.dll" id="83670232-d932-24b5-97b0-54c95872e53a">
      <Css projectStructure="" iteration="" />
      <Owners>
        <Owner name="" />
      </Owners>
      <Execution id="ae1a0f47-4bb2-47b7-8a0d-796815b13fea" />
      <TestMethod codeBase="C:\Projects\BVSeoSdkDotNet\BVSeoSdkDotNetTest\bin\Debug\BVSEOSDKTest.dll" adapterTypeName="Microsoft.VisualStudio.TestTools.TestTypes.Unit.UnitTestAdapter, Microsoft.VisualStudio.QualityTools.Tips.UnitTest.Adapter, Version=9.0.0.0, Culture=neutral, PublicKeyToken=b03f5f7f11d50a3a" className="BVSEOSDKTest.BVManagedUIContentAggregateReviewTest, BVSEOSDKTest" name="TestSEOContentFromHTTP_SinglePagePRR_AggregateRating" />
    </UnitTest>
    <UnitTest name="TestSEOContent_SinglePageHTTP_GetReview_SDK_Disabled" storage="c:\projects\bvseosdkdotnet\bvseosdkdotnettest\bin\debug\bvseosdktest.dll" id="79217038-898f-bfff-42c1-8f4916c3308c">
      <Css projectStructure="" iteration="" />
      <Owners>
        <Owner name="" />
      </Owners>
      <Execution id="89a005d6-effa-45e0-9e1a-d28fc0fc19df" />
      <TestMethod codeBase="C:\Projects\BVSeoSdkDotNet\BVSeoSdkDotNetTest\bin\Debug\BVSEOSDKTest.dll" adapterTypeName="Microsoft.VisualStudio.TestTools.TestTypes.Unit.UnitTestAdapter, Microsoft.VisualStudio.QualityTools.Tips.UnitTest.Adapter, Version=9.0.0.0, Culture=neutral, PublicKeyToken=b03f5f7f11d50a3a" className="BVSEOSDKTest.BVManagedUIContentAggregateReviewTest, BVSEOSDKTest" name="TestSEOContent_SinglePageHTTP_GetReview_SDK_Disabled" />
    </UnitTest>
    <UnitTest name="TestUri_For_C2013_HTTP" storage="c:\projects\bvseosdkdotnet\bvseosdkdotnettest\bin\debug\bvseosdktest.dll" id="4519dc37-d6af-1168-2fe0-550fdf975e5c">
      <Css projectStructure="" iteration="" />
      <Owners>
        <Owner name="" />
      </Owners>
      <Execution id="8016e223-ff85-44c8-836f-fce9d1790c80" />
      <TestMethod codeBase="C:\Projects\BVSeoSdkDotNet\BVSeoSdkDotNetTest\bin\Debug\BVSEOSDKTest.dll" adapterTypeName="Microsoft.VisualStudio.TestTools.TestTypes.Unit.UnitTestAdapter, Microsoft.VisualStudio.QualityTools.Tips.UnitTest.Adapter, Version=9.0.0.0, Culture=neutral, PublicKeyToken=b03f5f7f11d50a3a" className="BVSEOSDKTest.BVSeoSdkURLBuilderTest, BVSEOSDKTest" name="TestUri_For_C2013_HTTP" />
    </UnitTest>
    <UnitTest name="TestStory_Stories_PageNumber" storage="c:\projects\bvseosdkdotnet\bvseosdkdotnettest\bin\debug\bvseosdktest.dll" id="da2e4a92-4ba6-bd6e-bb80-20abea394ccb">
      <Css projectStructure="" iteration="" />
      <Owners>
        <Owner name="" />
      </Owners>
      <Execution id="9a3ca07b-75ca-418d-8b2d-f594d4fc7777" />
      <TestMethod codeBase="C:\Projects\BVSeoSdkDotNet\BVSeoSdkDotNetTest\bin\Debug\BVSEOSDKTest.dll" adapterTypeName="Microsoft.VisualStudio.TestTools.TestTypes.Unit.UnitTestAdapter, Microsoft.VisualStudio.QualityTools.Tips.UnitTest.Adapter, Version=9.0.0.0, Culture=neutral, PublicKeyToken=b03f5f7f11d50a3a" className="BVSEOSDKTest.BVSeoSdkURLBuilderTest, BVSEOSDKTest" name="TestStory_Stories_PageNumber" />
    </UnitTest>
    <UnitTest name="TestBase_PageUri_For_PRR_File" storage="c:\projects\bvseosdkdotnet\bvseosdkdotnettest\bin\debug\bvseosdktest.dll" id="75867207-bc67-e8f1-ac3b-474d1963e810">
      <Css projectStructure="" iteration="" />
      <Owners>
        <Owner name="" />
      </Owners>
      <Execution id="4eaeeacc-5e13-47f7-bdad-0c635cc009fb" />
      <TestMethod codeBase="C:\Projects\BVSeoSdkDotNet\BVSeoSdkDotNetTest\bin\Debug\BVSEOSDKTest.dll" adapterTypeName="Microsoft.VisualStudio.TestTools.TestTypes.Unit.UnitTestAdapter, Microsoft.VisualStudio.QualityTools.Tips.UnitTest.Adapter, Version=9.0.0.0, Culture=neutral, PublicKeyToken=b03f5f7f11d50a3a" className="BVSEOSDKTest.BVSeoSdkURLBuilderTest, BVSEOSDKTest" name="TestBase_PageUri_For_PRR_File" />
    </UnitTest>
    <UnitTest name="Test_InteractivePage_Review" storage="c:\projects\bvseosdkdotnet\bvseosdkdotnettest\bin\debug\bvseosdktest.dll" id="5cb9f28b-a05f-b9c4-950a-9a1b1d53a576">
      <Css projectStructure="" iteration="" />
      <Owners>
        <Owner name="" />
      </Owners>
      <Execution id="8cd2f079-d2a2-41df-b209-3c902c88bbcd" />
      <TestMethod codeBase="C:\Projects\BVSeoSdkDotNet\BVSeoSdkDotNetTest\bin\Debug\BVSEOSDKTest.dll" adapterTypeName="Microsoft.VisualStudio.TestTools.TestTypes.Unit.UnitTestAdapter, Microsoft.VisualStudio.QualityTools.Tips.UnitTest.Adapter, Version=9.0.0.0, Culture=neutral, PublicKeyToken=b03f5f7f11d50a3a" className="BVSEOSDKTest.BVManagedUIContent2_Test, BVSEOSDKTest" name="Test_InteractivePage_Review" />
    </UnitTest>
    <UnitTest name="TestSEOContentFromHTTP_SinglePage_FileUnavailableError" storage="c:\projects\bvseosdkdotnet\bvseosdkdotnettest\bin\debug\bvseosdktest.dll" id="49ae87b0-a9db-70e4-4183-fa3f62452b2a">
      <Css projectStructure="" iteration="" />
      <Owners>
        <Owner name="" />
      </Owners>
      <Execution id="2814be6c-f031-475a-ad0d-083401670edf" />
      <TestMethod codeBase="C:\Projects\BVSeoSdkDotNet\BVSeoSdkDotNetTest\bin\Debug\BVSEOSDKTest.dll" adapterTypeName="Microsoft.VisualStudio.TestTools.TestTypes.Unit.UnitTestAdapter, Microsoft.VisualStudio.QualityTools.Tips.UnitTest.Adapter, Version=9.0.0.0, Culture=neutral, PublicKeyToken=b03f5f7f11d50a3a" className="BVSeoSdkDotNet.BVManagedUIContent_SinglePageTest, BVSEOSDKTest" name="TestSEOContentFromHTTP_SinglePage_FileUnavailableError" />
    </UnitTest>
    <UnitTest name="TestAggregate_NullSubjectID" storage="c:\projects\bvseosdkdotnet\bvseosdkdotnettest\bin\debug\bvseosdktest.dll" id="48c1bde0-440e-e42e-8163-c0c839234cdf">
      <Css projectStructure="" iteration="" />
      <Owners>
        <Owner name="" />
      </Owners>
      <Execution id="9ca15d55-c112-49d8-9323-784e30afefd6" />
      <TestMethod codeBase="C:\Projects\BVSeoSdkDotNet\BVSeoSdkDotNetTest\bin\Debug\BVSEOSDKTest.dll" adapterTypeName="Microsoft.VisualStudio.TestTools.TestTypes.Unit.UnitTestAdapter, Microsoft.VisualStudio.QualityTools.Tips.UnitTest.Adapter, Version=9.0.0.0, Culture=neutral, PublicKeyToken=b03f5f7f11d50a3a" className="BVSEOSDKTest.BVManagedUIContentAggregateReviewTest, BVSEOSDKTest" name="TestAggregate_NullSubjectID" />
    </UnitTest>
    <UnitTest name="TestSEOContentFromFile_SinglePage_FileUnavailableError_bvReveal" storage="c:\projects\bvseosdkdotnet\bvseosdkdotnettest\bin\debug\bvseosdktest.dll" id="d8ca1f24-9443-c0e5-1264-61d20ec22e40">
      <Css projectStructure="" iteration="" />
      <Owners>
        <Owner name="" />
      </Owners>
      <Execution id="c497e28e-0dc2-47ed-a2b0-d3fae118e5c5" />
      <TestMethod codeBase="C:\Projects\BVSeoSdkDotNet\BVSeoSdkDotNetTest\bin\Debug\BVSEOSDKTest.dll" adapterTypeName="Microsoft.VisualStudio.TestTools.TestTypes.Unit.UnitTestAdapter, Microsoft.VisualStudio.QualityTools.Tips.UnitTest.Adapter, Version=9.0.0.0, Culture=neutral, PublicKeyToken=b03f5f7f11d50a3a" className="BVSeoSdkDotNet.BVManagedUIContent_SinglePageTest, BVSEOSDKTest" name="TestSEOContentFromFile_SinglePage_FileUnavailableError_bvReveal" />
    </UnitTest>
    <UnitTest name="Test_SinglePage_Stories" storage="c:\projects\bvseosdkdotnet\bvseosdkdotnettest\bin\debug\bvseosdktest.dll" id="ba579d81-f213-d67c-11cb-81ed57511985">
      <Css projectStructure="" iteration="" />
      <Owners>
        <Owner name="" />
      </Owners>
      <Execution id="333e01e2-0840-4234-bd1d-a4caf2a097fa" />
      <TestMethod codeBase="C:\Projects\BVSeoSdkDotNet\BVSeoSdkDotNetTest\bin\Debug\BVSEOSDKTest.dll" adapterTypeName="Microsoft.VisualStudio.TestTools.TestTypes.Unit.UnitTestAdapter, Microsoft.VisualStudio.QualityTools.Tips.UnitTest.Adapter, Version=9.0.0.0, Culture=neutral, PublicKeyToken=b03f5f7f11d50a3a" className="BVSEOSDKTest.BVManagedUIContent3_Test, BVSEOSDKTest" name="Test_SinglePage_Stories" />
    </UnitTest>
    <UnitTest name="TestSearchContentNullBVQueryParams" storage="c:\projects\bvseosdkdotnet\bvseosdkdotnettest\bin\debug\bvseosdktest.dll" id="64633bc6-a6c4-3385-bf98-af703e82448e">
      <Css projectStructure="" iteration="" />
      <Owners>
        <Owner name="" />
      </Owners>
      <Execution id="4ddae4e8-1b78-4932-9005-9a24252d4dee" />
      <TestMethod codeBase="C:\Projects\BVSeoSdkDotNet\BVSeoSdkDotNetTest\bin\Debug\BVSEOSDKTest.dll" adapterTypeName="Microsoft.VisualStudio.TestTools.TestTypes.Unit.UnitTestAdapter, Microsoft.VisualStudio.QualityTools.Tips.UnitTest.Adapter, Version=9.0.0.0, Culture=neutral, PublicKeyToken=b03f5f7f11d50a3a" className="BVSeoSdkDotNet.BVManagedUIContentTest, BVSEOSDKTest" name="TestSearchContentNullBVQueryParams" />
    </UnitTest>
    <UnitTest name="TestDisplayFooter_URL_Debug" storage="c:\projects\bvseosdkdotnet\bvseosdkdotnettest\bin\debug\bvseosdktest.dll" id="305df720-2163-4902-ce02-9f70094cc502">
      <Css projectStructure="" iteration="" />
      <Owners>
        <Owner name="" />
      </Owners>
      <Execution id="4a444ca5-f77d-489a-96f7-0d55004073db" />
      <TestMethod codeBase="C:\Projects\BVSeoSdkDotNet\BVSeoSdkDotNetTest\bin\Debug\BVSEOSDKTest.dll" adapterTypeName="Microsoft.VisualStudio.TestTools.TestTypes.Unit.UnitTestAdapter, Microsoft.VisualStudio.QualityTools.Tips.UnitTest.Adapter, Version=9.0.0.0, Culture=neutral, PublicKeyToken=b03f5f7f11d50a3a" className="BVSEOSDKTest.BVHTMLFooterTest, BVSEOSDKTest" name="TestDisplayFooter_URL_Debug" />
    </UnitTest>
    <UnitTest name="TestSEOContentFromFile_SinglePageC2013" storage="c:\projects\bvseosdkdotnet\bvseosdkdotnettest\bin\debug\bvseosdktest.dll" id="dcc3c09a-4129-5a88-ed35-c7f7905cd23e">
      <Css projectStructure="" iteration="" />
      <Owners>
        <Owner name="" />
      </Owners>
      <Execution id="a89c2251-9c71-4715-970e-1e89e4e3c782" />
      <TestMethod codeBase="C:\Projects\BVSeoSdkDotNet\BVSeoSdkDotNetTest\bin\Debug\BVSEOSDKTest.dll" adapterTypeName="Microsoft.VisualStudio.TestTools.TestTypes.Unit.UnitTestAdapter, Microsoft.VisualStudio.QualityTools.Tips.UnitTest.Adapter, Version=9.0.0.0, Culture=neutral, PublicKeyToken=b03f5f7f11d50a3a" className="BVSeoSdkDotNet.BVManagedUIContent_SinglePageTest, BVSEOSDKTest" name="TestSEOContentFromFile_SinglePageC2013" />
    </UnitTest>
    <UnitTest name="TestMultipleConfigurations" storage="c:\projects\bvseosdkdotnet\bvseosdkdotnettest\bin\debug\bvseosdktest.dll" id="0be53a4b-f193-b841-ba01-235a8d56dd4b">
      <Css projectStructure="" iteration="" />
      <Owners>
        <Owner name="" />
      </Owners>
      <Execution id="b87dbdc6-4262-4ba8-b641-fd69041c62d5" />
      <TestMethod codeBase="C:\Projects\BVSeoSdkDotNet\BVSeoSdkDotNetTest\bin\Debug\BVSEOSDKTest.dll" adapterTypeName="Microsoft.VisualStudio.TestTools.TestTypes.Unit.UnitTestAdapter, Microsoft.VisualStudio.QualityTools.Tips.UnitTest.Adapter, Version=9.0.0.0, Culture=neutral, PublicKeyToken=b03f5f7f11d50a3a" className="BVSEOSDKTest.BVSdkConfigurationTest, BVSEOSDKTest" name="TestMultipleConfigurations" />
    </UnitTest>
    <UnitTest name="TestSEOContentFromFile_SinglePagePRR_PageUri" storage="c:\projects\bvseosdkdotnet\bvseosdkdotnettest\bin\debug\bvseosdktest.dll" id="64102383-1eec-2357-e495-a1398ceb1c60">
      <Css projectStructure="" iteration="" />
      <Owners>
        <Owner name="" />
      </Owners>
      <Execution id="9e8380ed-151f-434b-867b-0cbe1bde1749" />
      <TestMethod codeBase="C:\Projects\BVSeoSdkDotNet\BVSeoSdkDotNetTest\bin\Debug\BVSEOSDKTest.dll" adapterTypeName="Microsoft.VisualStudio.TestTools.TestTypes.Unit.UnitTestAdapter, Microsoft.VisualStudio.QualityTools.Tips.UnitTest.Adapter, Version=9.0.0.0, Culture=neutral, PublicKeyToken=b03f5f7f11d50a3a" className="BVSeoSdkDotNet.BVManagedUIContent_SinglePageTest, BVSEOSDKTest" name="TestSEOContentFromFile_SinglePagePRR_PageUri" />
    </UnitTest>
    <UnitTest name="TestSEOContentFromFile_SinglePage_FileUnavailableError" storage="c:\projects\bvseosdkdotnet\bvseosdkdotnettest\bin\debug\bvseosdktest.dll" id="5d4eaba0-94e6-3d0c-6697-dff9648ceeb5">
      <Css projectStructure="" iteration="" />
      <Owners>
        <Owner name="" />
      </Owners>
      <Execution id="aaecfae1-1509-4491-9329-178dd7a2b2f1" />
      <TestMethod codeBase="C:\Projects\BVSeoSdkDotNet\BVSeoSdkDotNetTest\bin\Debug\BVSEOSDKTest.dll" adapterTypeName="Microsoft.VisualStudio.TestTools.TestTypes.Unit.UnitTestAdapter, Microsoft.VisualStudio.QualityTools.Tips.UnitTest.Adapter, Version=9.0.0.0, Culture=neutral, PublicKeyToken=b03f5f7f11d50a3a" className="BVSeoSdkDotNet.BVManagedUIContent_SinglePageTest, BVSEOSDKTest" name="TestSEOContentFromFile_SinglePage_FileUnavailableError" />
    </UnitTest>
    <UnitTest name="TestSEOContent_SinglePageHTTP_Aggregate_WithoutPagination" storage="c:\projects\bvseosdkdotnet\bvseosdkdotnettest\bin\debug\bvseosdktest.dll" id="9fbc3db2-a72e-842c-8a9f-b86ecd2a1ffa">
      <Css projectStructure="" iteration="" />
      <Owners>
        <Owner name="" />
      </Owners>
      <Execution id="d2eca34d-f600-42ff-9913-4fd28ea3a1da" />
      <TestMethod codeBase="C:\Projects\BVSeoSdkDotNet\BVSeoSdkDotNetTest\bin\Debug\BVSEOSDKTest.dll" adapterTypeName="Microsoft.VisualStudio.TestTools.TestTypes.Unit.UnitTestAdapter, Microsoft.VisualStudio.QualityTools.Tips.UnitTest.Adapter, Version=9.0.0.0, Culture=neutral, PublicKeyToken=b03f5f7f11d50a3a" className="BVSEOSDKTest.BVManagedUIContentAggregateReviewTest, BVSEOSDKTest" name="TestSEOContent_SinglePageHTTP_Aggregate_WithoutPagination" />
    </UnitTest>
    <UnitTest name="TestSEOContentFrom_Using_HTTPS" storage="c:\projects\bvseosdkdotnet\bvseosdkdotnettest\bin\debug\bvseosdktest.dll" id="f85c0aa3-3674-b42a-2128-69bd3afe7ca6">
      <Css projectStructure="" iteration="" />
      <Owners>
        <Owner name="" />
      </Owners>
      <Execution id="d546f594-c90f-46dd-adf5-6884f4b7c3ba" />
      <TestMethod codeBase="C:\Projects\BVSeoSdkDotNet\BVSeoSdkDotNetTest\bin\Debug\BVSEOSDKTest.dll" adapterTypeName="Microsoft.VisualStudio.TestTools.TestTypes.Unit.UnitTestAdapter, Microsoft.VisualStudio.QualityTools.Tips.UnitTest.Adapter, Version=9.0.0.0, Culture=neutral, PublicKeyToken=b03f5f7f11d50a3a" className="BVSEOSDKTest.BVManagedUIContent4_Test, BVSEOSDKTest" name="TestSEOContentFrom_Using_HTTPS" />
    </UnitTest>
    <UnitTest name="TestMessages" storage="c:\projects\bvseosdkdotnet\bvseosdkdotnettest\bin\debug\bvseosdktest.dll" id="cb9ab58d-8baa-855e-5d07-948d7c894c3b">
      <Css projectStructure="" iteration="" />
      <Owners>
        <Owner name="" />
      </Owners>
      <Execution id="b53ba377-c456-4a73-bb6c-bd9c7cf0ed6f" />
      <TestMethod codeBase="C:\Projects\BVSeoSdkDotNet\BVSeoSdkDotNetTest\bin\Debug\BVSEOSDKTest.dll" adapterTypeName="Microsoft.VisualStudio.TestTools.TestTypes.Unit.UnitTestAdapter, Microsoft.VisualStudio.QualityTools.Tips.UnitTest.Adapter, Version=9.0.0.0, Culture=neutral, PublicKeyToken=b03f5f7f11d50a3a" className="BVSEOSDKTest.BVSdkMessageUtilTest, BVSEOSDKTest" name="TestMessages" />
    </UnitTest>
    <UnitTest name="TestSEOContentFromHTTP_SinglePagePRR_Reviews" storage="c:\projects\bvseosdkdotnet\bvseosdkdotnettest\bin\debug\bvseosdktest.dll" id="99cebdfa-8a8d-7958-449d-c3ab05306baa">
      <Css projectStructure="" iteration="" />
      <Owners>
        <Owner name="" />
      </Owners>
      <Execution id="cfb93f02-f6aa-4c97-b2ab-031865cf2153" />
      <TestMethod codeBase="C:\Projects\BVSeoSdkDotNet\BVSeoSdkDotNetTest\bin\Debug\BVSEOSDKTest.dll" adapterTypeName="Microsoft.VisualStudio.TestTools.TestTypes.Unit.UnitTestAdapter, Microsoft.VisualStudio.QualityTools.Tips.UnitTest.Adapter, Version=9.0.0.0, Culture=neutral, PublicKeyToken=b03f5f7f11d50a3a" className="BVSEOSDKTest.BVManagedUIContentAggregateReviewTest, BVSEOSDKTest" name="TestSEOContentFromHTTP_SinglePagePRR_Reviews" />
    </UnitTest>
    <UnitTest name="TestStory_Default" storage="c:\projects\bvseosdkdotnet\bvseosdkdotnettest\bin\debug\bvseosdktest.dll" id="9bc706cc-8a93-1cbe-a917-e57f61a9b33c">
      <Css projectStructure="" iteration="" />
      <Owners>
        <Owner name="" />
      </Owners>
      <Execution id="841ec709-5b00-4405-adf0-75a711015796" />
      <TestMethod codeBase="C:\Projects\BVSeoSdkDotNet\BVSeoSdkDotNetTest\bin\Debug\BVSEOSDKTest.dll" adapterTypeName="Microsoft.VisualStudio.TestTools.TestTypes.Unit.UnitTestAdapter, Microsoft.VisualStudio.QualityTools.Tips.UnitTest.Adapter, Version=9.0.0.0, Culture=neutral, PublicKeyToken=b03f5f7f11d50a3a" className="BVSEOSDKTest.BVSeoSdkURLBuilderTest, BVSEOSDKTest" name="TestStory_Default" />
    </UnitTest>
    <UnitTest name="TestSEOContent_SinglePageHTTP_GetReviews_ERR0013" storage="c:\projects\bvseosdkdotnet\bvseosdkdotnettest\bin\debug\bvseosdktest.dll" id="b643c69c-4cdc-3e70-5e26-8310153d1cef">
      <Css projectStructure="" iteration="" />
      <Owners>
        <Owner name="" />
      </Owners>
      <Execution id="0ca14231-c53e-4801-8c86-e9c322902709" />
      <TestMethod codeBase="C:\Projects\BVSeoSdkDotNet\BVSeoSdkDotNetTest\bin\Debug\BVSEOSDKTest.dll" adapterTypeName="Microsoft.VisualStudio.TestTools.TestTypes.Unit.UnitTestAdapter, Microsoft.VisualStudio.QualityTools.Tips.UnitTest.Adapter, Version=9.0.0.0, Culture=neutral, PublicKeyToken=b03f5f7f11d50a3a" className="BVSEOSDKTest.BVManagedUIContentAggregateReviewTest, BVSEOSDKTest" name="TestSEOContent_SinglePageHTTP_GetReviews_ERR0013" />
    </UnitTest>
    <UnitTest name="TestShowUserAgentSeoContent" storage="c:\projects\bvseosdkdotnet\bvseosdkdotnettest\bin\debug\bvseosdktest.dll" id="c06fa58c-fdd8-dd0e-a4bc-27769392ea48">
      <Css projectStructure="" iteration="" />
      <Owners>
        <Owner name="" />
      </Owners>
      <Execution id="85a56b1e-3b30-491f-9bc0-55e17eba9616" />
      <TestMethod codeBase="C:\Projects\BVSeoSdkDotNet\BVSeoSdkDotNetTest\bin\Debug\BVSEOSDKTest.dll" adapterTypeName="Microsoft.VisualStudio.TestTools.TestTypes.Unit.UnitTestAdapter, Microsoft.VisualStudio.QualityTools.Tips.UnitTest.Adapter, Version=9.0.0.0, Culture=neutral, PublicKeyToken=b03f5f7f11d50a3a" className="BVSEOSDKTest.BVUIContentServiceProviderTest, BVSEOSDKTest" name="TestShowUserAgentSeoContent" />
    </UnitTest>
    <UnitTest name="Test_SinglePage_Review" storage="c:\projects\bvseosdkdotnet\bvseosdkdotnettest\bin\debug\bvseosdktest.dll" id="d59f7a52-4d79-9972-54da-b2b7c1ae1c5f">
      <Css projectStructure="" iteration="" />
      <Owners>
        <Owner name="" />
      </Owners>
      <Execution id="c1d2ba3e-66c7-46e7-a389-bfdf24ab4959" />
      <TestMethod codeBase="C:\Projects\BVSeoSdkDotNet\BVSeoSdkDotNetTest\bin\Debug\BVSEOSDKTest.dll" adapterTypeName="Microsoft.VisualStudio.TestTools.TestTypes.Unit.UnitTestAdapter, Microsoft.VisualStudio.QualityTools.Tips.UnitTest.Adapter, Version=9.0.0.0, Culture=neutral, PublicKeyToken=b03f5f7f11d50a3a" className="BVSEOSDKTest.BVManagedUIContent2_Test, BVSEOSDKTest" name="Test_SinglePage_Review" />
    </UnitTest>
    <UnitTest name="Test_InlinePage_Review" storage="c:\projects\bvseosdkdotnet\bvseosdkdotnettest\bin\debug\bvseosdktest.dll" id="b2d12f36-ff95-5ec9-cb04-8158ae12524d">
      <Css projectStructure="" iteration="" />
      <Owners>
        <Owner name="" />
      </Owners>
      <Execution id="61710732-2e8c-4a72-9fda-0eb1dbb995dd" />
      <TestMethod codeBase="C:\Projects\BVSeoSdkDotNet\BVSeoSdkDotNetTest\bin\Debug\BVSEOSDKTest.dll" adapterTypeName="Microsoft.VisualStudio.TestTools.TestTypes.Unit.UnitTestAdapter, Microsoft.VisualStudio.QualityTools.Tips.UnitTest.Adapter, Version=9.0.0.0, Culture=neutral, PublicKeyToken=b03f5f7f11d50a3a" className="BVSEOSDKTest.BVManagedUIContent4_Test, BVSEOSDKTest" name="Test_InlinePage_Review" />
    </UnitTest>
    <UnitTest name="TestSEOContentFromHTTP_SinglePagePRR_CrawlerOverride" storage="c:\projects\bvseosdkdotnet\bvseosdkdotnettest\bin\debug\bvseosdktest.dll" id="320b82da-25e4-acee-cfe6-f5f499398763">
      <Css projectStructure="" iteration="" />
      <Owners>
        <Owner name="" />
      </Owners>
      <Execution id="6c80a8a6-1e4e-48b5-8338-3e85e4682953" />
      <TestMethod codeBase="C:\Projects\BVSeoSdkDotNet\BVSeoSdkDotNetTest\bin\Debug\BVSEOSDKTest.dll" adapterTypeName="Microsoft.VisualStudio.TestTools.TestTypes.Unit.UnitTestAdapter, Microsoft.VisualStudio.QualityTools.Tips.UnitTest.Adapter, Version=9.0.0.0, Culture=neutral, PublicKeyToken=b03f5f7f11d50a3a" className="BVSEOSDKTest.BVManagedUIContentAggregateReviewTest, BVSEOSDKTest" name="TestSEOContentFromHTTP_SinglePagePRR_CrawlerOverride" />
    </UnitTest>
    <UnitTest name="TestSEOContent_SinglePageHTTP_GetReviews_Blank_Page_Test" storage="c:\projects\bvseosdkdotnet\bvseosdkdotnettest\bin\debug\bvseosdktest.dll" id="a16719c5-f614-973b-19a7-7416eb2f394c">
      <Css projectStructure="" iteration="" />
      <Owners>
        <Owner name="" />
      </Owners>
      <Execution id="5aabb54b-dd6e-4411-b2d2-bc7ba107a187" />
      <TestMethod codeBase="C:\Projects\BVSeoSdkDotNet\BVSeoSdkDotNetTest\bin\Debug\BVSEOSDKTest.dll" adapterTypeName="Microsoft.VisualStudio.TestTools.TestTypes.Unit.UnitTestAdapter, Microsoft.VisualStudio.QualityTools.Tips.UnitTest.Adapter, Version=9.0.0.0, Culture=neutral, PublicKeyToken=b03f5f7f11d50a3a" className="BVSEOSDKTest.BVManagedUIContentAggregateReviewTest, BVSEOSDKTest" name="TestSEOContent_SinglePageHTTP_GetReviews_Blank_Page_Test" />
    </UnitTest>
    <UnitTest name="TestValidation" storage="c:\projects\bvseosdkdotnet\bvseosdkdotnettest\bin\debug\bvseosdktest.dll" id="c3718dbe-75b9-2641-fc26-2579581d699d">
      <Css projectStructure="" iteration="" />
      <Owners>
        <Owner name="" />
      </Owners>
      <Execution id="f09e7ad6-500b-49fe-b6b3-6a17938c7e1c" />
      <TestMethod codeBase="C:\Projects\BVSeoSdkDotNet\BVSeoSdkDotNetTest\bin\Debug\BVSEOSDKTest.dll" adapterTypeName="Microsoft.VisualStudio.TestTools.TestTypes.Unit.UnitTestAdapter, Microsoft.VisualStudio.QualityTools.Tips.UnitTest.Adapter, Version=9.0.0.0, Culture=neutral, PublicKeyToken=b03f5f7f11d50a3a" className="BVSEOSDKTest.BVValidatorTest, BVSEOSDKTest" name="TestValidation" />
    </UnitTest>
    <UnitTest name="TestEquality" storage="c:\projects\bvseosdkdotnet\bvseosdkdotnettest\bin\debug\bvseosdktest.dll" id="a6d9cbae-7a2a-2a07-9ac8-67310f1bbfe9">
      <Css projectStructure="" iteration="" />
      <Owners>
        <Owner name="" />
      </Owners>
      <Execution id="a0931303-22ba-4c95-8664-31850dc9f762" />
      <TestMethod codeBase="C:\Projects\BVSeoSdkDotNet\BVSeoSdkDotNetTest\bin\Debug\BVSEOSDKTest.dll" adapterTypeName="Microsoft.VisualStudio.TestTools.TestTypes.Unit.UnitTestAdapter, Microsoft.VisualStudio.QualityTools.Tips.UnitTest.Adapter, Version=9.0.0.0, Culture=neutral, PublicKeyToken=b03f5f7f11d50a3a" className="BVSEOSDKTest.BVParametersTest, BVSEOSDKTest" name="TestEquality" />
    </UnitTest>
    <UnitTest name="TestSEOContentFromFile_SinglePagePRR" storage="c:\projects\bvseosdkdotnet\bvseosdkdotnettest\bin\debug\bvseosdktest.dll" id="c31714d1-4618-8354-d76b-91d08f8c9441">
      <Css projectStructure="" iteration="" />
      <Owners>
        <Owner name="" />
      </Owners>
      <Execution id="b685e900-12a1-4b32-b941-dc7ebc2208ce" />
      <TestMethod codeBase="C:\Projects\BVSeoSdkDotNet\BVSeoSdkDotNetTest\bin\Debug\BVSEOSDKTest.dll" adapterTypeName="Microsoft.VisualStudio.TestTools.TestTypes.Unit.UnitTestAdapter, Microsoft.VisualStudio.QualityTools.Tips.UnitTest.Adapter, Version=9.0.0.0, Culture=neutral, PublicKeyToken=b03f5f7f11d50a3a" className="BVSeoSdkDotNet.BVManagedUIContent_SinglePageTest, BVSEOSDKTest" name="TestSEOContentFromFile_SinglePagePRR" />
    </UnitTest>
    <UnitTest name="Test_SinglePage_Review" storage="c:\projects\bvseosdkdotnet\bvseosdkdotnettest\bin\debug\bvseosdktest.dll" id="3b08769d-c5de-db20-839a-21cea7e6a04f">
      <Css projectStructure="" iteration="" />
      <Owners>
        <Owner name="" />
      </Owners>
      <Execution id="58620362-05f6-4883-b704-5e47740fc7b0" />
      <TestMethod codeBase="C:\Projects\BVSeoSdkDotNet\BVSeoSdkDotNetTest\bin\Debug\BVSEOSDKTest.dll" adapterTypeName="Microsoft.VisualStudio.TestTools.TestTypes.Unit.UnitTestAdapter, Microsoft.VisualStudio.QualityTools.Tips.UnitTest.Adapter, Version=9.0.0.0, Culture=neutral, PublicKeyToken=b03f5f7f11d50a3a" className="BVSEOSDKTest.BVManagedUIContent4_Test, BVSEOSDKTest" name="Test_SinglePage_Review" />
    </UnitTest>
    <UnitTest name="TestStory_Stories" storage="c:\projects\bvseosdkdotnet\bvseosdkdotnettest\bin\debug\bvseosdktest.dll" id="08808d6f-5f2b-19e6-4287-d69e6f5695c8">
      <Css projectStructure="" iteration="" />
      <Owners>
        <Owner name="" />
      </Owners>
      <Execution id="a755e007-02b9-45f1-8a73-b95cc8ad3216" />
      <TestMethod codeBase="C:\Projects\BVSeoSdkDotNet\BVSeoSdkDotNetTest\bin\Debug\BVSEOSDKTest.dll" adapterTypeName="Microsoft.VisualStudio.TestTools.TestTypes.Unit.UnitTestAdapter, Microsoft.VisualStudio.QualityTools.Tips.UnitTest.Adapter, Version=9.0.0.0, Culture=neutral, PublicKeyToken=b03f5f7f11d50a3a" className="BVSEOSDKTest.BVSeoSdkURLBuilderTest, BVSEOSDKTest" name="TestStory_Stories" />
    </UnitTest>
    <UnitTest name="TestSDKEnabled" storage="c:\projects\bvseosdkdotnet\bvseosdkdotnettest\bin\debug\bvseosdktest.dll" id="b7f4a730-d7d6-6886-d361-333ee2505238">
      <Css projectStructure="" iteration="" />
      <Owners>
        <Owner name="" />
      </Owners>
      <Execution id="e9fea252-5afa-42b7-bdf0-96762aae4e48" />
      <TestMethod codeBase="C:\Projects\BVSeoSdkDotNet\BVSeoSdkDotNetTest\bin\Debug\BVSEOSDKTest.dll" adapterTypeName="Microsoft.VisualStudio.TestTools.TestTypes.Unit.UnitTestAdapter, Microsoft.VisualStudio.QualityTools.Tips.UnitTest.Adapter, Version=9.0.0.0, Culture=neutral, PublicKeyToken=b03f5f7f11d50a3a" className="BVSEOSDKTest.BVUIContentServiceProviderTest, BVSEOSDKTest" name="TestSDKEnabled" />
    </UnitTest>
    <UnitTest name="Test_InteractivePage_Stories" storage="c:\projects\bvseosdkdotnet\bvseosdkdotnettest\bin\debug\bvseosdktest.dll" id="d5b9f4f0-6010-0c54-3743-eb4ff4f22503">
      <Css projectStructure="" iteration="" />
      <Owners>
        <Owner name="" />
      </Owners>
      <Execution id="ac4338c0-38cd-46dd-83b8-a2a7a1f32792" />
      <TestMethod codeBase="C:\Projects\BVSeoSdkDotNet\BVSeoSdkDotNetTest\bin\Debug\BVSEOSDKTest.dll" adapterTypeName="Microsoft.VisualStudio.TestTools.TestTypes.Unit.UnitTestAdapter, Microsoft.VisualStudio.QualityTools.Tips.UnitTest.Adapter, Version=9.0.0.0, Culture=neutral, PublicKeyToken=b03f5f7f11d50a3a" className="BVSEOSDKTest.BVManagedUIContent2_Test, BVSEOSDKTest" name="Test_InteractivePage_Stories" />
    </UnitTest>
    <UnitTest name="Test_SinglePage_Stories" storage="c:\projects\bvseosdkdotnet\bvseosdkdotnettest\bin\debug\bvseosdktest.dll" id="ad819142-0fc8-08d8-db73-e33e4581e13f">
      <Css projectStructure="" iteration="" />
      <Owners>
        <Owner name="" />
      </Owners>
      <Execution id="30624025-0670-458e-b1c0-f78d6e8ebea7" />
      <TestMethod codeBase="C:\Projects\BVSeoSdkDotNet\BVSeoSdkDotNetTest\bin\Debug\BVSEOSDKTest.dll" adapterTypeName="Microsoft.VisualStudio.TestTools.TestTypes.Unit.UnitTestAdapter, Microsoft.VisualStudio.QualityTools.Tips.UnitTest.Adapter, Version=9.0.0.0, Culture=neutral, PublicKeyToken=b03f5f7f11d50a3a" className="BVSEOSDKTest.BVManagedUIContent4_Test, BVSEOSDKTest" name="Test_SinglePage_Stories" />
    </UnitTest>
    <UnitTest name="Test_InlinePage_Question" storage="c:\projects\bvseosdkdotnet\bvseosdkdotnettest\bin\debug\bvseosdktest.dll" id="da0c38e7-f05e-1866-f108-b4c889ec0aac">
      <Css projectStructure="" iteration="" />
      <Owners>
        <Owner name="" />
      </Owners>
      <Execution id="dffd06ec-ad6a-46b8-b5a8-42298fb51b62" />
      <TestMethod codeBase="C:\Projects\BVSeoSdkDotNet\BVSeoSdkDotNetTest\bin\Debug\BVSEOSDKTest.dll" adapterTypeName="Microsoft.VisualStudio.TestTools.TestTypes.Unit.UnitTestAdapter, Microsoft.VisualStudio.QualityTools.Tips.UnitTest.Adapter, Version=9.0.0.0, Culture=neutral, PublicKeyToken=b03f5f7f11d50a3a" className="BVSEOSDKTest.BVManagedUIContent4_Test, BVSEOSDKTest" name="Test_InlinePage_Question" />
    </UnitTest>
    <UnitTest name="TestDisplayFooter" storage="c:\projects\bvseosdkdotnet\bvseosdkdotnettest\bin\debug\bvseosdktest.dll" id="915c5ee6-ea7f-ebc8-ffeb-939ac16ef3d4">
      <Css projectStructure="" iteration="" />
      <Owners>
        <Owner name="" />
      </Owners>
      <Execution id="5d3e6617-a415-44cd-beb6-8614bd91ea34" />
      <TestMethod codeBase="C:\Projects\BVSeoSdkDotNet\BVSeoSdkDotNetTest\bin\Debug\BVSEOSDKTest.dll" adapterTypeName="Microsoft.VisualStudio.TestTools.TestTypes.Unit.UnitTestAdapter, Microsoft.VisualStudio.QualityTools.Tips.UnitTest.Adapter, Version=9.0.0.0, Culture=neutral, PublicKeyToken=b03f5f7f11d50a3a" className="BVSEOSDKTest.BVHTMLFooterTest, BVSEOSDKTest" name="TestDisplayFooter" />
    </UnitTest>
    <UnitTest name="TestSEOContent_SinglePageHTTP_AggregateRatingAndReviews" storage="c:\projects\bvseosdkdotnet\bvseosdkdotnettest\bin\debug\bvseosdktest.dll" id="d1e3fb7c-9317-1703-6861-0e422458bfcb">
      <Css projectStructure="" iteration="" />
      <Owners>
        <Owner name="" />
      </Owners>
      <Execution id="e2bb614d-7426-4a70-a55b-71ecb0c17a6e" />
      <TestMethod codeBase="C:\Projects\BVSeoSdkDotNet\BVSeoSdkDotNetTest\bin\Debug\BVSEOSDKTest.dll" adapterTypeName="Microsoft.VisualStudio.TestTools.TestTypes.Unit.UnitTestAdapter, Microsoft.VisualStudio.QualityTools.Tips.UnitTest.Adapter, Version=9.0.0.0, Culture=neutral, PublicKeyToken=b03f5f7f11d50a3a" className="BVSEOSDKTest.BVManagedUIContentAggregateReviewTest, BVSEOSDKTest" name="TestSEOContent_SinglePageHTTP_AggregateRatingAndReviews" />
    </UnitTest>
    <UnitTest name="Test_SinglePage_Stories" storage="c:\projects\bvseosdkdotnet\bvseosdkdotnettest\bin\debug\bvseosdktest.dll" id="b6359c4b-4264-9433-7578-43f7a388767a">
      <Css projectStructure="" iteration="" />
      <Owners>
        <Owner name="" />
      </Owners>
      <Execution id="487fa9cc-2e4a-4f75-a0c2-4711b169eb06" />
      <TestMethod codeBase="C:\Projects\BVSeoSdkDotNet\BVSeoSdkDotNetTest\bin\Debug\BVSEOSDKTest.dll" adapterTypeName="Microsoft.VisualStudio.TestTools.TestTypes.Unit.UnitTestAdapter, Microsoft.VisualStudio.QualityTools.Tips.UnitTest.Adapter, Version=9.0.0.0, Culture=neutral, PublicKeyToken=b03f5f7f11d50a3a" className="BVSEOSDKTest.BVManagedUIContent2_Test, BVSEOSDKTest" name="Test_SinglePage_Stories" />
    </UnitTest>
    <UnitTest name="TestSEOContentFromHTTP_SinglePagePRR" storage="c:\projects\bvseosdkdotnet\bvseosdkdotnettest\bin\debug\bvseosdktest.dll" id="b356f059-aac1-f420-83c0-9add27c3b4a9">
      <Css projectStructure="" iteration="" />
      <Owners>
        <Owner name="" />
      </Owners>
      <Execution id="c9513c8a-f8ad-44d3-8a08-0c9ce62ec405" />
      <TestMethod codeBase="C:\Projects\BVSeoSdkDotNet\BVSeoSdkDotNetTest\bin\Debug\BVSEOSDKTest.dll" adapterTypeName="Microsoft.VisualStudio.TestTools.TestTypes.Unit.UnitTestAdapter, Microsoft.VisualStudio.QualityTools.Tips.UnitTest.Adapter, Version=9.0.0.0, Culture=neutral, PublicKeyToken=b03f5f7f11d50a3a" className="BVSeoSdkDotNet.BVManagedUIContent_SinglePageTest, BVSEOSDKTest" name="TestSEOContentFromHTTP_SinglePagePRR" />
    </UnitTest>
    <UnitTest name="TestDisplayFooter_Debug" storage="c:\projects\bvseosdkdotnet\bvseosdkdotnettest\bin\debug\bvseosdktest.dll" id="ef6ccb04-b599-464a-c095-b5e5580d4593">
      <Css projectStructure="" iteration="" />
      <Owners>
        <Owner name="" />
      </Owners>
      <Execution id="16644b88-3c1e-44c3-8fc4-461493df20ae" />
      <TestMethod codeBase="C:\Projects\BVSeoSdkDotNet\BVSeoSdkDotNetTest\bin\Debug\BVSEOSDKTest.dll" adapterTypeName="Microsoft.VisualStudio.TestTools.TestTypes.Unit.UnitTestAdapter, Microsoft.VisualStudio.QualityTools.Tips.UnitTest.Adapter, Version=9.0.0.0, Culture=neutral, PublicKeyToken=b03f5f7f11d50a3a" className="BVSEOSDKTest.BVHTMLFooterTest, BVSEOSDKTest" name="TestDisplayFooter_Debug" />
    </UnitTest>
    <UnitTest name="Test_SinglePage_Question" storage="c:\projects\bvseosdkdotnet\bvseosdkdotnettest\bin\debug\bvseosdktest.dll" id="1d3b670a-63ee-9c37-1355-fcb1f3847ad3">
      <Css projectStructure="" iteration="" />
      <Owners>
        <Owner name="" />
      </Owners>
      <Execution id="58732d53-cff1-4d43-b1d9-b7530a78b5b4" />
      <TestMethod codeBase="C:\Projects\BVSeoSdkDotNet\BVSeoSdkDotNetTest\bin\Debug\BVSEOSDKTest.dll" adapterTypeName="Microsoft.VisualStudio.TestTools.TestTypes.Unit.UnitTestAdapter, Microsoft.VisualStudio.QualityTools.Tips.UnitTest.Adapter, Version=9.0.0.0, Culture=neutral, PublicKeyToken=b03f5f7f11d50a3a" className="BVSEOSDKTest.BVManagedUIContent3_Test, BVSEOSDKTest" name="Test_SinglePage_Question" />
    </UnitTest>
    <UnitTest name="Test_InteractivePage_Question" storage="c:\projects\bvseosdkdotnet\bvseosdkdotnettest\bin\debug\bvseosdktest.dll" id="e5392506-b2a1-3752-d638-f48e2c0698ee">
      <Css projectStructure="" iteration="" />
      <Owners>
        <Owner name="" />
      </Owners>
      <Execution id="e09eb425-f16e-4ede-8114-9a08e993bc6c" />
      <TestMethod codeBase="C:\Projects\BVSeoSdkDotNet\BVSeoSdkDotNetTest\bin\Debug\BVSEOSDKTest.dll" adapterTypeName="Microsoft.VisualStudio.TestTools.TestTypes.Unit.UnitTestAdapter, Microsoft.VisualStudio.QualityTools.Tips.UnitTest.Adapter, Version=9.0.0.0, Culture=neutral, PublicKeyToken=b03f5f7f11d50a3a" className="BVSEOSDKTest.BVManagedUIContent2_Test, BVSEOSDKTest" name="Test_InteractivePage_Question" />
    </UnitTest>
    <UnitTest name="TestSEOContent_SinglePageHTTP_AggregateRating_IfNotPresent" storage="c:\projects\bvseosdkdotnet\bvseosdkdotnettest\bin\debug\bvseosdktest.dll" id="dcc51909-54b6-883c-dfae-331a4fe24ce0">
      <Css projectStructure="" iteration="" />
      <Owners>
        <Owner name="" />
      </Owners>
      <Execution id="95935b9f-7bd6-46a1-a27a-fa3649977ef8" />
      <TestMethod codeBase="C:\Projects\BVSeoSdkDotNet\BVSeoSdkDotNetTest\bin\Debug\BVSEOSDKTest.dll" adapterTypeName="Microsoft.VisualStudio.TestTools.TestTypes.Unit.UnitTestAdapter, Microsoft.VisualStudio.QualityTools.Tips.UnitTest.Adapter, Version=9.0.0.0, Culture=neutral, PublicKeyToken=b03f5f7f11d50a3a" className="BVSEOSDKTest.BVManagedUIContentAggregateReviewTest, BVSEOSDKTest" name="TestSEOContent_SinglePageHTTP_AggregateRating_IfNotPresent" />
    </UnitTest>
    <UnitTest name="TestSEOContent_SinglePageHTTP_GetAggregateRating_SDK_Disabled" storage="c:\projects\bvseosdkdotnet\bvseosdkdotnettest\bin\debug\bvseosdktest.dll" id="078da8da-1cbe-cbec-0a75-ee687b3a32bc">
      <Css projectStructure="" iteration="" />
      <Owners>
        <Owner name="" />
      </Owners>
      <Execution id="32d9a85f-cc8e-47d1-b011-75749d0b4c76" />
      <TestMethod codeBase="C:\Projects\BVSeoSdkDotNet\BVSeoSdkDotNetTest\bin\Debug\BVSEOSDKTest.dll" adapterTypeName="Microsoft.VisualStudio.TestTools.TestTypes.Unit.UnitTestAdapter, Microsoft.VisualStudio.QualityTools.Tips.UnitTest.Adapter, Version=9.0.0.0, Culture=neutral, PublicKeyToken=b03f5f7f11d50a3a" className="BVSEOSDKTest.BVManagedUIContentAggregateReviewTest, BVSEOSDKTest" name="TestSEOContent_SinglePageHTTP_GetAggregateRating_SDK_Disabled" />
    </UnitTest>
    <UnitTest name="TestAggregate_InvalidURL" storage="c:\projects\bvseosdkdotnet\bvseosdkdotnettest\bin\debug\bvseosdktest.dll" id="0ba65008-77d4-41f5-b98c-eb8e2ccca5cb">
      <Css projectStructure="" iteration="" />
      <Owners>
        <Owner name="" />
      </Owners>
      <Execution id="a8465e84-baa4-4561-b4e6-383e5b8feede" />
      <TestMethod codeBase="C:\Projects\BVSeoSdkDotNet\BVSeoSdkDotNetTest\bin\Debug\BVSEOSDKTest.dll" adapterTypeName="Microsoft.VisualStudio.TestTools.TestTypes.Unit.UnitTestAdapter, Microsoft.VisualStudio.QualityTools.Tips.UnitTest.Adapter, Version=9.0.0.0, Culture=neutral, PublicKeyToken=b03f5f7f11d50a3a" className="BVSEOSDKTest.BVManagedUIContentAggregateReviewTest, BVSEOSDKTest" name="TestAggregate_InvalidURL" />
    </UnitTest>
    <UnitTest name="TestBVConfigLoading" storage="c:\projects\bvseosdkdotnet\bvseosdkdotnettest\bin\debug\bvseosdktest.dll" id="6173729d-b1c9-b7db-f252-6b7bf296b99d">
      <Css projectStructure="" iteration="" />
      <Owners>
        <Owner name="" />
      </Owners>
      <Execution id="8e35bb7d-5391-4c9e-9b8c-b9271738e698" />
      <TestMethod codeBase="C:\Projects\BVSeoSdkDotNet\BVSeoSdkDotNetTest\bin\Debug\BVSEOSDKTest.dll" adapterTypeName="Microsoft.VisualStudio.TestTools.TestTypes.Unit.UnitTestAdapter, Microsoft.VisualStudio.QualityTools.Tips.UnitTest.Adapter, Version=9.0.0.0, Culture=neutral, PublicKeyToken=b03f5f7f11d50a3a" className="BVSEOSDKTest.BVSdkConfigurationTest, BVSEOSDKTest" name="TestBVConfigLoading" />
    </UnitTest>
    <UnitTest name="TestStory_StoriesGrid" storage="c:\projects\bvseosdkdotnet\bvseosdkdotnettest\bin\debug\bvseosdktest.dll" id="06b8de29-b2ea-925d-1fb8-9df6e1172a46">
      <Css projectStructure="" iteration="" />
      <Owners>
        <Owner name="" />
      </Owners>
      <Execution id="316a92f2-de5d-44b6-a269-09b1bc04292c" />
      <TestMethod codeBase="C:\Projects\BVSeoSdkDotNet\BVSeoSdkDotNetTest\bin\Debug\BVSEOSDKTest.dll" adapterTypeName="Microsoft.VisualStudio.TestTools.TestTypes.Unit.UnitTestAdapter, Microsoft.VisualStudio.QualityTools.Tips.UnitTest.Adapter, Version=9.0.0.0, Culture=neutral, PublicKeyToken=b03f5f7f11d50a3a" className="BVSEOSDKTest.BVSeoSdkURLBuilderTest, BVSEOSDKTest" name="TestStory_StoriesGrid" />
    </UnitTest>
  </TestDefinitions>
  <TestLists>
    <TestList name="Results Not in a List" id="8c84fa94-04c1-424b-9868-57a2d4851a1d" />
    <TestList name="All Loaded Results" id="19431567-8539-422a-85d7-44ee4e166bda" />
  </TestLists>
  <TestEntries>
    <TestEntry testId="06b8de29-b2ea-925d-1fb8-9df6e1172a46" executionId="316a92f2-de5d-44b6-a269-09b1bc04292c" testListId="8c84fa94-04c1-424b-9868-57a2d4851a1d" />
    <TestEntry testId="078da8da-1cbe-cbec-0a75-ee687b3a32bc" executionId="32d9a85f-cc8e-47d1-b011-75749d0b4c76" testListId="8c84fa94-04c1-424b-9868-57a2d4851a1d" />
    <TestEntry testId="08808d6f-5f2b-19e6-4287-d69e6f5695c8" executionId="a755e007-02b9-45f1-8a73-b95cc8ad3216" testListId="8c84fa94-04c1-424b-9868-57a2d4851a1d" />
    <TestEntry testId="0ba65008-77d4-41f5-b98c-eb8e2ccca5cb" executionId="a8465e84-baa4-4561-b4e6-383e5b8feede" testListId="8c84fa94-04c1-424b-9868-57a2d4851a1d" />
    <TestEntry testId="0be53a4b-f193-b841-ba01-235a8d56dd4b" executionId="b87dbdc6-4262-4ba8-b641-fd69041c62d5" testListId="8c84fa94-04c1-424b-9868-57a2d4851a1d" />
    <TestEntry testId="1d3b670a-63ee-9c37-1355-fcb1f3847ad3" executionId="58732d53-cff1-4d43-b1d9-b7530a78b5b4" testListId="8c84fa94-04c1-424b-9868-57a2d4851a1d" />
    <TestEntry testId="2d0de862-bf6f-df20-4a30-d5604ca0eadc" executionId="0a72747e-5a88-4d92-9e8f-5abb5ce33157" testListId="8c84fa94-04c1-424b-9868-57a2d4851a1d" />
    <TestEntry testId="305df720-2163-4902-ce02-9f70094cc502" executionId="4a444ca5-f77d-489a-96f7-0d55004073db" testListId="8c84fa94-04c1-424b-9868-57a2d4851a1d" />
    <TestEntry testId="320b82da-25e4-acee-cfe6-f5f499398763" executionId="6c80a8a6-1e4e-48b5-8338-3e85e4682953" testListId="8c84fa94-04c1-424b-9868-57a2d4851a1d" />
    <TestEntry testId="3b08769d-c5de-db20-839a-21cea7e6a04f" executionId="58620362-05f6-4883-b704-5e47740fc7b0" testListId="8c84fa94-04c1-424b-9868-57a2d4851a1d" />
    <TestEntry testId="3bb26db2-7d35-fe6b-cd94-62d30d126293" executionId="2668fa17-62c1-42de-9e67-d80dee9beac6" testListId="8c84fa94-04c1-424b-9868-57a2d4851a1d" />
    <TestEntry testId="4519dc37-d6af-1168-2fe0-550fdf975e5c" executionId="8016e223-ff85-44c8-836f-fce9d1790c80" testListId="8c84fa94-04c1-424b-9868-57a2d4851a1d" />
    <TestEntry testId="47f9a937-2bcb-0684-d30d-91119567ec8d" executionId="e12985ea-d5cc-4f2d-abcb-a35dced5e0f1" testListId="8c84fa94-04c1-424b-9868-57a2d4851a1d" />
    <TestEntry testId="48c1bde0-440e-e42e-8163-c0c839234cdf" executionId="9ca15d55-c112-49d8-9323-784e30afefd6" testListId="8c84fa94-04c1-424b-9868-57a2d4851a1d" />
    <TestEntry testId="49ae87b0-a9db-70e4-4183-fa3f62452b2a" executionId="2814be6c-f031-475a-ad0d-083401670edf" testListId="8c84fa94-04c1-424b-9868-57a2d4851a1d" />
    <TestEntry testId="4e53e90c-79f3-2fe5-42dc-76c59df7f553" executionId="0d6719d8-e690-45a8-927b-1c2074fad1ce" testListId="8c84fa94-04c1-424b-9868-57a2d4851a1d" />
    <TestEntry testId="5cb9f28b-a05f-b9c4-950a-9a1b1d53a576" executionId="8cd2f079-d2a2-41df-b209-3c902c88bbcd" testListId="8c84fa94-04c1-424b-9868-57a2d4851a1d" />
    <TestEntry testId="5d4eaba0-94e6-3d0c-6697-dff9648ceeb5" executionId="aaecfae1-1509-4491-9329-178dd7a2b2f1" testListId="8c84fa94-04c1-424b-9868-57a2d4851a1d" />
    <TestEntry testId="6173729d-b1c9-b7db-f252-6b7bf296b99d" executionId="8e35bb7d-5391-4c9e-9b8c-b9271738e698" testListId="8c84fa94-04c1-424b-9868-57a2d4851a1d" />
    <TestEntry testId="64102383-1eec-2357-e495-a1398ceb1c60" executionId="9e8380ed-151f-434b-867b-0cbe1bde1749" testListId="8c84fa94-04c1-424b-9868-57a2d4851a1d" />
    <TestEntry testId="64633bc6-a6c4-3385-bf98-af703e82448e" executionId="4ddae4e8-1b78-4932-9005-9a24252d4dee" testListId="8c84fa94-04c1-424b-9868-57a2d4851a1d" />
    <TestEntry testId="668619da-6a06-d548-720e-a61936cf267f" executionId="4b8f901b-9640-48d8-a518-78eeb4e3897f" testListId="8c84fa94-04c1-424b-9868-57a2d4851a1d" />
    <TestEntry testId="6ae7685d-361b-24f8-8983-14c25fd9df76" executionId="74bd0789-4336-4603-af14-0e3708d91139" testListId="8c84fa94-04c1-424b-9868-57a2d4851a1d" />
    <TestEntry testId="6b64ef0b-98a8-9656-ca76-083b22cdebf3" executionId="ec509bbf-b4d0-49b2-8387-bf144f5bef3e" testListId="8c84fa94-04c1-424b-9868-57a2d4851a1d" />
    <TestEntry testId="6fd35cd4-d5d7-540a-5c99-9f9e1332807e" executionId="21309b57-ef15-41b9-a35a-46d12ab333cd" testListId="8c84fa94-04c1-424b-9868-57a2d4851a1d" />
    <TestEntry testId="75867207-bc67-e8f1-ac3b-474d1963e810" executionId="4eaeeacc-5e13-47f7-bdad-0c635cc009fb" testListId="8c84fa94-04c1-424b-9868-57a2d4851a1d" />
    <TestEntry testId="79217038-898f-bfff-42c1-8f4916c3308c" executionId="89a005d6-effa-45e0-9e1a-d28fc0fc19df" testListId="8c84fa94-04c1-424b-9868-57a2d4851a1d" />
    <TestEntry testId="83670232-d932-24b5-97b0-54c95872e53a" executionId="ae1a0f47-4bb2-47b7-8a0d-796815b13fea" testListId="8c84fa94-04c1-424b-9868-57a2d4851a1d" />
    <TestEntry testId="8d264e89-646c-4a3d-bb37-95d58ddc393f" executionId="8924d3c9-16db-4686-9e0a-c306faf04f59" testListId="8c84fa94-04c1-424b-9868-57a2d4851a1d" />
    <TestEntry testId="915c5ee6-ea7f-ebc8-ffeb-939ac16ef3d4" executionId="5d3e6617-a415-44cd-beb6-8614bd91ea34" testListId="8c84fa94-04c1-424b-9868-57a2d4851a1d" />
    <TestEntry testId="99cebdfa-8a8d-7958-449d-c3ab05306baa" executionId="cfb93f02-f6aa-4c97-b2ab-031865cf2153" testListId="8c84fa94-04c1-424b-9868-57a2d4851a1d" />
    <TestEntry testId="9bc706cc-8a93-1cbe-a917-e57f61a9b33c" executionId="841ec709-5b00-4405-adf0-75a711015796" testListId="8c84fa94-04c1-424b-9868-57a2d4851a1d" />
    <TestEntry testId="9fbc3db2-a72e-842c-8a9f-b86ecd2a1ffa" executionId="d2eca34d-f600-42ff-9913-4fd28ea3a1da" testListId="8c84fa94-04c1-424b-9868-57a2d4851a1d" />
    <TestEntry testId="a16719c5-f614-973b-19a7-7416eb2f394c" executionId="5aabb54b-dd6e-4411-b2d2-bc7ba107a187" testListId="8c84fa94-04c1-424b-9868-57a2d4851a1d" />
    <TestEntry testId="a6d9cbae-7a2a-2a07-9ac8-67310f1bbfe9" executionId="a0931303-22ba-4c95-8664-31850dc9f762" testListId="8c84fa94-04c1-424b-9868-57a2d4851a1d" />
    <TestEntry testId="ad53fe42-0f62-0dd7-7cc0-48e9888ed79f" executionId="3585c4dc-d93c-4a6d-89d7-730c6a85546d" testListId="8c84fa94-04c1-424b-9868-57a2d4851a1d" />
    <TestEntry testId="ad819142-0fc8-08d8-db73-e33e4581e13f" executionId="30624025-0670-458e-b1c0-f78d6e8ebea7" testListId="8c84fa94-04c1-424b-9868-57a2d4851a1d" />
    <TestEntry testId="aeaa7568-80d7-74bb-5b00-573772c963a7" executionId="4d361318-b454-44f7-9ae5-d30779c8aa64" testListId="8c84fa94-04c1-424b-9868-57a2d4851a1d" />
    <TestEntry testId="b2d12f36-ff95-5ec9-cb04-8158ae12524d" executionId="61710732-2e8c-4a72-9fda-0eb1dbb995dd" testListId="8c84fa94-04c1-424b-9868-57a2d4851a1d" />
    <TestEntry testId="b356f059-aac1-f420-83c0-9add27c3b4a9" executionId="c9513c8a-f8ad-44d3-8a08-0c9ce62ec405" testListId="8c84fa94-04c1-424b-9868-57a2d4851a1d" />
    <TestEntry testId="b48b3fc7-9265-32fb-3e33-df8465400226" executionId="4c7bd471-2d51-4095-850f-87bfdcc9b396" testListId="8c84fa94-04c1-424b-9868-57a2d4851a1d" />
    <TestEntry testId="b6359c4b-4264-9433-7578-43f7a388767a" executionId="487fa9cc-2e4a-4f75-a0c2-4711b169eb06" testListId="8c84fa94-04c1-424b-9868-57a2d4851a1d" />
    <TestEntry testId="b643c69c-4cdc-3e70-5e26-8310153d1cef" executionId="0ca14231-c53e-4801-8c86-e9c322902709" testListId="8c84fa94-04c1-424b-9868-57a2d4851a1d" />
    <TestEntry testId="b7f4a730-d7d6-6886-d361-333ee2505238" executionId="e9fea252-5afa-42b7-bdf0-96762aae4e48" testListId="8c84fa94-04c1-424b-9868-57a2d4851a1d" />
    <TestEntry testId="ba579d81-f213-d67c-11cb-81ed57511985" executionId="333e01e2-0840-4234-bd1d-a4caf2a097fa" testListId="8c84fa94-04c1-424b-9868-57a2d4851a1d" />
    <TestEntry testId="c06fa58c-fdd8-dd0e-a4bc-27769392ea48" executionId="85a56b1e-3b30-491f-9bc0-55e17eba9616" testListId="8c84fa94-04c1-424b-9868-57a2d4851a1d" />
    <TestEntry testId="c31714d1-4618-8354-d76b-91d08f8c9441" executionId="b685e900-12a1-4b32-b941-dc7ebc2208ce" testListId="8c84fa94-04c1-424b-9868-57a2d4851a1d" />
    <TestEntry testId="c3718dbe-75b9-2641-fc26-2579581d699d" executionId="f09e7ad6-500b-49fe-b6b3-6a17938c7e1c" testListId="8c84fa94-04c1-424b-9868-57a2d4851a1d" />
    <TestEntry testId="cb9ab58d-8baa-855e-5d07-948d7c894c3b" executionId="b53ba377-c456-4a73-bb6c-bd9c7cf0ed6f" testListId="8c84fa94-04c1-424b-9868-57a2d4851a1d" />
    <TestEntry testId="cff9f61b-6dcb-0390-8d2f-6388c5c19037" executionId="86e27b3c-e6a8-428e-a4ed-c94db11366b6" testListId="8c84fa94-04c1-424b-9868-57a2d4851a1d" />
    <TestEntry testId="d1e3fb7c-9317-1703-6861-0e422458bfcb" executionId="e2bb614d-7426-4a70-a55b-71ecb0c17a6e" testListId="8c84fa94-04c1-424b-9868-57a2d4851a1d" />
    <TestEntry testId="d59f7a52-4d79-9972-54da-b2b7c1ae1c5f" executionId="c1d2ba3e-66c7-46e7-a389-bfdf24ab4959" testListId="8c84fa94-04c1-424b-9868-57a2d4851a1d" />
    <TestEntry testId="d5b9f4f0-6010-0c54-3743-eb4ff4f22503" executionId="ac4338c0-38cd-46dd-83b8-a2a7a1f32792" testListId="8c84fa94-04c1-424b-9868-57a2d4851a1d" />
    <TestEntry testId="d8ca1f24-9443-c0e5-1264-61d20ec22e40" executionId="c497e28e-0dc2-47ed-a2b0-d3fae118e5c5" testListId="8c84fa94-04c1-424b-9868-57a2d4851a1d" />
    <TestEntry testId="da0c38e7-f05e-1866-f108-b4c889ec0aac" executionId="dffd06ec-ad6a-46b8-b5a8-42298fb51b62" testListId="8c84fa94-04c1-424b-9868-57a2d4851a1d" />
    <TestEntry testId="da2e4a92-4ba6-bd6e-bb80-20abea394ccb" executionId="9a3ca07b-75ca-418d-8b2d-f594d4fc7777" testListId="8c84fa94-04c1-424b-9868-57a2d4851a1d" />
    <TestEntry testId="dcc3c09a-4129-5a88-ed35-c7f7905cd23e" executionId="a89c2251-9c71-4715-970e-1e89e4e3c782" testListId="8c84fa94-04c1-424b-9868-57a2d4851a1d" />
    <TestEntry testId="dcc51909-54b6-883c-dfae-331a4fe24ce0" executionId="95935b9f-7bd6-46a1-a27a-fa3649977ef8" testListId="8c84fa94-04c1-424b-9868-57a2d4851a1d" />
    <TestEntry testId="e5392506-b2a1-3752-d638-f48e2c0698ee" executionId="e09eb425-f16e-4ede-8114-9a08e993bc6c" testListId="8c84fa94-04c1-424b-9868-57a2d4851a1d" />
    <TestEntry testId="ef6ccb04-b599-464a-c095-b5e5580d4593" executionId="16644b88-3c1e-44c3-8fc4-461493df20ae" testListId="8c84fa94-04c1-424b-9868-57a2d4851a1d" />
    <TestEntry testId="f257fd26-c7b6-848a-b0cf-55010618c280" executionId="b9fb6428-9146-4d30-aee6-ddfee27e54e1" testListId="8c84fa94-04c1-424b-9868-57a2d4851a1d" />
    <TestEntry testId="f85c0aa3-3674-b42a-2128-69bd3afe7ca6" executionId="d546f594-c90f-46dd-adf5-6884f4b7c3ba" testListId="8c84fa94-04c1-424b-9868-57a2d4851a1d" />
    <TestEntry testId="fc6b45b6-617d-35be-f3b7-a6ec6b460ed6" executionId="802dd1bf-f421-4fa2-a28b-ef7e83bdfe13" testListId="8c84fa94-04c1-424b-9868-57a2d4851a1d" />
  </TestEntries>
  <Results>
    <UnitTestResult executionId="316a92f2-de5d-44b6-a269-09b1bc04292c" testId="06b8de29-b2ea-925d-1fb8-9df6e1172a46" testName="TestStory_StoriesGrid" computerName="OWNER-PC" duration="00:00:00.0247189" startTime="2014-06-19T14:41:06.0223247-05:00" endTime="2014-06-19T14:41:06.2213361-05:00" testType="13cdc9d9-ddb5-4fa4-a97d-d965ccfc6d4b" outcome="Passed" testListId="8c84fa94-04c1-424b-9868-57a2d4851a1d">
      <Output>
      </Output>
    </UnitTestResult>
    <UnitTestResult executionId="32d9a85f-cc8e-47d1-b011-75749d0b4c76" testId="078da8da-1cbe-cbec-0a75-ee687b3a32bc" testName="TestSEOContent_SinglePageHTTP_GetAggregateRating_SDK_Disabled" computerName="OWNER-PC" duration="00:00:01.3467052" startTime="2014-06-19T14:41:06.2223361-05:00" endTime="2014-06-19T14:41:07.5714133-05:00" testType="13cdc9d9-ddb5-4fa4-a97d-d965ccfc6d4b" outcome="Passed" testListId="8c84fa94-04c1-424b-9868-57a2d4851a1d">
      <Output>
        <StdErr>log4net:ERROR RollingFileAppenderOpenFile(,True) call failed.
System.UnauthorizedAccessException: Access to the path 'C:\Program Files (x86)\Microsoft Visual Studio 9.0\Common7\IDE\nvelocity.log' is denied.
   at System.IO.__Error.WinIOError(Int32 errorCode, String maybeFullPath)
   at System.IO.FileStream.Init(String path, FileMode mode, FileAccess access, Int32 rights, Boolean useRights, FileShare share, Int32 bufferSize, FileOptions options, SECURITY_ATTRIBUTES secAttrs, String msgPath, Boolean bFromProxy)
   at System.IO.FileStream..ctor(String path, FileMode mode, FileAccess access, FileShare share, Int32 bufferSize, FileOptions options)
   at System.IO.StreamWriter.CreateFile(String path, Boolean append)
   at System.IO.StreamWriter..ctor(String path, Boolean append, Encoding encoding, Int32 bufferSize)
   at System.IO.StreamWriter..ctor(String path, Boolean append)
   at log4net.Appender.FileAppender.OpenFile(String fileName, Boolean append)
   at log4net.Appender.RollingFileAppender.OpenFile(String fileName, Boolean append)
   at log4net.Appender.FileAppender.ActivateOptions()</StdErr>
        <DebugTrace>log4net:ERROR RollingFileAppenderOpenFile(,True) call failed.
System.UnauthorizedAccessException: Access to the path 'C:\Program Files (x86)\Microsoft Visual Studio 9.0\Common7\IDE\nvelocity.log' is denied.
   at System.IO.__Error.WinIOError(Int32 errorCode, String maybeFullPath)
   at System.IO.FileStream.Init(String path, FileMode mode, FileAccess access, Int32 rights, Boolean useRights, FileShare share, Int32 bufferSize, FileOptions options, SECURITY_ATTRIBUTES secAttrs, String msgPath, Boolean bFromProxy)
   at System.IO.FileStream..ctor(String path, FileMode mode, FileAccess access, FileShare share, Int32 bufferSize, FileOptions options)
   at System.IO.StreamWriter.CreateFile(String path, Boolean append)
   at System.IO.StreamWriter..ctor(String path, Boolean append, Encoding encoding, Int32 bufferSize)
   at System.IO.StreamWriter..ctor(String path, Boolean append)
   at log4net.Appender.FileAppender.OpenFile(String fileName, Boolean append)
   at log4net.Appender.RollingFileAppender.OpenFile(String fileName, Boolean append)
   at log4net.Appender.FileAppender.ActivateOptions()
</DebugTrace>
      </Output>
    </UnitTestResult>
    <UnitTestResult executionId="a755e007-02b9-45f1-8a73-b95cc8ad3216" testId="08808d6f-5f2b-19e6-4287-d69e6f5695c8" testName="TestStory_Stories" computerName="OWNER-PC" duration="00:00:00.0006474" startTime="2014-06-19T14:41:07.5784137-05:00" endTime="2014-06-19T14:41:07.5814139-05:00" testType="13cdc9d9-ddb5-4fa4-a97d-d965ccfc6d4b" outcome="Passed" testListId="8c84fa94-04c1-424b-9868-57a2d4851a1d">
      <Output>
      </Output>
    </UnitTestResult>
    <UnitTestResult executionId="a8465e84-baa4-4561-b4e6-383e5b8feede" testId="0ba65008-77d4-41f5-b98c-eb8e2ccca5cb" testName="TestAggregate_InvalidURL" computerName="OWNER-PC" duration="00:00:00.4269605" startTime="2014-06-19T14:41:07.5834140-05:00" endTime="2014-06-19T14:41:08.0124385-05:00" testType="13cdc9d9-ddb5-4fa4-a97d-d965ccfc6d4b" outcome="Passed" testListId="8c84fa94-04c1-424b-9868-57a2d4851a1d">
      <Output>
      </Output>
    </UnitTestResult>
    <UnitTestResult executionId="b87dbdc6-4262-4ba8-b641-fd69041c62d5" testId="0be53a4b-f193-b841-ba01-235a8d56dd4b" testName="TestMultipleConfigurations" computerName="OWNER-PC" duration="00:00:00.0006702" startTime="2014-06-19T14:41:08.0164387-05:00" endTime="2014-06-19T14:41:08.0194389-05:00" testType="13cdc9d9-ddb5-4fa4-a97d-d965ccfc6d4b" outcome="Passed" testListId="8c84fa94-04c1-424b-9868-57a2d4851a1d">
      <Output>
      </Output>
    </UnitTestResult>
    <UnitTestResult executionId="58732d53-cff1-4d43-b1d9-b7530a78b5b4" testId="1d3b670a-63ee-9c37-1355-fcb1f3847ad3" testName="Test_SinglePage_Question" computerName="OWNER-PC" duration="00:00:00.2965167" startTime="2014-06-19T14:41:08.0224391-05:00" endTime="2014-06-19T14:41:08.3224562-05:00" testType="13cdc9d9-ddb5-4fa4-a97d-d965ccfc6d4b" outcome="Passed" testListId="8c84fa94-04c1-424b-9868-57a2d4851a1d">
      <Output>
      </Output>
    </UnitTestResult>
    <UnitTestResult executionId="0a72747e-5a88-4d92-9e8f-5abb5ce33157" testId="2d0de862-bf6f-df20-4a30-d5604ca0eadc" testName="TestSEOContent_SinglePageHTTP_GetContent_SDK_Disabled" computerName="OWNER-PC" duration="00:00:00.0299089" startTime="2014-06-19T14:41:08.3314568-05:00" endTime="2014-06-19T14:41:08.3654587-05:00" testType="13cdc9d9-ddb5-4fa4-a97d-d965ccfc6d4b" outcome="Passed" testListId="8c84fa94-04c1-424b-9868-57a2d4851a1d">
      <Output>
      </Output>
    </UnitTestResult>
    <UnitTestResult executionId="4a444ca5-f77d-489a-96f7-0d55004073db" testId="305df720-2163-4902-ce02-9f70094cc502" testName="TestDisplayFooter_URL_Debug" computerName="OWNER-PC" duration="00:00:00.0591984" startTime="2014-06-19T14:41:08.3654587-05:00" endTime="2014-06-19T14:41:08.4274623-05:00" testType="13cdc9d9-ddb5-4fa4-a97d-d965ccfc6d4b" outcome="Passed" testListId="8c84fa94-04c1-424b-9868-57a2d4851a1d">
      <Output>
      </Output>
    </UnitTestResult>
    <UnitTestResult executionId="6c80a8a6-1e4e-48b5-8338-3e85e4682953" testId="320b82da-25e4-acee-cfe6-f5f499398763" testName="TestSEOContentFromHTTP_SinglePagePRR_CrawlerOverride" computerName="OWNER-PC" duration="00:00:00.1552782" startTime="2014-06-19T14:41:08.4344627-05:00" endTime="2014-06-19T14:41:08.5934718-05:00" testType="13cdc9d9-ddb5-4fa4-a97d-d965ccfc6d4b" outcome="Passed" testListId="8c84fa94-04c1-424b-9868-57a2d4851a1d">
      <Output>
      </Output>
    </UnitTestResult>
    <UnitTestResult executionId="58620362-05f6-4883-b704-5e47740fc7b0" testId="3b08769d-c5de-db20-839a-21cea7e6a04f" testName="Test_SinglePage_Review" computerName="OWNER-PC" duration="00:00:00.0659783" startTime="2014-06-19T14:41:08.5944718-05:00" endTime="2014-06-19T14:41:08.6634758-05:00" testType="13cdc9d9-ddb5-4fa4-a97d-d965ccfc6d4b" outcome="Passed" testListId="8c84fa94-04c1-424b-9868-57a2d4851a1d">
      <Output>
      </Output>
    </UnitTestResult>
    <UnitTestResult executionId="2668fa17-62c1-42de-9e67-d80dee9beac6" testId="3bb26db2-7d35-fe6b-cd94-62d30d126293" testName="Test_InlinePage_Stories" computerName="OWNER-PC" duration="00:00:00.1482038" startTime="2014-06-19T14:41:08.6644758-05:00" endTime="2014-06-19T14:41:08.8154844-05:00" testType="13cdc9d9-ddb5-4fa4-a97d-d965ccfc6d4b" outcome="Passed" testListId="8c84fa94-04c1-424b-9868-57a2d4851a1d">
      <Output>
      </Output>
    </UnitTestResult>
    <UnitTestResult executionId="8016e223-ff85-44c8-836f-fce9d1790c80" testId="4519dc37-d6af-1168-2fe0-550fdf975e5c" testName="TestUri_For_C2013_HTTP" computerName="OWNER-PC" duration="00:00:00.0057520" startTime="2014-06-19T14:41:08.8184846-05:00" endTime="2014-06-19T14:41:08.8274851-05:00" testType="13cdc9d9-ddb5-4fa4-a97d-d965ccfc6d4b" outcome="Passed" testListId="8c84fa94-04c1-424b-9868-57a2d4851a1d">
      <Output>
      </Output>
    </UnitTestResult>
    <UnitTestResult executionId="e12985ea-d5cc-4f2d-abcb-a35dced5e0f1" testId="47f9a937-2bcb-0684-d30d-91119567ec8d" testName="TestUri_For_C2013_File" computerName="OWNER-PC" duration="00:00:00.0007649" startTime="2014-06-19T14:41:08.8284852-05:00" endTime="2014-06-19T14:41:08.8344855-05:00" testType="13cdc9d9-ddb5-4fa4-a97d-d965ccfc6d4b" outcome="Passed" testListId="8c84fa94-04c1-424b-9868-57a2d4851a1d">
      <Output>
      </Output>
    </UnitTestResult>
    <UnitTestResult executionId="9ca15d55-c112-49d8-9323-784e30afefd6" testId="48c1bde0-440e-e42e-8163-c0c839234cdf" testName="TestAggregate_NullSubjectID" computerName="OWNER-PC" duration="00:00:00.0758421" startTime="2014-06-19T14:41:08.8374857-05:00" endTime="2014-06-19T14:41:08.9154902-05:00" testType="13cdc9d9-ddb5-4fa4-a97d-d965ccfc6d4b" outcome="Passed" testListId="8c84fa94-04c1-424b-9868-57a2d4851a1d">
      <Output>
      </Output>
    </UnitTestResult>
    <UnitTestResult executionId="2814be6c-f031-475a-ad0d-083401670edf" testId="49ae87b0-a9db-70e4-4183-fa3f62452b2a" testName="TestSEOContentFromHTTP_SinglePage_FileUnavailableError" computerName="OWNER-PC" duration="00:00:00.0937819" startTime="2014-06-19T14:41:08.9154902-05:00" endTime="2014-06-19T14:41:09.0124957-05:00" testType="13cdc9d9-ddb5-4fa4-a97d-d965ccfc6d4b" outcome="Passed" testListId="8c84fa94-04c1-424b-9868-57a2d4851a1d">
      <Output>
      </Output>
    </UnitTestResult>
    <UnitTestResult executionId="0d6719d8-e690-45a8-927b-1c2074fad1ce" testId="4e53e90c-79f3-2fe5-42dc-76c59df7f553" testName="TestSEOContent_SinglePageHTTP_AggregateRating_BotDetectionEnabled" computerName="OWNER-PC" duration="00:00:00.0722670" startTime="2014-06-19T14:41:09.0134958-05:00" endTime="2014-06-19T14:41:09.0905002-05:00" testType="13cdc9d9-ddb5-4fa4-a97d-d965ccfc6d4b" outcome="Passed" testListId="8c84fa94-04c1-424b-9868-57a2d4851a1d">
      <Output>
      </Output>
    </UnitTestResult>
    <UnitTestResult executionId="8cd2f079-d2a2-41df-b209-3c902c88bbcd" testId="5cb9f28b-a05f-b9c4-950a-9a1b1d53a576" testName="Test_InteractivePage_Review" computerName="OWNER-PC" duration="00:00:00.0680540" startTime="2014-06-19T14:41:09.0935004-05:00" endTime="2014-06-19T14:41:09.1655045-05:00" testType="13cdc9d9-ddb5-4fa4-a97d-d965ccfc6d4b" outcome="Passed" testListId="8c84fa94-04c1-424b-9868-57a2d4851a1d">
      <Output>
      </Output>
    </UnitTestResult>
    <UnitTestResult executionId="aaecfae1-1509-4491-9329-178dd7a2b2f1" testId="5d4eaba0-94e6-3d0c-6697-dff9648ceeb5" testName="TestSEOContentFromFile_SinglePage_FileUnavailableError" computerName="OWNER-PC" duration="00:00:00.0243566" startTime="2014-06-19T14:41:09.1695047-05:00" endTime="2014-06-19T14:41:09.1975063-05:00" testType="13cdc9d9-ddb5-4fa4-a97d-d965ccfc6d4b" outcome="Passed" testListId="8c84fa94-04c1-424b-9868-57a2d4851a1d">
      <Output>
      </Output>
    </UnitTestResult>
    <UnitTestResult executionId="8e35bb7d-5391-4c9e-9b8c-b9271738e698" testId="6173729d-b1c9-b7db-f252-6b7bf296b99d" testName="TestBVConfigLoading" computerName="OWNER-PC" duration="00:00:00.0003349" startTime="2014-06-19T14:41:09.1985064-05:00" endTime="2014-06-19T14:41:09.2005065-05:00" testType="13cdc9d9-ddb5-4fa4-a97d-d965ccfc6d4b" outcome="Passed" testListId="8c84fa94-04c1-424b-9868-57a2d4851a1d">
      <Output>
      </Output>
    </UnitTestResult>
    <UnitTestResult executionId="9e8380ed-151f-434b-867b-0cbe1bde1749" testId="64102383-1eec-2357-e495-a1398ceb1c60" testName="TestSEOContentFromFile_SinglePagePRR_PageUri" computerName="OWNER-PC" duration="00:00:00.0417564" startTime="2014-06-19T14:41:09.2015065-05:00" endTime="2014-06-19T14:41:09.2455090-05:00" testType="13cdc9d9-ddb5-4fa4-a97d-d965ccfc6d4b" outcome="Passed" testListId="8c84fa94-04c1-424b-9868-57a2d4851a1d">
      <Output>
      </Output>
    </UnitTestResult>
    <UnitTestResult executionId="4ddae4e8-1b78-4932-9005-9a24252d4dee" testId="64633bc6-a6c4-3385-bf98-af703e82448e" testName="TestSearchContentNullBVQueryParams" computerName="OWNER-PC" duration="00:00:00.0200016" startTime="2014-06-19T14:41:09.2455090-05:00" endTime="2014-06-19T14:41:09.2685104-05:00" testType="13cdc9d9-ddb5-4fa4-a97d-d965ccfc6d4b" outcome="Passed" testListId="8c84fa94-04c1-424b-9868-57a2d4851a1d">
      <Output>
      </Output>
    </UnitTestResult>
    <UnitTestResult executionId="4b8f901b-9640-48d8-a518-78eeb4e3897f" testId="668619da-6a06-d548-720e-a61936cf267f" testName="Test_SinglePage_Question" computerName="OWNER-PC" duration="00:00:00.0499171" startTime="2014-06-19T14:41:09.2685104-05:00" endTime="2014-06-19T14:41:09.3205133-05:00" testType="13cdc9d9-ddb5-4fa4-a97d-d965ccfc6d4b" outcome="Passed" testListId="8c84fa94-04c1-424b-9868-57a2d4851a1d">
      <Output>
      </Output>
    </UnitTestResult>
    <UnitTestResult executionId="74bd0789-4336-4603-af14-0e3708d91139" testId="6ae7685d-361b-24f8-8983-14c25fd9df76" testName="Test_SinglePage_Question" computerName="OWNER-PC" duration="00:00:00.0562516" startTime="2014-06-19T14:41:09.3215134-05:00" endTime="2014-06-19T14:41:09.3805168-05:00" testType="13cdc9d9-ddb5-4fa4-a97d-d965ccfc6d4b" outcome="Passed" testListId="8c84fa94-04c1-424b-9868-57a2d4851a1d">
      <Output>
      </Output>
    </UnitTestResult>
    <UnitTestResult executionId="ec509bbf-b4d0-49b2-8387-bf144f5bef3e" testId="6b64ef0b-98a8-9656-ca76-083b22cdebf3" testName="TestBVCoreConfig" computerName="OWNER-PC" duration="00:00:00.0003172" startTime="2014-06-19T14:41:09.3805168-05:00" endTime="2014-06-19T14:41:09.3835169-05:00" testType="13cdc9d9-ddb5-4fa4-a97d-d965ccfc6d4b" outcome="Passed" testListId="8c84fa94-04c1-424b-9868-57a2d4851a1d">
      <Output>
      </Output>
    </UnitTestResult>
    <UnitTestResult executionId="21309b57-ef15-41b9-a35a-46d12ab333cd" testId="6fd35cd4-d5d7-540a-5c99-9f9e1332807e" testName="Test_SinglePage_Review" computerName="OWNER-PC" duration="00:00:00.0582857" startTime="2014-06-19T14:41:09.3835169-05:00" endTime="2014-06-19T14:41:09.4485207-05:00" testType="13cdc9d9-ddb5-4fa4-a97d-d965ccfc6d4b" outcome="Passed" testListId="8c84fa94-04c1-424b-9868-57a2d4851a1d">
      <Output>
      </Output>
    </UnitTestResult>
    <UnitTestResult executionId="4eaeeacc-5e13-47f7-bdad-0c635cc009fb" testId="75867207-bc67-e8f1-ac3b-474d1963e810" testName="TestBase_PageUri_For_PRR_File" computerName="OWNER-PC" duration="00:00:00.0107980" startTime="2014-06-19T14:41:09.4495207-05:00" endTime="2014-06-19T14:41:09.4615214-05:00" testType="13cdc9d9-ddb5-4fa4-a97d-d965ccfc6d4b" outcome="Passed" testListId="8c84fa94-04c1-424b-9868-57a2d4851a1d">
      <Output>
      </Output>
    </UnitTestResult>
    <UnitTestResult executionId="89a005d6-effa-45e0-9e1a-d28fc0fc19df" testId="79217038-898f-bfff-42c1-8f4916c3308c" testName="TestSEOContent_SinglePageHTTP_GetReview_SDK_Disabled" computerName="OWNER-PC" duration="00:00:00.0224684" startTime="2014-06-19T14:41:09.4625215-05:00" endTime="2014-06-19T14:41:09.4865228-05:00" testType="13cdc9d9-ddb5-4fa4-a97d-d965ccfc6d4b" outcome="Passed" testListId="8c84fa94-04c1-424b-9868-57a2d4851a1d">
      <Output>
      </Output>
    </UnitTestResult>
    <UnitTestResult executionId="ae1a0f47-4bb2-47b7-8a0d-796815b13fea" testId="83670232-d932-24b5-97b0-54c95872e53a" testName="TestSEOContentFromHTTP_SinglePagePRR_AggregateRating" computerName="OWNER-PC" duration="00:00:00.0485135" startTime="2014-06-19T14:41:09.4875229-05:00" endTime="2014-06-19T14:41:09.5375257-05:00" testType="13cdc9d9-ddb5-4fa4-a97d-d965ccfc6d4b" outcome="Passed" testListId="8c84fa94-04c1-424b-9868-57a2d4851a1d">
      <Output>
      </Output>
    </UnitTestResult>
    <UnitTestResult executionId="8924d3c9-16db-4686-9e0a-c306faf04f59" testId="8d264e89-646c-4a3d-bb37-95d58ddc393f" testName="BVManagedUIContentTestPagination" computerName="OWNER-PC" duration="00:00:00.0626765" startTime="2014-06-19T14:41:09.5385258-05:00" endTime="2014-06-19T14:41:09.6055296-05:00" testType="13cdc9d9-ddb5-4fa4-a97d-d965ccfc6d4b" outcome="Passed" testListId="8c84fa94-04c1-424b-9868-57a2d4851a1d">
      <Output>
      </Output>
    </UnitTestResult>
    <UnitTestResult executionId="5d3e6617-a415-44cd-beb6-8614bd91ea34" testId="915c5ee6-ea7f-ebc8-ffeb-939ac16ef3d4" testName="TestDisplayFooter" computerName="OWNER-PC" duration="00:00:00.0278378" startTime="2014-06-19T14:41:09.6065297-05:00" endTime="2014-06-19T14:41:09.6385315-05:00" testType="13cdc9d9-ddb5-4fa4-a97d-d965ccfc6d4b" outcome="Passed" testListId="8c84fa94-04c1-424b-9868-57a2d4851a1d">
      <Output>
      </Output>
    </UnitTestResult>
    <UnitTestResult executionId="cfb93f02-f6aa-4c97-b2ab-031865cf2153" testId="99cebdfa-8a8d-7958-449d-c3ab05306baa" testName="TestSEOContentFromHTTP_SinglePagePRR_Reviews" computerName="OWNER-PC" duration="00:00:00.0477201" startTime="2014-06-19T14:41:09.6385315-05:00" endTime="2014-06-19T14:41:09.6885344-05:00" testType="13cdc9d9-ddb5-4fa4-a97d-d965ccfc6d4b" outcome="Passed" testListId="8c84fa94-04c1-424b-9868-57a2d4851a1d">
      <Output>
      </Output>
    </UnitTestResult>
    <UnitTestResult executionId="841ec709-5b00-4405-adf0-75a711015796" testId="9bc706cc-8a93-1cbe-a917-e57f61a9b33c" testName="TestStory_Default" computerName="OWNER-PC" duration="00:00:00.0006232" startTime="2014-06-19T14:41:09.6905345-05:00" endTime="2014-06-19T14:41:09.6935347-05:00" testType="13cdc9d9-ddb5-4fa4-a97d-d965ccfc6d4b" outcome="Passed" testListId="8c84fa94-04c1-424b-9868-57a2d4851a1d">
      <Output>
      </Output>
    </UnitTestResult>
    <UnitTestResult executionId="d2eca34d-f600-42ff-9913-4fd28ea3a1da" testId="9fbc3db2-a72e-842c-8a9f-b86ecd2a1ffa" testName="TestSEOContent_SinglePageHTTP_Aggregate_WithoutPagination" computerName="OWNER-PC" duration="00:00:00.0484596" startTime="2014-06-19T14:41:09.6965348-05:00" endTime="2014-06-19T14:41:09.7475378-05:00" testType="13cdc9d9-ddb5-4fa4-a97d-d965ccfc6d4b" outcome="Passed" testListId="8c84fa94-04c1-424b-9868-57a2d4851a1d">
      <Output>
      </Output>
    </UnitTestResult>
    <UnitTestResult executionId="5aabb54b-dd6e-4411-b2d2-bc7ba107a187" testId="a16719c5-f614-973b-19a7-7416eb2f394c" testName="TestSEOContent_SinglePageHTTP_GetReviews_Blank_Page_Test" computerName="OWNER-PC" duration="00:00:00.0923483" startTime="2014-06-19T14:41:09.7475378-05:00" endTime="2014-06-19T14:41:09.8435433-05:00" testType="13cdc9d9-ddb5-4fa4-a97d-d965ccfc6d4b" outcome="Passed" testListId="8c84fa94-04c1-424b-9868-57a2d4851a1d">
      <Output>
      </Output>
    </UnitTestResult>
    <UnitTestResult executionId="a0931303-22ba-4c95-8664-31850dc9f762" testId="a6d9cbae-7a2a-2a07-9ac8-67310f1bbfe9" testName="TestEquality" computerName="OWNER-PC" duration="00:00:00.0007017" startTime="2014-06-19T14:41:09.8485435-05:00" endTime="2014-06-19T14:41:09.8515437-05:00" testType="13cdc9d9-ddb5-4fa4-a97d-d965ccfc6d4b" outcome="Passed" testListId="8c84fa94-04c1-424b-9868-57a2d4851a1d">
      <Output>
      </Output>
    </UnitTestResult>
    <UnitTestResult executionId="3585c4dc-d93c-4a6d-89d7-730c6a85546d" testId="ad53fe42-0f62-0dd7-7cc0-48e9888ed79f" testName="TestAdd_GetProperty" computerName="OWNER-PC" duration="00:00:00.0009831" startTime="2014-06-19T14:41:09.8535438-05:00" endTime="2014-06-19T14:41:09.8565440-05:00" testType="13cdc9d9-ddb5-4fa4-a97d-d965ccfc6d4b" outcome="Passed" testListId="8c84fa94-04c1-424b-9868-57a2d4851a1d">
      <Output>
      </Output>
    </UnitTestResult>
    <UnitTestResult executionId="30624025-0670-458e-b1c0-f78d6e8ebea7" testId="ad819142-0fc8-08d8-db73-e33e4581e13f" testName="Test_SinglePage_Stories" computerName="OWNER-PC" duration="00:00:00.0561619" startTime="2014-06-19T14:41:09.8605442-05:00" endTime="2014-06-19T14:41:09.9185475-05:00" testType="13cdc9d9-ddb5-4fa4-a97d-d965ccfc6d4b" outcome="Passed" testListId="8c84fa94-04c1-424b-9868-57a2d4851a1d">
      <Output>
      </Output>
    </UnitTestResult>
    <UnitTestResult executionId="4d361318-b454-44f7-9ae5-d30779c8aa64" testId="aeaa7568-80d7-74bb-5b00-573772c963a7" testName="TestSEOContentFromHTTP__InvalidCloudKey" computerName="OWNER-PC" duration="00:00:00.0944922" startTime="2014-06-19T14:41:09.9195476-05:00" endTime="2014-06-19T14:41:10.0195533-05:00" testType="13cdc9d9-ddb5-4fa4-a97d-d965ccfc6d4b" outcome="Passed" testListId="8c84fa94-04c1-424b-9868-57a2d4851a1d">
      <Output>
      </Output>
    </UnitTestResult>
    <UnitTestResult executionId="61710732-2e8c-4a72-9fda-0eb1dbb995dd" testId="b2d12f36-ff95-5ec9-cb04-8158ae12524d" testName="Test_InlinePage_Review" computerName="OWNER-PC" duration="00:00:00.0582318" startTime="2014-06-19T14:41:10.0235535-05:00" endTime="2014-06-19T14:41:10.0835570-05:00" testType="13cdc9d9-ddb5-4fa4-a97d-d965ccfc6d4b" outcome="Passed" testListId="8c84fa94-04c1-424b-9868-57a2d4851a1d">
      <Output>
      </Output>
    </UnitTestResult>
    <UnitTestResult executionId="c9513c8a-f8ad-44d3-8a08-0c9ce62ec405" testId="b356f059-aac1-f420-83c0-9add27c3b4a9" testName="TestSEOContentFromHTTP_SinglePagePRR" computerName="OWNER-PC" duration="00:00:00.0418884" startTime="2014-06-19T14:41:10.0845570-05:00" endTime="2014-06-19T14:41:10.1285596-05:00" testType="13cdc9d9-ddb5-4fa4-a97d-d965ccfc6d4b" outcome="Passed" testListId="8c84fa94-04c1-424b-9868-57a2d4851a1d">
      <Output>
      </Output>
    </UnitTestResult>
    <UnitTestResult executionId="4c7bd471-2d51-4095-850f-87bfdcc9b396" testId="b48b3fc7-9265-32fb-3e33-df8465400226" testName="TestStory_Default_None" computerName="OWNER-PC" duration="00:00:00.0006120" startTime="2014-06-19T14:41:10.1295596-05:00" endTime="2014-06-19T14:41:10.1325598-05:00" testType="13cdc9d9-ddb5-4fa4-a97d-d965ccfc6d4b" outcome="Passed" testListId="8c84fa94-04c1-424b-9868-57a2d4851a1d">
      <Output>
      </Output>
    </UnitTestResult>
    <UnitTestResult executionId="487fa9cc-2e4a-4f75-a0c2-4711b169eb06" testId="b6359c4b-4264-9433-7578-43f7a388767a" testName="Test_SinglePage_Stories" computerName="OWNER-PC" duration="00:00:00.0559436" startTime="2014-06-19T14:41:10.1335598-05:00" endTime="2014-06-19T14:41:10.1915632-05:00" testType="13cdc9d9-ddb5-4fa4-a97d-d965ccfc6d4b" outcome="Passed" testListId="8c84fa94-04c1-424b-9868-57a2d4851a1d">
      <Output>
      </Output>
    </UnitTestResult>
    <UnitTestResult executionId="0ca14231-c53e-4801-8c86-e9c322902709" testId="b643c69c-4cdc-3e70-5e26-8310153d1cef" testName="TestSEOContent_SinglePageHTTP_GetReviews_ERR0013" computerName="OWNER-PC" duration="00:00:00.0676748" startTime="2014-06-19T14:41:10.1925632-05:00" endTime="2014-06-19T14:41:10.2665674-05:00" testType="13cdc9d9-ddb5-4fa4-a97d-d965ccfc6d4b" outcome="Passed" testListId="8c84fa94-04c1-424b-9868-57a2d4851a1d">
      <Output>
      </Output>
    </UnitTestResult>
    <UnitTestResult executionId="e9fea252-5afa-42b7-bdf0-96762aae4e48" testId="b7f4a730-d7d6-6886-d361-333ee2505238" testName="TestSDKEnabled" computerName="OWNER-PC" duration="00:00:00.0008615" startTime="2014-06-19T14:41:10.2675675-05:00" endTime="2014-06-19T14:41:10.2715677-05:00" testType="13cdc9d9-ddb5-4fa4-a97d-d965ccfc6d4b" outcome="Passed" testListId="8c84fa94-04c1-424b-9868-57a2d4851a1d">
      <Output>
      </Output>
    </UnitTestResult>
    <UnitTestResult executionId="333e01e2-0840-4234-bd1d-a4caf2a097fa" testId="ba579d81-f213-d67c-11cb-81ed57511985" testName="Test_SinglePage_Stories" computerName="OWNER-PC" duration="00:00:00.0550524" startTime="2014-06-19T14:41:10.2715677-05:00" endTime="2014-06-19T14:41:10.3295710-05:00" testType="13cdc9d9-ddb5-4fa4-a97d-d965ccfc6d4b" outcome="Passed" testListId="8c84fa94-04c1-424b-9868-57a2d4851a1d">
      <Output>
      </Output>
    </UnitTestResult>
    <UnitTestResult executionId="85a56b1e-3b30-491f-9bc0-55e17eba9616" testId="c06fa58c-fdd8-dd0e-a4bc-27769392ea48" testName="TestShowUserAgentSeoContent" computerName="OWNER-PC" duration="00:00:00.0009939" startTime="2014-06-19T14:41:10.3305711-05:00" endTime="2014-06-19T14:41:10.3335713-05:00" testType="13cdc9d9-ddb5-4fa4-a97d-d965ccfc6d4b" outcome="Passed" testListId="8c84fa94-04c1-424b-9868-57a2d4851a1d">
      <Output>
      </Output>
    </UnitTestResult>
    <UnitTestResult executionId="b685e900-12a1-4b32-b941-dc7ebc2208ce" testId="c31714d1-4618-8354-d76b-91d08f8c9441" testName="TestSEOContentFromFile_SinglePagePRR" computerName="OWNER-PC" duration="00:00:00.0201417" startTime="2014-06-19T14:41:10.3345713-05:00" endTime="2014-06-19T14:41:10.3575727-05:00" testType="13cdc9d9-ddb5-4fa4-a97d-d965ccfc6d4b" outcome="Passed" testListId="8c84fa94-04c1-424b-9868-57a2d4851a1d">
      <Output>
      </Output>
    </UnitTestResult>
    <UnitTestResult executionId="f09e7ad6-500b-49fe-b6b3-6a17938c7e1c" testId="c3718dbe-75b9-2641-fc26-2579581d699d" testName="TestValidation" computerName="OWNER-PC" duration="00:00:00.0005254" startTime="2014-06-19T14:41:10.3605728-05:00" endTime="2014-06-19T14:41:10.3635730-05:00" testType="13cdc9d9-ddb5-4fa4-a97d-d965ccfc6d4b" outcome="Passed" testListId="8c84fa94-04c1-424b-9868-57a2d4851a1d">
      <Output>
      </Output>
    </UnitTestResult>
    <UnitTestResult executionId="b53ba377-c456-4a73-bb6c-bd9c7cf0ed6f" testId="cb9ab58d-8baa-855e-5d07-948d7c894c3b" testName="TestMessages" computerName="OWNER-PC" duration="00:00:00.0006779" startTime="2014-06-19T14:41:10.3645731-05:00" endTime="2014-06-19T14:41:10.3665732-05:00" testType="13cdc9d9-ddb5-4fa4-a97d-d965ccfc6d4b" outcome="Passed" testListId="8c84fa94-04c1-424b-9868-57a2d4851a1d">
      <Output>
      </Output>
    </UnitTestResult>
    <UnitTestResult executionId="86e27b3c-e6a8-428e-a4ed-c94db11366b6" testId="cff9f61b-6dcb-0390-8d2f-6388c5c19037" testName="TestBase_PageUri_For_PRR_HTTP" computerName="OWNER-PC" duration="00:00:00.0094176" startTime="2014-06-19T14:41:10.3765737-05:00" endTime="2014-06-19T14:41:10.3885744-05:00" testType="13cdc9d9-ddb5-4fa4-a97d-d965ccfc6d4b" outcome="Passed" testListId="8c84fa94-04c1-424b-9868-57a2d4851a1d">
      <Output>
      </Output>
    </UnitTestResult>
    <UnitTestResult executionId="e2bb614d-7426-4a70-a55b-71ecb0c17a6e" testId="d1e3fb7c-9317-1703-6861-0e422458bfcb" testName="TestSEOContent_SinglePageHTTP_AggregateRatingAndReviews" computerName="OWNER-PC" duration="00:00:00.0631747" startTime="2014-06-19T14:41:10.3885744-05:00" endTime="2014-06-19T14:41:10.4545782-05:00" testType="13cdc9d9-ddb5-4fa4-a97d-d965ccfc6d4b" outcome="Passed" testListId="8c84fa94-04c1-424b-9868-57a2d4851a1d">
      <Output>
      </Output>
    </UnitTestResult>
    <UnitTestResult executionId="c1d2ba3e-66c7-46e7-a389-bfdf24ab4959" testId="d59f7a52-4d79-9972-54da-b2b7c1ae1c5f" testName="Test_SinglePage_Review" computerName="OWNER-PC" duration="00:00:00.0590163" startTime="2014-06-19T14:41:10.4565783-05:00" endTime="2014-06-19T14:41:10.5185819-05:00" testType="13cdc9d9-ddb5-4fa4-a97d-d965ccfc6d4b" outcome="Passed" testListId="8c84fa94-04c1-424b-9868-57a2d4851a1d">
      <Output>
      </Output>
    </UnitTestResult>
    <UnitTestResult executionId="ac4338c0-38cd-46dd-83b8-a2a7a1f32792" testId="d5b9f4f0-6010-0c54-3743-eb4ff4f22503" testName="Test_InteractivePage_Stories" computerName="OWNER-PC" duration="00:00:00.0473687" startTime="2014-06-19T14:41:10.5215820-05:00" endTime="2014-06-19T14:41:10.5705848-05:00" testType="13cdc9d9-ddb5-4fa4-a97d-d965ccfc6d4b" outcome="Passed" testListId="8c84fa94-04c1-424b-9868-57a2d4851a1d">
      <Output>
      </Output>
    </UnitTestResult>
    <UnitTestResult executionId="c497e28e-0dc2-47ed-a2b0-d3fae118e5c5" testId="d8ca1f24-9443-c0e5-1264-61d20ec22e40" testName="TestSEOContentFromFile_SinglePage_FileUnavailableError_bvReveal" computerName="OWNER-PC" duration="00:00:00.0304047" startTime="2014-06-19T14:41:10.5735850-05:00" endTime="2014-06-19T14:41:10.6065869-05:00" testType="13cdc9d9-ddb5-4fa4-a97d-d965ccfc6d4b" outcome="Passed" testListId="8c84fa94-04c1-424b-9868-57a2d4851a1d">
      <Output>
      </Output>
    </UnitTestResult>
    <UnitTestResult executionId="dffd06ec-ad6a-46b8-b5a8-42298fb51b62" testId="da0c38e7-f05e-1866-f108-b4c889ec0aac" testName="Test_InlinePage_Question" computerName="OWNER-PC" duration="00:00:00.0466769" startTime="2014-06-19T14:41:10.6105871-05:00" endTime="2014-06-19T14:41:10.6595899-05:00" testType="13cdc9d9-ddb5-4fa4-a97d-d965ccfc6d4b" outcome="Passed" testListId="8c84fa94-04c1-424b-9868-57a2d4851a1d">
      <Output>
      </Output>
    </UnitTestResult>
    <UnitTestResult executionId="9a3ca07b-75ca-418d-8b2d-f594d4fc7777" testId="da2e4a92-4ba6-bd6e-bb80-20abea394ccb" testName="TestStory_Stories_PageNumber" computerName="OWNER-PC" duration="00:00:00.0105647" startTime="2014-06-19T14:41:10.6615900-05:00" endTime="2014-06-19T14:41:10.6745908-05:00" testType="13cdc9d9-ddb5-4fa4-a97d-d965ccfc6d4b" outcome="Passed" testListId="8c84fa94-04c1-424b-9868-57a2d4851a1d">
      <Output>
      </Output>
    </UnitTestResult>
    <UnitTestResult executionId="a89c2251-9c71-4715-970e-1e89e4e3c782" testId="dcc3c09a-4129-5a88-ed35-c7f7905cd23e" testName="TestSEOContentFromFile_SinglePageC2013" computerName="OWNER-PC" duration="00:00:00.0238073" startTime="2014-06-19T14:41:10.6775910-05:00" endTime="2014-06-19T14:41:10.7035924-05:00" testType="13cdc9d9-ddb5-4fa4-a97d-d965ccfc6d4b" outcome="Passed" testListId="8c84fa94-04c1-424b-9868-57a2d4851a1d">
      <Output>
      </Output>
    </UnitTestResult>
    <UnitTestResult executionId="95935b9f-7bd6-46a1-a27a-fa3649977ef8" testId="dcc51909-54b6-883c-dfae-331a4fe24ce0" testName="TestSEOContent_SinglePageHTTP_AggregateRating_IfNotPresent" computerName="OWNER-PC" duration="00:00:00.1108371" startTime="2014-06-19T14:41:10.7055926-05:00" endTime="2014-06-19T14:41:10.8195991-05:00" testType="13cdc9d9-ddb5-4fa4-a97d-d965ccfc6d4b" outcome="Passed" testListId="8c84fa94-04c1-424b-9868-57a2d4851a1d">
      <Output>
      </Output>
    </UnitTestResult>
    <UnitTestResult executionId="e09eb425-f16e-4ede-8114-9a08e993bc6c" testId="e5392506-b2a1-3752-d638-f48e2c0698ee" testName="Test_InteractivePage_Question" computerName="OWNER-PC" duration="00:00:00.0539884" startTime="2014-06-19T14:41:10.8225992-05:00" endTime="2014-06-19T14:41:10.8796025-05:00" testType="13cdc9d9-ddb5-4fa4-a97d-d965ccfc6d4b" outcome="Passed" testListId="8c84fa94-04c1-424b-9868-57a2d4851a1d">
      <Output>
      </Output>
    </UnitTestResult>
    <UnitTestResult executionId="16644b88-3c1e-44c3-8fc4-461493df20ae" testId="ef6ccb04-b599-464a-c095-b5e5580d4593" testName="TestDisplayFooter_Debug" computerName="OWNER-PC" duration="00:00:00.0283113" startTime="2014-06-19T14:41:10.8816026-05:00" endTime="2014-06-19T14:41:10.9126044-05:00" testType="13cdc9d9-ddb5-4fa4-a97d-d965ccfc6d4b" outcome="Passed" testListId="8c84fa94-04c1-424b-9868-57a2d4851a1d">
      <Output>
      </Output>
    </UnitTestResult>
    <UnitTestResult executionId="b9fb6428-9146-4d30-aee6-ddfee27e54e1" testId="f257fd26-c7b6-848a-b0cf-55010618c280" testName="BVManagedUIContentTestExecutionTimeOut" computerName="OWNER-PC" duration="00:00:00.0339375" startTime="2014-06-19T14:41:10.9146045-05:00" endTime="2014-06-19T14:41:10.9516066-05:00" testType="13cdc9d9-ddb5-4fa4-a97d-d965ccfc6d4b" outcome="Passed" testListId="8c84fa94-04c1-424b-9868-57a2d4851a1d">
      <Output>
      </Output>
    </UnitTestResult>
    <UnitTestResult executionId="d546f594-c90f-46dd-adf5-6884f4b7c3ba" testId="f85c0aa3-3674-b42a-2128-69bd3afe7ca6" testName="TestSEOContentFrom_Using_HTTPS" computerName="OWNER-PC" duration="00:00:00.0701147" startTime="2014-06-19T14:41:10.9566069-05:00" endTime="2014-06-19T14:41:11.0296111-05:00" testType="13cdc9d9-ddb5-4fa4-a97d-d965ccfc6d4b" outcome="Passed" testListId="8c84fa94-04c1-424b-9868-57a2d4851a1d">
      <Output>
      </Output>
    </UnitTestResult>
    <UnitTestResult executionId="802dd1bf-f421-4fa2-a28b-ef7e83bdfe13" testId="fc6b45b6-617d-35be-f3b7-a6ec6b460ed6" testName="TestSEOContentFromHTTP_SinglePageC2013" computerName="OWNER-PC" duration="00:00:00.0534672" startTime="2014-06-19T14:41:11.0306111-05:00" endTime="2014-06-19T14:41:11.0876144-05:00" testType="13cdc9d9-ddb5-4fa4-a97d-d965ccfc6d4b" outcome="Passed" testListId="8c84fa94-04c1-424b-9868-57a2d4851a1d">
      <Output>
      </Output>
    </UnitTestResult>
  </Results>
</TestRun>