<?xml version="1.0" encoding="UTF-8"?>
<TestRun id="4a6c0f65-f6b0-44a2-8be9-9abab6df80a9" name="Mohan Krupanandan@OWNER-PC 2014-06-19 15:29:34" runUser="Owner-PC\Mohan Krupanandan" xmlns="http://microsoft.com/schemas/VisualStudio/TeamTest/2006">
  <TestRunConfiguration name="Local Test Run" id="7484b31a-7605-4c36-89c2-1c7908653846">
    <Description>This is a default test run configuration for a local test run.</Description>
    <Deployment runDeploymentRoot="C:\Projects\BVSeoSdkDotNet\TestResults\Mohan Krupanandan_OWNER-PC 2014-06-19 15_29_34">
      <DeploymentItem filename="C:\Projects\BVSeoSdkDotNet\BVSeoSdkDotNet\bin\Debug\BVSeoSdkDotNet.dll" />
    </Deployment>
    <TestTypeSpecific />
  </TestRunConfiguration>
  <ResultSummary outcome="Completed">
    <Counters total="63" executed="63" passed="63" error="0" failed="0" timeout="0" aborted="0" inconclusive="0" passedButRunAborted="0" notRunnable="0" notExecuted="0" disconnected="0" warning="0" completed="0" inProgress="0" pending="0" />
  </ResultSummary>
  <Times creation="2014-06-19T15:29:34.1076577-05:00" queuing="2014-06-19T15:29:34.7956970-05:00" start="2014-06-19T15:29:34.8557004-05:00" finish="2014-06-19T15:29:38.4939085-05:00" />
  <TestDefinitions>
    <UnitTest name="TestSEOContentFromHTTP_SinglePageC2013" storage="c:\projects\bvseosdkdotnet\bvseosdkdotnettest\bin\debug\bvseosdktest.dll" id="fc6b45b6-617d-35be-f3b7-a6ec6b460ed6">
      <Css projectStructure="" iteration="" />
      <Owners>
        <Owner name="" />
      </Owners>
      <Execution id="a7634296-b2b3-4230-98d7-648ad10082a1" />
      <TestMethod codeBase="C:\Projects\BVSeoSdkDotNet\BVSeoSdkDotNetTest\bin\Debug\BVSEOSDKTest.dll" adapterTypeName="Microsoft.VisualStudio.TestTools.TestTypes.Unit.UnitTestAdapter, Microsoft.VisualStudio.QualityTools.Tips.UnitTest.Adapter, Version=9.0.0.0, Culture=neutral, PublicKeyToken=b03f5f7f11d50a3a" className="BVSeoSdkDotNet.BVManagedUIContent_SinglePageTest, BVSEOSDKTest" name="TestSEOContentFromHTTP_SinglePageC2013" />
    </UnitTest>
    <UnitTest name="TestSEOContentFromHTTP__InvalidCloudKey" storage="c:\projects\bvseosdkdotnet\bvseosdkdotnettest\bin\debug\bvseosdktest.dll" id="aeaa7568-80d7-74bb-5b00-573772c963a7">
      <Css projectStructure="" iteration="" />
      <Owners>
        <Owner name="" />
      </Owners>
      <Execution id="64e854b1-8f3b-4e13-9a41-9af8cc4bfd67" />
      <TestMethod codeBase="C:\Projects\BVSeoSdkDotNet\BVSeoSdkDotNetTest\bin\Debug\BVSEOSDKTest.dll" adapterTypeName="Microsoft.VisualStudio.TestTools.TestTypes.Unit.UnitTestAdapter, Microsoft.VisualStudio.QualityTools.Tips.UnitTest.Adapter, Version=9.0.0.0, Culture=neutral, PublicKeyToken=b03f5f7f11d50a3a" className="BVSeoSdkDotNet.BVManagedUIContent_SinglePageTest, BVSEOSDKTest" name="TestSEOContentFromHTTP__InvalidCloudKey" />
    </UnitTest>
    <UnitTest name="TestUri_For_C2013_File" storage="c:\projects\bvseosdkdotnet\bvseosdkdotnettest\bin\debug\bvseosdktest.dll" id="47f9a937-2bcb-0684-d30d-91119567ec8d">
      <Css projectStructure="" iteration="" />
      <Owners>
        <Owner name="" />
      </Owners>
      <Execution id="82f32266-4b41-47b5-a319-82c953f61952" />
      <TestMethod codeBase="C:\Projects\BVSeoSdkDotNet\BVSeoSdkDotNetTest\bin\Debug\BVSEOSDKTest.dll" adapterTypeName="Microsoft.VisualStudio.TestTools.TestTypes.Unit.UnitTestAdapter, Microsoft.VisualStudio.QualityTools.Tips.UnitTest.Adapter, Version=9.0.0.0, Culture=neutral, PublicKeyToken=b03f5f7f11d50a3a" className="BVSEOSDKTest.BVSeoSdkURLBuilderTest, BVSEOSDKTest" name="TestUri_For_C2013_File" />
    </UnitTest>
    <UnitTest name="TestAdd_GetProperty" storage="c:\projects\bvseosdkdotnet\bvseosdkdotnettest\bin\debug\bvseosdktest.dll" id="ad53fe42-0f62-0dd7-7cc0-48e9888ed79f">
      <Css projectStructure="" iteration="" />
      <Owners>
        <Owner name="" />
      </Owners>
      <Execution id="dcc1d4c1-bf13-4505-886e-29a7d2388628" />
      <TestMethod codeBase="C:\Projects\BVSeoSdkDotNet\BVSeoSdkDotNetTest\bin\Debug\BVSEOSDKTest.dll" adapterTypeName="Microsoft.VisualStudio.TestTools.TestTypes.Unit.UnitTestAdapter, Microsoft.VisualStudio.QualityTools.Tips.UnitTest.Adapter, Version=9.0.0.0, Culture=neutral, PublicKeyToken=b03f5f7f11d50a3a" className="BVSEOSDKTest.BVSdkConfigurationTest, BVSEOSDKTest" name="TestAdd_GetProperty" />
    </UnitTest>
    <UnitTest name="TestSEOContent_SinglePageHTTP_AggregateRating_BotDetectionEnabled" storage="c:\projects\bvseosdkdotnet\bvseosdkdotnettest\bin\debug\bvseosdktest.dll" id="4e53e90c-79f3-2fe5-42dc-76c59df7f553">
      <Css projectStructure="" iteration="" />
      <Owners>
        <Owner name="" />
      </Owners>
      <Execution id="bcfdf3ed-a9da-4764-8844-ea5951589e2e" />
      <TestMethod codeBase="C:\Projects\BVSeoSdkDotNet\BVSeoSdkDotNetTest\bin\Debug\BVSEOSDKTest.dll" adapterTypeName="Microsoft.VisualStudio.TestTools.TestTypes.Unit.UnitTestAdapter, Microsoft.VisualStudio.QualityTools.Tips.UnitTest.Adapter, Version=9.0.0.0, Culture=neutral, PublicKeyToken=b03f5f7f11d50a3a" className="BVSEOSDKTest.BVManagedUIContentAggregateReviewTest, BVSEOSDKTest" name="TestSEOContent_SinglePageHTTP_AggregateRating_BotDetectionEnabled" />
    </UnitTest>
    <UnitTest name="BVManagedUIContentTestExecutionTimeOut" storage="c:\projects\bvseosdkdotnet\bvseosdkdotnettest\bin\debug\bvseosdktest.dll" id="f257fd26-c7b6-848a-b0cf-55010618c280">
      <Css projectStructure="" iteration="" />
      <Owners>
        <Owner name="" />
      </Owners>
      <Execution id="2e3c05c9-57e2-4232-afaa-71ce5659bf27" />
      <TestMethod codeBase="C:\Projects\BVSeoSdkDotNet\BVSeoSdkDotNetTest\bin\Debug\BVSEOSDKTest.dll" adapterTypeName="Microsoft.VisualStudio.TestTools.TestTypes.Unit.UnitTestAdapter, Microsoft.VisualStudio.QualityTools.Tips.UnitTest.Adapter, Version=9.0.0.0, Culture=neutral, PublicKeyToken=b03f5f7f11d50a3a" className="BVSeoSdkDotNet.BVManagedUIContentTest, BVSEOSDKTest" name="BVManagedUIContentTestExecutionTimeOut" />
    </UnitTest>
    <UnitTest name="TestStory_Default_None" storage="c:\projects\bvseosdkdotnet\bvseosdkdotnettest\bin\debug\bvseosdktest.dll" id="b48b3fc7-9265-32fb-3e33-df8465400226">
      <Css projectStructure="" iteration="" />
      <Owners>
        <Owner name="" />
      </Owners>
      <Execution id="8b9d82e4-1670-449b-bf28-c23b11a3770f" />
      <TestMethod codeBase="C:\Projects\BVSeoSdkDotNet\BVSeoSdkDotNetTest\bin\Debug\BVSEOSDKTest.dll" adapterTypeName="Microsoft.VisualStudio.TestTools.TestTypes.Unit.UnitTestAdapter, Microsoft.VisualStudio.QualityTools.Tips.UnitTest.Adapter, Version=9.0.0.0, Culture=neutral, PublicKeyToken=b03f5f7f11d50a3a" className="BVSEOSDKTest.BVSeoSdkURLBuilderTest, BVSEOSDKTest" name="TestStory_Default_None" />
    </UnitTest>
    <UnitTest name="TestBase_PageUri_For_PRR_HTTP" storage="c:\projects\bvseosdkdotnet\bvseosdkdotnettest\bin\debug\bvseosdktest.dll" id="cff9f61b-6dcb-0390-8d2f-6388c5c19037">
      <Css projectStructure="" iteration="" />
      <Owners>
        <Owner name="" />
      </Owners>
      <Execution id="54f8fb40-1786-4ad9-b966-59e3e1d8a2d5" />
      <TestMethod codeBase="C:\Projects\BVSeoSdkDotNet\BVSeoSdkDotNetTest\bin\Debug\BVSEOSDKTest.dll" adapterTypeName="Microsoft.VisualStudio.TestTools.TestTypes.Unit.UnitTestAdapter, Microsoft.VisualStudio.QualityTools.Tips.UnitTest.Adapter, Version=9.0.0.0, Culture=neutral, PublicKeyToken=b03f5f7f11d50a3a" className="BVSEOSDKTest.BVSeoSdkURLBuilderTest, BVSEOSDKTest" name="TestBase_PageUri_For_PRR_HTTP" />
    </UnitTest>
    <UnitTest name="TestSEOContent_SinglePageHTTP_GetContent_SDK_Disabled" storage="c:\projects\bvseosdkdotnet\bvseosdkdotnettest\bin\debug\bvseosdktest.dll" id="2d0de862-bf6f-df20-4a30-d5604ca0eadc">
      <Css projectStructure="" iteration="" />
      <Owners>
        <Owner name="" />
      </Owners>
      <Execution id="af2facb8-16d6-434a-8ba4-1d9903a73f33" />
      <TestMethod codeBase="C:\Projects\BVSeoSdkDotNet\BVSeoSdkDotNetTest\bin\Debug\BVSEOSDKTest.dll" adapterTypeName="Microsoft.VisualStudio.TestTools.TestTypes.Unit.UnitTestAdapter, Microsoft.VisualStudio.QualityTools.Tips.UnitTest.Adapter, Version=9.0.0.0, Culture=neutral, PublicKeyToken=b03f5f7f11d50a3a" className="BVSEOSDKTest.BVManagedUIContentAggregateReviewTest, BVSEOSDKTest" name="TestSEOContent_SinglePageHTTP_GetContent_SDK_Disabled" />
    </UnitTest>
    <UnitTest name="Test_SinglePage_Question" storage="c:\projects\bvseosdkdotnet\bvseosdkdotnettest\bin\debug\bvseosdktest.dll" id="6ae7685d-361b-24f8-8983-14c25fd9df76">
      <Css projectStructure="" iteration="" />
      <Owners>
        <Owner name="" />
      </Owners>
      <Execution id="d2f2caac-57f9-4632-9cc8-2abfb1242d13" />
      <TestMethod codeBase="C:\Projects\BVSeoSdkDotNet\BVSeoSdkDotNetTest\bin\Debug\BVSEOSDKTest.dll" adapterTypeName="Microsoft.VisualStudio.TestTools.TestTypes.Unit.UnitTestAdapter, Microsoft.VisualStudio.QualityTools.Tips.UnitTest.Adapter, Version=9.0.0.0, Culture=neutral, PublicKeyToken=b03f5f7f11d50a3a" className="BVSEOSDKTest.BVManagedUIContent4_Test, BVSEOSDKTest" name="Test_SinglePage_Question" />
    </UnitTest>
    <UnitTest name="TestBVCoreConfig" storage="c:\projects\bvseosdkdotnet\bvseosdkdotnettest\bin\debug\bvseosdktest.dll" id="6b64ef0b-98a8-9656-ca76-083b22cdebf3">
      <Css projectStructure="" iteration="" />
      <Owners>
        <Owner name="" />
      </Owners>
      <Execution id="8152e86d-bd8b-432e-9674-709bf49a90f5" />
      <TestMethod codeBase="C:\Projects\BVSeoSdkDotNet\BVSeoSdkDotNetTest\bin\Debug\BVSEOSDKTest.dll" adapterTypeName="Microsoft.VisualStudio.TestTools.TestTypes.Unit.UnitTestAdapter, Microsoft.VisualStudio.QualityTools.Tips.UnitTest.Adapter, Version=9.0.0.0, Culture=neutral, PublicKeyToken=b03f5f7f11d50a3a" className="BVSEOSDKTest.BVSdkConfigurationTest, BVSEOSDKTest" name="TestBVCoreConfig" />
    </UnitTest>
    <UnitTest name="BVManagedUIContentTestPagination" storage="c:\projects\bvseosdkdotnet\bvseosdkdotnettest\bin\debug\bvseosdktest.dll" id="8d264e89-646c-4a3d-bb37-95d58ddc393f">
      <Css projectStructure="" iteration="" />
      <Owners>
        <Owner name="" />
      </Owners>
      <Execution id="faca2408-caa6-476e-87f1-a12a407435e8" />
      <TestMethod codeBase="C:\Projects\BVSeoSdkDotNet\BVSeoSdkDotNetTest\bin\Debug\BVSEOSDKTest.dll" adapterTypeName="Microsoft.VisualStudio.TestTools.TestTypes.Unit.UnitTestAdapter, Microsoft.VisualStudio.QualityTools.Tips.UnitTest.Adapter, Version=9.0.0.0, Culture=neutral, PublicKeyToken=b03f5f7f11d50a3a" className="BVSeoSdkDotNet.BVManagedUIContentTest, BVSEOSDKTest" name="BVManagedUIContentTestPagination" />
    </UnitTest>
    <UnitTest name="Test_InlinePage_Stories" storage="c:\projects\bvseosdkdotnet\bvseosdkdotnettest\bin\debug\bvseosdktest.dll" id="3bb26db2-7d35-fe6b-cd94-62d30d126293">
      <Css projectStructure="" iteration="" />
      <Owners>
        <Owner name="" />
      </Owners>
      <Execution id="91051d99-6e82-417c-8a9f-fc2c7ba07342" />
      <TestMethod codeBase="C:\Projects\BVSeoSdkDotNet\BVSeoSdkDotNetTest\bin\Debug\BVSEOSDKTest.dll" adapterTypeName="Microsoft.VisualStudio.TestTools.TestTypes.Unit.UnitTestAdapter, Microsoft.VisualStudio.QualityTools.Tips.UnitTest.Adapter, Version=9.0.0.0, Culture=neutral, PublicKeyToken=b03f5f7f11d50a3a" className="BVSEOSDKTest.BVManagedUIContent4_Test, BVSEOSDKTest" name="Test_InlinePage_Stories" />
    </UnitTest>
    <UnitTest name="Test_SinglePage_Review" storage="c:\projects\bvseosdkdotnet\bvseosdkdotnettest\bin\debug\bvseosdktest.dll" id="6fd35cd4-d5d7-540a-5c99-9f9e1332807e">
      <Css projectStructure="" iteration="" />
      <Owners>
        <Owner name="" />
      </Owners>
      <Execution id="4e8b6aac-1ac5-4265-a74d-acb33c5861e0" />
      <TestMethod codeBase="C:\Projects\BVSeoSdkDotNet\BVSeoSdkDotNetTest\bin\Debug\BVSEOSDKTest.dll" adapterTypeName="Microsoft.VisualStudio.TestTools.TestTypes.Unit.UnitTestAdapter, Microsoft.VisualStudio.QualityTools.Tips.UnitTest.Adapter, Version=9.0.0.0, Culture=neutral, PublicKeyToken=b03f5f7f11d50a3a" className="BVSEOSDKTest.BVManagedUIContent3_Test, BVSEOSDKTest" name="Test_SinglePage_Review" />
    </UnitTest>
    <UnitTest name="Test_SinglePage_Question" storage="c:\projects\bvseosdkdotnet\bvseosdkdotnettest\bin\debug\bvseosdktest.dll" id="668619da-6a06-d548-720e-a61936cf267f">
      <Css projectStructure="" iteration="" />
      <Owners>
        <Owner name="" />
      </Owners>
      <Execution id="bca495fe-42af-428f-a85e-d6577f70878a" />
      <TestMethod codeBase="C:\Projects\BVSeoSdkDotNet\BVSeoSdkDotNetTest\bin\Debug\BVSEOSDKTest.dll" adapterTypeName="Microsoft.VisualStudio.TestTools.TestTypes.Unit.UnitTestAdapter, Microsoft.VisualStudio.QualityTools.Tips.UnitTest.Adapter, Version=9.0.0.0, Culture=neutral, PublicKeyToken=b03f5f7f11d50a3a" className="BVSEOSDKTest.BVManagedUIContent2_Test, BVSEOSDKTest" name="Test_SinglePage_Question" />
    </UnitTest>
    <UnitTest name="TestSEOContentFromHTTP_SinglePagePRR_AggregateRating" storage="c:\projects\bvseosdkdotnet\bvseosdkdotnettest\bin\debug\bvseosdktest.dll" id="83670232-d932-24b5-97b0-54c95872e53a">
      <Css projectStructure="" iteration="" />
      <Owners>
        <Owner name="" />
      </Owners>
      <Execution id="58ee38d5-0254-4e79-bd0f-e105f967e93e" />
      <TestMethod codeBase="C:\Projects\BVSeoSdkDotNet\BVSeoSdkDotNetTest\bin\Debug\BVSEOSDKTest.dll" adapterTypeName="Microsoft.VisualStudio.TestTools.TestTypes.Unit.UnitTestAdapter, Microsoft.VisualStudio.QualityTools.Tips.UnitTest.Adapter, Version=9.0.0.0, Culture=neutral, PublicKeyToken=b03f5f7f11d50a3a" className="BVSEOSDKTest.BVManagedUIContentAggregateReviewTest, BVSEOSDKTest" name="TestSEOContentFromHTTP_SinglePagePRR_AggregateRating" />
    </UnitTest>
    <UnitTest name="TestSEOContent_SinglePageHTTP_GetReview_SDK_Disabled" storage="c:\projects\bvseosdkdotnet\bvseosdkdotnettest\bin\debug\bvseosdktest.dll" id="79217038-898f-bfff-42c1-8f4916c3308c">
      <Css projectStructure="" iteration="" />
      <Owners>
        <Owner name="" />
      </Owners>
      <Execution id="c8dce9f9-0f5c-4d1c-b633-3f46474f4705" />
      <TestMethod codeBase="C:\Projects\BVSeoSdkDotNet\BVSeoSdkDotNetTest\bin\Debug\BVSEOSDKTest.dll" adapterTypeName="Microsoft.VisualStudio.TestTools.TestTypes.Unit.UnitTestAdapter, Microsoft.VisualStudio.QualityTools.Tips.UnitTest.Adapter, Version=9.0.0.0, Culture=neutral, PublicKeyToken=b03f5f7f11d50a3a" className="BVSEOSDKTest.BVManagedUIContentAggregateReviewTest, BVSEOSDKTest" name="TestSEOContent_SinglePageHTTP_GetReview_SDK_Disabled" />
    </UnitTest>
    <UnitTest name="TestUri_For_C2013_HTTP" storage="c:\projects\bvseosdkdotnet\bvseosdkdotnettest\bin\debug\bvseosdktest.dll" id="4519dc37-d6af-1168-2fe0-550fdf975e5c">
      <Css projectStructure="" iteration="" />
      <Owners>
        <Owner name="" />
      </Owners>
      <Execution id="6b7e7f6f-1812-48c9-a269-52c6fae1532f" />
      <TestMethod codeBase="C:\Projects\BVSeoSdkDotNet\BVSeoSdkDotNetTest\bin\Debug\BVSEOSDKTest.dll" adapterTypeName="Microsoft.VisualStudio.TestTools.TestTypes.Unit.UnitTestAdapter, Microsoft.VisualStudio.QualityTools.Tips.UnitTest.Adapter, Version=9.0.0.0, Culture=neutral, PublicKeyToken=b03f5f7f11d50a3a" className="BVSEOSDKTest.BVSeoSdkURLBuilderTest, BVSEOSDKTest" name="TestUri_For_C2013_HTTP" />
    </UnitTest>
    <UnitTest name="TestStory_Stories_PageNumber" storage="c:\projects\bvseosdkdotnet\bvseosdkdotnettest\bin\debug\bvseosdktest.dll" id="da2e4a92-4ba6-bd6e-bb80-20abea394ccb">
      <Css projectStructure="" iteration="" />
      <Owners>
        <Owner name="" />
      </Owners>
      <Execution id="49339fe7-372d-4639-933d-1b80bea49674" />
      <TestMethod codeBase="C:\Projects\BVSeoSdkDotNet\BVSeoSdkDotNetTest\bin\Debug\BVSEOSDKTest.dll" adapterTypeName="Microsoft.VisualStudio.TestTools.TestTypes.Unit.UnitTestAdapter, Microsoft.VisualStudio.QualityTools.Tips.UnitTest.Adapter, Version=9.0.0.0, Culture=neutral, PublicKeyToken=b03f5f7f11d50a3a" className="BVSEOSDKTest.BVSeoSdkURLBuilderTest, BVSEOSDKTest" name="TestStory_Stories_PageNumber" />
    </UnitTest>
    <UnitTest name="TestBase_PageUri_For_PRR_File" storage="c:\projects\bvseosdkdotnet\bvseosdkdotnettest\bin\debug\bvseosdktest.dll" id="75867207-bc67-e8f1-ac3b-474d1963e810">
      <Css projectStructure="" iteration="" />
      <Owners>
        <Owner name="" />
      </Owners>
      <Execution id="381df568-7c7c-4654-a898-ef9e07aeb598" />
      <TestMethod codeBase="C:\Projects\BVSeoSdkDotNet\BVSeoSdkDotNetTest\bin\Debug\BVSEOSDKTest.dll" adapterTypeName="Microsoft.VisualStudio.TestTools.TestTypes.Unit.UnitTestAdapter, Microsoft.VisualStudio.QualityTools.Tips.UnitTest.Adapter, Version=9.0.0.0, Culture=neutral, PublicKeyToken=b03f5f7f11d50a3a" className="BVSEOSDKTest.BVSeoSdkURLBuilderTest, BVSEOSDKTest" name="TestBase_PageUri_For_PRR_File" />
    </UnitTest>
    <UnitTest name="Test_InteractivePage_Review" storage="c:\projects\bvseosdkdotnet\bvseosdkdotnettest\bin\debug\bvseosdktest.dll" id="5cb9f28b-a05f-b9c4-950a-9a1b1d53a576">
      <Css projectStructure="" iteration="" />
      <Owners>
        <Owner name="" />
      </Owners>
      <Execution id="956aa3f7-8529-43bb-8765-6616b1a375d2" />
      <TestMethod codeBase="C:\Projects\BVSeoSdkDotNet\BVSeoSdkDotNetTest\bin\Debug\BVSEOSDKTest.dll" adapterTypeName="Microsoft.VisualStudio.TestTools.TestTypes.Unit.UnitTestAdapter, Microsoft.VisualStudio.QualityTools.Tips.UnitTest.Adapter, Version=9.0.0.0, Culture=neutral, PublicKeyToken=b03f5f7f11d50a3a" className="BVSEOSDKTest.BVManagedUIContent2_Test, BVSEOSDKTest" name="Test_InteractivePage_Review" />
    </UnitTest>
    <UnitTest name="TestSEOContentFromHTTP_SinglePage_FileUnavailableError" storage="c:\projects\bvseosdkdotnet\bvseosdkdotnettest\bin\debug\bvseosdktest.dll" id="49ae87b0-a9db-70e4-4183-fa3f62452b2a">
      <Css projectStructure="" iteration="" />
      <Owners>
        <Owner name="" />
      </Owners>
      <Execution id="304d8222-9a6c-4641-89db-f76b3ed9f727" />
      <TestMethod codeBase="C:\Projects\BVSeoSdkDotNet\BVSeoSdkDotNetTest\bin\Debug\BVSEOSDKTest.dll" adapterTypeName="Microsoft.VisualStudio.TestTools.TestTypes.Unit.UnitTestAdapter, Microsoft.VisualStudio.QualityTools.Tips.UnitTest.Adapter, Version=9.0.0.0, Culture=neutral, PublicKeyToken=b03f5f7f11d50a3a" className="BVSeoSdkDotNet.BVManagedUIContent_SinglePageTest, BVSEOSDKTest" name="TestSEOContentFromHTTP_SinglePage_FileUnavailableError" />
    </UnitTest>
    <UnitTest name="TestAggregate_NullSubjectID" storage="c:\projects\bvseosdkdotnet\bvseosdkdotnettest\bin\debug\bvseosdktest.dll" id="48c1bde0-440e-e42e-8163-c0c839234cdf">
      <Css projectStructure="" iteration="" />
      <Owners>
        <Owner name="" />
      </Owners>
      <Execution id="c572c7e1-5f06-4e3f-90fe-e22bf1b9ed75" />
      <TestMethod codeBase="C:\Projects\BVSeoSdkDotNet\BVSeoSdkDotNetTest\bin\Debug\BVSEOSDKTest.dll" adapterTypeName="Microsoft.VisualStudio.TestTools.TestTypes.Unit.UnitTestAdapter, Microsoft.VisualStudio.QualityTools.Tips.UnitTest.Adapter, Version=9.0.0.0, Culture=neutral, PublicKeyToken=b03f5f7f11d50a3a" className="BVSEOSDKTest.BVManagedUIContentAggregateReviewTest, BVSEOSDKTest" name="TestAggregate_NullSubjectID" />
    </UnitTest>
    <UnitTest name="TestSEOContentFromFile_SinglePage_FileUnavailableError_bvReveal" storage="c:\projects\bvseosdkdotnet\bvseosdkdotnettest\bin\debug\bvseosdktest.dll" id="d8ca1f24-9443-c0e5-1264-61d20ec22e40">
      <Css projectStructure="" iteration="" />
      <Owners>
        <Owner name="" />
      </Owners>
      <Execution id="bb4e36c8-f2c7-4819-9e00-d6359f423a43" />
      <TestMethod codeBase="C:\Projects\BVSeoSdkDotNet\BVSeoSdkDotNetTest\bin\Debug\BVSEOSDKTest.dll" adapterTypeName="Microsoft.VisualStudio.TestTools.TestTypes.Unit.UnitTestAdapter, Microsoft.VisualStudio.QualityTools.Tips.UnitTest.Adapter, Version=9.0.0.0, Culture=neutral, PublicKeyToken=b03f5f7f11d50a3a" className="BVSeoSdkDotNet.BVManagedUIContent_SinglePageTest, BVSEOSDKTest" name="TestSEOContentFromFile_SinglePage_FileUnavailableError_bvReveal" />
    </UnitTest>
    <UnitTest name="Test_SinglePage_Stories" storage="c:\projects\bvseosdkdotnet\bvseosdkdotnettest\bin\debug\bvseosdktest.dll" id="ba579d81-f213-d67c-11cb-81ed57511985">
      <Css projectStructure="" iteration="" />
      <Owners>
        <Owner name="" />
      </Owners>
      <Execution id="90b036ff-cc84-46ce-ba2a-dd83c12eb4d7" />
      <TestMethod codeBase="C:\Projects\BVSeoSdkDotNet\BVSeoSdkDotNetTest\bin\Debug\BVSEOSDKTest.dll" adapterTypeName="Microsoft.VisualStudio.TestTools.TestTypes.Unit.UnitTestAdapter, Microsoft.VisualStudio.QualityTools.Tips.UnitTest.Adapter, Version=9.0.0.0, Culture=neutral, PublicKeyToken=b03f5f7f11d50a3a" className="BVSEOSDKTest.BVManagedUIContent3_Test, BVSEOSDKTest" name="Test_SinglePage_Stories" />
    </UnitTest>
    <UnitTest name="TestSearchContentNullBVQueryParams" storage="c:\projects\bvseosdkdotnet\bvseosdkdotnettest\bin\debug\bvseosdktest.dll" id="64633bc6-a6c4-3385-bf98-af703e82448e">
      <Css projectStructure="" iteration="" />
      <Owners>
        <Owner name="" />
      </Owners>
      <Execution id="68b546d2-09d1-43ea-90e3-740c839acb2a" />
      <TestMethod codeBase="C:\Projects\BVSeoSdkDotNet\BVSeoSdkDotNetTest\bin\Debug\BVSEOSDKTest.dll" adapterTypeName="Microsoft.VisualStudio.TestTools.TestTypes.Unit.UnitTestAdapter, Microsoft.VisualStudio.QualityTools.Tips.UnitTest.Adapter, Version=9.0.0.0, Culture=neutral, PublicKeyToken=b03f5f7f11d50a3a" className="BVSeoSdkDotNet.BVManagedUIContentTest, BVSEOSDKTest" name="TestSearchContentNullBVQueryParams" />
    </UnitTest>
    <UnitTest name="TestDisplayFooter_URL_Debug" storage="c:\projects\bvseosdkdotnet\bvseosdkdotnettest\bin\debug\bvseosdktest.dll" id="305df720-2163-4902-ce02-9f70094cc502">
      <Css projectStructure="" iteration="" />
      <Owners>
        <Owner name="" />
      </Owners>
      <Execution id="89d85651-5e2a-4672-ae20-e053b37a0060" />
      <TestMethod codeBase="C:\Projects\BVSeoSdkDotNet\BVSeoSdkDotNetTest\bin\Debug\BVSEOSDKTest.dll" adapterTypeName="Microsoft.VisualStudio.TestTools.TestTypes.Unit.UnitTestAdapter, Microsoft.VisualStudio.QualityTools.Tips.UnitTest.Adapter, Version=9.0.0.0, Culture=neutral, PublicKeyToken=b03f5f7f11d50a3a" className="BVSEOSDKTest.BVHTMLFooterTest, BVSEOSDKTest" name="TestDisplayFooter_URL_Debug" />
    </UnitTest>
    <UnitTest name="TestSEOContentFromFile_SinglePageC2013" storage="c:\projects\bvseosdkdotnet\bvseosdkdotnettest\bin\debug\bvseosdktest.dll" id="dcc3c09a-4129-5a88-ed35-c7f7905cd23e">
      <Css projectStructure="" iteration="" />
      <Owners>
        <Owner name="" />
      </Owners>
      <Execution id="51f02a7e-31cd-45e9-a780-3a0f924d2c6b" />
      <TestMethod codeBase="C:\Projects\BVSeoSdkDotNet\BVSeoSdkDotNetTest\bin\Debug\BVSEOSDKTest.dll" adapterTypeName="Microsoft.VisualStudio.TestTools.TestTypes.Unit.UnitTestAdapter, Microsoft.VisualStudio.QualityTools.Tips.UnitTest.Adapter, Version=9.0.0.0, Culture=neutral, PublicKeyToken=b03f5f7f11d50a3a" className="BVSeoSdkDotNet.BVManagedUIContent_SinglePageTest, BVSEOSDKTest" name="TestSEOContentFromFile_SinglePageC2013" />
    </UnitTest>
    <UnitTest name="TestMultipleConfigurations" storage="c:\projects\bvseosdkdotnet\bvseosdkdotnettest\bin\debug\bvseosdktest.dll" id="0be53a4b-f193-b841-ba01-235a8d56dd4b">
      <Css projectStructure="" iteration="" />
      <Owners>
        <Owner name="" />
      </Owners>
      <Execution id="e37eee25-bf92-45cd-a783-c05bfb72d001" />
      <TestMethod codeBase="C:\Projects\BVSeoSdkDotNet\BVSeoSdkDotNetTest\bin\Debug\BVSEOSDKTest.dll" adapterTypeName="Microsoft.VisualStudio.TestTools.TestTypes.Unit.UnitTestAdapter, Microsoft.VisualStudio.QualityTools.Tips.UnitTest.Adapter, Version=9.0.0.0, Culture=neutral, PublicKeyToken=b03f5f7f11d50a3a" className="BVSEOSDKTest.BVSdkConfigurationTest, BVSEOSDKTest" name="TestMultipleConfigurations" />
    </UnitTest>
    <UnitTest name="TestSEOContentFromFile_SinglePagePRR_PageUri" storage="c:\projects\bvseosdkdotnet\bvseosdkdotnettest\bin\debug\bvseosdktest.dll" id="64102383-1eec-2357-e495-a1398ceb1c60">
      <Css projectStructure="" iteration="" />
      <Owners>
        <Owner name="" />
      </Owners>
      <Execution id="173208ef-019c-4e75-ad8c-d85303d734e6" />
      <TestMethod codeBase="C:\Projects\BVSeoSdkDotNet\BVSeoSdkDotNetTest\bin\Debug\BVSEOSDKTest.dll" adapterTypeName="Microsoft.VisualStudio.TestTools.TestTypes.Unit.UnitTestAdapter, Microsoft.VisualStudio.QualityTools.Tips.UnitTest.Adapter, Version=9.0.0.0, Culture=neutral, PublicKeyToken=b03f5f7f11d50a3a" className="BVSeoSdkDotNet.BVManagedUIContent_SinglePageTest, BVSEOSDKTest" name="TestSEOContentFromFile_SinglePagePRR_PageUri" />
    </UnitTest>
    <UnitTest name="TestSEOContentFromFile_SinglePage_FileUnavailableError" storage="c:\projects\bvseosdkdotnet\bvseosdkdotnettest\bin\debug\bvseosdktest.dll" id="5d4eaba0-94e6-3d0c-6697-dff9648ceeb5">
      <Css projectStructure="" iteration="" />
      <Owners>
        <Owner name="" />
      </Owners>
      <Execution id="3ef1bb8f-c818-44c9-a7f2-90a7e1ab9938" />
      <TestMethod codeBase="C:\Projects\BVSeoSdkDotNet\BVSeoSdkDotNetTest\bin\Debug\BVSEOSDKTest.dll" adapterTypeName="Microsoft.VisualStudio.TestTools.TestTypes.Unit.UnitTestAdapter, Microsoft.VisualStudio.QualityTools.Tips.UnitTest.Adapter, Version=9.0.0.0, Culture=neutral, PublicKeyToken=b03f5f7f11d50a3a" className="BVSeoSdkDotNet.BVManagedUIContent_SinglePageTest, BVSEOSDKTest" name="TestSEOContentFromFile_SinglePage_FileUnavailableError" />
    </UnitTest>
    <UnitTest name="TestSEOContent_SinglePageHTTP_Aggregate_WithoutPagination" storage="c:\projects\bvseosdkdotnet\bvseosdkdotnettest\bin\debug\bvseosdktest.dll" id="9fbc3db2-a72e-842c-8a9f-b86ecd2a1ffa">
      <Css projectStructure="" iteration="" />
      <Owners>
        <Owner name="" />
      </Owners>
      <Execution id="50017dee-33f1-4086-bdb9-e1f05aec18e1" />
      <TestMethod codeBase="C:\Projects\BVSeoSdkDotNet\BVSeoSdkDotNetTest\bin\Debug\BVSEOSDKTest.dll" adapterTypeName="Microsoft.VisualStudio.TestTools.TestTypes.Unit.UnitTestAdapter, Microsoft.VisualStudio.QualityTools.Tips.UnitTest.Adapter, Version=9.0.0.0, Culture=neutral, PublicKeyToken=b03f5f7f11d50a3a" className="BVSEOSDKTest.BVManagedUIContentAggregateReviewTest, BVSEOSDKTest" name="TestSEOContent_SinglePageHTTP_Aggregate_WithoutPagination" />
    </UnitTest>
    <UnitTest name="TestSEOContentFrom_Using_HTTPS" storage="c:\projects\bvseosdkdotnet\bvseosdkdotnettest\bin\debug\bvseosdktest.dll" id="f85c0aa3-3674-b42a-2128-69bd3afe7ca6">
      <Css projectStructure="" iteration="" />
      <Owners>
        <Owner name="" />
      </Owners>
      <Execution id="4085675d-39ea-4565-a040-a1aeaecd5e9f" />
      <TestMethod codeBase="C:\Projects\BVSeoSdkDotNet\BVSeoSdkDotNetTest\bin\Debug\BVSEOSDKTest.dll" adapterTypeName="Microsoft.VisualStudio.TestTools.TestTypes.Unit.UnitTestAdapter, Microsoft.VisualStudio.QualityTools.Tips.UnitTest.Adapter, Version=9.0.0.0, Culture=neutral, PublicKeyToken=b03f5f7f11d50a3a" className="BVSEOSDKTest.BVManagedUIContent4_Test, BVSEOSDKTest" name="TestSEOContentFrom_Using_HTTPS" />
    </UnitTest>
    <UnitTest name="TestMessages" storage="c:\projects\bvseosdkdotnet\bvseosdkdotnettest\bin\debug\bvseosdktest.dll" id="cb9ab58d-8baa-855e-5d07-948d7c894c3b">
      <Css projectStructure="" iteration="" />
      <Owners>
        <Owner name="" />
      </Owners>
      <Execution id="467ca085-fa47-499f-91d0-e8dbcbe0a1a5" />
      <TestMethod codeBase="C:\Projects\BVSeoSdkDotNet\BVSeoSdkDotNetTest\bin\Debug\BVSEOSDKTest.dll" adapterTypeName="Microsoft.VisualStudio.TestTools.TestTypes.Unit.UnitTestAdapter, Microsoft.VisualStudio.QualityTools.Tips.UnitTest.Adapter, Version=9.0.0.0, Culture=neutral, PublicKeyToken=b03f5f7f11d50a3a" className="BVSEOSDKTest.BVSdkMessageUtilTest, BVSEOSDKTest" name="TestMessages" />
    </UnitTest>
    <UnitTest name="TestSEOContentFromHTTP_SinglePagePRR_Reviews" storage="c:\projects\bvseosdkdotnet\bvseosdkdotnettest\bin\debug\bvseosdktest.dll" id="99cebdfa-8a8d-7958-449d-c3ab05306baa">
      <Css projectStructure="" iteration="" />
      <Owners>
        <Owner name="" />
      </Owners>
      <Execution id="79d27a88-2f8f-4d7a-a8e2-9b44f73ef65e" />
      <TestMethod codeBase="C:\Projects\BVSeoSdkDotNet\BVSeoSdkDotNetTest\bin\Debug\BVSEOSDKTest.dll" adapterTypeName="Microsoft.VisualStudio.TestTools.TestTypes.Unit.UnitTestAdapter, Microsoft.VisualStudio.QualityTools.Tips.UnitTest.Adapter, Version=9.0.0.0, Culture=neutral, PublicKeyToken=b03f5f7f11d50a3a" className="BVSEOSDKTest.BVManagedUIContentAggregateReviewTest, BVSEOSDKTest" name="TestSEOContentFromHTTP_SinglePagePRR_Reviews" />
    </UnitTest>
    <UnitTest name="TestStory_Default" storage="c:\projects\bvseosdkdotnet\bvseosdkdotnettest\bin\debug\bvseosdktest.dll" id="9bc706cc-8a93-1cbe-a917-e57f61a9b33c">
      <Css projectStructure="" iteration="" />
      <Owners>
        <Owner name="" />
      </Owners>
      <Execution id="19cfe0bb-5f48-40b5-9d54-bf9c9882083a" />
      <TestMethod codeBase="C:\Projects\BVSeoSdkDotNet\BVSeoSdkDotNetTest\bin\Debug\BVSEOSDKTest.dll" adapterTypeName="Microsoft.VisualStudio.TestTools.TestTypes.Unit.UnitTestAdapter, Microsoft.VisualStudio.QualityTools.Tips.UnitTest.Adapter, Version=9.0.0.0, Culture=neutral, PublicKeyToken=b03f5f7f11d50a3a" className="BVSEOSDKTest.BVSeoSdkURLBuilderTest, BVSEOSDKTest" name="TestStory_Default" />
    </UnitTest>
    <UnitTest name="TestSEOContent_SinglePageHTTP_GetReviews_ERR0013" storage="c:\projects\bvseosdkdotnet\bvseosdkdotnettest\bin\debug\bvseosdktest.dll" id="b643c69c-4cdc-3e70-5e26-8310153d1cef">
      <Css projectStructure="" iteration="" />
      <Owners>
        <Owner name="" />
      </Owners>
      <Execution id="c002de6a-ec64-498e-ab94-b5fa1dcfe8aa" />
      <TestMethod codeBase="C:\Projects\BVSeoSdkDotNet\BVSeoSdkDotNetTest\bin\Debug\BVSEOSDKTest.dll" adapterTypeName="Microsoft.VisualStudio.TestTools.TestTypes.Unit.UnitTestAdapter, Microsoft.VisualStudio.QualityTools.Tips.UnitTest.Adapter, Version=9.0.0.0, Culture=neutral, PublicKeyToken=b03f5f7f11d50a3a" className="BVSEOSDKTest.BVManagedUIContentAggregateReviewTest, BVSEOSDKTest" name="TestSEOContent_SinglePageHTTP_GetReviews_ERR0013" />
    </UnitTest>
    <UnitTest name="TestShowUserAgentSeoContent" storage="c:\projects\bvseosdkdotnet\bvseosdkdotnettest\bin\debug\bvseosdktest.dll" id="c06fa58c-fdd8-dd0e-a4bc-27769392ea48">
      <Css projectStructure="" iteration="" />
      <Owners>
        <Owner name="" />
      </Owners>
      <Execution id="ab22cea5-fef9-460d-b79a-ce3f5dfc2756" />
      <TestMethod codeBase="C:\Projects\BVSeoSdkDotNet\BVSeoSdkDotNetTest\bin\Debug\BVSEOSDKTest.dll" adapterTypeName="Microsoft.VisualStudio.TestTools.TestTypes.Unit.UnitTestAdapter, Microsoft.VisualStudio.QualityTools.Tips.UnitTest.Adapter, Version=9.0.0.0, Culture=neutral, PublicKeyToken=b03f5f7f11d50a3a" className="BVSEOSDKTest.BVUIContentServiceProviderTest, BVSEOSDKTest" name="TestShowUserAgentSeoContent" />
    </UnitTest>
    <UnitTest name="Test_SinglePage_Review" storage="c:\projects\bvseosdkdotnet\bvseosdkdotnettest\bin\debug\bvseosdktest.dll" id="d59f7a52-4d79-9972-54da-b2b7c1ae1c5f">
      <Css projectStructure="" iteration="" />
      <Owners>
        <Owner name="" />
      </Owners>
      <Execution id="d99dff03-f0d2-43a6-ab25-aee603c3dc86" />
      <TestMethod codeBase="C:\Projects\BVSeoSdkDotNet\BVSeoSdkDotNetTest\bin\Debug\BVSEOSDKTest.dll" adapterTypeName="Microsoft.VisualStudio.TestTools.TestTypes.Unit.UnitTestAdapter, Microsoft.VisualStudio.QualityTools.Tips.UnitTest.Adapter, Version=9.0.0.0, Culture=neutral, PublicKeyToken=b03f5f7f11d50a3a" className="BVSEOSDKTest.BVManagedUIContent2_Test, BVSEOSDKTest" name="Test_SinglePage_Review" />
    </UnitTest>
    <UnitTest name="Test_InlinePage_Review" storage="c:\projects\bvseosdkdotnet\bvseosdkdotnettest\bin\debug\bvseosdktest.dll" id="b2d12f36-ff95-5ec9-cb04-8158ae12524d">
      <Css projectStructure="" iteration="" />
      <Owners>
        <Owner name="" />
      </Owners>
      <Execution id="09f5b934-b935-492a-8cec-ae9a9de7a740" />
      <TestMethod codeBase="C:\Projects\BVSeoSdkDotNet\BVSeoSdkDotNetTest\bin\Debug\BVSEOSDKTest.dll" adapterTypeName="Microsoft.VisualStudio.TestTools.TestTypes.Unit.UnitTestAdapter, Microsoft.VisualStudio.QualityTools.Tips.UnitTest.Adapter, Version=9.0.0.0, Culture=neutral, PublicKeyToken=b03f5f7f11d50a3a" className="BVSEOSDKTest.BVManagedUIContent4_Test, BVSEOSDKTest" name="Test_InlinePage_Review" />
    </UnitTest>
    <UnitTest name="TestSEOContentFromHTTP_SinglePagePRR_CrawlerOverride" storage="c:\projects\bvseosdkdotnet\bvseosdkdotnettest\bin\debug\bvseosdktest.dll" id="320b82da-25e4-acee-cfe6-f5f499398763">
      <Css projectStructure="" iteration="" />
      <Owners>
        <Owner name="" />
      </Owners>
      <Execution id="b1e49de8-44c5-4b85-8c27-e42670711321" />
      <TestMethod codeBase="C:\Projects\BVSeoSdkDotNet\BVSeoSdkDotNetTest\bin\Debug\BVSEOSDKTest.dll" adapterTypeName="Microsoft.VisualStudio.TestTools.TestTypes.Unit.UnitTestAdapter, Microsoft.VisualStudio.QualityTools.Tips.UnitTest.Adapter, Version=9.0.0.0, Culture=neutral, PublicKeyToken=b03f5f7f11d50a3a" className="BVSEOSDKTest.BVManagedUIContentAggregateReviewTest, BVSEOSDKTest" name="TestSEOContentFromHTTP_SinglePagePRR_CrawlerOverride" />
    </UnitTest>
    <UnitTest name="TestSEOContent_SinglePageHTTP_GetReviews_Blank_Page_Test" storage="c:\projects\bvseosdkdotnet\bvseosdkdotnettest\bin\debug\bvseosdktest.dll" id="a16719c5-f614-973b-19a7-7416eb2f394c">
      <Css projectStructure="" iteration="" />
      <Owners>
        <Owner name="" />
      </Owners>
      <Execution id="9a4bbe29-ddc5-482d-97ae-c7f97b8f2b5d" />
      <TestMethod codeBase="C:\Projects\BVSeoSdkDotNet\BVSeoSdkDotNetTest\bin\Debug\BVSEOSDKTest.dll" adapterTypeName="Microsoft.VisualStudio.TestTools.TestTypes.Unit.UnitTestAdapter, Microsoft.VisualStudio.QualityTools.Tips.UnitTest.Adapter, Version=9.0.0.0, Culture=neutral, PublicKeyToken=b03f5f7f11d50a3a" className="BVSEOSDKTest.BVManagedUIContentAggregateReviewTest, BVSEOSDKTest" name="TestSEOContent_SinglePageHTTP_GetReviews_Blank_Page_Test" />
    </UnitTest>
    <UnitTest name="TestValidation" storage="c:\projects\bvseosdkdotnet\bvseosdkdotnettest\bin\debug\bvseosdktest.dll" id="c3718dbe-75b9-2641-fc26-2579581d699d">
      <Css projectStructure="" iteration="" />
      <Owners>
        <Owner name="" />
      </Owners>
      <Execution id="25e35d07-4119-48ab-9b57-eb3a2ac02e63" />
      <TestMethod codeBase="C:\Projects\BVSeoSdkDotNet\BVSeoSdkDotNetTest\bin\Debug\BVSEOSDKTest.dll" adapterTypeName="Microsoft.VisualStudio.TestTools.TestTypes.Unit.UnitTestAdapter, Microsoft.VisualStudio.QualityTools.Tips.UnitTest.Adapter, Version=9.0.0.0, Culture=neutral, PublicKeyToken=b03f5f7f11d50a3a" className="BVSEOSDKTest.BVValidatorTest, BVSEOSDKTest" name="TestValidation" />
    </UnitTest>
    <UnitTest name="TestEquality" storage="c:\projects\bvseosdkdotnet\bvseosdkdotnettest\bin\debug\bvseosdktest.dll" id="a6d9cbae-7a2a-2a07-9ac8-67310f1bbfe9">
      <Css projectStructure="" iteration="" />
      <Owners>
        <Owner name="" />
      </Owners>
      <Execution id="d80b22d6-6b8f-41e5-81bb-1047ee46cfb9" />
      <TestMethod codeBase="C:\Projects\BVSeoSdkDotNet\BVSeoSdkDotNetTest\bin\Debug\BVSEOSDKTest.dll" adapterTypeName="Microsoft.VisualStudio.TestTools.TestTypes.Unit.UnitTestAdapter, Microsoft.VisualStudio.QualityTools.Tips.UnitTest.Adapter, Version=9.0.0.0, Culture=neutral, PublicKeyToken=b03f5f7f11d50a3a" className="BVSEOSDKTest.BVParametersTest, BVSEOSDKTest" name="TestEquality" />
    </UnitTest>
    <UnitTest name="TestSEOContentFromFile_SinglePagePRR" storage="c:\projects\bvseosdkdotnet\bvseosdkdotnettest\bin\debug\bvseosdktest.dll" id="c31714d1-4618-8354-d76b-91d08f8c9441">
      <Css projectStructure="" iteration="" />
      <Owners>
        <Owner name="" />
      </Owners>
      <Execution id="80ae7eb0-a8a3-42af-850d-ad7e67b50c58" />
      <TestMethod codeBase="C:\Projects\BVSeoSdkDotNet\BVSeoSdkDotNetTest\bin\Debug\BVSEOSDKTest.dll" adapterTypeName="Microsoft.VisualStudio.TestTools.TestTypes.Unit.UnitTestAdapter, Microsoft.VisualStudio.QualityTools.Tips.UnitTest.Adapter, Version=9.0.0.0, Culture=neutral, PublicKeyToken=b03f5f7f11d50a3a" className="BVSeoSdkDotNet.BVManagedUIContent_SinglePageTest, BVSEOSDKTest" name="TestSEOContentFromFile_SinglePagePRR" />
    </UnitTest>
    <UnitTest name="Test_SinglePage_Review" storage="c:\projects\bvseosdkdotnet\bvseosdkdotnettest\bin\debug\bvseosdktest.dll" id="3b08769d-c5de-db20-839a-21cea7e6a04f">
      <Css projectStructure="" iteration="" />
      <Owners>
        <Owner name="" />
      </Owners>
      <Execution id="a2ff77dd-93ae-4fbb-8097-e4424225e84b" />
      <TestMethod codeBase="C:\Projects\BVSeoSdkDotNet\BVSeoSdkDotNetTest\bin\Debug\BVSEOSDKTest.dll" adapterTypeName="Microsoft.VisualStudio.TestTools.TestTypes.Unit.UnitTestAdapter, Microsoft.VisualStudio.QualityTools.Tips.UnitTest.Adapter, Version=9.0.0.0, Culture=neutral, PublicKeyToken=b03f5f7f11d50a3a" className="BVSEOSDKTest.BVManagedUIContent4_Test, BVSEOSDKTest" name="Test_SinglePage_Review" />
    </UnitTest>
    <UnitTest name="TestStory_Stories" storage="c:\projects\bvseosdkdotnet\bvseosdkdotnettest\bin\debug\bvseosdktest.dll" id="08808d6f-5f2b-19e6-4287-d69e6f5695c8">
      <Css projectStructure="" iteration="" />
      <Owners>
        <Owner name="" />
      </Owners>
      <Execution id="86605393-d3dc-48a0-bcf6-fb01c327c466" />
      <TestMethod codeBase="C:\Projects\BVSeoSdkDotNet\BVSeoSdkDotNetTest\bin\Debug\BVSEOSDKTest.dll" adapterTypeName="Microsoft.VisualStudio.TestTools.TestTypes.Unit.UnitTestAdapter, Microsoft.VisualStudio.QualityTools.Tips.UnitTest.Adapter, Version=9.0.0.0, Culture=neutral, PublicKeyToken=b03f5f7f11d50a3a" className="BVSEOSDKTest.BVSeoSdkURLBuilderTest, BVSEOSDKTest" name="TestStory_Stories" />
    </UnitTest>
    <UnitTest name="TestSDKEnabled" storage="c:\projects\bvseosdkdotnet\bvseosdkdotnettest\bin\debug\bvseosdktest.dll" id="b7f4a730-d7d6-6886-d361-333ee2505238">
      <Css projectStructure="" iteration="" />
      <Owners>
        <Owner name="" />
      </Owners>
      <Execution id="48560ecf-d7ed-4611-a7cd-2ca91ff4cba6" />
      <TestMethod codeBase="C:\Projects\BVSeoSdkDotNet\BVSeoSdkDotNetTest\bin\Debug\BVSEOSDKTest.dll" adapterTypeName="Microsoft.VisualStudio.TestTools.TestTypes.Unit.UnitTestAdapter, Microsoft.VisualStudio.QualityTools.Tips.UnitTest.Adapter, Version=9.0.0.0, Culture=neutral, PublicKeyToken=b03f5f7f11d50a3a" className="BVSEOSDKTest.BVUIContentServiceProviderTest, BVSEOSDKTest" name="TestSDKEnabled" />
    </UnitTest>
    <UnitTest name="Test_InteractivePage_Stories" storage="c:\projects\bvseosdkdotnet\bvseosdkdotnettest\bin\debug\bvseosdktest.dll" id="d5b9f4f0-6010-0c54-3743-eb4ff4f22503">
      <Css projectStructure="" iteration="" />
      <Owners>
        <Owner name="" />
      </Owners>
      <Execution id="89a04a77-5bf3-4425-b176-b35c5bc9253a" />
      <TestMethod codeBase="C:\Projects\BVSeoSdkDotNet\BVSeoSdkDotNetTest\bin\Debug\BVSEOSDKTest.dll" adapterTypeName="Microsoft.VisualStudio.TestTools.TestTypes.Unit.UnitTestAdapter, Microsoft.VisualStudio.QualityTools.Tips.UnitTest.Adapter, Version=9.0.0.0, Culture=neutral, PublicKeyToken=b03f5f7f11d50a3a" className="BVSEOSDKTest.BVManagedUIContent2_Test, BVSEOSDKTest" name="Test_InteractivePage_Stories" />
    </UnitTest>
    <UnitTest name="Test_SinglePage_Stories" storage="c:\projects\bvseosdkdotnet\bvseosdkdotnettest\bin\debug\bvseosdktest.dll" id="ad819142-0fc8-08d8-db73-e33e4581e13f">
      <Css projectStructure="" iteration="" />
      <Owners>
        <Owner name="" />
      </Owners>
      <Execution id="572a65b4-67f5-4476-bdad-d6615aded217" />
      <TestMethod codeBase="C:\Projects\BVSeoSdkDotNet\BVSeoSdkDotNetTest\bin\Debug\BVSEOSDKTest.dll" adapterTypeName="Microsoft.VisualStudio.TestTools.TestTypes.Unit.UnitTestAdapter, Microsoft.VisualStudio.QualityTools.Tips.UnitTest.Adapter, Version=9.0.0.0, Culture=neutral, PublicKeyToken=b03f5f7f11d50a3a" className="BVSEOSDKTest.BVManagedUIContent4_Test, BVSEOSDKTest" name="Test_SinglePage_Stories" />
    </UnitTest>
    <UnitTest name="Test_InlinePage_Question" storage="c:\projects\bvseosdkdotnet\bvseosdkdotnettest\bin\debug\bvseosdktest.dll" id="da0c38e7-f05e-1866-f108-b4c889ec0aac">
      <Css projectStructure="" iteration="" />
      <Owners>
        <Owner name="" />
      </Owners>
      <Execution id="472810f1-8bd2-40b0-9336-111283efb779" />
      <TestMethod codeBase="C:\Projects\BVSeoSdkDotNet\BVSeoSdkDotNetTest\bin\Debug\BVSEOSDKTest.dll" adapterTypeName="Microsoft.VisualStudio.TestTools.TestTypes.Unit.UnitTestAdapter, Microsoft.VisualStudio.QualityTools.Tips.UnitTest.Adapter, Version=9.0.0.0, Culture=neutral, PublicKeyToken=b03f5f7f11d50a3a" className="BVSEOSDKTest.BVManagedUIContent4_Test, BVSEOSDKTest" name="Test_InlinePage_Question" />
    </UnitTest>
    <UnitTest name="TestDisplayFooter" storage="c:\projects\bvseosdkdotnet\bvseosdkdotnettest\bin\debug\bvseosdktest.dll" id="915c5ee6-ea7f-ebc8-ffeb-939ac16ef3d4">
      <Css projectStructure="" iteration="" />
      <Owners>
        <Owner name="" />
      </Owners>
      <Execution id="6f74ea9a-9786-4661-af7a-5b9f7f22e586" />
      <TestMethod codeBase="C:\Projects\BVSeoSdkDotNet\BVSeoSdkDotNetTest\bin\Debug\BVSEOSDKTest.dll" adapterTypeName="Microsoft.VisualStudio.TestTools.TestTypes.Unit.UnitTestAdapter, Microsoft.VisualStudio.QualityTools.Tips.UnitTest.Adapter, Version=9.0.0.0, Culture=neutral, PublicKeyToken=b03f5f7f11d50a3a" className="BVSEOSDKTest.BVHTMLFooterTest, BVSEOSDKTest" name="TestDisplayFooter" />
    </UnitTest>
    <UnitTest name="TestSEOContent_SinglePageHTTP_AggregateRatingAndReviews" storage="c:\projects\bvseosdkdotnet\bvseosdkdotnettest\bin\debug\bvseosdktest.dll" id="d1e3fb7c-9317-1703-6861-0e422458bfcb">
      <Css projectStructure="" iteration="" />
      <Owners>
        <Owner name="" />
      </Owners>
      <Execution id="1affc593-cdd5-4a30-85cb-12f25423f4e9" />
      <TestMethod codeBase="C:\Projects\BVSeoSdkDotNet\BVSeoSdkDotNetTest\bin\Debug\BVSEOSDKTest.dll" adapterTypeName="Microsoft.VisualStudio.TestTools.TestTypes.Unit.UnitTestAdapter, Microsoft.VisualStudio.QualityTools.Tips.UnitTest.Adapter, Version=9.0.0.0, Culture=neutral, PublicKeyToken=b03f5f7f11d50a3a" className="BVSEOSDKTest.BVManagedUIContentAggregateReviewTest, BVSEOSDKTest" name="TestSEOContent_SinglePageHTTP_AggregateRatingAndReviews" />
    </UnitTest>
    <UnitTest name="Test_SinglePage_Stories" storage="c:\projects\bvseosdkdotnet\bvseosdkdotnettest\bin\debug\bvseosdktest.dll" id="b6359c4b-4264-9433-7578-43f7a388767a">
      <Css projectStructure="" iteration="" />
      <Owners>
        <Owner name="" />
      </Owners>
      <Execution id="7e33f0c5-0cdb-4cf7-aba4-7fc52a65aa29" />
      <TestMethod codeBase="C:\Projects\BVSeoSdkDotNet\BVSeoSdkDotNetTest\bin\Debug\BVSEOSDKTest.dll" adapterTypeName="Microsoft.VisualStudio.TestTools.TestTypes.Unit.UnitTestAdapter, Microsoft.VisualStudio.QualityTools.Tips.UnitTest.Adapter, Version=9.0.0.0, Culture=neutral, PublicKeyToken=b03f5f7f11d50a3a" className="BVSEOSDKTest.BVManagedUIContent2_Test, BVSEOSDKTest" name="Test_SinglePage_Stories" />
    </UnitTest>
    <UnitTest name="TestSEOContentFromHTTP_SinglePagePRR" storage="c:\projects\bvseosdkdotnet\bvseosdkdotnettest\bin\debug\bvseosdktest.dll" id="b356f059-aac1-f420-83c0-9add27c3b4a9">
      <Css projectStructure="" iteration="" />
      <Owners>
        <Owner name="" />
      </Owners>
      <Execution id="6b6bc666-4ba3-4dbe-a3df-8f0fdf4631dd" />
      <TestMethod codeBase="C:\Projects\BVSeoSdkDotNet\BVSeoSdkDotNetTest\bin\Debug\BVSEOSDKTest.dll" adapterTypeName="Microsoft.VisualStudio.TestTools.TestTypes.Unit.UnitTestAdapter, Microsoft.VisualStudio.QualityTools.Tips.UnitTest.Adapter, Version=9.0.0.0, Culture=neutral, PublicKeyToken=b03f5f7f11d50a3a" className="BVSeoSdkDotNet.BVManagedUIContent_SinglePageTest, BVSEOSDKTest" name="TestSEOContentFromHTTP_SinglePagePRR" />
    </UnitTest>
    <UnitTest name="TestDisplayFooter_Debug" storage="c:\projects\bvseosdkdotnet\bvseosdkdotnettest\bin\debug\bvseosdktest.dll" id="ef6ccb04-b599-464a-c095-b5e5580d4593">
      <Css projectStructure="" iteration="" />
      <Owners>
        <Owner name="" />
      </Owners>
      <Execution id="fa366ebe-f3fc-4626-963d-3a996834a6ca" />
      <TestMethod codeBase="C:\Projects\BVSeoSdkDotNet\BVSeoSdkDotNetTest\bin\Debug\BVSEOSDKTest.dll" adapterTypeName="Microsoft.VisualStudio.TestTools.TestTypes.Unit.UnitTestAdapter, Microsoft.VisualStudio.QualityTools.Tips.UnitTest.Adapter, Version=9.0.0.0, Culture=neutral, PublicKeyToken=b03f5f7f11d50a3a" className="BVSEOSDKTest.BVHTMLFooterTest, BVSEOSDKTest" name="TestDisplayFooter_Debug" />
    </UnitTest>
    <UnitTest name="Test_SinglePage_Question" storage="c:\projects\bvseosdkdotnet\bvseosdkdotnettest\bin\debug\bvseosdktest.dll" id="1d3b670a-63ee-9c37-1355-fcb1f3847ad3">
      <Css projectStructure="" iteration="" />
      <Owners>
        <Owner name="" />
      </Owners>
      <Execution id="7321c862-26a7-41df-aede-d8ec84f46eee" />
      <TestMethod codeBase="C:\Projects\BVSeoSdkDotNet\BVSeoSdkDotNetTest\bin\Debug\BVSEOSDKTest.dll" adapterTypeName="Microsoft.VisualStudio.TestTools.TestTypes.Unit.UnitTestAdapter, Microsoft.VisualStudio.QualityTools.Tips.UnitTest.Adapter, Version=9.0.0.0, Culture=neutral, PublicKeyToken=b03f5f7f11d50a3a" className="BVSEOSDKTest.BVManagedUIContent3_Test, BVSEOSDKTest" name="Test_SinglePage_Question" />
    </UnitTest>
    <UnitTest name="Test_InteractivePage_Question" storage="c:\projects\bvseosdkdotnet\bvseosdkdotnettest\bin\debug\bvseosdktest.dll" id="e5392506-b2a1-3752-d638-f48e2c0698ee">
      <Css projectStructure="" iteration="" />
      <Owners>
        <Owner name="" />
      </Owners>
      <Execution id="ae7aba5f-eb22-48bc-a6bf-abe67bc85c7d" />
      <TestMethod codeBase="C:\Projects\BVSeoSdkDotNet\BVSeoSdkDotNetTest\bin\Debug\BVSEOSDKTest.dll" adapterTypeName="Microsoft.VisualStudio.TestTools.TestTypes.Unit.UnitTestAdapter, Microsoft.VisualStudio.QualityTools.Tips.UnitTest.Adapter, Version=9.0.0.0, Culture=neutral, PublicKeyToken=b03f5f7f11d50a3a" className="BVSEOSDKTest.BVManagedUIContent2_Test, BVSEOSDKTest" name="Test_InteractivePage_Question" />
    </UnitTest>
    <UnitTest name="TestSEOContent_SinglePageHTTP_AggregateRating_IfNotPresent" storage="c:\projects\bvseosdkdotnet\bvseosdkdotnettest\bin\debug\bvseosdktest.dll" id="dcc51909-54b6-883c-dfae-331a4fe24ce0">
      <Css projectStructure="" iteration="" />
      <Owners>
        <Owner name="" />
      </Owners>
      <Execution id="564b49ef-d5db-4948-bdef-446767ce065d" />
      <TestMethod codeBase="C:\Projects\BVSeoSdkDotNet\BVSeoSdkDotNetTest\bin\Debug\BVSEOSDKTest.dll" adapterTypeName="Microsoft.VisualStudio.TestTools.TestTypes.Unit.UnitTestAdapter, Microsoft.VisualStudio.QualityTools.Tips.UnitTest.Adapter, Version=9.0.0.0, Culture=neutral, PublicKeyToken=b03f5f7f11d50a3a" className="BVSEOSDKTest.BVManagedUIContentAggregateReviewTest, BVSEOSDKTest" name="TestSEOContent_SinglePageHTTP_AggregateRating_IfNotPresent" />
    </UnitTest>
    <UnitTest name="TestSEOContent_SinglePageHTTP_GetAggregateRating_SDK_Disabled" storage="c:\projects\bvseosdkdotnet\bvseosdkdotnettest\bin\debug\bvseosdktest.dll" id="078da8da-1cbe-cbec-0a75-ee687b3a32bc">
      <Css projectStructure="" iteration="" />
      <Owners>
        <Owner name="" />
      </Owners>
      <Execution id="48d0d6c9-cabb-49a6-ba85-2f838e90acad" />
      <TestMethod codeBase="C:\Projects\BVSeoSdkDotNet\BVSeoSdkDotNetTest\bin\Debug\BVSEOSDKTest.dll" adapterTypeName="Microsoft.VisualStudio.TestTools.TestTypes.Unit.UnitTestAdapter, Microsoft.VisualStudio.QualityTools.Tips.UnitTest.Adapter, Version=9.0.0.0, Culture=neutral, PublicKeyToken=b03f5f7f11d50a3a" className="BVSEOSDKTest.BVManagedUIContentAggregateReviewTest, BVSEOSDKTest" name="TestSEOContent_SinglePageHTTP_GetAggregateRating_SDK_Disabled" />
    </UnitTest>
    <UnitTest name="TestAggregate_InvalidURL" storage="c:\projects\bvseosdkdotnet\bvseosdkdotnettest\bin\debug\bvseosdktest.dll" id="0ba65008-77d4-41f5-b98c-eb8e2ccca5cb">
      <Css projectStructure="" iteration="" />
      <Owners>
        <Owner name="" />
      </Owners>
      <Execution id="b97c63af-8d80-43f8-a8d0-fbea8461d26b" />
      <TestMethod codeBase="C:\Projects\BVSeoSdkDotNet\BVSeoSdkDotNetTest\bin\Debug\BVSEOSDKTest.dll" adapterTypeName="Microsoft.VisualStudio.TestTools.TestTypes.Unit.UnitTestAdapter, Microsoft.VisualStudio.QualityTools.Tips.UnitTest.Adapter, Version=9.0.0.0, Culture=neutral, PublicKeyToken=b03f5f7f11d50a3a" className="BVSEOSDKTest.BVManagedUIContentAggregateReviewTest, BVSEOSDKTest" name="TestAggregate_InvalidURL" />
    </UnitTest>
    <UnitTest name="TestBVConfigLoading" storage="c:\projects\bvseosdkdotnet\bvseosdkdotnettest\bin\debug\bvseosdktest.dll" id="6173729d-b1c9-b7db-f252-6b7bf296b99d">
      <Css projectStructure="" iteration="" />
      <Owners>
        <Owner name="" />
      </Owners>
      <Execution id="0c684e61-d007-4a44-abf6-a6f0b5673264" />
      <TestMethod codeBase="C:\Projects\BVSeoSdkDotNet\BVSeoSdkDotNetTest\bin\Debug\BVSEOSDKTest.dll" adapterTypeName="Microsoft.VisualStudio.TestTools.TestTypes.Unit.UnitTestAdapter, Microsoft.VisualStudio.QualityTools.Tips.UnitTest.Adapter, Version=9.0.0.0, Culture=neutral, PublicKeyToken=b03f5f7f11d50a3a" className="BVSEOSDKTest.BVSdkConfigurationTest, BVSEOSDKTest" name="TestBVConfigLoading" />
    </UnitTest>
    <UnitTest name="TestStory_StoriesGrid" storage="c:\projects\bvseosdkdotnet\bvseosdkdotnettest\bin\debug\bvseosdktest.dll" id="06b8de29-b2ea-925d-1fb8-9df6e1172a46">
      <Css projectStructure="" iteration="" />
      <Owners>
        <Owner name="" />
      </Owners>
      <Execution id="2c9a465d-f839-4d31-a9a7-7d0eac7ca46e" />
      <TestMethod codeBase="C:\Projects\BVSeoSdkDotNet\BVSeoSdkDotNetTest\bin\Debug\BVSEOSDKTest.dll" adapterTypeName="Microsoft.VisualStudio.TestTools.TestTypes.Unit.UnitTestAdapter, Microsoft.VisualStudio.QualityTools.Tips.UnitTest.Adapter, Version=9.0.0.0, Culture=neutral, PublicKeyToken=b03f5f7f11d50a3a" className="BVSEOSDKTest.BVSeoSdkURLBuilderTest, BVSEOSDKTest" name="TestStory_StoriesGrid" />
    </UnitTest>
  </TestDefinitions>
  <TestLists>
    <TestList name="Results Not in a List" id="8c84fa94-04c1-424b-9868-57a2d4851a1d" />
    <TestList name="All Loaded Results" id="19431567-8539-422a-85d7-44ee4e166bda" />
  </TestLists>
  <TestEntries>
    <TestEntry testId="06b8de29-b2ea-925d-1fb8-9df6e1172a46" executionId="2c9a465d-f839-4d31-a9a7-7d0eac7ca46e" testListId="8c84fa94-04c1-424b-9868-57a2d4851a1d" />
    <TestEntry testId="078da8da-1cbe-cbec-0a75-ee687b3a32bc" executionId="48d0d6c9-cabb-49a6-ba85-2f838e90acad" testListId="8c84fa94-04c1-424b-9868-57a2d4851a1d" />
    <TestEntry testId="08808d6f-5f2b-19e6-4287-d69e6f5695c8" executionId="86605393-d3dc-48a0-bcf6-fb01c327c466" testListId="8c84fa94-04c1-424b-9868-57a2d4851a1d" />
    <TestEntry testId="0ba65008-77d4-41f5-b98c-eb8e2ccca5cb" executionId="b97c63af-8d80-43f8-a8d0-fbea8461d26b" testListId="8c84fa94-04c1-424b-9868-57a2d4851a1d" />
    <TestEntry testId="0be53a4b-f193-b841-ba01-235a8d56dd4b" executionId="e37eee25-bf92-45cd-a783-c05bfb72d001" testListId="8c84fa94-04c1-424b-9868-57a2d4851a1d" />
    <TestEntry testId="1d3b670a-63ee-9c37-1355-fcb1f3847ad3" executionId="7321c862-26a7-41df-aede-d8ec84f46eee" testListId="8c84fa94-04c1-424b-9868-57a2d4851a1d" />
    <TestEntry testId="2d0de862-bf6f-df20-4a30-d5604ca0eadc" executionId="af2facb8-16d6-434a-8ba4-1d9903a73f33" testListId="8c84fa94-04c1-424b-9868-57a2d4851a1d" />
    <TestEntry testId="305df720-2163-4902-ce02-9f70094cc502" executionId="89d85651-5e2a-4672-ae20-e053b37a0060" testListId="8c84fa94-04c1-424b-9868-57a2d4851a1d" />
    <TestEntry testId="320b82da-25e4-acee-cfe6-f5f499398763" executionId="b1e49de8-44c5-4b85-8c27-e42670711321" testListId="8c84fa94-04c1-424b-9868-57a2d4851a1d" />
    <TestEntry testId="3b08769d-c5de-db20-839a-21cea7e6a04f" executionId="a2ff77dd-93ae-4fbb-8097-e4424225e84b" testListId="8c84fa94-04c1-424b-9868-57a2d4851a1d" />
    <TestEntry testId="3bb26db2-7d35-fe6b-cd94-62d30d126293" executionId="91051d99-6e82-417c-8a9f-fc2c7ba07342" testListId="8c84fa94-04c1-424b-9868-57a2d4851a1d" />
    <TestEntry testId="4519dc37-d6af-1168-2fe0-550fdf975e5c" executionId="6b7e7f6f-1812-48c9-a269-52c6fae1532f" testListId="8c84fa94-04c1-424b-9868-57a2d4851a1d" />
    <TestEntry testId="47f9a937-2bcb-0684-d30d-91119567ec8d" executionId="82f32266-4b41-47b5-a319-82c953f61952" testListId="8c84fa94-04c1-424b-9868-57a2d4851a1d" />
    <TestEntry testId="48c1bde0-440e-e42e-8163-c0c839234cdf" executionId="c572c7e1-5f06-4e3f-90fe-e22bf1b9ed75" testListId="8c84fa94-04c1-424b-9868-57a2d4851a1d" />
    <TestEntry testId="49ae87b0-a9db-70e4-4183-fa3f62452b2a" executionId="304d8222-9a6c-4641-89db-f76b3ed9f727" testListId="8c84fa94-04c1-424b-9868-57a2d4851a1d" />
    <TestEntry testId="4e53e90c-79f3-2fe5-42dc-76c59df7f553" executionId="bcfdf3ed-a9da-4764-8844-ea5951589e2e" testListId="8c84fa94-04c1-424b-9868-57a2d4851a1d" />
    <TestEntry testId="5cb9f28b-a05f-b9c4-950a-9a1b1d53a576" executionId="956aa3f7-8529-43bb-8765-6616b1a375d2" testListId="8c84fa94-04c1-424b-9868-57a2d4851a1d" />
    <TestEntry testId="5d4eaba0-94e6-3d0c-6697-dff9648ceeb5" executionId="3ef1bb8f-c818-44c9-a7f2-90a7e1ab9938" testListId="8c84fa94-04c1-424b-9868-57a2d4851a1d" />
    <TestEntry testId="6173729d-b1c9-b7db-f252-6b7bf296b99d" executionId="0c684e61-d007-4a44-abf6-a6f0b5673264" testListId="8c84fa94-04c1-424b-9868-57a2d4851a1d" />
    <TestEntry testId="64102383-1eec-2357-e495-a1398ceb1c60" executionId="173208ef-019c-4e75-ad8c-d85303d734e6" testListId="8c84fa94-04c1-424b-9868-57a2d4851a1d" />
    <TestEntry testId="64633bc6-a6c4-3385-bf98-af703e82448e" executionId="68b546d2-09d1-43ea-90e3-740c839acb2a" testListId="8c84fa94-04c1-424b-9868-57a2d4851a1d" />
    <TestEntry testId="668619da-6a06-d548-720e-a61936cf267f" executionId="bca495fe-42af-428f-a85e-d6577f70878a" testListId="8c84fa94-04c1-424b-9868-57a2d4851a1d" />
    <TestEntry testId="6ae7685d-361b-24f8-8983-14c25fd9df76" executionId="d2f2caac-57f9-4632-9cc8-2abfb1242d13" testListId="8c84fa94-04c1-424b-9868-57a2d4851a1d" />
    <TestEntry testId="6b64ef0b-98a8-9656-ca76-083b22cdebf3" executionId="8152e86d-bd8b-432e-9674-709bf49a90f5" testListId="8c84fa94-04c1-424b-9868-57a2d4851a1d" />
    <TestEntry testId="6fd35cd4-d5d7-540a-5c99-9f9e1332807e" executionId="4e8b6aac-1ac5-4265-a74d-acb33c5861e0" testListId="8c84fa94-04c1-424b-9868-57a2d4851a1d" />
    <TestEntry testId="75867207-bc67-e8f1-ac3b-474d1963e810" executionId="381df568-7c7c-4654-a898-ef9e07aeb598" testListId="8c84fa94-04c1-424b-9868-57a2d4851a1d" />
    <TestEntry testId="79217038-898f-bfff-42c1-8f4916c3308c" executionId="c8dce9f9-0f5c-4d1c-b633-3f46474f4705" testListId="8c84fa94-04c1-424b-9868-57a2d4851a1d" />
    <TestEntry testId="83670232-d932-24b5-97b0-54c95872e53a" executionId="58ee38d5-0254-4e79-bd0f-e105f967e93e" testListId="8c84fa94-04c1-424b-9868-57a2d4851a1d" />
    <TestEntry testId="8d264e89-646c-4a3d-bb37-95d58ddc393f" executionId="faca2408-caa6-476e-87f1-a12a407435e8" testListId="8c84fa94-04c1-424b-9868-57a2d4851a1d" />
    <TestEntry testId="915c5ee6-ea7f-ebc8-ffeb-939ac16ef3d4" executionId="6f74ea9a-9786-4661-af7a-5b9f7f22e586" testListId="8c84fa94-04c1-424b-9868-57a2d4851a1d" />
    <TestEntry testId="99cebdfa-8a8d-7958-449d-c3ab05306baa" executionId="79d27a88-2f8f-4d7a-a8e2-9b44f73ef65e" testListId="8c84fa94-04c1-424b-9868-57a2d4851a1d" />
    <TestEntry testId="9bc706cc-8a93-1cbe-a917-e57f61a9b33c" executionId="19cfe0bb-5f48-40b5-9d54-bf9c9882083a" testListId="8c84fa94-04c1-424b-9868-57a2d4851a1d" />
    <TestEntry testId="9fbc3db2-a72e-842c-8a9f-b86ecd2a1ffa" executionId="50017dee-33f1-4086-bdb9-e1f05aec18e1" testListId="8c84fa94-04c1-424b-9868-57a2d4851a1d" />
    <TestEntry testId="a16719c5-f614-973b-19a7-7416eb2f394c" executionId="9a4bbe29-ddc5-482d-97ae-c7f97b8f2b5d" testListId="8c84fa94-04c1-424b-9868-57a2d4851a1d" />
    <TestEntry testId="a6d9cbae-7a2a-2a07-9ac8-67310f1bbfe9" executionId="d80b22d6-6b8f-41e5-81bb-1047ee46cfb9" testListId="8c84fa94-04c1-424b-9868-57a2d4851a1d" />
    <TestEntry testId="ad53fe42-0f62-0dd7-7cc0-48e9888ed79f" executionId="dcc1d4c1-bf13-4505-886e-29a7d2388628" testListId="8c84fa94-04c1-424b-9868-57a2d4851a1d" />
    <TestEntry testId="ad819142-0fc8-08d8-db73-e33e4581e13f" executionId="572a65b4-67f5-4476-bdad-d6615aded217" testListId="8c84fa94-04c1-424b-9868-57a2d4851a1d" />
    <TestEntry testId="aeaa7568-80d7-74bb-5b00-573772c963a7" executionId="64e854b1-8f3b-4e13-9a41-9af8cc4bfd67" testListId="8c84fa94-04c1-424b-9868-57a2d4851a1d" />
    <TestEntry testId="b2d12f36-ff95-5ec9-cb04-8158ae12524d" executionId="09f5b934-b935-492a-8cec-ae9a9de7a740" testListId="8c84fa94-04c1-424b-9868-57a2d4851a1d" />
    <TestEntry testId="b356f059-aac1-f420-83c0-9add27c3b4a9" executionId="6b6bc666-4ba3-4dbe-a3df-8f0fdf4631dd" testListId="8c84fa94-04c1-424b-9868-57a2d4851a1d" />
    <TestEntry testId="b48b3fc7-9265-32fb-3e33-df8465400226" executionId="8b9d82e4-1670-449b-bf28-c23b11a3770f" testListId="8c84fa94-04c1-424b-9868-57a2d4851a1d" />
    <TestEntry testId="b6359c4b-4264-9433-7578-43f7a388767a" executionId="7e33f0c5-0cdb-4cf7-aba4-7fc52a65aa29" testListId="8c84fa94-04c1-424b-9868-57a2d4851a1d" />
    <TestEntry testId="b643c69c-4cdc-3e70-5e26-8310153d1cef" executionId="c002de6a-ec64-498e-ab94-b5fa1dcfe8aa" testListId="8c84fa94-04c1-424b-9868-57a2d4851a1d" />
    <TestEntry testId="b7f4a730-d7d6-6886-d361-333ee2505238" executionId="48560ecf-d7ed-4611-a7cd-2ca91ff4cba6" testListId="8c84fa94-04c1-424b-9868-57a2d4851a1d" />
    <TestEntry testId="ba579d81-f213-d67c-11cb-81ed57511985" executionId="90b036ff-cc84-46ce-ba2a-dd83c12eb4d7" testListId="8c84fa94-04c1-424b-9868-57a2d4851a1d" />
    <TestEntry testId="c06fa58c-fdd8-dd0e-a4bc-27769392ea48" executionId="ab22cea5-fef9-460d-b79a-ce3f5dfc2756" testListId="8c84fa94-04c1-424b-9868-57a2d4851a1d" />
    <TestEntry testId="c31714d1-4618-8354-d76b-91d08f8c9441" executionId="80ae7eb0-a8a3-42af-850d-ad7e67b50c58" testListId="8c84fa94-04c1-424b-9868-57a2d4851a1d" />
    <TestEntry testId="c3718dbe-75b9-2641-fc26-2579581d699d" executionId="25e35d07-4119-48ab-9b57-eb3a2ac02e63" testListId="8c84fa94-04c1-424b-9868-57a2d4851a1d" />
    <TestEntry testId="cb9ab58d-8baa-855e-5d07-948d7c894c3b" executionId="467ca085-fa47-499f-91d0-e8dbcbe0a1a5" testListId="8c84fa94-04c1-424b-9868-57a2d4851a1d" />
    <TestEntry testId="cff9f61b-6dcb-0390-8d2f-6388c5c19037" executionId="54f8fb40-1786-4ad9-b966-59e3e1d8a2d5" testListId="8c84fa94-04c1-424b-9868-57a2d4851a1d" />
    <TestEntry testId="d1e3fb7c-9317-1703-6861-0e422458bfcb" executionId="1affc593-cdd5-4a30-85cb-12f25423f4e9" testListId="8c84fa94-04c1-424b-9868-57a2d4851a1d" />
    <TestEntry testId="d59f7a52-4d79-9972-54da-b2b7c1ae1c5f" executionId="d99dff03-f0d2-43a6-ab25-aee603c3dc86" testListId="8c84fa94-04c1-424b-9868-57a2d4851a1d" />
    <TestEntry testId="d5b9f4f0-6010-0c54-3743-eb4ff4f22503" executionId="89a04a77-5bf3-4425-b176-b35c5bc9253a" testListId="8c84fa94-04c1-424b-9868-57a2d4851a1d" />
    <TestEntry testId="d8ca1f24-9443-c0e5-1264-61d20ec22e40" executionId="bb4e36c8-f2c7-4819-9e00-d6359f423a43" testListId="8c84fa94-04c1-424b-9868-57a2d4851a1d" />
    <TestEntry testId="da0c38e7-f05e-1866-f108-b4c889ec0aac" executionId="472810f1-8bd2-40b0-9336-111283efb779" testListId="8c84fa94-04c1-424b-9868-57a2d4851a1d" />
    <TestEntry testId="da2e4a92-4ba6-bd6e-bb80-20abea394ccb" executionId="49339fe7-372d-4639-933d-1b80bea49674" testListId="8c84fa94-04c1-424b-9868-57a2d4851a1d" />
    <TestEntry testId="dcc3c09a-4129-5a88-ed35-c7f7905cd23e" executionId="51f02a7e-31cd-45e9-a780-3a0f924d2c6b" testListId="8c84fa94-04c1-424b-9868-57a2d4851a1d" />
    <TestEntry testId="dcc51909-54b6-883c-dfae-331a4fe24ce0" executionId="564b49ef-d5db-4948-bdef-446767ce065d" testListId="8c84fa94-04c1-424b-9868-57a2d4851a1d" />
    <TestEntry testId="e5392506-b2a1-3752-d638-f48e2c0698ee" executionId="ae7aba5f-eb22-48bc-a6bf-abe67bc85c7d" testListId="8c84fa94-04c1-424b-9868-57a2d4851a1d" />
    <TestEntry testId="ef6ccb04-b599-464a-c095-b5e5580d4593" executionId="fa366ebe-f3fc-4626-963d-3a996834a6ca" testListId="8c84fa94-04c1-424b-9868-57a2d4851a1d" />
    <TestEntry testId="f257fd26-c7b6-848a-b0cf-55010618c280" executionId="2e3c05c9-57e2-4232-afaa-71ce5659bf27" testListId="8c84fa94-04c1-424b-9868-57a2d4851a1d" />
    <TestEntry testId="f85c0aa3-3674-b42a-2128-69bd3afe7ca6" executionId="4085675d-39ea-4565-a040-a1aeaecd5e9f" testListId="8c84fa94-04c1-424b-9868-57a2d4851a1d" />
    <TestEntry testId="fc6b45b6-617d-35be-f3b7-a6ec6b460ed6" executionId="a7634296-b2b3-4230-98d7-648ad10082a1" testListId="8c84fa94-04c1-424b-9868-57a2d4851a1d" />
  </TestEntries>
  <Results>
    <UnitTestResult executionId="2c9a465d-f839-4d31-a9a7-7d0eac7ca46e" testId="06b8de29-b2ea-925d-1fb8-9df6e1172a46" testName="TestStory_StoriesGrid" computerName="OWNER-PC" duration="00:00:00.0156369" startTime="2014-06-19T15:29:34.8567005-05:00" endTime="2014-06-19T15:29:34.9347050-05:00" testType="13cdc9d9-ddb5-4fa4-a97d-d965ccfc6d4b" outcome="Passed" testListId="8c84fa94-04c1-424b-9868-57a2d4851a1d">
      <Output>
      </Output>
    </UnitTestResult>
    <UnitTestResult executionId="48d0d6c9-cabb-49a6-ba85-2f838e90acad" testId="078da8da-1cbe-cbec-0a75-ee687b3a32bc" testName="TestSEOContent_SinglePageHTTP_GetAggregateRating_SDK_Disabled" computerName="OWNER-PC" duration="00:00:00.1920028" startTime="2014-06-19T15:29:34.9367051-05:00" endTime="2014-06-19T15:29:35.1317162-05:00" testType="13cdc9d9-ddb5-4fa4-a97d-d965ccfc6d4b" outcome="Passed" testListId="8c84fa94-04c1-424b-9868-57a2d4851a1d">
      <Output>
        <StdErr>log4net:ERROR RollingFileAppenderOpenFile(,True) call failed.
System.UnauthorizedAccessException: Access to the path 'C:\Program Files (x86)\Microsoft Visual Studio 9.0\Common7\IDE\nvelocity.log' is denied.
   at System.IO.__Error.WinIOError(Int32 errorCode, String maybeFullPath)
   at System.IO.FileStream.Init(String path, FileMode mode, FileAccess access, Int32 rights, Boolean useRights, FileShare share, Int32 bufferSize, FileOptions options, SECURITY_ATTRIBUTES secAttrs, String msgPath, Boolean bFromProxy)
   at System.IO.FileStream..ctor(String path, FileMode mode, FileAccess access, FileShare share, Int32 bufferSize, FileOptions options)
   at System.IO.StreamWriter.CreateFile(String path, Boolean append)
   at System.IO.StreamWriter..ctor(String path, Boolean append, Encoding encoding, Int32 bufferSize)
   at System.IO.StreamWriter..ctor(String path, Boolean append)
   at log4net.Appender.FileAppender.OpenFile(String fileName, Boolean append)
   at log4net.Appender.RollingFileAppender.OpenFile(String fileName, Boolean append)
   at log4net.Appender.FileAppender.ActivateOptions()</StdErr>
        <DebugTrace>log4net:ERROR RollingFileAppenderOpenFile(,True) call failed.
System.UnauthorizedAccessException: Access to the path 'C:\Program Files (x86)\Microsoft Visual Studio 9.0\Common7\IDE\nvelocity.log' is denied.
   at System.IO.__Error.WinIOError(Int32 errorCode, String maybeFullPath)
   at System.IO.FileStream.Init(String path, FileMode mode, FileAccess access, Int32 rights, Boolean useRights, FileShare share, Int32 bufferSize, FileOptions options, SECURITY_ATTRIBUTES secAttrs, String msgPath, Boolean bFromProxy)
   at System.IO.FileStream..ctor(String path, FileMode mode, FileAccess access, FileShare share, Int32 bufferSize, FileOptions options)
   at System.IO.StreamWriter.CreateFile(String path, Boolean append)
   at System.IO.StreamWriter..ctor(String path, Boolean append, Encoding encoding, Int32 bufferSize)
   at System.IO.StreamWriter..ctor(String path, Boolean append)
   at log4net.Appender.FileAppender.OpenFile(String fileName, Boolean append)
   at log4net.Appender.RollingFileAppender.OpenFile(String fileName, Boolean append)
   at log4net.Appender.FileAppender.ActivateOptions()
</DebugTrace>
      </Output>
    </UnitTestResult>
    <UnitTestResult executionId="86605393-d3dc-48a0-bcf6-fb01c327c466" testId="08808d6f-5f2b-19e6-4287-d69e6f5695c8" testName="TestStory_Stories" computerName="OWNER-PC" duration="00:00:00.0006036" startTime="2014-06-19T15:29:35.1337163-05:00" endTime="2014-06-19T15:29:35.1357165-05:00" testType="13cdc9d9-ddb5-4fa4-a97d-d965ccfc6d4b" outcome="Passed" testListId="8c84fa94-04c1-424b-9868-57a2d4851a1d">
      <Output>
      </Output>
    </UnitTestResult>
    <UnitTestResult executionId="b97c63af-8d80-43f8-a8d0-fbea8461d26b" testId="0ba65008-77d4-41f5-b98c-eb8e2ccca5cb" testName="TestAggregate_InvalidURL" computerName="OWNER-PC" duration="00:00:00.1819346" startTime="2014-06-19T15:29:35.1367165-05:00" endTime="2014-06-19T15:29:35.3207270-05:00" testType="13cdc9d9-ddb5-4fa4-a97d-d965ccfc6d4b" outcome="Passed" testListId="8c84fa94-04c1-424b-9868-57a2d4851a1d">
      <Output>
      </Output>
    </UnitTestResult>
    <UnitTestResult executionId="e37eee25-bf92-45cd-a783-c05bfb72d001" testId="0be53a4b-f193-b841-ba01-235a8d56dd4b" testName="TestMultipleConfigurations" computerName="OWNER-PC" duration="00:00:00.0005400" startTime="2014-06-19T15:29:35.3237272-05:00" endTime="2014-06-19T15:29:35.3267274-05:00" testType="13cdc9d9-ddb5-4fa4-a97d-d965ccfc6d4b" outcome="Passed" testListId="8c84fa94-04c1-424b-9868-57a2d4851a1d">
      <Output>
      </Output>
    </UnitTestResult>
    <UnitTestResult executionId="7321c862-26a7-41df-aede-d8ec84f46eee" testId="1d3b670a-63ee-9c37-1355-fcb1f3847ad3" testName="Test_SinglePage_Question" computerName="OWNER-PC" duration="00:00:00.1316137" startTime="2014-06-19T15:29:35.3297276-05:00" endTime="2014-06-19T15:29:35.4667354-05:00" testType="13cdc9d9-ddb5-4fa4-a97d-d965ccfc6d4b" outcome="Passed" testListId="8c84fa94-04c1-424b-9868-57a2d4851a1d">
      <Output>
      </Output>
    </UnitTestResult>
    <UnitTestResult executionId="af2facb8-16d6-434a-8ba4-1d9903a73f33" testId="2d0de862-bf6f-df20-4a30-d5604ca0eadc" testName="TestSEOContent_SinglePageHTTP_GetContent_SDK_Disabled" computerName="OWNER-PC" duration="00:00:00.0244213" startTime="2014-06-19T15:29:35.4687355-05:00" endTime="2014-06-19T15:29:35.4977372-05:00" testType="13cdc9d9-ddb5-4fa4-a97d-d965ccfc6d4b" outcome="Passed" testListId="8c84fa94-04c1-424b-9868-57a2d4851a1d">
      <Output>
      </Output>
    </UnitTestResult>
    <UnitTestResult executionId="89d85651-5e2a-4672-ae20-e053b37a0060" testId="305df720-2163-4902-ce02-9f70094cc502" testName="TestDisplayFooter_URL_Debug" computerName="OWNER-PC" duration="00:00:00.0474984" startTime="2014-06-19T15:29:35.4977372-05:00" endTime="2014-06-19T15:29:35.5497401-05:00" testType="13cdc9d9-ddb5-4fa4-a97d-d965ccfc6d4b" outcome="Passed" testListId="8c84fa94-04c1-424b-9868-57a2d4851a1d">
      <Output>
      </Output>
    </UnitTestResult>
    <UnitTestResult executionId="b1e49de8-44c5-4b85-8c27-e42670711321" testId="320b82da-25e4-acee-cfe6-f5f499398763" testName="TestSEOContentFromHTTP_SinglePagePRR_CrawlerOverride" computerName="OWNER-PC" duration="00:00:00.3655081" startTime="2014-06-19T15:29:35.5517403-05:00" endTime="2014-06-19T15:29:35.9277618-05:00" testType="13cdc9d9-ddb5-4fa4-a97d-d965ccfc6d4b" outcome="Passed" testListId="8c84fa94-04c1-424b-9868-57a2d4851a1d">
      <Output>
      </Output>
    </UnitTestResult>
    <UnitTestResult executionId="a2ff77dd-93ae-4fbb-8097-e4424225e84b" testId="3b08769d-c5de-db20-839a-21cea7e6a04f" testName="Test_SinglePage_Review" computerName="OWNER-PC" duration="00:00:00.0562358" startTime="2014-06-19T15:29:35.9327620-05:00" endTime="2014-06-19T15:29:35.9927655-05:00" testType="13cdc9d9-ddb5-4fa4-a97d-d965ccfc6d4b" outcome="Passed" testListId="8c84fa94-04c1-424b-9868-57a2d4851a1d">
      <Output>
      </Output>
    </UnitTestResult>
    <UnitTestResult executionId="91051d99-6e82-417c-8a9f-fc2c7ba07342" testId="3bb26db2-7d35-fe6b-cd94-62d30d126293" testName="Test_InlinePage_Stories" computerName="OWNER-PC" duration="00:00:00.1442699" startTime="2014-06-19T15:29:35.9947656-05:00" endTime="2014-06-19T15:29:36.1447742-05:00" testType="13cdc9d9-ddb5-4fa4-a97d-d965ccfc6d4b" outcome="Passed" testListId="8c84fa94-04c1-424b-9868-57a2d4851a1d">
      <Output>
      </Output>
    </UnitTestResult>
    <UnitTestResult executionId="6b7e7f6f-1812-48c9-a269-52c6fae1532f" testId="4519dc37-d6af-1168-2fe0-550fdf975e5c" testName="TestUri_For_C2013_HTTP" computerName="OWNER-PC" duration="00:00:00.0099769" startTime="2014-06-19T15:29:36.1467743-05:00" endTime="2014-06-19T15:29:36.1637753-05:00" testType="13cdc9d9-ddb5-4fa4-a97d-d965ccfc6d4b" outcome="Passed" testListId="8c84fa94-04c1-424b-9868-57a2d4851a1d">
      <Output>
      </Output>
    </UnitTestResult>
    <UnitTestResult executionId="82f32266-4b41-47b5-a319-82c953f61952" testId="47f9a937-2bcb-0684-d30d-91119567ec8d" testName="TestUri_For_C2013_File" computerName="OWNER-PC" duration="00:00:00.0007217" startTime="2014-06-19T15:29:36.1657754-05:00" endTime="2014-06-19T15:29:36.1687755-05:00" testType="13cdc9d9-ddb5-4fa4-a97d-d965ccfc6d4b" outcome="Passed" testListId="8c84fa94-04c1-424b-9868-57a2d4851a1d">
      <Output>
      </Output>
    </UnitTestResult>
    <UnitTestResult executionId="c572c7e1-5f06-4e3f-90fe-e22bf1b9ed75" testId="48c1bde0-440e-e42e-8163-c0c839234cdf" testName="TestAggregate_NullSubjectID" computerName="OWNER-PC" duration="00:00:00.0709239" startTime="2014-06-19T15:29:36.1707757-05:00" endTime="2014-06-19T15:29:36.2447799-05:00" testType="13cdc9d9-ddb5-4fa4-a97d-d965ccfc6d4b" outcome="Passed" testListId="8c84fa94-04c1-424b-9868-57a2d4851a1d">
      <Output>
      </Output>
    </UnitTestResult>
    <UnitTestResult executionId="304d8222-9a6c-4641-89db-f76b3ed9f727" testId="49ae87b0-a9db-70e4-4183-fa3f62452b2a" testName="TestSEOContentFromHTTP_SinglePage_FileUnavailableError" computerName="OWNER-PC" duration="00:00:00.0877369" startTime="2014-06-19T15:29:36.2497802-05:00" endTime="2014-06-19T15:29:36.3407854-05:00" testType="13cdc9d9-ddb5-4fa4-a97d-d965ccfc6d4b" outcome="Passed" testListId="8c84fa94-04c1-424b-9868-57a2d4851a1d">
      <Output>
      </Output>
    </UnitTestResult>
    <UnitTestResult executionId="bcfdf3ed-a9da-4764-8844-ea5951589e2e" testId="4e53e90c-79f3-2fe5-42dc-76c59df7f553" testName="TestSEOContent_SinglePageHTTP_AggregateRating_BotDetectionEnabled" computerName="OWNER-PC" duration="00:00:00.0611432" startTime="2014-06-19T15:29:36.3427855-05:00" endTime="2014-06-19T15:29:36.4067892-05:00" testType="13cdc9d9-ddb5-4fa4-a97d-d965ccfc6d4b" outcome="Passed" testListId="8c84fa94-04c1-424b-9868-57a2d4851a1d">
      <Output>
      </Output>
    </UnitTestResult>
    <UnitTestResult executionId="956aa3f7-8529-43bb-8765-6616b1a375d2" testId="5cb9f28b-a05f-b9c4-950a-9a1b1d53a576" testName="Test_InteractivePage_Review" computerName="OWNER-PC" duration="00:00:00.1361381" startTime="2014-06-19T15:29:36.4087893-05:00" endTime="2014-06-19T15:29:36.5497973-05:00" testType="13cdc9d9-ddb5-4fa4-a97d-d965ccfc6d4b" outcome="Passed" testListId="8c84fa94-04c1-424b-9868-57a2d4851a1d">
      <Output>
      </Output>
    </UnitTestResult>
    <UnitTestResult executionId="3ef1bb8f-c818-44c9-a7f2-90a7e1ab9938" testId="5d4eaba0-94e6-3d0c-6697-dff9648ceeb5" testName="TestSEOContentFromFile_SinglePage_FileUnavailableError" computerName="OWNER-PC" duration="00:00:00.0231560" startTime="2014-06-19T15:29:36.5527975-05:00" endTime="2014-06-19T15:29:36.5797991-05:00" testType="13cdc9d9-ddb5-4fa4-a97d-d965ccfc6d4b" outcome="Passed" testListId="8c84fa94-04c1-424b-9868-57a2d4851a1d">
      <Output>
      </Output>
    </UnitTestResult>
    <UnitTestResult executionId="0c684e61-d007-4a44-abf6-a6f0b5673264" testId="6173729d-b1c9-b7db-f252-6b7bf296b99d" testName="TestBVConfigLoading" computerName="OWNER-PC" duration="00:00:00.0003133" startTime="2014-06-19T15:29:36.5827992-05:00" endTime="2014-06-19T15:29:36.5847993-05:00" testType="13cdc9d9-ddb5-4fa4-a97d-d965ccfc6d4b" outcome="Passed" testListId="8c84fa94-04c1-424b-9868-57a2d4851a1d">
      <Output>
      </Output>
    </UnitTestResult>
    <UnitTestResult executionId="173208ef-019c-4e75-ad8c-d85303d734e6" testId="64102383-1eec-2357-e495-a1398ceb1c60" testName="TestSEOContentFromFile_SinglePagePRR_PageUri" computerName="OWNER-PC" duration="00:00:00.0245102" startTime="2014-06-19T15:29:36.5867995-05:00" endTime="2014-06-19T15:29:36.6138010-05:00" testType="13cdc9d9-ddb5-4fa4-a97d-d965ccfc6d4b" outcome="Passed" testListId="8c84fa94-04c1-424b-9868-57a2d4851a1d">
      <Output>
      </Output>
    </UnitTestResult>
    <UnitTestResult executionId="68b546d2-09d1-43ea-90e3-740c839acb2a" testId="64633bc6-a6c4-3385-bf98-af703e82448e" testName="TestSearchContentNullBVQueryParams" computerName="OWNER-PC" duration="00:00:00.0203612" startTime="2014-06-19T15:29:36.6158011-05:00" endTime="2014-06-19T15:29:36.6388024-05:00" testType="13cdc9d9-ddb5-4fa4-a97d-d965ccfc6d4b" outcome="Passed" testListId="8c84fa94-04c1-424b-9868-57a2d4851a1d">
      <Output>
      </Output>
    </UnitTestResult>
    <UnitTestResult executionId="bca495fe-42af-428f-a85e-d6577f70878a" testId="668619da-6a06-d548-720e-a61936cf267f" testName="Test_SinglePage_Question" computerName="OWNER-PC" duration="00:00:00.1109587" startTime="2014-06-19T15:29:36.6388024-05:00" endTime="2014-06-19T15:29:36.7528090-05:00" testType="13cdc9d9-ddb5-4fa4-a97d-d965ccfc6d4b" outcome="Passed" testListId="8c84fa94-04c1-424b-9868-57a2d4851a1d">
      <Output>
      </Output>
    </UnitTestResult>
    <UnitTestResult executionId="d2f2caac-57f9-4632-9cc8-2abfb1242d13" testId="6ae7685d-361b-24f8-8983-14c25fd9df76" testName="Test_SinglePage_Question" computerName="OWNER-PC" duration="00:00:00.0668991" startTime="2014-06-19T15:29:36.7548091-05:00" endTime="2014-06-19T15:29:36.8258131-05:00" testType="13cdc9d9-ddb5-4fa4-a97d-d965ccfc6d4b" outcome="Passed" testListId="8c84fa94-04c1-424b-9868-57a2d4851a1d">
      <Output>
      </Output>
    </UnitTestResult>
    <UnitTestResult executionId="8152e86d-bd8b-432e-9674-709bf49a90f5" testId="6b64ef0b-98a8-9656-ca76-083b22cdebf3" testName="TestBVCoreConfig" computerName="OWNER-PC" duration="00:00:00.0003241" startTime="2014-06-19T15:29:36.8268132-05:00" endTime="2014-06-19T15:29:36.8298134-05:00" testType="13cdc9d9-ddb5-4fa4-a97d-d965ccfc6d4b" outcome="Passed" testListId="8c84fa94-04c1-424b-9868-57a2d4851a1d">
      <Output>
      </Output>
    </UnitTestResult>
    <UnitTestResult executionId="4e8b6aac-1ac5-4265-a74d-acb33c5861e0" testId="6fd35cd4-d5d7-540a-5c99-9f9e1332807e" testName="Test_SinglePage_Review" computerName="OWNER-PC" duration="00:00:00.0548542" startTime="2014-06-19T15:29:36.8308134-05:00" endTime="2014-06-19T15:29:36.8988173-05:00" testType="13cdc9d9-ddb5-4fa4-a97d-d965ccfc6d4b" outcome="Passed" testListId="8c84fa94-04c1-424b-9868-57a2d4851a1d">
      <Output>
      </Output>
    </UnitTestResult>
    <UnitTestResult executionId="381df568-7c7c-4654-a898-ef9e07aeb598" testId="75867207-bc67-e8f1-ac3b-474d1963e810" testName="TestBase_PageUri_For_PRR_File" computerName="OWNER-PC" duration="00:00:00.0118979" startTime="2014-06-19T15:29:36.8998174-05:00" endTime="2014-06-19T15:29:36.9158183-05:00" testType="13cdc9d9-ddb5-4fa4-a97d-d965ccfc6d4b" outcome="Passed" testListId="8c84fa94-04c1-424b-9868-57a2d4851a1d">
      <Output>
      </Output>
    </UnitTestResult>
    <UnitTestResult executionId="c8dce9f9-0f5c-4d1c-b633-3f46474f4705" testId="79217038-898f-bfff-42c1-8f4916c3308c" testName="TestSEOContent_SinglePageHTTP_GetReview_SDK_Disabled" computerName="OWNER-PC" duration="00:00:00.0217616" startTime="2014-06-19T15:29:36.9168183-05:00" endTime="2014-06-19T15:29:36.9408197-05:00" testType="13cdc9d9-ddb5-4fa4-a97d-d965ccfc6d4b" outcome="Passed" testListId="8c84fa94-04c1-424b-9868-57a2d4851a1d">
      <Output>
      </Output>
    </UnitTestResult>
    <UnitTestResult executionId="58ee38d5-0254-4e79-bd0f-e105f967e93e" testId="83670232-d932-24b5-97b0-54c95872e53a" testName="TestSEOContentFromHTTP_SinglePagePRR_AggregateRating" computerName="OWNER-PC" duration="00:00:00.0606455" startTime="2014-06-19T15:29:36.9428198-05:00" endTime="2014-06-19T15:29:37.0068235-05:00" testType="13cdc9d9-ddb5-4fa4-a97d-d965ccfc6d4b" outcome="Passed" testListId="8c84fa94-04c1-424b-9868-57a2d4851a1d">
      <Output>
      </Output>
    </UnitTestResult>
    <UnitTestResult executionId="faca2408-caa6-476e-87f1-a12a407435e8" testId="8d264e89-646c-4a3d-bb37-95d58ddc393f" testName="BVManagedUIContentTestPagination" computerName="OWNER-PC" duration="00:00:00.0604084" startTime="2014-06-19T15:29:37.0098237-05:00" endTime="2014-06-19T15:29:37.0728273-05:00" testType="13cdc9d9-ddb5-4fa4-a97d-d965ccfc6d4b" outcome="Passed" testListId="8c84fa94-04c1-424b-9868-57a2d4851a1d">
      <Output>
      </Output>
    </UnitTestResult>
    <UnitTestResult executionId="6f74ea9a-9786-4661-af7a-5b9f7f22e586" testId="915c5ee6-ea7f-ebc8-ffeb-939ac16ef3d4" testName="TestDisplayFooter" computerName="OWNER-PC" duration="00:00:00.0301160" startTime="2014-06-19T15:29:37.0738273-05:00" endTime="2014-06-19T15:29:37.1068292-05:00" testType="13cdc9d9-ddb5-4fa4-a97d-d965ccfc6d4b" outcome="Passed" testListId="8c84fa94-04c1-424b-9868-57a2d4851a1d">
      <Output>
      </Output>
    </UnitTestResult>
    <UnitTestResult executionId="79d27a88-2f8f-4d7a-a8e2-9b44f73ef65e" testId="99cebdfa-8a8d-7958-449d-c3ab05306baa" testName="TestSEOContentFromHTTP_SinglePagePRR_Reviews" computerName="OWNER-PC" duration="00:00:00.0476890" startTime="2014-06-19T15:29:37.1068292-05:00" endTime="2014-06-19T15:29:37.1568321-05:00" testType="13cdc9d9-ddb5-4fa4-a97d-d965ccfc6d4b" outcome="Passed" testListId="8c84fa94-04c1-424b-9868-57a2d4851a1d">
      <Output>
      </Output>
    </UnitTestResult>
    <UnitTestResult executionId="19cfe0bb-5f48-40b5-9d54-bf9c9882083a" testId="9bc706cc-8a93-1cbe-a917-e57f61a9b33c" testName="TestStory_Default" computerName="OWNER-PC" duration="00:00:00.0005866" startTime="2014-06-19T15:29:37.1598322-05:00" endTime="2014-06-19T15:29:37.1628324-05:00" testType="13cdc9d9-ddb5-4fa4-a97d-d965ccfc6d4b" outcome="Passed" testListId="8c84fa94-04c1-424b-9868-57a2d4851a1d">
      <Output>
      </Output>
    </UnitTestResult>
    <UnitTestResult executionId="50017dee-33f1-4086-bdb9-e1f05aec18e1" testId="9fbc3db2-a72e-842c-8a9f-b86ecd2a1ffa" testName="TestSEOContent_SinglePageHTTP_Aggregate_WithoutPagination" computerName="OWNER-PC" duration="00:00:00.0518034" startTime="2014-06-19T15:29:37.1658326-05:00" endTime="2014-06-19T15:29:37.2198357-05:00" testType="13cdc9d9-ddb5-4fa4-a97d-d965ccfc6d4b" outcome="Passed" testListId="8c84fa94-04c1-424b-9868-57a2d4851a1d">
      <Output>
      </Output>
    </UnitTestResult>
    <UnitTestResult executionId="9a4bbe29-ddc5-482d-97ae-c7f97b8f2b5d" testId="a16719c5-f614-973b-19a7-7416eb2f394c" testName="TestSEOContent_SinglePageHTTP_GetReviews_Blank_Page_Test" computerName="OWNER-PC" duration="00:00:00.0429162" startTime="2014-06-19T15:29:37.2218358-05:00" endTime="2014-06-19T15:29:37.2678384-05:00" testType="13cdc9d9-ddb5-4fa4-a97d-d965ccfc6d4b" outcome="Passed" testListId="8c84fa94-04c1-424b-9868-57a2d4851a1d">
      <Output>
      </Output>
    </UnitTestResult>
    <UnitTestResult executionId="d80b22d6-6b8f-41e5-81bb-1047ee46cfb9" testId="a6d9cbae-7a2a-2a07-9ac8-67310f1bbfe9" testName="TestEquality" computerName="OWNER-PC" duration="00:00:00.0006367" startTime="2014-06-19T15:29:37.2688385-05:00" endTime="2014-06-19T15:29:37.2718386-05:00" testType="13cdc9d9-ddb5-4fa4-a97d-d965ccfc6d4b" outcome="Passed" testListId="8c84fa94-04c1-424b-9868-57a2d4851a1d">
      <Output>
      </Output>
    </UnitTestResult>
    <UnitTestResult executionId="dcc1d4c1-bf13-4505-886e-29a7d2388628" testId="ad53fe42-0f62-0dd7-7cc0-48e9888ed79f" testName="TestAdd_GetProperty" computerName="OWNER-PC" duration="00:00:00.0014832" startTime="2014-06-19T15:29:37.2718386-05:00" endTime="2014-06-19T15:29:37.2758389-05:00" testType="13cdc9d9-ddb5-4fa4-a97d-d965ccfc6d4b" outcome="Passed" testListId="8c84fa94-04c1-424b-9868-57a2d4851a1d">
      <Output>
      </Output>
    </UnitTestResult>
    <UnitTestResult executionId="572a65b4-67f5-4476-bdad-d6615aded217" testId="ad819142-0fc8-08d8-db73-e33e4581e13f" testName="Test_SinglePage_Stories" computerName="OWNER-PC" duration="00:00:00.0506685" startTime="2014-06-19T15:29:37.2758389-05:00" endTime="2014-06-19T15:29:37.3328421-05:00" testType="13cdc9d9-ddb5-4fa4-a97d-d965ccfc6d4b" outcome="Passed" testListId="8c84fa94-04c1-424b-9868-57a2d4851a1d">
      <Output>
      </Output>
    </UnitTestResult>
    <UnitTestResult executionId="64e854b1-8f3b-4e13-9a41-9af8cc4bfd67" testId="aeaa7568-80d7-74bb-5b00-573772c963a7" testName="TestSEOContentFromHTTP__InvalidCloudKey" computerName="OWNER-PC" duration="00:00:00.0439764" startTime="2014-06-19T15:29:37.3328421-05:00" endTime="2014-06-19T15:29:37.3798448-05:00" testType="13cdc9d9-ddb5-4fa4-a97d-d965ccfc6d4b" outcome="Passed" testListId="8c84fa94-04c1-424b-9868-57a2d4851a1d">
      <Output>
      </Output>
    </UnitTestResult>
    <UnitTestResult executionId="09f5b934-b935-492a-8cec-ae9a9de7a740" testId="b2d12f36-ff95-5ec9-cb04-8158ae12524d" testName="Test_InlinePage_Review" computerName="OWNER-PC" duration="00:00:00.0583962" startTime="2014-06-19T15:29:37.3848451-05:00" endTime="2014-06-19T15:29:37.4488488-05:00" testType="13cdc9d9-ddb5-4fa4-a97d-d965ccfc6d4b" outcome="Passed" testListId="8c84fa94-04c1-424b-9868-57a2d4851a1d">
      <Output>
      </Output>
    </UnitTestResult>
    <UnitTestResult executionId="6b6bc666-4ba3-4dbe-a3df-8f0fdf4631dd" testId="b356f059-aac1-f420-83c0-9add27c3b4a9" testName="TestSEOContentFromHTTP_SinglePagePRR" computerName="OWNER-PC" duration="00:00:00.0436665" startTime="2014-06-19T15:29:37.4488488-05:00" endTime="2014-06-19T15:29:37.4948514-05:00" testType="13cdc9d9-ddb5-4fa4-a97d-d965ccfc6d4b" outcome="Passed" testListId="8c84fa94-04c1-424b-9868-57a2d4851a1d">
      <Output>
      </Output>
    </UnitTestResult>
    <UnitTestResult executionId="8b9d82e4-1670-449b-bf28-c23b11a3770f" testId="b48b3fc7-9265-32fb-3e33-df8465400226" testName="TestStory_Default_None" computerName="OWNER-PC" duration="00:00:00.0006444" startTime="2014-06-19T15:29:37.4958514-05:00" endTime="2014-06-19T15:29:37.5078521-05:00" testType="13cdc9d9-ddb5-4fa4-a97d-d965ccfc6d4b" outcome="Passed" testListId="8c84fa94-04c1-424b-9868-57a2d4851a1d">
      <Output>
      </Output>
    </UnitTestResult>
    <UnitTestResult executionId="7e33f0c5-0cdb-4cf7-aba4-7fc52a65aa29" testId="b6359c4b-4264-9433-7578-43f7a388767a" testName="Test_SinglePage_Stories" computerName="OWNER-PC" duration="00:00:00.0468624" startTime="2014-06-19T15:29:37.5078521-05:00" endTime="2014-06-19T15:29:37.5578550-05:00" testType="13cdc9d9-ddb5-4fa4-a97d-d965ccfc6d4b" outcome="Passed" testListId="8c84fa94-04c1-424b-9868-57a2d4851a1d">
      <Output>
      </Output>
    </UnitTestResult>
    <UnitTestResult executionId="c002de6a-ec64-498e-ab94-b5fa1dcfe8aa" testId="b643c69c-4cdc-3e70-5e26-8310153d1cef" testName="TestSEOContent_SinglePageHTTP_GetReviews_ERR0013" computerName="OWNER-PC" duration="00:00:00.0845579" startTime="2014-06-19T15:29:37.5578550-05:00" endTime="2014-06-19T15:29:37.6468601-05:00" testType="13cdc9d9-ddb5-4fa4-a97d-d965ccfc6d4b" outcome="Passed" testListId="8c84fa94-04c1-424b-9868-57a2d4851a1d">
      <Output>
      </Output>
    </UnitTestResult>
    <UnitTestResult executionId="48560ecf-d7ed-4611-a7cd-2ca91ff4cba6" testId="b7f4a730-d7d6-6886-d361-333ee2505238" testName="TestSDKEnabled" computerName="OWNER-PC" duration="00:00:00.0007121" startTime="2014-06-19T15:29:37.6518604-05:00" endTime="2014-06-19T15:29:37.6548605-05:00" testType="13cdc9d9-ddb5-4fa4-a97d-d965ccfc6d4b" outcome="Passed" testListId="8c84fa94-04c1-424b-9868-57a2d4851a1d">
      <Output>
      </Output>
    </UnitTestResult>
    <UnitTestResult executionId="90b036ff-cc84-46ce-ba2a-dd83c12eb4d7" testId="ba579d81-f213-d67c-11cb-81ed57511985" testName="Test_SinglePage_Stories" computerName="OWNER-PC" duration="00:00:00.0539233" startTime="2014-06-19T15:29:37.6558606-05:00" endTime="2014-06-19T15:29:37.7118638-05:00" testType="13cdc9d9-ddb5-4fa4-a97d-d965ccfc6d4b" outcome="Passed" testListId="8c84fa94-04c1-424b-9868-57a2d4851a1d">
      <Output>
      </Output>
    </UnitTestResult>
    <UnitTestResult executionId="ab22cea5-fef9-460d-b79a-ce3f5dfc2756" testId="c06fa58c-fdd8-dd0e-a4bc-27769392ea48" testName="TestShowUserAgentSeoContent" computerName="OWNER-PC" duration="00:00:00.0013477" startTime="2014-06-19T15:29:37.7118638-05:00" endTime="2014-06-19T15:29:37.7158640-05:00" testType="13cdc9d9-ddb5-4fa4-a97d-d965ccfc6d4b" outcome="Passed" testListId="8c84fa94-04c1-424b-9868-57a2d4851a1d">
      <Output>
      </Output>
    </UnitTestResult>
    <UnitTestResult executionId="80ae7eb0-a8a3-42af-850d-ad7e67b50c58" testId="c31714d1-4618-8354-d76b-91d08f8c9441" testName="TestSEOContentFromFile_SinglePagePRR" computerName="OWNER-PC" duration="00:00:00.0306827" startTime="2014-06-19T15:29:37.7178641-05:00" endTime="2014-06-19T15:29:37.7518661-05:00" testType="13cdc9d9-ddb5-4fa4-a97d-d965ccfc6d4b" outcome="Passed" testListId="8c84fa94-04c1-424b-9868-57a2d4851a1d">
      <Output>
      </Output>
    </UnitTestResult>
    <UnitTestResult executionId="25e35d07-4119-48ab-9b57-eb3a2ac02e63" testId="c3718dbe-75b9-2641-fc26-2579581d699d" testName="TestValidation" computerName="OWNER-PC" duration="00:00:00.0005293" startTime="2014-06-19T15:29:37.7518661-05:00" endTime="2014-06-19T15:29:37.7558663-05:00" testType="13cdc9d9-ddb5-4fa4-a97d-d965ccfc6d4b" outcome="Passed" testListId="8c84fa94-04c1-424b-9868-57a2d4851a1d">
      <Output>
      </Output>
    </UnitTestResult>
    <UnitTestResult executionId="467ca085-fa47-499f-91d0-e8dbcbe0a1a5" testId="cb9ab58d-8baa-855e-5d07-948d7c894c3b" testName="TestMessages" computerName="OWNER-PC" duration="00:00:00.0006744" startTime="2014-06-19T15:29:37.7558663-05:00" endTime="2014-06-19T15:29:37.7598666-05:00" testType="13cdc9d9-ddb5-4fa4-a97d-d965ccfc6d4b" outcome="Passed" testListId="8c84fa94-04c1-424b-9868-57a2d4851a1d">
      <Output>
      </Output>
    </UnitTestResult>
    <UnitTestResult executionId="54f8fb40-1786-4ad9-b966-59e3e1d8a2d5" testId="cff9f61b-6dcb-0390-8d2f-6388c5c19037" testName="TestBase_PageUri_For_PRR_HTTP" computerName="OWNER-PC" duration="00:00:00.0113859" startTime="2014-06-19T15:29:37.7598666-05:00" endTime="2014-06-19T15:29:37.7738674-05:00" testType="13cdc9d9-ddb5-4fa4-a97d-d965ccfc6d4b" outcome="Passed" testListId="8c84fa94-04c1-424b-9868-57a2d4851a1d">
      <Output>
      </Output>
    </UnitTestResult>
    <UnitTestResult executionId="1affc593-cdd5-4a30-85cb-12f25423f4e9" testId="d1e3fb7c-9317-1703-6861-0e422458bfcb" testName="TestSEOContent_SinglePageHTTP_AggregateRatingAndReviews" computerName="OWNER-PC" duration="00:00:00.0667394" startTime="2014-06-19T15:29:37.7748674-05:00" endTime="2014-06-19T15:29:37.8438714-05:00" testType="13cdc9d9-ddb5-4fa4-a97d-d965ccfc6d4b" outcome="Passed" testListId="8c84fa94-04c1-424b-9868-57a2d4851a1d">
      <Output>
      </Output>
    </UnitTestResult>
    <UnitTestResult executionId="d99dff03-f0d2-43a6-ab25-aee603c3dc86" testId="d59f7a52-4d79-9972-54da-b2b7c1ae1c5f" testName="Test_SinglePage_Review" computerName="OWNER-PC" duration="00:00:00.0513022" startTime="2014-06-19T15:29:37.8458715-05:00" endTime="2014-06-19T15:29:37.8998746-05:00" testType="13cdc9d9-ddb5-4fa4-a97d-d965ccfc6d4b" outcome="Passed" testListId="8c84fa94-04c1-424b-9868-57a2d4851a1d">
      <Output>
      </Output>
    </UnitTestResult>
    <UnitTestResult executionId="89a04a77-5bf3-4425-b176-b35c5bc9253a" testId="d5b9f4f0-6010-0c54-3743-eb4ff4f22503" testName="Test_InteractivePage_Stories" computerName="OWNER-PC" duration="00:00:00.0471492" startTime="2014-06-19T15:29:37.9008746-05:00" endTime="2014-06-19T15:29:37.9508775-05:00" testType="13cdc9d9-ddb5-4fa4-a97d-d965ccfc6d4b" outcome="Passed" testListId="8c84fa94-04c1-424b-9868-57a2d4851a1d">
      <Output>
      </Output>
    </UnitTestResult>
    <UnitTestResult executionId="bb4e36c8-f2c7-4819-9e00-d6359f423a43" testId="d8ca1f24-9443-c0e5-1264-61d20ec22e40" testName="TestSEOContentFromFile_SinglePage_FileUnavailableError_bvReveal" computerName="OWNER-PC" duration="00:00:00.0312562" startTime="2014-06-19T15:29:37.9528776-05:00" endTime="2014-06-19T15:29:37.9868795-05:00" testType="13cdc9d9-ddb5-4fa4-a97d-d965ccfc6d4b" outcome="Passed" testListId="8c84fa94-04c1-424b-9868-57a2d4851a1d">
      <Output>
      </Output>
    </UnitTestResult>
    <UnitTestResult executionId="472810f1-8bd2-40b0-9336-111283efb779" testId="da0c38e7-f05e-1866-f108-b4c889ec0aac" testName="Test_InlinePage_Question" computerName="OWNER-PC" duration="00:00:00.0469664" startTime="2014-06-19T15:29:37.9878796-05:00" endTime="2014-06-19T15:29:38.0378825-05:00" testType="13cdc9d9-ddb5-4fa4-a97d-d965ccfc6d4b" outcome="Passed" testListId="8c84fa94-04c1-424b-9868-57a2d4851a1d">
      <Output>
      </Output>
    </UnitTestResult>
    <UnitTestResult executionId="49339fe7-372d-4639-933d-1b80bea49674" testId="da2e4a92-4ba6-bd6e-bb80-20abea394ccb" testName="TestStory_Stories_PageNumber" computerName="OWNER-PC" duration="00:00:00.0121242" startTime="2014-06-19T15:29:38.0388825-05:00" endTime="2014-06-19T15:29:38.0538834-05:00" testType="13cdc9d9-ddb5-4fa4-a97d-d965ccfc6d4b" outcome="Passed" testListId="8c84fa94-04c1-424b-9868-57a2d4851a1d">
      <Output>
      </Output>
    </UnitTestResult>
    <UnitTestResult executionId="51f02a7e-31cd-45e9-a780-3a0f924d2c6b" testId="dcc3c09a-4129-5a88-ed35-c7f7905cd23e" testName="TestSEOContentFromFile_SinglePageC2013" computerName="OWNER-PC" duration="00:00:00.0294181" startTime="2014-06-19T15:29:38.0548834-05:00" endTime="2014-06-19T15:29:38.0878853-05:00" testType="13cdc9d9-ddb5-4fa4-a97d-d965ccfc6d4b" outcome="Passed" testListId="8c84fa94-04c1-424b-9868-57a2d4851a1d">
      <Output>
      </Output>
    </UnitTestResult>
    <UnitTestResult executionId="564b49ef-d5db-4948-bdef-446767ce065d" testId="dcc51909-54b6-883c-dfae-331a4fe24ce0" testName="TestSEOContent_SinglePageHTTP_AggregateRating_IfNotPresent" computerName="OWNER-PC" duration="00:00:00.0431045" startTime="2014-06-19T15:29:38.0878853-05:00" endTime="2014-06-19T15:29:38.1338879-05:00" testType="13cdc9d9-ddb5-4fa4-a97d-d965ccfc6d4b" outcome="Passed" testListId="8c84fa94-04c1-424b-9868-57a2d4851a1d">
      <Output>
      </Output>
    </UnitTestResult>
    <UnitTestResult executionId="ae7aba5f-eb22-48bc-a6bf-abe67bc85c7d" testId="e5392506-b2a1-3752-d638-f48e2c0698ee" testName="Test_InteractivePage_Question" computerName="OWNER-PC" duration="00:00:00.0595614" startTime="2014-06-19T15:29:38.1358881-05:00" endTime="2014-06-19T15:29:38.1978916-05:00" testType="13cdc9d9-ddb5-4fa4-a97d-d965ccfc6d4b" outcome="Passed" testListId="8c84fa94-04c1-424b-9868-57a2d4851a1d">
      <Output>
      </Output>
    </UnitTestResult>
    <UnitTestResult executionId="fa366ebe-f3fc-4626-963d-3a996834a6ca" testId="ef6ccb04-b599-464a-c095-b5e5580d4593" testName="TestDisplayFooter_Debug" computerName="OWNER-PC" duration="00:00:00.0209690" startTime="2014-06-19T15:29:38.2028919-05:00" endTime="2014-06-19T15:29:38.2268933-05:00" testType="13cdc9d9-ddb5-4fa4-a97d-d965ccfc6d4b" outcome="Passed" testListId="8c84fa94-04c1-424b-9868-57a2d4851a1d">
      <Output>
      </Output>
    </UnitTestResult>
    <UnitTestResult executionId="2e3c05c9-57e2-4232-afaa-71ce5659bf27" testId="f257fd26-c7b6-848a-b0cf-55010618c280" testName="BVManagedUIContentTestExecutionTimeOut" computerName="OWNER-PC" duration="00:00:00.0809632" startTime="2014-06-19T15:29:38.2348937-05:00" endTime="2014-06-19T15:29:38.3198986-05:00" testType="13cdc9d9-ddb5-4fa4-a97d-d965ccfc6d4b" outcome="Passed" testListId="8c84fa94-04c1-424b-9868-57a2d4851a1d">
      <Output>
      </Output>
    </UnitTestResult>
    <UnitTestResult executionId="4085675d-39ea-4565-a040-a1aeaecd5e9f" testId="f85c0aa3-3674-b42a-2128-69bd3afe7ca6" testName="TestSEOContentFrom_Using_HTTPS" computerName="OWNER-PC" duration="00:00:00.0939463" startTime="2014-06-19T15:29:38.3208986-05:00" endTime="2014-06-19T15:29:38.4239045-05:00" testType="13cdc9d9-ddb5-4fa4-a97d-d965ccfc6d4b" outcome="Passed" testListId="8c84fa94-04c1-424b-9868-57a2d4851a1d">
      <Output>
      </Output>
    </UnitTestResult>
    <UnitTestResult executionId="a7634296-b2b3-4230-98d7-648ad10082a1" testId="fc6b45b6-617d-35be-f3b7-a6ec6b460ed6" testName="TestSEOContentFromHTTP_SinglePageC2013" computerName="OWNER-PC" duration="00:00:00.0561272" startTime="2014-06-19T15:29:38.4249046-05:00" endTime="2014-06-19T15:29:38.4839080-05:00" testType="13cdc9d9-ddb5-4fa4-a97d-d965ccfc6d4b" outcome="Passed" testListId="8c84fa94-04c1-424b-9868-57a2d4851a1d">
      <Output>
      </Output>
    </UnitTestResult>
  </Results>
</TestRun>