<?xml version="1.0" encoding="UTF-8"?>
<TestRun id="89f81f13-9071-4e97-b2f6-c02084daff46" name="Mohan Krupanandan@OWNER-PC 2014-07-14 13:44:49" runUser="Owner-PC\Mohan Krupanandan" xmlns="http://microsoft.com/schemas/VisualStudio/TeamTest/2006">
  <TestRunConfiguration name="Local Test Run" id="7484b31a-7605-4c36-89c2-1c7908653846">
    <Description>This is a default test run configuration for a local test run.</Description>
    <Deployment userDeploymentRoot="C:\Users\Mohan Krupanandan\Documents\GitHub\seo_sdk_dotnet\BVSeoSdkDotNet\TestResults" useDefaultDeploymentRoot="false" runDeploymentRoot="C:\Users\Mohan Krupanandan\Documents\GitHub\seo_sdk_dotnet\BVSeoSdkDotNet\TestResults\Mohan Krupanandan_OWNER-PC 2014-07-14 13_44_49">
      <DeploymentItem filename="C:\Users\Mohan Krupanandan\Documents\GitHub\seo_sdk_dotnet\BVSeoSdkDotNet\BVSeoSdkDotNet\bin\Debug\BVSeoSdkDotNet.dll" />
    </Deployment>
    <TestTypeSpecific />
  </TestRunConfiguration>
  <ResultSummary outcome="Error">
    <Counters total="1" executed="1" error="0" failed="0" timeout="0" aborted="1" inconclusive="0" passedButRunAborted="0" notRunnable="0" notExecuted="0" disconnected="0" warning="0" passed="0" completed="0" inProgress="0" pending="0" />
    <RunInfos>
      <RunInfo computerName="OWNER-PC" outcome="Error" timestamp="2014-07-14T13:45:11.4328509-05:00">
        <Text>Test host process exited unexpectedly.</Text>
      </RunInfo>
    </RunInfos>
  </ResultSummary>
  <Times creation="2014-07-14T13:44:49.4285923-05:00" queuing="2014-07-14T13:44:52.2877559-05:00" start="2014-07-14T13:44:52.4807669-05:00" finish="2014-07-14T13:45:11.4358511-05:00" />
  <TestDefinitions>
    <UnitTest name="TestDisplayFooter_Debug" storage="c:\users\mohan krupanandan\documents\github\seo_sdk_dotnet\bvseosdkdotnet\bvseosdkdotnettest\bin\debug\bvseosdktest.dll" id="ef6ccb04-b599-464a-c095-b5e5580d4593">
      <Css projectStructure="" iteration="" />
      <Owners>
        <Owner name="" />
      </Owners>
      <Execution id="a43e47f9-c82b-4844-bd7a-adc335b0666b" />
      <TestMethod codeBase="C:\Users\Mohan Krupanandan\Documents\GitHub\seo_sdk_dotnet\BVSeoSdkDotNet\BVSeoSdkDotNetTest\bin\Debug\BVSEOSDKTest.dll" adapterTypeName="Microsoft.VisualStudio.TestTools.TestTypes.Unit.UnitTestAdapter, Microsoft.VisualStudio.QualityTools.Tips.UnitTest.Adapter, Version=9.0.0.0, Culture=neutral, PublicKeyToken=b03f5f7f11d50a3a" className="BVSEOSDKTest.BVHTMLFooterTest, BVSEOSDKTest" name="TestDisplayFooter_Debug" />
    </UnitTest>
  </TestDefinitions>
  <TestLists>
    <TestList name="Results Not in a List" id="8c84fa94-04c1-424b-9868-57a2d4851a1d" />
    <TestList name="All Loaded Results" id="19431567-8539-422a-85d7-44ee4e166bda" />
  </TestLists>
  <TestEntries>
    <TestEntry testId="ef6ccb04-b599-464a-c095-b5e5580d4593" executionId="4b7252dc-5084-470b-8654-602138d617ae" testListId="8c84fa94-04c1-424b-9868-57a2d4851a1d" />
  </TestEntries>
  <Results>
    <UnitTestResult executionId="4b7252dc-5084-470b-8654-602138d617ae" testId="ef6ccb04-b599-464a-c095-b5e5580d4593" testName="TestDisplayFooter_Debug" computerName="OWNER-PC" duration="00:00:18.8310771" startTime="2014-07-14T13:44:52.6047740-05:00" endTime="2014-07-14T13:45:11.4358511-05:00" testType="13cdc9d9-ddb5-4fa4-a97d-d965ccfc6d4b" outcome="Aborted" testListId="8c84fa94-04c1-424b-9868-57a2d4851a1d">
    </UnitTestResult>
  </Results>
</TestRun>