<?xml version="1.0" encoding="UTF-8"?>
<TestRun id="522968ae-1cc8-4013-926e-8a90926cb45f" name="Mohan Krupanandan@OWNER-PC 2014-07-14 13:44:03" runUser="Owner-PC\Mohan Krupanandan" xmlns="http://microsoft.com/schemas/VisualStudio/TeamTest/2006">
  <TestRunConfiguration name="Local Test Run" id="7484b31a-7605-4c36-89c2-1c7908653846">
    <Description>This is a default test run configuration for a local test run.</Description>
    <Deployment runDeploymentRoot="C:\Users\Mohan Krupanandan\Documents\GitHub\seo_sdk_dotnet\BVSeoSdkDotNet\TestResults\Mohan Krupanandan_OWNER-PC 2014-07-14 13_44_03">
      <DeploymentItem filename="C:\Users\Mohan Krupanandan\Documents\GitHub\seo_sdk_dotnet\BVSeoSdkDotNet\BVSeoSdkDotNet\bin\Debug\BVSeoSdkDotNet.dll" />
    </Deployment>
    <TestTypeSpecific />
  </TestRunConfiguration>
  <ResultSummary outcome="Error">
    <Counters total="1" error="0" failed="0" timeout="0" aborted="0" inconclusive="0" passedButRunAborted="0" notRunnable="0" notExecuted="1" disconnected="0" warning="0" passed="0" completed="0" inProgress="0" pending="0" />
    <RunInfos>
      <RunInfo computerName="OWNER-PC" outcome="Error" timestamp="2014-07-14T13:44:05.0890563-05:00">
        <Text>Failed to queue test run 'Mohan Krupanandan@OWNER-PC 2014-07-14 13:44:03': Test Run deployment issue: The location of the file or directory 'c:\users\mohan krupanandan\documents\github\seo_sdk_dotnet\bvseosdkdotnet\bvseosdkdotnettest\bin\debug\log4net.dll' is not trusted.</Text>
        <Exception>Microsoft.VisualStudio.TestTools.TestManagement.ExecutionException: Test Run deployment issue: The location of the file or directory 'c:\users\mohan krupanandan\documents\github\seo_sdk_dotnet\bvseosdkdotnet\bvseosdkdotnettest\bin\debug\log4net.dll' is not trusted.
   at Microsoft.VisualStudio.TestTools.TestManagement.DeploymentManager.DoDeployment(TestRun run, FileCopyService fileCopyService)
   at Microsoft.VisualStudio.TestTools.TestManagement.ControllerProxy.SetupTestRun(TestRun run, Boolean isNewTestRun, FileCopyService&amp; fileCopyService)
   at Microsoft.VisualStudio.TestTools.TestManagement.ControllerProxy.QueueTestRunWorker(Object state)</Exception>
      </RunInfo>
    </RunInfos>
  </ResultSummary>
  <Times creation="2014-07-14T13:44:03.2839530-05:00" queuing="2014-07-14T13:44:03.2839530-05:00" start="2014-07-14T13:44:03.2839530-05:00" finish="2014-07-14T13:44:05.0960567-05:00" />
  <TestDefinitions>
    <UnitTest name="TestDisplayFooter_Debug" storage="c:\users\mohan krupanandan\documents\github\seo_sdk_dotnet\bvseosdkdotnet\bvseosdkdotnettest\bin\debug\bvseosdktest.dll" id="ef6ccb04-b599-464a-c095-b5e5580d4593">
      <Css projectStructure="" iteration="" />
      <Owners>
        <Owner name="" />
      </Owners>
      <TestMethod codeBase="C:\Users\Mohan Krupanandan\Documents\GitHub\seo_sdk_dotnet\BVSeoSdkDotNet\BVSeoSdkDotNetTest\bin\Debug\BVSEOSDKTest.dll" adapterTypeName="Microsoft.VisualStudio.TestTools.TestTypes.Unit.UnitTestAdapter, Microsoft.VisualStudio.QualityTools.Tips.UnitTest.Adapter, Version=9.0.0.0, Culture=neutral, PublicKeyToken=b03f5f7f11d50a3a" className="BVSEOSDKTest.BVHTMLFooterTest, BVSEOSDKTest" name="TestDisplayFooter_Debug" />
    </UnitTest>
  </TestDefinitions>
  <TestLists>
    <TestList name="Results Not in a List" id="8c84fa94-04c1-424b-9868-57a2d4851a1d" />
    <TestList name="All Loaded Results" id="19431567-8539-422a-85d7-44ee4e166bda" />
  </TestLists>
  <TestEntries>
    <TestEntry testId="ef6ccb04-b599-464a-c095-b5e5580d4593" executionId="4984379a-4a80-43a8-b83f-dd3a68dfc78f" testListId="8c84fa94-04c1-424b-9868-57a2d4851a1d" />
  </TestEntries>
  <Results>
    <UnitTestResult executionId="4984379a-4a80-43a8-b83f-dd3a68dfc78f" testId="ef6ccb04-b599-464a-c095-b5e5580d4593" testName="TestDisplayFooter_Debug" computerName="OWNER-PC" duration="00:00:00" startTime="0001-01-01T00:00:00.0000000-06:00" endTime="0001-01-01T00:00:00.0000000-06:00" testType="13cdc9d9-ddb5-4fa4-a97d-d965ccfc6d4b" outcome="NotExecuted" testListId="8c84fa94-04c1-424b-9868-57a2d4851a1d">
    </UnitTestResult>
  </Results>
</TestRun>