<?xml version="1.0" encoding="UTF-8"?>
<TestRun id="34e82369-cf64-4e07-93d4-1dbd3809d7b7" name="Mohan Krupanandan@OWNER-PC 2014-07-14 14:20:02" runUser="Owner-PC\Mohan Krupanandan" xmlns="http://microsoft.com/schemas/VisualStudio/TeamTest/2006">
  <TestRunConfiguration name="Local Test Run" id="7484b31a-7605-4c36-89c2-1c7908653846">
    <Description>This is a default test run configuration for a local test run.</Description>
    <Deployment userDeploymentRoot="C:\Users\Mohan Krupanandan\Documents\GitHub\seo_sdk_dotnet\BVSeoSdkDotNet\TestResults" useDefaultDeploymentRoot="false" runDeploymentRoot="C:\Users\Mohan Krupanandan\Documents\GitHub\seo_sdk_dotnet\BVSeoSdkDotNet\TestResults\Mohan Krupanandan_OWNER-PC 2014-07-14 14_20_02">
      <DeploymentItem filename="C:\Users\Mohan Krupanandan\Documents\GitHub\seo_sdk_dotnet\BVSeoSdkDotNet\BVSeoSdkDotNet\bin\Debug\BVSeoSdkDotNet.dll" />
    </Deployment>
    <TestTypeSpecific />
  </TestRunConfiguration>
  <ResultSummary outcome="Error">
    <Counters total="1" error="0" failed="0" timeout="0" aborted="0" inconclusive="0" passedButRunAborted="0" notRunnable="0" notExecuted="1" disconnected="0" warning="0" passed="0" completed="0" inProgress="0" pending="0" />
    <RunInfos>
      <RunInfo computerName="OWNER-PC" outcome="Error" timestamp="2014-07-14T14:20:02.9694800-05:00">
        <Text>Failed to queue test run 'Mohan Krupanandan@OWNER-PC 2014-07-14 14:20:02': Test Run deployment issue: The location of the file or directory 'c:\users\mohan krupanandan\documents\github\seo_sdk_dotnet\bvseosdkdotnet\bvseosdkdotnettest\bin\debug\log4net.dll' is not trusted.</Text>
        <Exception>Microsoft.VisualStudio.TestTools.TestManagement.ExecutionException: Test Run deployment issue: The location of the file or directory 'c:\users\mohan krupanandan\documents\github\seo_sdk_dotnet\bvseosdkdotnet\bvseosdkdotnettest\bin\debug\log4net.dll' is not trusted.
   at Microsoft.VisualStudio.TestTools.TestManagement.DeploymentManager.DoDeployment(TestRun run, FileCopyService fileCopyService)
   at Microsoft.VisualStudio.TestTools.TestManagement.ControllerProxy.SetupTestRun(TestRun run, Boolean isNewTestRun, FileCopyService&amp; fileCopyService)
   at Microsoft.VisualStudio.TestTools.TestManagement.ControllerProxy.QueueTestRunWorker(Object state)</Exception>
      </RunInfo>
    </RunInfos>
  </ResultSummary>
  <Times creation="2014-07-14T14:20:02.6424613-05:00" queuing="2014-07-14T14:20:02.6424613-05:00" start="2014-07-14T14:20:02.6424613-05:00" finish="2014-07-14T14:20:02.9704800-05:00" />
  <TestDefinitions>
    <UnitTest name="TestSEOContentFromHTTP_SinglePagePRR_Reviews" storage="c:\users\mohan krupanandan\documents\github\seo_sdk_dotnet\bvseosdkdotnet\bvseosdkdotnettest\bin\debug\bvseosdktest.dll" id="99cebdfa-8a8d-7958-449d-c3ab05306baa">
      <Css projectStructure="" iteration="" />
      <Owners>
        <Owner name="" />
      </Owners>
      <Execution id="33be141f-9ee8-42a7-b19f-68c0c3a7768c" />
      <TestMethod codeBase="C:\Users\Mohan Krupanandan\Documents\GitHub\seo_sdk_dotnet\BVSeoSdkDotNet\BVSeoSdkDotNetTest\bin\Debug\BVSEOSDKTest.dll" adapterTypeName="Microsoft.VisualStudio.TestTools.TestTypes.Unit.UnitTestAdapter, Microsoft.VisualStudio.QualityTools.Tips.UnitTest.Adapter, Version=9.0.0.0, Culture=neutral, PublicKeyToken=b03f5f7f11d50a3a" className="BVSEOSDKTest.BVManagedUIContentAggregateReviewTest, BVSEOSDKTest" name="TestSEOContentFromHTTP_SinglePagePRR_Reviews" />
    </UnitTest>
  </TestDefinitions>
  <TestLists>
    <TestList name="Results Not in a List" id="8c84fa94-04c1-424b-9868-57a2d4851a1d" />
    <TestList name="All Loaded Results" id="19431567-8539-422a-85d7-44ee4e166bda" />
  </TestLists>
  <TestEntries>
    <TestEntry testId="99cebdfa-8a8d-7958-449d-c3ab05306baa" executionId="95d3eaa3-59e7-4209-820c-babe32925256" testListId="8c84fa94-04c1-424b-9868-57a2d4851a1d" />
  </TestEntries>
  <Results>
    <UnitTestResult executionId="95d3eaa3-59e7-4209-820c-babe32925256" testId="99cebdfa-8a8d-7958-449d-c3ab05306baa" testName="TestSEOContentFromHTTP_SinglePagePRR_Reviews" computerName="OWNER-PC" duration="00:00:00" startTime="0001-01-01T00:00:00.0000000-06:00" endTime="0001-01-01T00:00:00.0000000-06:00" testType="13cdc9d9-ddb5-4fa4-a97d-d965ccfc6d4b" outcome="NotExecuted" testListId="8c84fa94-04c1-424b-9868-57a2d4851a1d">
    </UnitTestResult>
  </Results>
</TestRun>