<?xml version="1.0" encoding="UTF-8"?>
<TestRun id="39717f04-54f7-4d37-babf-76fd92f1c065" name="Mohan Krupanandan@OWNER-PC 2014-06-19 12:42:14" runUser="Owner-PC\Mohan Krupanandan" xmlns="http://microsoft.com/schemas/VisualStudio/TeamTest/2006">
  <TestRunConfiguration name="Local Test Run" id="7484b31a-7605-4c36-89c2-1c7908653846">
    <Description>This is a default test run configuration for a local test run.</Description>
    <Deployment userDeploymentRoot="C:\Projects\BVSeoSdkDotNet\TestResults" useDefaultDeploymentRoot="false" runDeploymentRoot="C:\Projects\BVSeoSdkDotNet\TestResults\Mohan Krupanandan_OWNER-PC 2014-06-19 12_42_14">
      <DeploymentItem filename="C:\Projects\BVSeoSdkDotNet\BVSeoSdkDotNet\bin\Debug\BVSeoSdkDotNet.dll" />
    </Deployment>
    <TestTypeSpecific />
  </TestRunConfiguration>
  <ResultSummary outcome="Completed">
    <Counters total="63" executed="63" passed="63" error="0" failed="0" timeout="0" aborted="0" inconclusive="0" passedButRunAborted="0" notRunnable="0" notExecuted="0" disconnected="0" warning="0" completed="0" inProgress="0" pending="0" />
  </ResultSummary>
  <Times creation="2014-06-19T12:42:14.3509952-05:00" queuing="2014-06-19T12:42:15.1220393-05:00" start="2014-06-19T12:42:15.3660533-05:00" finish="2014-06-19T12:42:20.5393492-05:00" />
  <TestDefinitions>
    <UnitTest name="TestSEOContentFromHTTP_SinglePageC2013" storage="c:\projects\bvseosdkdotnet\bvseosdkdotnettest\bin\debug\bvseosdktest.dll" id="fc6b45b6-617d-35be-f3b7-a6ec6b460ed6">
      <Css projectStructure="" iteration="" />
      <Owners>
        <Owner name="" />
      </Owners>
      <Execution id="0a1c535e-8b40-47b8-ad2d-9a264c3c3b78" />
      <TestMethod codeBase="C:\Projects\BVSeoSdkDotNet\BVSeoSdkDotNetTest\bin\Debug\BVSEOSDKTest.dll" adapterTypeName="Microsoft.VisualStudio.TestTools.TestTypes.Unit.UnitTestAdapter, Microsoft.VisualStudio.QualityTools.Tips.UnitTest.Adapter, Version=9.0.0.0, Culture=neutral, PublicKeyToken=b03f5f7f11d50a3a" className="BVSeoSdkDotNet.BVManagedUIContent_SinglePageTest, BVSEOSDKTest" name="TestSEOContentFromHTTP_SinglePageC2013" />
    </UnitTest>
    <UnitTest name="TestSEOContentFromHTTP__InvalidCloudKey" storage="c:\projects\bvseosdkdotnet\bvseosdkdotnettest\bin\debug\bvseosdktest.dll" id="aeaa7568-80d7-74bb-5b00-573772c963a7">
      <Css projectStructure="" iteration="" />
      <Owners>
        <Owner name="" />
      </Owners>
      <Execution id="16d35a20-5a2b-45f3-8da1-73e413ee0fb6" />
      <TestMethod codeBase="C:\Projects\BVSeoSdkDotNet\BVSeoSdkDotNetTest\bin\Debug\BVSEOSDKTest.dll" adapterTypeName="Microsoft.VisualStudio.TestTools.TestTypes.Unit.UnitTestAdapter, Microsoft.VisualStudio.QualityTools.Tips.UnitTest.Adapter, Version=9.0.0.0, Culture=neutral, PublicKeyToken=b03f5f7f11d50a3a" className="BVSeoSdkDotNet.BVManagedUIContent_SinglePageTest, BVSEOSDKTest" name="TestSEOContentFromHTTP__InvalidCloudKey" />
    </UnitTest>
    <UnitTest name="TestUri_For_C2013_File" storage="c:\projects\bvseosdkdotnet\bvseosdkdotnettest\bin\debug\bvseosdktest.dll" id="47f9a937-2bcb-0684-d30d-91119567ec8d">
      <Css projectStructure="" iteration="" />
      <Owners>
        <Owner name="" />
      </Owners>
      <Execution id="3c15ae31-b208-4efe-affe-6823dd55a0da" />
      <TestMethod codeBase="C:\Projects\BVSeoSdkDotNet\BVSeoSdkDotNetTest\bin\Debug\BVSEOSDKTest.dll" adapterTypeName="Microsoft.VisualStudio.TestTools.TestTypes.Unit.UnitTestAdapter, Microsoft.VisualStudio.QualityTools.Tips.UnitTest.Adapter, Version=9.0.0.0, Culture=neutral, PublicKeyToken=b03f5f7f11d50a3a" className="BVSEOSDKTest.BVSeoSdkURLBuilderTest, BVSEOSDKTest" name="TestUri_For_C2013_File" />
    </UnitTest>
    <UnitTest name="TestAdd_GetProperty" storage="c:\projects\bvseosdkdotnet\bvseosdkdotnettest\bin\debug\bvseosdktest.dll" id="ad53fe42-0f62-0dd7-7cc0-48e9888ed79f">
      <Css projectStructure="" iteration="" />
      <Owners>
        <Owner name="" />
      </Owners>
      <Execution id="8a777b4c-0e73-42ee-8084-9bc290c37637" />
      <TestMethod codeBase="C:\Projects\BVSeoSdkDotNet\BVSeoSdkDotNetTest\bin\Debug\BVSEOSDKTest.dll" adapterTypeName="Microsoft.VisualStudio.TestTools.TestTypes.Unit.UnitTestAdapter, Microsoft.VisualStudio.QualityTools.Tips.UnitTest.Adapter, Version=9.0.0.0, Culture=neutral, PublicKeyToken=b03f5f7f11d50a3a" className="BVSEOSDKTest.BVSdkConfigurationTest, BVSEOSDKTest" name="TestAdd_GetProperty" />
    </UnitTest>
    <UnitTest name="TestSEOContent_SinglePageHTTP_AggregateRating_BotDetectionEnabled" storage="c:\projects\bvseosdkdotnet\bvseosdkdotnettest\bin\debug\bvseosdktest.dll" id="4e53e90c-79f3-2fe5-42dc-76c59df7f553">
      <Css projectStructure="" iteration="" />
      <Owners>
        <Owner name="" />
      </Owners>
      <Execution id="33e507d9-3ea0-4cc7-a4ca-40f05c34903f" />
      <TestMethod codeBase="C:\Projects\BVSeoSdkDotNet\BVSeoSdkDotNetTest\bin\Debug\BVSEOSDKTest.dll" adapterTypeName="Microsoft.VisualStudio.TestTools.TestTypes.Unit.UnitTestAdapter, Microsoft.VisualStudio.QualityTools.Tips.UnitTest.Adapter, Version=9.0.0.0, Culture=neutral, PublicKeyToken=b03f5f7f11d50a3a" className="BVSEOSDKTest.BVManagedUIContentAggregateReviewTest, BVSEOSDKTest" name="TestSEOContent_SinglePageHTTP_AggregateRating_BotDetectionEnabled" />
    </UnitTest>
    <UnitTest name="BVManagedUIContentTestExecutionTimeOut" storage="c:\projects\bvseosdkdotnet\bvseosdkdotnettest\bin\debug\bvseosdktest.dll" id="f257fd26-c7b6-848a-b0cf-55010618c280">
      <Css projectStructure="" iteration="" />
      <Owners>
        <Owner name="" />
      </Owners>
      <Execution id="de780bcc-5a34-4e46-ad2c-7abe320502ee" />
      <TestMethod codeBase="C:\Projects\BVSeoSdkDotNet\BVSeoSdkDotNetTest\bin\Debug\BVSEOSDKTest.dll" adapterTypeName="Microsoft.VisualStudio.TestTools.TestTypes.Unit.UnitTestAdapter, Microsoft.VisualStudio.QualityTools.Tips.UnitTest.Adapter, Version=9.0.0.0, Culture=neutral, PublicKeyToken=b03f5f7f11d50a3a" className="BVSeoSdkDotNet.BVManagedUIContentTest, BVSEOSDKTest" name="BVManagedUIContentTestExecutionTimeOut" />
    </UnitTest>
    <UnitTest name="TestStory_Default_None" storage="c:\projects\bvseosdkdotnet\bvseosdkdotnettest\bin\debug\bvseosdktest.dll" id="b48b3fc7-9265-32fb-3e33-df8465400226">
      <Css projectStructure="" iteration="" />
      <Owners>
        <Owner name="" />
      </Owners>
      <Execution id="255fdc61-bb4f-4a6f-92fd-6d48dab4f2d4" />
      <TestMethod codeBase="C:\Projects\BVSeoSdkDotNet\BVSeoSdkDotNetTest\bin\Debug\BVSEOSDKTest.dll" adapterTypeName="Microsoft.VisualStudio.TestTools.TestTypes.Unit.UnitTestAdapter, Microsoft.VisualStudio.QualityTools.Tips.UnitTest.Adapter, Version=9.0.0.0, Culture=neutral, PublicKeyToken=b03f5f7f11d50a3a" className="BVSEOSDKTest.BVSeoSdkURLBuilderTest, BVSEOSDKTest" name="TestStory_Default_None" />
    </UnitTest>
    <UnitTest name="TestBase_PageUri_For_PRR_HTTP" storage="c:\projects\bvseosdkdotnet\bvseosdkdotnettest\bin\debug\bvseosdktest.dll" id="cff9f61b-6dcb-0390-8d2f-6388c5c19037">
      <Css projectStructure="" iteration="" />
      <Owners>
        <Owner name="" />
      </Owners>
      <Execution id="7f2fae3c-7a07-4773-80f3-481e146554ac" />
      <TestMethod codeBase="C:\Projects\BVSeoSdkDotNet\BVSeoSdkDotNetTest\bin\Debug\BVSEOSDKTest.dll" adapterTypeName="Microsoft.VisualStudio.TestTools.TestTypes.Unit.UnitTestAdapter, Microsoft.VisualStudio.QualityTools.Tips.UnitTest.Adapter, Version=9.0.0.0, Culture=neutral, PublicKeyToken=b03f5f7f11d50a3a" className="BVSEOSDKTest.BVSeoSdkURLBuilderTest, BVSEOSDKTest" name="TestBase_PageUri_For_PRR_HTTP" />
    </UnitTest>
    <UnitTest name="TestSEOContent_SinglePageHTTP_GetContent_SDK_Disabled" storage="c:\projects\bvseosdkdotnet\bvseosdkdotnettest\bin\debug\bvseosdktest.dll" id="2d0de862-bf6f-df20-4a30-d5604ca0eadc">
      <Css projectStructure="" iteration="" />
      <Owners>
        <Owner name="" />
      </Owners>
      <Execution id="41bd3ea9-99bb-48d6-a637-61bdced5a564" />
      <TestMethod codeBase="C:\Projects\BVSeoSdkDotNet\BVSeoSdkDotNetTest\bin\Debug\BVSEOSDKTest.dll" adapterTypeName="Microsoft.VisualStudio.TestTools.TestTypes.Unit.UnitTestAdapter, Microsoft.VisualStudio.QualityTools.Tips.UnitTest.Adapter, Version=9.0.0.0, Culture=neutral, PublicKeyToken=b03f5f7f11d50a3a" className="BVSEOSDKTest.BVManagedUIContentAggregateReviewTest, BVSEOSDKTest" name="TestSEOContent_SinglePageHTTP_GetContent_SDK_Disabled" />
    </UnitTest>
    <UnitTest name="Test_SinglePage_Question" storage="c:\projects\bvseosdkdotnet\bvseosdkdotnettest\bin\debug\bvseosdktest.dll" id="6ae7685d-361b-24f8-8983-14c25fd9df76">
      <Css projectStructure="" iteration="" />
      <Owners>
        <Owner name="" />
      </Owners>
      <Execution id="9544ae85-00d7-4d9c-8b8b-aa21b76b73e4" />
      <TestMethod codeBase="C:\Projects\BVSeoSdkDotNet\BVSeoSdkDotNetTest\bin\Debug\BVSEOSDKTest.dll" adapterTypeName="Microsoft.VisualStudio.TestTools.TestTypes.Unit.UnitTestAdapter, Microsoft.VisualStudio.QualityTools.Tips.UnitTest.Adapter, Version=9.0.0.0, Culture=neutral, PublicKeyToken=b03f5f7f11d50a3a" className="BVSEOSDKTest.BVManagedUIContent4_Test, BVSEOSDKTest" name="Test_SinglePage_Question" />
    </UnitTest>
    <UnitTest name="TestBVCoreConfig" storage="c:\projects\bvseosdkdotnet\bvseosdkdotnettest\bin\debug\bvseosdktest.dll" id="6b64ef0b-98a8-9656-ca76-083b22cdebf3">
      <Css projectStructure="" iteration="" />
      <Owners>
        <Owner name="" />
      </Owners>
      <Execution id="7e57700a-c51b-4a05-8412-1ab5c1afd2c4" />
      <TestMethod codeBase="C:\Projects\BVSeoSdkDotNet\BVSeoSdkDotNetTest\bin\Debug\BVSEOSDKTest.dll" adapterTypeName="Microsoft.VisualStudio.TestTools.TestTypes.Unit.UnitTestAdapter, Microsoft.VisualStudio.QualityTools.Tips.UnitTest.Adapter, Version=9.0.0.0, Culture=neutral, PublicKeyToken=b03f5f7f11d50a3a" className="BVSEOSDKTest.BVSdkConfigurationTest, BVSEOSDKTest" name="TestBVCoreConfig" />
    </UnitTest>
    <UnitTest name="BVManagedUIContentTestPagination" storage="c:\projects\bvseosdkdotnet\bvseosdkdotnettest\bin\debug\bvseosdktest.dll" id="8d264e89-646c-4a3d-bb37-95d58ddc393f">
      <Css projectStructure="" iteration="" />
      <Owners>
        <Owner name="" />
      </Owners>
      <Execution id="5c24ce71-862c-46f3-8541-e98868e2a66e" />
      <TestMethod codeBase="C:\Projects\BVSeoSdkDotNet\BVSeoSdkDotNetTest\bin\Debug\BVSEOSDKTest.dll" adapterTypeName="Microsoft.VisualStudio.TestTools.TestTypes.Unit.UnitTestAdapter, Microsoft.VisualStudio.QualityTools.Tips.UnitTest.Adapter, Version=9.0.0.0, Culture=neutral, PublicKeyToken=b03f5f7f11d50a3a" className="BVSeoSdkDotNet.BVManagedUIContentTest, BVSEOSDKTest" name="BVManagedUIContentTestPagination" />
    </UnitTest>
    <UnitTest name="Test_InlinePage_Stories" storage="c:\projects\bvseosdkdotnet\bvseosdkdotnettest\bin\debug\bvseosdktest.dll" id="3bb26db2-7d35-fe6b-cd94-62d30d126293">
      <Css projectStructure="" iteration="" />
      <Owners>
        <Owner name="" />
      </Owners>
      <Execution id="a3fd7c1a-25d5-447c-a8cc-a2bdc97df23d" />
      <TestMethod codeBase="C:\Projects\BVSeoSdkDotNet\BVSeoSdkDotNetTest\bin\Debug\BVSEOSDKTest.dll" adapterTypeName="Microsoft.VisualStudio.TestTools.TestTypes.Unit.UnitTestAdapter, Microsoft.VisualStudio.QualityTools.Tips.UnitTest.Adapter, Version=9.0.0.0, Culture=neutral, PublicKeyToken=b03f5f7f11d50a3a" className="BVSEOSDKTest.BVManagedUIContent4_Test, BVSEOSDKTest" name="Test_InlinePage_Stories" />
    </UnitTest>
    <UnitTest name="Test_SinglePage_Review" storage="c:\projects\bvseosdkdotnet\bvseosdkdotnettest\bin\debug\bvseosdktest.dll" id="6fd35cd4-d5d7-540a-5c99-9f9e1332807e">
      <Css projectStructure="" iteration="" />
      <Owners>
        <Owner name="" />
      </Owners>
      <Execution id="cb0c3046-f655-4b7e-a39e-aba4fc913f3d" />
      <TestMethod codeBase="C:\Projects\BVSeoSdkDotNet\BVSeoSdkDotNetTest\bin\Debug\BVSEOSDKTest.dll" adapterTypeName="Microsoft.VisualStudio.TestTools.TestTypes.Unit.UnitTestAdapter, Microsoft.VisualStudio.QualityTools.Tips.UnitTest.Adapter, Version=9.0.0.0, Culture=neutral, PublicKeyToken=b03f5f7f11d50a3a" className="BVSEOSDKTest.BVManagedUIContent3_Test, BVSEOSDKTest" name="Test_SinglePage_Review" />
    </UnitTest>
    <UnitTest name="Test_SinglePage_Question" storage="c:\projects\bvseosdkdotnet\bvseosdkdotnettest\bin\debug\bvseosdktest.dll" id="668619da-6a06-d548-720e-a61936cf267f">
      <Css projectStructure="" iteration="" />
      <Owners>
        <Owner name="" />
      </Owners>
      <Execution id="edfc805e-f3ef-49d2-8b17-935cc2eabc75" />
      <TestMethod codeBase="C:\Projects\BVSeoSdkDotNet\BVSeoSdkDotNetTest\bin\Debug\BVSEOSDKTest.dll" adapterTypeName="Microsoft.VisualStudio.TestTools.TestTypes.Unit.UnitTestAdapter, Microsoft.VisualStudio.QualityTools.Tips.UnitTest.Adapter, Version=9.0.0.0, Culture=neutral, PublicKeyToken=b03f5f7f11d50a3a" className="BVSEOSDKTest.BVManagedUIContent2_Test, BVSEOSDKTest" name="Test_SinglePage_Question" />
    </UnitTest>
    <UnitTest name="TestSEOContentFromHTTP_SinglePagePRR_AggregateRating" storage="c:\projects\bvseosdkdotnet\bvseosdkdotnettest\bin\debug\bvseosdktest.dll" id="83670232-d932-24b5-97b0-54c95872e53a">
      <Css projectStructure="" iteration="" />
      <Owners>
        <Owner name="" />
      </Owners>
      <Execution id="e25fce6e-d5c1-444f-b123-4af555bf94ed" />
      <TestMethod codeBase="C:\Projects\BVSeoSdkDotNet\BVSeoSdkDotNetTest\bin\Debug\BVSEOSDKTest.dll" adapterTypeName="Microsoft.VisualStudio.TestTools.TestTypes.Unit.UnitTestAdapter, Microsoft.VisualStudio.QualityTools.Tips.UnitTest.Adapter, Version=9.0.0.0, Culture=neutral, PublicKeyToken=b03f5f7f11d50a3a" className="BVSEOSDKTest.BVManagedUIContentAggregateReviewTest, BVSEOSDKTest" name="TestSEOContentFromHTTP_SinglePagePRR_AggregateRating" />
    </UnitTest>
    <UnitTest name="TestSEOContent_SinglePageHTTP_GetReview_SDK_Disabled" storage="c:\projects\bvseosdkdotnet\bvseosdkdotnettest\bin\debug\bvseosdktest.dll" id="79217038-898f-bfff-42c1-8f4916c3308c">
      <Css projectStructure="" iteration="" />
      <Owners>
        <Owner name="" />
      </Owners>
      <Execution id="0628d5c2-75d4-49a8-9f0e-6ac858e44de3" />
      <TestMethod codeBase="C:\Projects\BVSeoSdkDotNet\BVSeoSdkDotNetTest\bin\Debug\BVSEOSDKTest.dll" adapterTypeName="Microsoft.VisualStudio.TestTools.TestTypes.Unit.UnitTestAdapter, Microsoft.VisualStudio.QualityTools.Tips.UnitTest.Adapter, Version=9.0.0.0, Culture=neutral, PublicKeyToken=b03f5f7f11d50a3a" className="BVSEOSDKTest.BVManagedUIContentAggregateReviewTest, BVSEOSDKTest" name="TestSEOContent_SinglePageHTTP_GetReview_SDK_Disabled" />
    </UnitTest>
    <UnitTest name="TestUri_For_C2013_HTTP" storage="c:\projects\bvseosdkdotnet\bvseosdkdotnettest\bin\debug\bvseosdktest.dll" id="4519dc37-d6af-1168-2fe0-550fdf975e5c">
      <Css projectStructure="" iteration="" />
      <Owners>
        <Owner name="" />
      </Owners>
      <Execution id="fab46d3d-db4d-4255-a14f-41678ab0f2cc" />
      <TestMethod codeBase="C:\Projects\BVSeoSdkDotNet\BVSeoSdkDotNetTest\bin\Debug\BVSEOSDKTest.dll" adapterTypeName="Microsoft.VisualStudio.TestTools.TestTypes.Unit.UnitTestAdapter, Microsoft.VisualStudio.QualityTools.Tips.UnitTest.Adapter, Version=9.0.0.0, Culture=neutral, PublicKeyToken=b03f5f7f11d50a3a" className="BVSEOSDKTest.BVSeoSdkURLBuilderTest, BVSEOSDKTest" name="TestUri_For_C2013_HTTP" />
    </UnitTest>
    <UnitTest name="TestStory_Stories_PageNumber" storage="c:\projects\bvseosdkdotnet\bvseosdkdotnettest\bin\debug\bvseosdktest.dll" id="da2e4a92-4ba6-bd6e-bb80-20abea394ccb">
      <Css projectStructure="" iteration="" />
      <Owners>
        <Owner name="" />
      </Owners>
      <Execution id="cdf78e7f-4973-44c7-ab9f-f3f59cf59c1c" />
      <TestMethod codeBase="C:\Projects\BVSeoSdkDotNet\BVSeoSdkDotNetTest\bin\Debug\BVSEOSDKTest.dll" adapterTypeName="Microsoft.VisualStudio.TestTools.TestTypes.Unit.UnitTestAdapter, Microsoft.VisualStudio.QualityTools.Tips.UnitTest.Adapter, Version=9.0.0.0, Culture=neutral, PublicKeyToken=b03f5f7f11d50a3a" className="BVSEOSDKTest.BVSeoSdkURLBuilderTest, BVSEOSDKTest" name="TestStory_Stories_PageNumber" />
    </UnitTest>
    <UnitTest name="TestBase_PageUri_For_PRR_File" storage="c:\projects\bvseosdkdotnet\bvseosdkdotnettest\bin\debug\bvseosdktest.dll" id="75867207-bc67-e8f1-ac3b-474d1963e810">
      <Css projectStructure="" iteration="" />
      <Owners>
        <Owner name="" />
      </Owners>
      <Execution id="1f2f7628-d610-4799-962b-b3660b1c61a4" />
      <TestMethod codeBase="C:\Projects\BVSeoSdkDotNet\BVSeoSdkDotNetTest\bin\Debug\BVSEOSDKTest.dll" adapterTypeName="Microsoft.VisualStudio.TestTools.TestTypes.Unit.UnitTestAdapter, Microsoft.VisualStudio.QualityTools.Tips.UnitTest.Adapter, Version=9.0.0.0, Culture=neutral, PublicKeyToken=b03f5f7f11d50a3a" className="BVSEOSDKTest.BVSeoSdkURLBuilderTest, BVSEOSDKTest" name="TestBase_PageUri_For_PRR_File" />
    </UnitTest>
    <UnitTest name="Test_InteractivePage_Review" storage="c:\projects\bvseosdkdotnet\bvseosdkdotnettest\bin\debug\bvseosdktest.dll" id="5cb9f28b-a05f-b9c4-950a-9a1b1d53a576">
      <Css projectStructure="" iteration="" />
      <Owners>
        <Owner name="" />
      </Owners>
      <Execution id="01be9b96-97c8-49d2-a745-1cc002da1f3c" />
      <TestMethod codeBase="C:\Projects\BVSeoSdkDotNet\BVSeoSdkDotNetTest\bin\Debug\BVSEOSDKTest.dll" adapterTypeName="Microsoft.VisualStudio.TestTools.TestTypes.Unit.UnitTestAdapter, Microsoft.VisualStudio.QualityTools.Tips.UnitTest.Adapter, Version=9.0.0.0, Culture=neutral, PublicKeyToken=b03f5f7f11d50a3a" className="BVSEOSDKTest.BVManagedUIContent2_Test, BVSEOSDKTest" name="Test_InteractivePage_Review" />
    </UnitTest>
    <UnitTest name="TestSEOContentFromHTTP_SinglePage_FileUnavailableError" storage="c:\projects\bvseosdkdotnet\bvseosdkdotnettest\bin\debug\bvseosdktest.dll" id="49ae87b0-a9db-70e4-4183-fa3f62452b2a">
      <Css projectStructure="" iteration="" />
      <Owners>
        <Owner name="" />
      </Owners>
      <Execution id="9607523a-3b15-4337-a555-7a3fceb4e86c" />
      <TestMethod codeBase="C:\Projects\BVSeoSdkDotNet\BVSeoSdkDotNetTest\bin\Debug\BVSEOSDKTest.dll" adapterTypeName="Microsoft.VisualStudio.TestTools.TestTypes.Unit.UnitTestAdapter, Microsoft.VisualStudio.QualityTools.Tips.UnitTest.Adapter, Version=9.0.0.0, Culture=neutral, PublicKeyToken=b03f5f7f11d50a3a" className="BVSeoSdkDotNet.BVManagedUIContent_SinglePageTest, BVSEOSDKTest" name="TestSEOContentFromHTTP_SinglePage_FileUnavailableError" />
    </UnitTest>
    <UnitTest name="TestAggregate_NullSubjectID" storage="c:\projects\bvseosdkdotnet\bvseosdkdotnettest\bin\debug\bvseosdktest.dll" id="48c1bde0-440e-e42e-8163-c0c839234cdf">
      <Css projectStructure="" iteration="" />
      <Owners>
        <Owner name="" />
      </Owners>
      <Execution id="901686ee-40c7-4580-9292-08e974f43ff1" />
      <TestMethod codeBase="C:\Projects\BVSeoSdkDotNet\BVSeoSdkDotNetTest\bin\Debug\BVSEOSDKTest.dll" adapterTypeName="Microsoft.VisualStudio.TestTools.TestTypes.Unit.UnitTestAdapter, Microsoft.VisualStudio.QualityTools.Tips.UnitTest.Adapter, Version=9.0.0.0, Culture=neutral, PublicKeyToken=b03f5f7f11d50a3a" className="BVSEOSDKTest.BVManagedUIContentAggregateReviewTest, BVSEOSDKTest" name="TestAggregate_NullSubjectID" />
    </UnitTest>
    <UnitTest name="TestSEOContentFromFile_SinglePage_FileUnavailableError_bvReveal" storage="c:\projects\bvseosdkdotnet\bvseosdkdotnettest\bin\debug\bvseosdktest.dll" id="d8ca1f24-9443-c0e5-1264-61d20ec22e40">
      <Css projectStructure="" iteration="" />
      <Owners>
        <Owner name="" />
      </Owners>
      <Execution id="22e3d853-5648-4e03-b9c8-0e95edf7bfb3" />
      <TestMethod codeBase="C:\Projects\BVSeoSdkDotNet\BVSeoSdkDotNetTest\bin\Debug\BVSEOSDKTest.dll" adapterTypeName="Microsoft.VisualStudio.TestTools.TestTypes.Unit.UnitTestAdapter, Microsoft.VisualStudio.QualityTools.Tips.UnitTest.Adapter, Version=9.0.0.0, Culture=neutral, PublicKeyToken=b03f5f7f11d50a3a" className="BVSeoSdkDotNet.BVManagedUIContent_SinglePageTest, BVSEOSDKTest" name="TestSEOContentFromFile_SinglePage_FileUnavailableError_bvReveal" />
    </UnitTest>
    <UnitTest name="Test_SinglePage_Stories" storage="c:\projects\bvseosdkdotnet\bvseosdkdotnettest\bin\debug\bvseosdktest.dll" id="ba579d81-f213-d67c-11cb-81ed57511985">
      <Css projectStructure="" iteration="" />
      <Owners>
        <Owner name="" />
      </Owners>
      <Execution id="430057d6-2786-4320-b685-6530c83bab58" />
      <TestMethod codeBase="C:\Projects\BVSeoSdkDotNet\BVSeoSdkDotNetTest\bin\Debug\BVSEOSDKTest.dll" adapterTypeName="Microsoft.VisualStudio.TestTools.TestTypes.Unit.UnitTestAdapter, Microsoft.VisualStudio.QualityTools.Tips.UnitTest.Adapter, Version=9.0.0.0, Culture=neutral, PublicKeyToken=b03f5f7f11d50a3a" className="BVSEOSDKTest.BVManagedUIContent3_Test, BVSEOSDKTest" name="Test_SinglePage_Stories" />
    </UnitTest>
    <UnitTest name="TestSearchContentNullBVQueryParams" storage="c:\projects\bvseosdkdotnet\bvseosdkdotnettest\bin\debug\bvseosdktest.dll" id="64633bc6-a6c4-3385-bf98-af703e82448e">
      <Css projectStructure="" iteration="" />
      <Owners>
        <Owner name="" />
      </Owners>
      <Execution id="ccb139ba-6b45-4570-a08a-bf0f25a079bc" />
      <TestMethod codeBase="C:\Projects\BVSeoSdkDotNet\BVSeoSdkDotNetTest\bin\Debug\BVSEOSDKTest.dll" adapterTypeName="Microsoft.VisualStudio.TestTools.TestTypes.Unit.UnitTestAdapter, Microsoft.VisualStudio.QualityTools.Tips.UnitTest.Adapter, Version=9.0.0.0, Culture=neutral, PublicKeyToken=b03f5f7f11d50a3a" className="BVSeoSdkDotNet.BVManagedUIContentTest, BVSEOSDKTest" name="TestSearchContentNullBVQueryParams" />
    </UnitTest>
    <UnitTest name="TestDisplayFooter_URL_Debug" storage="c:\projects\bvseosdkdotnet\bvseosdkdotnettest\bin\debug\bvseosdktest.dll" id="305df720-2163-4902-ce02-9f70094cc502">
      <Css projectStructure="" iteration="" />
      <Owners>
        <Owner name="" />
      </Owners>
      <Execution id="abc41508-4b10-43d7-a2df-6754b209388f" />
      <TestMethod codeBase="C:\Projects\BVSeoSdkDotNet\BVSeoSdkDotNetTest\bin\Debug\BVSEOSDKTest.dll" adapterTypeName="Microsoft.VisualStudio.TestTools.TestTypes.Unit.UnitTestAdapter, Microsoft.VisualStudio.QualityTools.Tips.UnitTest.Adapter, Version=9.0.0.0, Culture=neutral, PublicKeyToken=b03f5f7f11d50a3a" className="BVSEOSDKTest.BVHTMLFooterTest, BVSEOSDKTest" name="TestDisplayFooter_URL_Debug" />
    </UnitTest>
    <UnitTest name="TestSEOContentFromFile_SinglePageC2013" storage="c:\projects\bvseosdkdotnet\bvseosdkdotnettest\bin\debug\bvseosdktest.dll" id="dcc3c09a-4129-5a88-ed35-c7f7905cd23e">
      <Css projectStructure="" iteration="" />
      <Owners>
        <Owner name="" />
      </Owners>
      <Execution id="9f033b20-f489-422e-aa70-dff821a62029" />
      <TestMethod codeBase="C:\Projects\BVSeoSdkDotNet\BVSeoSdkDotNetTest\bin\Debug\BVSEOSDKTest.dll" adapterTypeName="Microsoft.VisualStudio.TestTools.TestTypes.Unit.UnitTestAdapter, Microsoft.VisualStudio.QualityTools.Tips.UnitTest.Adapter, Version=9.0.0.0, Culture=neutral, PublicKeyToken=b03f5f7f11d50a3a" className="BVSeoSdkDotNet.BVManagedUIContent_SinglePageTest, BVSEOSDKTest" name="TestSEOContentFromFile_SinglePageC2013" />
    </UnitTest>
    <UnitTest name="TestMultipleConfigurations" storage="c:\projects\bvseosdkdotnet\bvseosdkdotnettest\bin\debug\bvseosdktest.dll" id="0be53a4b-f193-b841-ba01-235a8d56dd4b">
      <Css projectStructure="" iteration="" />
      <Owners>
        <Owner name="" />
      </Owners>
      <Execution id="36dc5852-1049-4593-a376-ab02b582dc45" />
      <TestMethod codeBase="C:\Projects\BVSeoSdkDotNet\BVSeoSdkDotNetTest\bin\Debug\BVSEOSDKTest.dll" adapterTypeName="Microsoft.VisualStudio.TestTools.TestTypes.Unit.UnitTestAdapter, Microsoft.VisualStudio.QualityTools.Tips.UnitTest.Adapter, Version=9.0.0.0, Culture=neutral, PublicKeyToken=b03f5f7f11d50a3a" className="BVSEOSDKTest.BVSdkConfigurationTest, BVSEOSDKTest" name="TestMultipleConfigurations" />
    </UnitTest>
    <UnitTest name="TestSEOContentFromFile_SinglePagePRR_PageUri" storage="c:\projects\bvseosdkdotnet\bvseosdkdotnettest\bin\debug\bvseosdktest.dll" id="64102383-1eec-2357-e495-a1398ceb1c60">
      <Css projectStructure="" iteration="" />
      <Owners>
        <Owner name="" />
      </Owners>
      <Execution id="05e17094-464a-4f1a-9b8a-ba86d6c8f1b6" />
      <TestMethod codeBase="C:\Projects\BVSeoSdkDotNet\BVSeoSdkDotNetTest\bin\Debug\BVSEOSDKTest.dll" adapterTypeName="Microsoft.VisualStudio.TestTools.TestTypes.Unit.UnitTestAdapter, Microsoft.VisualStudio.QualityTools.Tips.UnitTest.Adapter, Version=9.0.0.0, Culture=neutral, PublicKeyToken=b03f5f7f11d50a3a" className="BVSeoSdkDotNet.BVManagedUIContent_SinglePageTest, BVSEOSDKTest" name="TestSEOContentFromFile_SinglePagePRR_PageUri" />
    </UnitTest>
    <UnitTest name="TestSEOContentFromFile_SinglePage_FileUnavailableError" storage="c:\projects\bvseosdkdotnet\bvseosdkdotnettest\bin\debug\bvseosdktest.dll" id="5d4eaba0-94e6-3d0c-6697-dff9648ceeb5">
      <Css projectStructure="" iteration="" />
      <Owners>
        <Owner name="" />
      </Owners>
      <Execution id="e28dfe1b-8261-4a04-8512-02c9eb5b295d" />
      <TestMethod codeBase="C:\Projects\BVSeoSdkDotNet\BVSeoSdkDotNetTest\bin\Debug\BVSEOSDKTest.dll" adapterTypeName="Microsoft.VisualStudio.TestTools.TestTypes.Unit.UnitTestAdapter, Microsoft.VisualStudio.QualityTools.Tips.UnitTest.Adapter, Version=9.0.0.0, Culture=neutral, PublicKeyToken=b03f5f7f11d50a3a" className="BVSeoSdkDotNet.BVManagedUIContent_SinglePageTest, BVSEOSDKTest" name="TestSEOContentFromFile_SinglePage_FileUnavailableError" />
    </UnitTest>
    <UnitTest name="TestSEOContent_SinglePageHTTP_Aggregate_WithoutPagination" storage="c:\projects\bvseosdkdotnet\bvseosdkdotnettest\bin\debug\bvseosdktest.dll" id="9fbc3db2-a72e-842c-8a9f-b86ecd2a1ffa">
      <Css projectStructure="" iteration="" />
      <Owners>
        <Owner name="" />
      </Owners>
      <Execution id="98ad98c0-2baa-4b95-bb68-50d6ce3868a9" />
      <TestMethod codeBase="C:\Projects\BVSeoSdkDotNet\BVSeoSdkDotNetTest\bin\Debug\BVSEOSDKTest.dll" adapterTypeName="Microsoft.VisualStudio.TestTools.TestTypes.Unit.UnitTestAdapter, Microsoft.VisualStudio.QualityTools.Tips.UnitTest.Adapter, Version=9.0.0.0, Culture=neutral, PublicKeyToken=b03f5f7f11d50a3a" className="BVSEOSDKTest.BVManagedUIContentAggregateReviewTest, BVSEOSDKTest" name="TestSEOContent_SinglePageHTTP_Aggregate_WithoutPagination" />
    </UnitTest>
    <UnitTest name="TestSEOContentFrom_Using_HTTPS" storage="c:\projects\bvseosdkdotnet\bvseosdkdotnettest\bin\debug\bvseosdktest.dll" id="f85c0aa3-3674-b42a-2128-69bd3afe7ca6">
      <Css projectStructure="" iteration="" />
      <Owners>
        <Owner name="" />
      </Owners>
      <Execution id="8163cc78-e913-4cfc-ad14-a8f2105dba3b" />
      <TestMethod codeBase="C:\Projects\BVSeoSdkDotNet\BVSeoSdkDotNetTest\bin\Debug\BVSEOSDKTest.dll" adapterTypeName="Microsoft.VisualStudio.TestTools.TestTypes.Unit.UnitTestAdapter, Microsoft.VisualStudio.QualityTools.Tips.UnitTest.Adapter, Version=9.0.0.0, Culture=neutral, PublicKeyToken=b03f5f7f11d50a3a" className="BVSEOSDKTest.BVManagedUIContent4_Test, BVSEOSDKTest" name="TestSEOContentFrom_Using_HTTPS" />
    </UnitTest>
    <UnitTest name="TestMessages" storage="c:\projects\bvseosdkdotnet\bvseosdkdotnettest\bin\debug\bvseosdktest.dll" id="cb9ab58d-8baa-855e-5d07-948d7c894c3b">
      <Css projectStructure="" iteration="" />
      <Owners>
        <Owner name="" />
      </Owners>
      <Execution id="3b7a138f-c494-4021-a37a-d446759bfdab" />
      <TestMethod codeBase="C:\Projects\BVSeoSdkDotNet\BVSeoSdkDotNetTest\bin\Debug\BVSEOSDKTest.dll" adapterTypeName="Microsoft.VisualStudio.TestTools.TestTypes.Unit.UnitTestAdapter, Microsoft.VisualStudio.QualityTools.Tips.UnitTest.Adapter, Version=9.0.0.0, Culture=neutral, PublicKeyToken=b03f5f7f11d50a3a" className="BVSEOSDKTest.BVSdkMessageUtilTest, BVSEOSDKTest" name="TestMessages" />
    </UnitTest>
    <UnitTest name="TestSEOContentFromHTTP_SinglePagePRR_Reviews" storage="c:\projects\bvseosdkdotnet\bvseosdkdotnettest\bin\debug\bvseosdktest.dll" id="99cebdfa-8a8d-7958-449d-c3ab05306baa">
      <Css projectStructure="" iteration="" />
      <Owners>
        <Owner name="" />
      </Owners>
      <Execution id="3df3b29b-c30b-402b-bf23-afb3157f5821" />
      <TestMethod codeBase="C:\Projects\BVSeoSdkDotNet\BVSeoSdkDotNetTest\bin\Debug\BVSEOSDKTest.dll" adapterTypeName="Microsoft.VisualStudio.TestTools.TestTypes.Unit.UnitTestAdapter, Microsoft.VisualStudio.QualityTools.Tips.UnitTest.Adapter, Version=9.0.0.0, Culture=neutral, PublicKeyToken=b03f5f7f11d50a3a" className="BVSEOSDKTest.BVManagedUIContentAggregateReviewTest, BVSEOSDKTest" name="TestSEOContentFromHTTP_SinglePagePRR_Reviews" />
    </UnitTest>
    <UnitTest name="TestStory_Default" storage="c:\projects\bvseosdkdotnet\bvseosdkdotnettest\bin\debug\bvseosdktest.dll" id="9bc706cc-8a93-1cbe-a917-e57f61a9b33c">
      <Css projectStructure="" iteration="" />
      <Owners>
        <Owner name="" />
      </Owners>
      <Execution id="f3f49438-5041-4836-8832-6a7b7387db8d" />
      <TestMethod codeBase="C:\Projects\BVSeoSdkDotNet\BVSeoSdkDotNetTest\bin\Debug\BVSEOSDKTest.dll" adapterTypeName="Microsoft.VisualStudio.TestTools.TestTypes.Unit.UnitTestAdapter, Microsoft.VisualStudio.QualityTools.Tips.UnitTest.Adapter, Version=9.0.0.0, Culture=neutral, PublicKeyToken=b03f5f7f11d50a3a" className="BVSEOSDKTest.BVSeoSdkURLBuilderTest, BVSEOSDKTest" name="TestStory_Default" />
    </UnitTest>
    <UnitTest name="TestSEOContent_SinglePageHTTP_GetReviews_ERR0013" storage="c:\projects\bvseosdkdotnet\bvseosdkdotnettest\bin\debug\bvseosdktest.dll" id="b643c69c-4cdc-3e70-5e26-8310153d1cef">
      <Css projectStructure="" iteration="" />
      <Owners>
        <Owner name="" />
      </Owners>
      <Execution id="4b84341f-46c3-4ee8-bec4-cf777b99c97f" />
      <TestMethod codeBase="C:\Projects\BVSeoSdkDotNet\BVSeoSdkDotNetTest\bin\Debug\BVSEOSDKTest.dll" adapterTypeName="Microsoft.VisualStudio.TestTools.TestTypes.Unit.UnitTestAdapter, Microsoft.VisualStudio.QualityTools.Tips.UnitTest.Adapter, Version=9.0.0.0, Culture=neutral, PublicKeyToken=b03f5f7f11d50a3a" className="BVSEOSDKTest.BVManagedUIContentAggregateReviewTest, BVSEOSDKTest" name="TestSEOContent_SinglePageHTTP_GetReviews_ERR0013" />
    </UnitTest>
    <UnitTest name="TestShowUserAgentSeoContent" storage="c:\projects\bvseosdkdotnet\bvseosdkdotnettest\bin\debug\bvseosdktest.dll" id="c06fa58c-fdd8-dd0e-a4bc-27769392ea48">
      <Css projectStructure="" iteration="" />
      <Owners>
        <Owner name="" />
      </Owners>
      <Execution id="4ee470ba-530f-40b9-9116-a306067c95ef" />
      <TestMethod codeBase="C:\Projects\BVSeoSdkDotNet\BVSeoSdkDotNetTest\bin\Debug\BVSEOSDKTest.dll" adapterTypeName="Microsoft.VisualStudio.TestTools.TestTypes.Unit.UnitTestAdapter, Microsoft.VisualStudio.QualityTools.Tips.UnitTest.Adapter, Version=9.0.0.0, Culture=neutral, PublicKeyToken=b03f5f7f11d50a3a" className="BVSEOSDKTest.BVUIContentServiceProviderTest, BVSEOSDKTest" name="TestShowUserAgentSeoContent" />
    </UnitTest>
    <UnitTest name="Test_SinglePage_Review" storage="c:\projects\bvseosdkdotnet\bvseosdkdotnettest\bin\debug\bvseosdktest.dll" id="d59f7a52-4d79-9972-54da-b2b7c1ae1c5f">
      <Css projectStructure="" iteration="" />
      <Owners>
        <Owner name="" />
      </Owners>
      <Execution id="0caf6c38-9ba4-499d-9d04-3c2ba6ab5df4" />
      <TestMethod codeBase="C:\Projects\BVSeoSdkDotNet\BVSeoSdkDotNetTest\bin\Debug\BVSEOSDKTest.dll" adapterTypeName="Microsoft.VisualStudio.TestTools.TestTypes.Unit.UnitTestAdapter, Microsoft.VisualStudio.QualityTools.Tips.UnitTest.Adapter, Version=9.0.0.0, Culture=neutral, PublicKeyToken=b03f5f7f11d50a3a" className="BVSEOSDKTest.BVManagedUIContent2_Test, BVSEOSDKTest" name="Test_SinglePage_Review" />
    </UnitTest>
    <UnitTest name="Test_InlinePage_Review" storage="c:\projects\bvseosdkdotnet\bvseosdkdotnettest\bin\debug\bvseosdktest.dll" id="b2d12f36-ff95-5ec9-cb04-8158ae12524d">
      <Css projectStructure="" iteration="" />
      <Owners>
        <Owner name="" />
      </Owners>
      <Execution id="f6006db6-8e44-4f57-bb7d-e0bfc98dd3c8" />
      <TestMethod codeBase="C:\Projects\BVSeoSdkDotNet\BVSeoSdkDotNetTest\bin\Debug\BVSEOSDKTest.dll" adapterTypeName="Microsoft.VisualStudio.TestTools.TestTypes.Unit.UnitTestAdapter, Microsoft.VisualStudio.QualityTools.Tips.UnitTest.Adapter, Version=9.0.0.0, Culture=neutral, PublicKeyToken=b03f5f7f11d50a3a" className="BVSEOSDKTest.BVManagedUIContent4_Test, BVSEOSDKTest" name="Test_InlinePage_Review" />
    </UnitTest>
    <UnitTest name="TestSEOContentFromHTTP_SinglePagePRR_CrawlerOverride" storage="c:\projects\bvseosdkdotnet\bvseosdkdotnettest\bin\debug\bvseosdktest.dll" id="320b82da-25e4-acee-cfe6-f5f499398763">
      <Css projectStructure="" iteration="" />
      <Owners>
        <Owner name="" />
      </Owners>
      <Execution id="59a992b5-5b2a-441d-9711-04461c4b70d1" />
      <TestMethod codeBase="C:\Projects\BVSeoSdkDotNet\BVSeoSdkDotNetTest\bin\Debug\BVSEOSDKTest.dll" adapterTypeName="Microsoft.VisualStudio.TestTools.TestTypes.Unit.UnitTestAdapter, Microsoft.VisualStudio.QualityTools.Tips.UnitTest.Adapter, Version=9.0.0.0, Culture=neutral, PublicKeyToken=b03f5f7f11d50a3a" className="BVSEOSDKTest.BVManagedUIContentAggregateReviewTest, BVSEOSDKTest" name="TestSEOContentFromHTTP_SinglePagePRR_CrawlerOverride" />
    </UnitTest>
    <UnitTest name="TestSEOContent_SinglePageHTTP_GetReviews_Blank_Page_Test" storage="c:\projects\bvseosdkdotnet\bvseosdkdotnettest\bin\debug\bvseosdktest.dll" id="a16719c5-f614-973b-19a7-7416eb2f394c">
      <Css projectStructure="" iteration="" />
      <Owners>
        <Owner name="" />
      </Owners>
      <Execution id="30491856-9ba6-4a12-8c00-42b85a730d0a" />
      <TestMethod codeBase="C:\Projects\BVSeoSdkDotNet\BVSeoSdkDotNetTest\bin\Debug\BVSEOSDKTest.dll" adapterTypeName="Microsoft.VisualStudio.TestTools.TestTypes.Unit.UnitTestAdapter, Microsoft.VisualStudio.QualityTools.Tips.UnitTest.Adapter, Version=9.0.0.0, Culture=neutral, PublicKeyToken=b03f5f7f11d50a3a" className="BVSEOSDKTest.BVManagedUIContentAggregateReviewTest, BVSEOSDKTest" name="TestSEOContent_SinglePageHTTP_GetReviews_Blank_Page_Test" />
    </UnitTest>
    <UnitTest name="TestValidation" storage="c:\projects\bvseosdkdotnet\bvseosdkdotnettest\bin\debug\bvseosdktest.dll" id="c3718dbe-75b9-2641-fc26-2579581d699d">
      <Css projectStructure="" iteration="" />
      <Owners>
        <Owner name="" />
      </Owners>
      <Execution id="67f54eac-1954-4c1a-bed9-5f7a9314aa88" />
      <TestMethod codeBase="C:\Projects\BVSeoSdkDotNet\BVSeoSdkDotNetTest\bin\Debug\BVSEOSDKTest.dll" adapterTypeName="Microsoft.VisualStudio.TestTools.TestTypes.Unit.UnitTestAdapter, Microsoft.VisualStudio.QualityTools.Tips.UnitTest.Adapter, Version=9.0.0.0, Culture=neutral, PublicKeyToken=b03f5f7f11d50a3a" className="BVSEOSDKTest.BVValidatorTest, BVSEOSDKTest" name="TestValidation" />
    </UnitTest>
    <UnitTest name="TestEquality" storage="c:\projects\bvseosdkdotnet\bvseosdkdotnettest\bin\debug\bvseosdktest.dll" id="a6d9cbae-7a2a-2a07-9ac8-67310f1bbfe9">
      <Css projectStructure="" iteration="" />
      <Owners>
        <Owner name="" />
      </Owners>
      <Execution id="e9dd8f1a-0634-4ecd-9c96-891b670b7e81" />
      <TestMethod codeBase="C:\Projects\BVSeoSdkDotNet\BVSeoSdkDotNetTest\bin\Debug\BVSEOSDKTest.dll" adapterTypeName="Microsoft.VisualStudio.TestTools.TestTypes.Unit.UnitTestAdapter, Microsoft.VisualStudio.QualityTools.Tips.UnitTest.Adapter, Version=9.0.0.0, Culture=neutral, PublicKeyToken=b03f5f7f11d50a3a" className="BVSEOSDKTest.BVParametersTest, BVSEOSDKTest" name="TestEquality" />
    </UnitTest>
    <UnitTest name="TestSEOContentFromFile_SinglePagePRR" storage="c:\projects\bvseosdkdotnet\bvseosdkdotnettest\bin\debug\bvseosdktest.dll" id="c31714d1-4618-8354-d76b-91d08f8c9441">
      <Css projectStructure="" iteration="" />
      <Owners>
        <Owner name="" />
      </Owners>
      <Execution id="fc77618f-3b3a-454b-8556-529c7d2854fb" />
      <TestMethod codeBase="C:\Projects\BVSeoSdkDotNet\BVSeoSdkDotNetTest\bin\Debug\BVSEOSDKTest.dll" adapterTypeName="Microsoft.VisualStudio.TestTools.TestTypes.Unit.UnitTestAdapter, Microsoft.VisualStudio.QualityTools.Tips.UnitTest.Adapter, Version=9.0.0.0, Culture=neutral, PublicKeyToken=b03f5f7f11d50a3a" className="BVSeoSdkDotNet.BVManagedUIContent_SinglePageTest, BVSEOSDKTest" name="TestSEOContentFromFile_SinglePagePRR" />
    </UnitTest>
    <UnitTest name="Test_SinglePage_Review" storage="c:\projects\bvseosdkdotnet\bvseosdkdotnettest\bin\debug\bvseosdktest.dll" id="3b08769d-c5de-db20-839a-21cea7e6a04f">
      <Css projectStructure="" iteration="" />
      <Owners>
        <Owner name="" />
      </Owners>
      <Execution id="611b67c7-fb4a-46af-95f6-e449c6e45a53" />
      <TestMethod codeBase="C:\Projects\BVSeoSdkDotNet\BVSeoSdkDotNetTest\bin\Debug\BVSEOSDKTest.dll" adapterTypeName="Microsoft.VisualStudio.TestTools.TestTypes.Unit.UnitTestAdapter, Microsoft.VisualStudio.QualityTools.Tips.UnitTest.Adapter, Version=9.0.0.0, Culture=neutral, PublicKeyToken=b03f5f7f11d50a3a" className="BVSEOSDKTest.BVManagedUIContent4_Test, BVSEOSDKTest" name="Test_SinglePage_Review" />
    </UnitTest>
    <UnitTest name="TestStory_Stories" storage="c:\projects\bvseosdkdotnet\bvseosdkdotnettest\bin\debug\bvseosdktest.dll" id="08808d6f-5f2b-19e6-4287-d69e6f5695c8">
      <Css projectStructure="" iteration="" />
      <Owners>
        <Owner name="" />
      </Owners>
      <Execution id="2556c8fc-d750-47fe-bf61-d4e3bf80a4f4" />
      <TestMethod codeBase="C:\Projects\BVSeoSdkDotNet\BVSeoSdkDotNetTest\bin\Debug\BVSEOSDKTest.dll" adapterTypeName="Microsoft.VisualStudio.TestTools.TestTypes.Unit.UnitTestAdapter, Microsoft.VisualStudio.QualityTools.Tips.UnitTest.Adapter, Version=9.0.0.0, Culture=neutral, PublicKeyToken=b03f5f7f11d50a3a" className="BVSEOSDKTest.BVSeoSdkURLBuilderTest, BVSEOSDKTest" name="TestStory_Stories" />
    </UnitTest>
    <UnitTest name="TestSDKEnabled" storage="c:\projects\bvseosdkdotnet\bvseosdkdotnettest\bin\debug\bvseosdktest.dll" id="b7f4a730-d7d6-6886-d361-333ee2505238">
      <Css projectStructure="" iteration="" />
      <Owners>
        <Owner name="" />
      </Owners>
      <Execution id="ddb9d1b7-86b7-4b39-8620-bcd863803ec8" />
      <TestMethod codeBase="C:\Projects\BVSeoSdkDotNet\BVSeoSdkDotNetTest\bin\Debug\BVSEOSDKTest.dll" adapterTypeName="Microsoft.VisualStudio.TestTools.TestTypes.Unit.UnitTestAdapter, Microsoft.VisualStudio.QualityTools.Tips.UnitTest.Adapter, Version=9.0.0.0, Culture=neutral, PublicKeyToken=b03f5f7f11d50a3a" className="BVSEOSDKTest.BVUIContentServiceProviderTest, BVSEOSDKTest" name="TestSDKEnabled" />
    </UnitTest>
    <UnitTest name="Test_InteractivePage_Stories" storage="c:\projects\bvseosdkdotnet\bvseosdkdotnettest\bin\debug\bvseosdktest.dll" id="d5b9f4f0-6010-0c54-3743-eb4ff4f22503">
      <Css projectStructure="" iteration="" />
      <Owners>
        <Owner name="" />
      </Owners>
      <Execution id="756d4d72-b1d1-4c2f-95c2-7e9307937f1f" />
      <TestMethod codeBase="C:\Projects\BVSeoSdkDotNet\BVSeoSdkDotNetTest\bin\Debug\BVSEOSDKTest.dll" adapterTypeName="Microsoft.VisualStudio.TestTools.TestTypes.Unit.UnitTestAdapter, Microsoft.VisualStudio.QualityTools.Tips.UnitTest.Adapter, Version=9.0.0.0, Culture=neutral, PublicKeyToken=b03f5f7f11d50a3a" className="BVSEOSDKTest.BVManagedUIContent2_Test, BVSEOSDKTest" name="Test_InteractivePage_Stories" />
    </UnitTest>
    <UnitTest name="Test_SinglePage_Stories" storage="c:\projects\bvseosdkdotnet\bvseosdkdotnettest\bin\debug\bvseosdktest.dll" id="ad819142-0fc8-08d8-db73-e33e4581e13f">
      <Css projectStructure="" iteration="" />
      <Owners>
        <Owner name="" />
      </Owners>
      <Execution id="f75e2522-a1bc-4617-a5c2-9a4da06ae839" />
      <TestMethod codeBase="C:\Projects\BVSeoSdkDotNet\BVSeoSdkDotNetTest\bin\Debug\BVSEOSDKTest.dll" adapterTypeName="Microsoft.VisualStudio.TestTools.TestTypes.Unit.UnitTestAdapter, Microsoft.VisualStudio.QualityTools.Tips.UnitTest.Adapter, Version=9.0.0.0, Culture=neutral, PublicKeyToken=b03f5f7f11d50a3a" className="BVSEOSDKTest.BVManagedUIContent4_Test, BVSEOSDKTest" name="Test_SinglePage_Stories" />
    </UnitTest>
    <UnitTest name="Test_InlinePage_Question" storage="c:\projects\bvseosdkdotnet\bvseosdkdotnettest\bin\debug\bvseosdktest.dll" id="da0c38e7-f05e-1866-f108-b4c889ec0aac">
      <Css projectStructure="" iteration="" />
      <Owners>
        <Owner name="" />
      </Owners>
      <Execution id="d6d1b933-7be5-404c-b310-bc06b8ec8ffc" />
      <TestMethod codeBase="C:\Projects\BVSeoSdkDotNet\BVSeoSdkDotNetTest\bin\Debug\BVSEOSDKTest.dll" adapterTypeName="Microsoft.VisualStudio.TestTools.TestTypes.Unit.UnitTestAdapter, Microsoft.VisualStudio.QualityTools.Tips.UnitTest.Adapter, Version=9.0.0.0, Culture=neutral, PublicKeyToken=b03f5f7f11d50a3a" className="BVSEOSDKTest.BVManagedUIContent4_Test, BVSEOSDKTest" name="Test_InlinePage_Question" />
    </UnitTest>
    <UnitTest name="TestDisplayFooter" storage="c:\projects\bvseosdkdotnet\bvseosdkdotnettest\bin\debug\bvseosdktest.dll" id="915c5ee6-ea7f-ebc8-ffeb-939ac16ef3d4">
      <Css projectStructure="" iteration="" />
      <Owners>
        <Owner name="" />
      </Owners>
      <Execution id="1f41f138-7f55-45e5-bf5c-fda01fea6196" />
      <TestMethod codeBase="C:\Projects\BVSeoSdkDotNet\BVSeoSdkDotNetTest\bin\Debug\BVSEOSDKTest.dll" adapterTypeName="Microsoft.VisualStudio.TestTools.TestTypes.Unit.UnitTestAdapter, Microsoft.VisualStudio.QualityTools.Tips.UnitTest.Adapter, Version=9.0.0.0, Culture=neutral, PublicKeyToken=b03f5f7f11d50a3a" className="BVSEOSDKTest.BVHTMLFooterTest, BVSEOSDKTest" name="TestDisplayFooter" />
    </UnitTest>
    <UnitTest name="TestSEOContent_SinglePageHTTP_AggregateRatingAndReviews" storage="c:\projects\bvseosdkdotnet\bvseosdkdotnettest\bin\debug\bvseosdktest.dll" id="d1e3fb7c-9317-1703-6861-0e422458bfcb">
      <Css projectStructure="" iteration="" />
      <Owners>
        <Owner name="" />
      </Owners>
      <Execution id="eaf4a4a6-7e77-4bcc-95c5-7a77eb8b9966" />
      <TestMethod codeBase="C:\Projects\BVSeoSdkDotNet\BVSeoSdkDotNetTest\bin\Debug\BVSEOSDKTest.dll" adapterTypeName="Microsoft.VisualStudio.TestTools.TestTypes.Unit.UnitTestAdapter, Microsoft.VisualStudio.QualityTools.Tips.UnitTest.Adapter, Version=9.0.0.0, Culture=neutral, PublicKeyToken=b03f5f7f11d50a3a" className="BVSEOSDKTest.BVManagedUIContentAggregateReviewTest, BVSEOSDKTest" name="TestSEOContent_SinglePageHTTP_AggregateRatingAndReviews" />
    </UnitTest>
    <UnitTest name="Test_SinglePage_Stories" storage="c:\projects\bvseosdkdotnet\bvseosdkdotnettest\bin\debug\bvseosdktest.dll" id="b6359c4b-4264-9433-7578-43f7a388767a">
      <Css projectStructure="" iteration="" />
      <Owners>
        <Owner name="" />
      </Owners>
      <Execution id="ddbc5376-d23c-4fc4-bd08-864745d48fee" />
      <TestMethod codeBase="C:\Projects\BVSeoSdkDotNet\BVSeoSdkDotNetTest\bin\Debug\BVSEOSDKTest.dll" adapterTypeName="Microsoft.VisualStudio.TestTools.TestTypes.Unit.UnitTestAdapter, Microsoft.VisualStudio.QualityTools.Tips.UnitTest.Adapter, Version=9.0.0.0, Culture=neutral, PublicKeyToken=b03f5f7f11d50a3a" className="BVSEOSDKTest.BVManagedUIContent2_Test, BVSEOSDKTest" name="Test_SinglePage_Stories" />
    </UnitTest>
    <UnitTest name="TestSEOContentFromHTTP_SinglePagePRR" storage="c:\projects\bvseosdkdotnet\bvseosdkdotnettest\bin\debug\bvseosdktest.dll" id="b356f059-aac1-f420-83c0-9add27c3b4a9">
      <Css projectStructure="" iteration="" />
      <Owners>
        <Owner name="" />
      </Owners>
      <Execution id="3477e4c6-ac47-4b93-87dc-dfdf5b149aef" />
      <TestMethod codeBase="C:\Projects\BVSeoSdkDotNet\BVSeoSdkDotNetTest\bin\Debug\BVSEOSDKTest.dll" adapterTypeName="Microsoft.VisualStudio.TestTools.TestTypes.Unit.UnitTestAdapter, Microsoft.VisualStudio.QualityTools.Tips.UnitTest.Adapter, Version=9.0.0.0, Culture=neutral, PublicKeyToken=b03f5f7f11d50a3a" className="BVSeoSdkDotNet.BVManagedUIContent_SinglePageTest, BVSEOSDKTest" name="TestSEOContentFromHTTP_SinglePagePRR" />
    </UnitTest>
    <UnitTest name="TestDisplayFooter_Debug" storage="c:\projects\bvseosdkdotnet\bvseosdkdotnettest\bin\debug\bvseosdktest.dll" id="ef6ccb04-b599-464a-c095-b5e5580d4593">
      <Css projectStructure="" iteration="" />
      <Owners>
        <Owner name="" />
      </Owners>
      <Execution id="17b5be0c-41da-4af9-a60a-2e8e79a7f7d1" />
      <TestMethod codeBase="C:\Projects\BVSeoSdkDotNet\BVSeoSdkDotNetTest\bin\Debug\BVSEOSDKTest.dll" adapterTypeName="Microsoft.VisualStudio.TestTools.TestTypes.Unit.UnitTestAdapter, Microsoft.VisualStudio.QualityTools.Tips.UnitTest.Adapter, Version=9.0.0.0, Culture=neutral, PublicKeyToken=b03f5f7f11d50a3a" className="BVSEOSDKTest.BVHTMLFooterTest, BVSEOSDKTest" name="TestDisplayFooter_Debug" />
    </UnitTest>
    <UnitTest name="Test_SinglePage_Question" storage="c:\projects\bvseosdkdotnet\bvseosdkdotnettest\bin\debug\bvseosdktest.dll" id="1d3b670a-63ee-9c37-1355-fcb1f3847ad3">
      <Css projectStructure="" iteration="" />
      <Owners>
        <Owner name="" />
      </Owners>
      <Execution id="02d92464-fe09-4e76-90c5-e4f32480e3bb" />
      <TestMethod codeBase="C:\Projects\BVSeoSdkDotNet\BVSeoSdkDotNetTest\bin\Debug\BVSEOSDKTest.dll" adapterTypeName="Microsoft.VisualStudio.TestTools.TestTypes.Unit.UnitTestAdapter, Microsoft.VisualStudio.QualityTools.Tips.UnitTest.Adapter, Version=9.0.0.0, Culture=neutral, PublicKeyToken=b03f5f7f11d50a3a" className="BVSEOSDKTest.BVManagedUIContent3_Test, BVSEOSDKTest" name="Test_SinglePage_Question" />
    </UnitTest>
    <UnitTest name="Test_InteractivePage_Question" storage="c:\projects\bvseosdkdotnet\bvseosdkdotnettest\bin\debug\bvseosdktest.dll" id="e5392506-b2a1-3752-d638-f48e2c0698ee">
      <Css projectStructure="" iteration="" />
      <Owners>
        <Owner name="" />
      </Owners>
      <Execution id="3bd2764f-0a80-4f15-b2e2-057286a8ad84" />
      <TestMethod codeBase="C:\Projects\BVSeoSdkDotNet\BVSeoSdkDotNetTest\bin\Debug\BVSEOSDKTest.dll" adapterTypeName="Microsoft.VisualStudio.TestTools.TestTypes.Unit.UnitTestAdapter, Microsoft.VisualStudio.QualityTools.Tips.UnitTest.Adapter, Version=9.0.0.0, Culture=neutral, PublicKeyToken=b03f5f7f11d50a3a" className="BVSEOSDKTest.BVManagedUIContent2_Test, BVSEOSDKTest" name="Test_InteractivePage_Question" />
    </UnitTest>
    <UnitTest name="TestSEOContent_SinglePageHTTP_AggregateRating_IfNotPresent" storage="c:\projects\bvseosdkdotnet\bvseosdkdotnettest\bin\debug\bvseosdktest.dll" id="dcc51909-54b6-883c-dfae-331a4fe24ce0">
      <Css projectStructure="" iteration="" />
      <Owners>
        <Owner name="" />
      </Owners>
      <Execution id="917e8439-9637-4d35-8d7a-1ae3d7a89254" />
      <TestMethod codeBase="C:\Projects\BVSeoSdkDotNet\BVSeoSdkDotNetTest\bin\Debug\BVSEOSDKTest.dll" adapterTypeName="Microsoft.VisualStudio.TestTools.TestTypes.Unit.UnitTestAdapter, Microsoft.VisualStudio.QualityTools.Tips.UnitTest.Adapter, Version=9.0.0.0, Culture=neutral, PublicKeyToken=b03f5f7f11d50a3a" className="BVSEOSDKTest.BVManagedUIContentAggregateReviewTest, BVSEOSDKTest" name="TestSEOContent_SinglePageHTTP_AggregateRating_IfNotPresent" />
    </UnitTest>
    <UnitTest name="TestSEOContent_SinglePageHTTP_GetAggregateRating_SDK_Disabled" storage="c:\projects\bvseosdkdotnet\bvseosdkdotnettest\bin\debug\bvseosdktest.dll" id="078da8da-1cbe-cbec-0a75-ee687b3a32bc">
      <Css projectStructure="" iteration="" />
      <Owners>
        <Owner name="" />
      </Owners>
      <Execution id="b19558b4-0d50-4e5d-8d38-dda9b4054d47" />
      <TestMethod codeBase="C:\Projects\BVSeoSdkDotNet\BVSeoSdkDotNetTest\bin\Debug\BVSEOSDKTest.dll" adapterTypeName="Microsoft.VisualStudio.TestTools.TestTypes.Unit.UnitTestAdapter, Microsoft.VisualStudio.QualityTools.Tips.UnitTest.Adapter, Version=9.0.0.0, Culture=neutral, PublicKeyToken=b03f5f7f11d50a3a" className="BVSEOSDKTest.BVManagedUIContentAggregateReviewTest, BVSEOSDKTest" name="TestSEOContent_SinglePageHTTP_GetAggregateRating_SDK_Disabled" />
    </UnitTest>
    <UnitTest name="TestAggregate_InvalidURL" storage="c:\projects\bvseosdkdotnet\bvseosdkdotnettest\bin\debug\bvseosdktest.dll" id="0ba65008-77d4-41f5-b98c-eb8e2ccca5cb">
      <Css projectStructure="" iteration="" />
      <Owners>
        <Owner name="" />
      </Owners>
      <Execution id="fa1a947c-aba8-46fe-906b-92c43fe4ea15" />
      <TestMethod codeBase="C:\Projects\BVSeoSdkDotNet\BVSeoSdkDotNetTest\bin\Debug\BVSEOSDKTest.dll" adapterTypeName="Microsoft.VisualStudio.TestTools.TestTypes.Unit.UnitTestAdapter, Microsoft.VisualStudio.QualityTools.Tips.UnitTest.Adapter, Version=9.0.0.0, Culture=neutral, PublicKeyToken=b03f5f7f11d50a3a" className="BVSEOSDKTest.BVManagedUIContentAggregateReviewTest, BVSEOSDKTest" name="TestAggregate_InvalidURL" />
    </UnitTest>
    <UnitTest name="TestBVConfigLoading" storage="c:\projects\bvseosdkdotnet\bvseosdkdotnettest\bin\debug\bvseosdktest.dll" id="6173729d-b1c9-b7db-f252-6b7bf296b99d">
      <Css projectStructure="" iteration="" />
      <Owners>
        <Owner name="" />
      </Owners>
      <Execution id="15a3aa33-8414-40e4-99b6-c065cd034e17" />
      <TestMethod codeBase="C:\Projects\BVSeoSdkDotNet\BVSeoSdkDotNetTest\bin\Debug\BVSEOSDKTest.dll" adapterTypeName="Microsoft.VisualStudio.TestTools.TestTypes.Unit.UnitTestAdapter, Microsoft.VisualStudio.QualityTools.Tips.UnitTest.Adapter, Version=9.0.0.0, Culture=neutral, PublicKeyToken=b03f5f7f11d50a3a" className="BVSEOSDKTest.BVSdkConfigurationTest, BVSEOSDKTest" name="TestBVConfigLoading" />
    </UnitTest>
    <UnitTest name="TestStory_StoriesGrid" storage="c:\projects\bvseosdkdotnet\bvseosdkdotnettest\bin\debug\bvseosdktest.dll" id="06b8de29-b2ea-925d-1fb8-9df6e1172a46">
      <Css projectStructure="" iteration="" />
      <Owners>
        <Owner name="" />
      </Owners>
      <Execution id="be0212d2-9bc0-4377-af11-b3006fd8b564" />
      <TestMethod codeBase="C:\Projects\BVSeoSdkDotNet\BVSeoSdkDotNetTest\bin\Debug\BVSEOSDKTest.dll" adapterTypeName="Microsoft.VisualStudio.TestTools.TestTypes.Unit.UnitTestAdapter, Microsoft.VisualStudio.QualityTools.Tips.UnitTest.Adapter, Version=9.0.0.0, Culture=neutral, PublicKeyToken=b03f5f7f11d50a3a" className="BVSEOSDKTest.BVSeoSdkURLBuilderTest, BVSEOSDKTest" name="TestStory_StoriesGrid" />
    </UnitTest>
  </TestDefinitions>
  <TestLists>
    <TestList name="Results Not in a List" id="8c84fa94-04c1-424b-9868-57a2d4851a1d" />
    <TestList name="All Loaded Results" id="19431567-8539-422a-85d7-44ee4e166bda" />
  </TestLists>
  <TestEntries>
    <TestEntry testId="06b8de29-b2ea-925d-1fb8-9df6e1172a46" executionId="be0212d2-9bc0-4377-af11-b3006fd8b564" testListId="8c84fa94-04c1-424b-9868-57a2d4851a1d" />
    <TestEntry testId="078da8da-1cbe-cbec-0a75-ee687b3a32bc" executionId="b19558b4-0d50-4e5d-8d38-dda9b4054d47" testListId="8c84fa94-04c1-424b-9868-57a2d4851a1d" />
    <TestEntry testId="08808d6f-5f2b-19e6-4287-d69e6f5695c8" executionId="2556c8fc-d750-47fe-bf61-d4e3bf80a4f4" testListId="8c84fa94-04c1-424b-9868-57a2d4851a1d" />
    <TestEntry testId="0ba65008-77d4-41f5-b98c-eb8e2ccca5cb" executionId="fa1a947c-aba8-46fe-906b-92c43fe4ea15" testListId="8c84fa94-04c1-424b-9868-57a2d4851a1d" />
    <TestEntry testId="0be53a4b-f193-b841-ba01-235a8d56dd4b" executionId="36dc5852-1049-4593-a376-ab02b582dc45" testListId="8c84fa94-04c1-424b-9868-57a2d4851a1d" />
    <TestEntry testId="1d3b670a-63ee-9c37-1355-fcb1f3847ad3" executionId="02d92464-fe09-4e76-90c5-e4f32480e3bb" testListId="8c84fa94-04c1-424b-9868-57a2d4851a1d" />
    <TestEntry testId="2d0de862-bf6f-df20-4a30-d5604ca0eadc" executionId="41bd3ea9-99bb-48d6-a637-61bdced5a564" testListId="8c84fa94-04c1-424b-9868-57a2d4851a1d" />
    <TestEntry testId="305df720-2163-4902-ce02-9f70094cc502" executionId="abc41508-4b10-43d7-a2df-6754b209388f" testListId="8c84fa94-04c1-424b-9868-57a2d4851a1d" />
    <TestEntry testId="320b82da-25e4-acee-cfe6-f5f499398763" executionId="59a992b5-5b2a-441d-9711-04461c4b70d1" testListId="8c84fa94-04c1-424b-9868-57a2d4851a1d" />
    <TestEntry testId="3b08769d-c5de-db20-839a-21cea7e6a04f" executionId="611b67c7-fb4a-46af-95f6-e449c6e45a53" testListId="8c84fa94-04c1-424b-9868-57a2d4851a1d" />
    <TestEntry testId="3bb26db2-7d35-fe6b-cd94-62d30d126293" executionId="a3fd7c1a-25d5-447c-a8cc-a2bdc97df23d" testListId="8c84fa94-04c1-424b-9868-57a2d4851a1d" />
    <TestEntry testId="4519dc37-d6af-1168-2fe0-550fdf975e5c" executionId="fab46d3d-db4d-4255-a14f-41678ab0f2cc" testListId="8c84fa94-04c1-424b-9868-57a2d4851a1d" />
    <TestEntry testId="47f9a937-2bcb-0684-d30d-91119567ec8d" executionId="3c15ae31-b208-4efe-affe-6823dd55a0da" testListId="8c84fa94-04c1-424b-9868-57a2d4851a1d" />
    <TestEntry testId="48c1bde0-440e-e42e-8163-c0c839234cdf" executionId="901686ee-40c7-4580-9292-08e974f43ff1" testListId="8c84fa94-04c1-424b-9868-57a2d4851a1d" />
    <TestEntry testId="49ae87b0-a9db-70e4-4183-fa3f62452b2a" executionId="9607523a-3b15-4337-a555-7a3fceb4e86c" testListId="8c84fa94-04c1-424b-9868-57a2d4851a1d" />
    <TestEntry testId="4e53e90c-79f3-2fe5-42dc-76c59df7f553" executionId="33e507d9-3ea0-4cc7-a4ca-40f05c34903f" testListId="8c84fa94-04c1-424b-9868-57a2d4851a1d" />
    <TestEntry testId="5cb9f28b-a05f-b9c4-950a-9a1b1d53a576" executionId="01be9b96-97c8-49d2-a745-1cc002da1f3c" testListId="8c84fa94-04c1-424b-9868-57a2d4851a1d" />
    <TestEntry testId="5d4eaba0-94e6-3d0c-6697-dff9648ceeb5" executionId="e28dfe1b-8261-4a04-8512-02c9eb5b295d" testListId="8c84fa94-04c1-424b-9868-57a2d4851a1d" />
    <TestEntry testId="6173729d-b1c9-b7db-f252-6b7bf296b99d" executionId="15a3aa33-8414-40e4-99b6-c065cd034e17" testListId="8c84fa94-04c1-424b-9868-57a2d4851a1d" />
    <TestEntry testId="64102383-1eec-2357-e495-a1398ceb1c60" executionId="05e17094-464a-4f1a-9b8a-ba86d6c8f1b6" testListId="8c84fa94-04c1-424b-9868-57a2d4851a1d" />
    <TestEntry testId="64633bc6-a6c4-3385-bf98-af703e82448e" executionId="ccb139ba-6b45-4570-a08a-bf0f25a079bc" testListId="8c84fa94-04c1-424b-9868-57a2d4851a1d" />
    <TestEntry testId="668619da-6a06-d548-720e-a61936cf267f" executionId="edfc805e-f3ef-49d2-8b17-935cc2eabc75" testListId="8c84fa94-04c1-424b-9868-57a2d4851a1d" />
    <TestEntry testId="6ae7685d-361b-24f8-8983-14c25fd9df76" executionId="9544ae85-00d7-4d9c-8b8b-aa21b76b73e4" testListId="8c84fa94-04c1-424b-9868-57a2d4851a1d" />
    <TestEntry testId="6b64ef0b-98a8-9656-ca76-083b22cdebf3" executionId="7e57700a-c51b-4a05-8412-1ab5c1afd2c4" testListId="8c84fa94-04c1-424b-9868-57a2d4851a1d" />
    <TestEntry testId="6fd35cd4-d5d7-540a-5c99-9f9e1332807e" executionId="cb0c3046-f655-4b7e-a39e-aba4fc913f3d" testListId="8c84fa94-04c1-424b-9868-57a2d4851a1d" />
    <TestEntry testId="75867207-bc67-e8f1-ac3b-474d1963e810" executionId="1f2f7628-d610-4799-962b-b3660b1c61a4" testListId="8c84fa94-04c1-424b-9868-57a2d4851a1d" />
    <TestEntry testId="79217038-898f-bfff-42c1-8f4916c3308c" executionId="0628d5c2-75d4-49a8-9f0e-6ac858e44de3" testListId="8c84fa94-04c1-424b-9868-57a2d4851a1d" />
    <TestEntry testId="83670232-d932-24b5-97b0-54c95872e53a" executionId="e25fce6e-d5c1-444f-b123-4af555bf94ed" testListId="8c84fa94-04c1-424b-9868-57a2d4851a1d" />
    <TestEntry testId="8d264e89-646c-4a3d-bb37-95d58ddc393f" executionId="5c24ce71-862c-46f3-8541-e98868e2a66e" testListId="8c84fa94-04c1-424b-9868-57a2d4851a1d" />
    <TestEntry testId="915c5ee6-ea7f-ebc8-ffeb-939ac16ef3d4" executionId="1f41f138-7f55-45e5-bf5c-fda01fea6196" testListId="8c84fa94-04c1-424b-9868-57a2d4851a1d" />
    <TestEntry testId="99cebdfa-8a8d-7958-449d-c3ab05306baa" executionId="3df3b29b-c30b-402b-bf23-afb3157f5821" testListId="8c84fa94-04c1-424b-9868-57a2d4851a1d" />
    <TestEntry testId="9bc706cc-8a93-1cbe-a917-e57f61a9b33c" executionId="f3f49438-5041-4836-8832-6a7b7387db8d" testListId="8c84fa94-04c1-424b-9868-57a2d4851a1d" />
    <TestEntry testId="9fbc3db2-a72e-842c-8a9f-b86ecd2a1ffa" executionId="98ad98c0-2baa-4b95-bb68-50d6ce3868a9" testListId="8c84fa94-04c1-424b-9868-57a2d4851a1d" />
    <TestEntry testId="a16719c5-f614-973b-19a7-7416eb2f394c" executionId="30491856-9ba6-4a12-8c00-42b85a730d0a" testListId="8c84fa94-04c1-424b-9868-57a2d4851a1d" />
    <TestEntry testId="a6d9cbae-7a2a-2a07-9ac8-67310f1bbfe9" executionId="e9dd8f1a-0634-4ecd-9c96-891b670b7e81" testListId="8c84fa94-04c1-424b-9868-57a2d4851a1d" />
    <TestEntry testId="ad53fe42-0f62-0dd7-7cc0-48e9888ed79f" executionId="8a777b4c-0e73-42ee-8084-9bc290c37637" testListId="8c84fa94-04c1-424b-9868-57a2d4851a1d" />
    <TestEntry testId="ad819142-0fc8-08d8-db73-e33e4581e13f" executionId="f75e2522-a1bc-4617-a5c2-9a4da06ae839" testListId="8c84fa94-04c1-424b-9868-57a2d4851a1d" />
    <TestEntry testId="aeaa7568-80d7-74bb-5b00-573772c963a7" executionId="16d35a20-5a2b-45f3-8da1-73e413ee0fb6" testListId="8c84fa94-04c1-424b-9868-57a2d4851a1d" />
    <TestEntry testId="b2d12f36-ff95-5ec9-cb04-8158ae12524d" executionId="f6006db6-8e44-4f57-bb7d-e0bfc98dd3c8" testListId="8c84fa94-04c1-424b-9868-57a2d4851a1d" />
    <TestEntry testId="b356f059-aac1-f420-83c0-9add27c3b4a9" executionId="3477e4c6-ac47-4b93-87dc-dfdf5b149aef" testListId="8c84fa94-04c1-424b-9868-57a2d4851a1d" />
    <TestEntry testId="b48b3fc7-9265-32fb-3e33-df8465400226" executionId="255fdc61-bb4f-4a6f-92fd-6d48dab4f2d4" testListId="8c84fa94-04c1-424b-9868-57a2d4851a1d" />
    <TestEntry testId="b6359c4b-4264-9433-7578-43f7a388767a" executionId="ddbc5376-d23c-4fc4-bd08-864745d48fee" testListId="8c84fa94-04c1-424b-9868-57a2d4851a1d" />
    <TestEntry testId="b643c69c-4cdc-3e70-5e26-8310153d1cef" executionId="4b84341f-46c3-4ee8-bec4-cf777b99c97f" testListId="8c84fa94-04c1-424b-9868-57a2d4851a1d" />
    <TestEntry testId="b7f4a730-d7d6-6886-d361-333ee2505238" executionId="ddb9d1b7-86b7-4b39-8620-bcd863803ec8" testListId="8c84fa94-04c1-424b-9868-57a2d4851a1d" />
    <TestEntry testId="ba579d81-f213-d67c-11cb-81ed57511985" executionId="430057d6-2786-4320-b685-6530c83bab58" testListId="8c84fa94-04c1-424b-9868-57a2d4851a1d" />
    <TestEntry testId="c06fa58c-fdd8-dd0e-a4bc-27769392ea48" executionId="4ee470ba-530f-40b9-9116-a306067c95ef" testListId="8c84fa94-04c1-424b-9868-57a2d4851a1d" />
    <TestEntry testId="c31714d1-4618-8354-d76b-91d08f8c9441" executionId="fc77618f-3b3a-454b-8556-529c7d2854fb" testListId="8c84fa94-04c1-424b-9868-57a2d4851a1d" />
    <TestEntry testId="c3718dbe-75b9-2641-fc26-2579581d699d" executionId="67f54eac-1954-4c1a-bed9-5f7a9314aa88" testListId="8c84fa94-04c1-424b-9868-57a2d4851a1d" />
    <TestEntry testId="cb9ab58d-8baa-855e-5d07-948d7c894c3b" executionId="3b7a138f-c494-4021-a37a-d446759bfdab" testListId="8c84fa94-04c1-424b-9868-57a2d4851a1d" />
    <TestEntry testId="cff9f61b-6dcb-0390-8d2f-6388c5c19037" executionId="7f2fae3c-7a07-4773-80f3-481e146554ac" testListId="8c84fa94-04c1-424b-9868-57a2d4851a1d" />
    <TestEntry testId="d1e3fb7c-9317-1703-6861-0e422458bfcb" executionId="eaf4a4a6-7e77-4bcc-95c5-7a77eb8b9966" testListId="8c84fa94-04c1-424b-9868-57a2d4851a1d" />
    <TestEntry testId="d59f7a52-4d79-9972-54da-b2b7c1ae1c5f" executionId="0caf6c38-9ba4-499d-9d04-3c2ba6ab5df4" testListId="8c84fa94-04c1-424b-9868-57a2d4851a1d" />
    <TestEntry testId="d5b9f4f0-6010-0c54-3743-eb4ff4f22503" executionId="756d4d72-b1d1-4c2f-95c2-7e9307937f1f" testListId="8c84fa94-04c1-424b-9868-57a2d4851a1d" />
    <TestEntry testId="d8ca1f24-9443-c0e5-1264-61d20ec22e40" executionId="22e3d853-5648-4e03-b9c8-0e95edf7bfb3" testListId="8c84fa94-04c1-424b-9868-57a2d4851a1d" />
    <TestEntry testId="da0c38e7-f05e-1866-f108-b4c889ec0aac" executionId="d6d1b933-7be5-404c-b310-bc06b8ec8ffc" testListId="8c84fa94-04c1-424b-9868-57a2d4851a1d" />
    <TestEntry testId="da2e4a92-4ba6-bd6e-bb80-20abea394ccb" executionId="cdf78e7f-4973-44c7-ab9f-f3f59cf59c1c" testListId="8c84fa94-04c1-424b-9868-57a2d4851a1d" />
    <TestEntry testId="dcc3c09a-4129-5a88-ed35-c7f7905cd23e" executionId="9f033b20-f489-422e-aa70-dff821a62029" testListId="8c84fa94-04c1-424b-9868-57a2d4851a1d" />
    <TestEntry testId="dcc51909-54b6-883c-dfae-331a4fe24ce0" executionId="917e8439-9637-4d35-8d7a-1ae3d7a89254" testListId="8c84fa94-04c1-424b-9868-57a2d4851a1d" />
    <TestEntry testId="e5392506-b2a1-3752-d638-f48e2c0698ee" executionId="3bd2764f-0a80-4f15-b2e2-057286a8ad84" testListId="8c84fa94-04c1-424b-9868-57a2d4851a1d" />
    <TestEntry testId="ef6ccb04-b599-464a-c095-b5e5580d4593" executionId="17b5be0c-41da-4af9-a60a-2e8e79a7f7d1" testListId="8c84fa94-04c1-424b-9868-57a2d4851a1d" />
    <TestEntry testId="f257fd26-c7b6-848a-b0cf-55010618c280" executionId="de780bcc-5a34-4e46-ad2c-7abe320502ee" testListId="8c84fa94-04c1-424b-9868-57a2d4851a1d" />
    <TestEntry testId="f85c0aa3-3674-b42a-2128-69bd3afe7ca6" executionId="8163cc78-e913-4cfc-ad14-a8f2105dba3b" testListId="8c84fa94-04c1-424b-9868-57a2d4851a1d" />
    <TestEntry testId="fc6b45b6-617d-35be-f3b7-a6ec6b460ed6" executionId="0a1c535e-8b40-47b8-ad2d-9a264c3c3b78" testListId="8c84fa94-04c1-424b-9868-57a2d4851a1d" />
  </TestEntries>
  <Results>
    <UnitTestResult executionId="be0212d2-9bc0-4377-af11-b3006fd8b564" testId="06b8de29-b2ea-925d-1fb8-9df6e1172a46" testName="TestStory_StoriesGrid" computerName="OWNER-PC" duration="00:00:00.0239601" startTime="2014-06-19T12:42:15.4140560-05:00" endTime="2014-06-19T12:42:15.5740652-05:00" testType="13cdc9d9-ddb5-4fa4-a97d-d965ccfc6d4b" outcome="Passed" testListId="8c84fa94-04c1-424b-9868-57a2d4851a1d">
      <Output>
      </Output>
    </UnitTestResult>
    <UnitTestResult executionId="b19558b4-0d50-4e5d-8d38-dda9b4054d47" testId="078da8da-1cbe-cbec-0a75-ee687b3a32bc" testName="TestSEOContent_SinglePageHTTP_GetAggregateRating_SDK_Disabled" computerName="OWNER-PC" duration="00:00:00.7057568" startTime="2014-06-19T12:42:15.5750653-05:00" endTime="2014-06-19T12:42:16.2841058-05:00" testType="13cdc9d9-ddb5-4fa4-a97d-d965ccfc6d4b" outcome="Passed" testListId="8c84fa94-04c1-424b-9868-57a2d4851a1d">
      <Output>
        <StdErr>log4net:ERROR RollingFileAppenderOpenFile(,True) call failed.
System.UnauthorizedAccessException: Access to the path 'C:\Program Files (x86)\Microsoft Visual Studio 9.0\Common7\IDE\nvelocity.log' is denied.
   at System.IO.__Error.WinIOError(Int32 errorCode, String maybeFullPath)
   at System.IO.FileStream.Init(String path, FileMode mode, FileAccess access, Int32 rights, Boolean useRights, FileShare share, Int32 bufferSize, FileOptions options, SECURITY_ATTRIBUTES secAttrs, String msgPath, Boolean bFromProxy)
   at System.IO.FileStream..ctor(String path, FileMode mode, FileAccess access, FileShare share, Int32 bufferSize, FileOptions options)
   at System.IO.StreamWriter.CreateFile(String path, Boolean append)
   at System.IO.StreamWriter..ctor(String path, Boolean append, Encoding encoding, Int32 bufferSize)
   at System.IO.StreamWriter..ctor(String path, Boolean append)
   at log4net.Appender.FileAppender.OpenFile(String fileName, Boolean append)
   at log4net.Appender.RollingFileAppender.OpenFile(String fileName, Boolean append)
   at log4net.Appender.FileAppender.ActivateOptions()</StdErr>
        <DebugTrace>log4net:ERROR RollingFileAppenderOpenFile(,True) call failed.
System.UnauthorizedAccessException: Access to the path 'C:\Program Files (x86)\Microsoft Visual Studio 9.0\Common7\IDE\nvelocity.log' is denied.
   at System.IO.__Error.WinIOError(Int32 errorCode, String maybeFullPath)
   at System.IO.FileStream.Init(String path, FileMode mode, FileAccess access, Int32 rights, Boolean useRights, FileShare share, Int32 bufferSize, FileOptions options, SECURITY_ATTRIBUTES secAttrs, String msgPath, Boolean bFromProxy)
   at System.IO.FileStream..ctor(String path, FileMode mode, FileAccess access, FileShare share, Int32 bufferSize, FileOptions options)
   at System.IO.StreamWriter.CreateFile(String path, Boolean append)
   at System.IO.StreamWriter..ctor(String path, Boolean append, Encoding encoding, Int32 bufferSize)
   at System.IO.StreamWriter..ctor(String path, Boolean append)
   at log4net.Appender.FileAppender.OpenFile(String fileName, Boolean append)
   at log4net.Appender.RollingFileAppender.OpenFile(String fileName, Boolean append)
   at log4net.Appender.FileAppender.ActivateOptions()
</DebugTrace>
      </Output>
    </UnitTestResult>
    <UnitTestResult executionId="2556c8fc-d750-47fe-bf61-d4e3bf80a4f4" testId="08808d6f-5f2b-19e6-4287-d69e6f5695c8" testName="TestStory_Stories" computerName="OWNER-PC" duration="00:00:00.0011594" startTime="2014-06-19T12:42:16.2901062-05:00" endTime="2014-06-19T12:42:16.2961065-05:00" testType="13cdc9d9-ddb5-4fa4-a97d-d965ccfc6d4b" outcome="Passed" testListId="8c84fa94-04c1-424b-9868-57a2d4851a1d">
      <Output>
      </Output>
    </UnitTestResult>
    <UnitTestResult executionId="fa1a947c-aba8-46fe-906b-92c43fe4ea15" testId="0ba65008-77d4-41f5-b98c-eb8e2ccca5cb" testName="TestAggregate_InvalidURL" computerName="OWNER-PC" duration="00:00:00.5629131" startTime="2014-06-19T12:42:16.2971066-05:00" endTime="2014-06-19T12:42:16.8631389-05:00" testType="13cdc9d9-ddb5-4fa4-a97d-d965ccfc6d4b" outcome="Passed" testListId="8c84fa94-04c1-424b-9868-57a2d4851a1d">
      <Output>
      </Output>
    </UnitTestResult>
    <UnitTestResult executionId="36dc5852-1049-4593-a376-ab02b582dc45" testId="0be53a4b-f193-b841-ba01-235a8d56dd4b" testName="TestMultipleConfigurations" computerName="OWNER-PC" duration="00:00:00.0005135" startTime="2014-06-19T12:42:16.8651390-05:00" endTime="2014-06-19T12:42:16.8681392-05:00" testType="13cdc9d9-ddb5-4fa4-a97d-d965ccfc6d4b" outcome="Passed" testListId="8c84fa94-04c1-424b-9868-57a2d4851a1d">
      <Output>
      </Output>
    </UnitTestResult>
    <UnitTestResult executionId="02d92464-fe09-4e76-90c5-e4f32480e3bb" testId="1d3b670a-63ee-9c37-1355-fcb1f3847ad3" testName="Test_SinglePage_Question" computerName="OWNER-PC" duration="00:00:00.2343213" startTime="2014-06-19T12:42:16.8691393-05:00" endTime="2014-06-19T12:42:17.1181535-05:00" testType="13cdc9d9-ddb5-4fa4-a97d-d965ccfc6d4b" outcome="Passed" testListId="8c84fa94-04c1-424b-9868-57a2d4851a1d">
      <Output>
      </Output>
    </UnitTestResult>
    <UnitTestResult executionId="41bd3ea9-99bb-48d6-a637-61bdced5a564" testId="2d0de862-bf6f-df20-4a30-d5604ca0eadc" testName="TestSEOContent_SinglePageHTTP_GetContent_SDK_Disabled" computerName="OWNER-PC" duration="00:00:00.0244055" startTime="2014-06-19T12:42:17.1201536-05:00" endTime="2014-06-19T12:42:17.1481552-05:00" testType="13cdc9d9-ddb5-4fa4-a97d-d965ccfc6d4b" outcome="Passed" testListId="8c84fa94-04c1-424b-9868-57a2d4851a1d">
      <Output>
      </Output>
    </UnitTestResult>
    <UnitTestResult executionId="abc41508-4b10-43d7-a2df-6754b209388f" testId="305df720-2163-4902-ce02-9f70094cc502" testName="TestDisplayFooter_URL_Debug" computerName="OWNER-PC" duration="00:00:00.0794480" startTime="2014-06-19T12:42:17.1481552-05:00" endTime="2014-06-19T12:42:17.2301599-05:00" testType="13cdc9d9-ddb5-4fa4-a97d-d965ccfc6d4b" outcome="Passed" testListId="8c84fa94-04c1-424b-9868-57a2d4851a1d">
      <Output>
      </Output>
    </UnitTestResult>
    <UnitTestResult executionId="59a992b5-5b2a-441d-9711-04461c4b70d1" testId="320b82da-25e4-acee-cfe6-f5f499398763" testName="TestSEOContentFromHTTP_SinglePagePRR_CrawlerOverride" computerName="OWNER-PC" duration="00:00:00.2236899" startTime="2014-06-19T12:42:17.2311600-05:00" endTime="2014-06-19T12:42:17.4571729-05:00" testType="13cdc9d9-ddb5-4fa4-a97d-d965ccfc6d4b" outcome="Passed" testListId="8c84fa94-04c1-424b-9868-57a2d4851a1d">
      <Output>
      </Output>
    </UnitTestResult>
    <UnitTestResult executionId="611b67c7-fb4a-46af-95f6-e449c6e45a53" testId="3b08769d-c5de-db20-839a-21cea7e6a04f" testName="Test_SinglePage_Review" computerName="OWNER-PC" duration="00:00:00.1214165" startTime="2014-06-19T12:42:17.4581730-05:00" endTime="2014-06-19T12:42:17.5821801-05:00" testType="13cdc9d9-ddb5-4fa4-a97d-d965ccfc6d4b" outcome="Passed" testListId="8c84fa94-04c1-424b-9868-57a2d4851a1d">
      <Output>
      </Output>
    </UnitTestResult>
    <UnitTestResult executionId="a3fd7c1a-25d5-447c-a8cc-a2bdc97df23d" testId="3bb26db2-7d35-fe6b-cd94-62d30d126293" testName="Test_InlinePage_Stories" computerName="OWNER-PC" duration="00:00:00.1857619" startTime="2014-06-19T12:42:17.5841802-05:00" endTime="2014-06-19T12:42:17.7761912-05:00" testType="13cdc9d9-ddb5-4fa4-a97d-d965ccfc6d4b" outcome="Passed" testListId="8c84fa94-04c1-424b-9868-57a2d4851a1d">
      <Output>
      </Output>
    </UnitTestResult>
    <UnitTestResult executionId="fab46d3d-db4d-4255-a14f-41678ab0f2cc" testId="4519dc37-d6af-1168-2fe0-550fdf975e5c" testName="TestUri_For_C2013_HTTP" computerName="OWNER-PC" duration="00:00:00.0051480" startTime="2014-06-19T12:42:17.7831916-05:00" endTime="2014-06-19T12:42:17.7911920-05:00" testType="13cdc9d9-ddb5-4fa4-a97d-d965ccfc6d4b" outcome="Passed" testListId="8c84fa94-04c1-424b-9868-57a2d4851a1d">
      <Output>
      </Output>
    </UnitTestResult>
    <UnitTestResult executionId="3c15ae31-b208-4efe-affe-6823dd55a0da" testId="47f9a937-2bcb-0684-d30d-91119567ec8d" testName="TestUri_For_C2013_File" computerName="OWNER-PC" duration="00:00:00.0006432" startTime="2014-06-19T12:42:17.7921921-05:00" endTime="2014-06-19T12:42:17.7981924-05:00" testType="13cdc9d9-ddb5-4fa4-a97d-d965ccfc6d4b" outcome="Passed" testListId="8c84fa94-04c1-424b-9868-57a2d4851a1d">
      <Output>
      </Output>
    </UnitTestResult>
    <UnitTestResult executionId="901686ee-40c7-4580-9292-08e974f43ff1" testId="48c1bde0-440e-e42e-8163-c0c839234cdf" testName="TestAggregate_NullSubjectID" computerName="OWNER-PC" duration="00:00:00.0660530" startTime="2014-06-19T12:42:17.7991925-05:00" endTime="2014-06-19T12:42:17.8671964-05:00" testType="13cdc9d9-ddb5-4fa4-a97d-d965ccfc6d4b" outcome="Passed" testListId="8c84fa94-04c1-424b-9868-57a2d4851a1d">
      <Output>
      </Output>
    </UnitTestResult>
    <UnitTestResult executionId="9607523a-3b15-4337-a555-7a3fceb4e86c" testId="49ae87b0-a9db-70e4-4183-fa3f62452b2a" testName="TestSEOContentFromHTTP_SinglePage_FileUnavailableError" computerName="OWNER-PC" duration="00:00:00.1003096" startTime="2014-06-19T12:42:17.8691965-05:00" endTime="2014-06-19T12:42:17.9732024-05:00" testType="13cdc9d9-ddb5-4fa4-a97d-d965ccfc6d4b" outcome="Passed" testListId="8c84fa94-04c1-424b-9868-57a2d4851a1d">
      <Output>
      </Output>
    </UnitTestResult>
    <UnitTestResult executionId="33e507d9-3ea0-4cc7-a4ca-40f05c34903f" testId="4e53e90c-79f3-2fe5-42dc-76c59df7f553" testName="TestSEOContent_SinglePageHTTP_AggregateRating_BotDetectionEnabled" computerName="OWNER-PC" duration="00:00:00.0529559" startTime="2014-06-19T12:42:17.9742025-05:00" endTime="2014-06-19T12:42:18.0302057-05:00" testType="13cdc9d9-ddb5-4fa4-a97d-d965ccfc6d4b" outcome="Passed" testListId="8c84fa94-04c1-424b-9868-57a2d4851a1d">
      <Output>
      </Output>
    </UnitTestResult>
    <UnitTestResult executionId="01be9b96-97c8-49d2-a745-1cc002da1f3c" testId="5cb9f28b-a05f-b9c4-950a-9a1b1d53a576" testName="Test_InteractivePage_Review" computerName="OWNER-PC" duration="00:00:00.0736775" startTime="2014-06-19T12:42:18.0312057-05:00" endTime="2014-06-19T12:42:18.1082101-05:00" testType="13cdc9d9-ddb5-4fa4-a97d-d965ccfc6d4b" outcome="Passed" testListId="8c84fa94-04c1-424b-9868-57a2d4851a1d">
      <Output>
      </Output>
    </UnitTestResult>
    <UnitTestResult executionId="e28dfe1b-8261-4a04-8512-02c9eb5b295d" testId="5d4eaba0-94e6-3d0c-6697-dff9648ceeb5" testName="TestSEOContentFromFile_SinglePage_FileUnavailableError" computerName="OWNER-PC" duration="00:00:00.0210217" startTime="2014-06-19T12:42:18.1092102-05:00" endTime="2014-06-19T12:42:18.1332116-05:00" testType="13cdc9d9-ddb5-4fa4-a97d-d965ccfc6d4b" outcome="Passed" testListId="8c84fa94-04c1-424b-9868-57a2d4851a1d">
      <Output>
      </Output>
    </UnitTestResult>
    <UnitTestResult executionId="15a3aa33-8414-40e4-99b6-c065cd034e17" testId="6173729d-b1c9-b7db-f252-6b7bf296b99d" testName="TestBVConfigLoading" computerName="OWNER-PC" duration="00:00:00.0003152" startTime="2014-06-19T12:42:18.1342116-05:00" endTime="2014-06-19T12:42:18.1362117-05:00" testType="13cdc9d9-ddb5-4fa4-a97d-d965ccfc6d4b" outcome="Passed" testListId="8c84fa94-04c1-424b-9868-57a2d4851a1d">
      <Output>
      </Output>
    </UnitTestResult>
    <UnitTestResult executionId="05e17094-464a-4f1a-9b8a-ba86d6c8f1b6" testId="64102383-1eec-2357-e495-a1398ceb1c60" testName="TestSEOContentFromFile_SinglePagePRR_PageUri" computerName="OWNER-PC" duration="00:00:00.0725592" startTime="2014-06-19T12:42:18.1362117-05:00" endTime="2014-06-19T12:42:18.2112160-05:00" testType="13cdc9d9-ddb5-4fa4-a97d-d965ccfc6d4b" outcome="Passed" testListId="8c84fa94-04c1-424b-9868-57a2d4851a1d">
      <Output>
      </Output>
    </UnitTestResult>
    <UnitTestResult executionId="ccb139ba-6b45-4570-a08a-bf0f25a079bc" testId="64633bc6-a6c4-3385-bf98-af703e82448e" testName="TestSearchContentNullBVQueryParams" computerName="OWNER-PC" duration="00:00:00.0208166" startTime="2014-06-19T12:42:18.2132161-05:00" endTime="2014-06-19T12:42:18.2362175-05:00" testType="13cdc9d9-ddb5-4fa4-a97d-d965ccfc6d4b" outcome="Passed" testListId="8c84fa94-04c1-424b-9868-57a2d4851a1d">
      <Output>
      </Output>
    </UnitTestResult>
    <UnitTestResult executionId="edfc805e-f3ef-49d2-8b17-935cc2eabc75" testId="668619da-6a06-d548-720e-a61936cf267f" testName="Test_SinglePage_Question" computerName="OWNER-PC" duration="00:00:00.0501819" startTime="2014-06-19T12:42:18.2362175-05:00" endTime="2014-06-19T12:42:18.2892205-05:00" testType="13cdc9d9-ddb5-4fa4-a97d-d965ccfc6d4b" outcome="Passed" testListId="8c84fa94-04c1-424b-9868-57a2d4851a1d">
      <Output>
      </Output>
    </UnitTestResult>
    <UnitTestResult executionId="9544ae85-00d7-4d9c-8b8b-aa21b76b73e4" testId="6ae7685d-361b-24f8-8983-14c25fd9df76" testName="Test_SinglePage_Question" computerName="OWNER-PC" duration="00:00:00.0572937" startTime="2014-06-19T12:42:18.2902206-05:00" endTime="2014-06-19T12:42:18.3502240-05:00" testType="13cdc9d9-ddb5-4fa4-a97d-d965ccfc6d4b" outcome="Passed" testListId="8c84fa94-04c1-424b-9868-57a2d4851a1d">
      <Output>
      </Output>
    </UnitTestResult>
    <UnitTestResult executionId="7e57700a-c51b-4a05-8412-1ab5c1afd2c4" testId="6b64ef0b-98a8-9656-ca76-083b22cdebf3" testName="TestBVCoreConfig" computerName="OWNER-PC" duration="00:00:00.0004280" startTime="2014-06-19T12:42:18.3502240-05:00" endTime="2014-06-19T12:42:18.3542242-05:00" testType="13cdc9d9-ddb5-4fa4-a97d-d965ccfc6d4b" outcome="Passed" testListId="8c84fa94-04c1-424b-9868-57a2d4851a1d">
      <Output>
      </Output>
    </UnitTestResult>
    <UnitTestResult executionId="cb0c3046-f655-4b7e-a39e-aba4fc913f3d" testId="6fd35cd4-d5d7-540a-5c99-9f9e1332807e" testName="Test_SinglePage_Review" computerName="OWNER-PC" duration="00:00:00.0544985" startTime="2014-06-19T12:42:18.3562243-05:00" endTime="2014-06-19T12:42:18.4132276-05:00" testType="13cdc9d9-ddb5-4fa4-a97d-d965ccfc6d4b" outcome="Passed" testListId="8c84fa94-04c1-424b-9868-57a2d4851a1d">
      <Output>
      </Output>
    </UnitTestResult>
    <UnitTestResult executionId="1f2f7628-d610-4799-962b-b3660b1c61a4" testId="75867207-bc67-e8f1-ac3b-474d1963e810" testName="TestBase_PageUri_For_PRR_File" computerName="OWNER-PC" duration="00:00:00.0097305" startTime="2014-06-19T12:42:18.4142276-05:00" endTime="2014-06-19T12:42:18.4262283-05:00" testType="13cdc9d9-ddb5-4fa4-a97d-d965ccfc6d4b" outcome="Passed" testListId="8c84fa94-04c1-424b-9868-57a2d4851a1d">
      <Output>
      </Output>
    </UnitTestResult>
    <UnitTestResult executionId="0628d5c2-75d4-49a8-9f0e-6ac858e44de3" testId="79217038-898f-bfff-42c1-8f4916c3308c" testName="TestSEOContent_SinglePageHTTP_GetReview_SDK_Disabled" computerName="OWNER-PC" duration="00:00:00.0268439" startTime="2014-06-19T12:42:18.4302286-05:00" endTime="2014-06-19T12:42:18.4592302-05:00" testType="13cdc9d9-ddb5-4fa4-a97d-d965ccfc6d4b" outcome="Passed" testListId="8c84fa94-04c1-424b-9868-57a2d4851a1d">
      <Output>
      </Output>
    </UnitTestResult>
    <UnitTestResult executionId="e25fce6e-d5c1-444f-b123-4af555bf94ed" testId="83670232-d932-24b5-97b0-54c95872e53a" testName="TestSEOContentFromHTTP_SinglePagePRR_AggregateRating" computerName="OWNER-PC" duration="00:00:00.0472801" startTime="2014-06-19T12:42:18.4622304-05:00" endTime="2014-06-19T12:42:18.5132333-05:00" testType="13cdc9d9-ddb5-4fa4-a97d-d965ccfc6d4b" outcome="Passed" testListId="8c84fa94-04c1-424b-9868-57a2d4851a1d">
      <Output>
      </Output>
    </UnitTestResult>
    <UnitTestResult executionId="5c24ce71-862c-46f3-8541-e98868e2a66e" testId="8d264e89-646c-4a3d-bb37-95d58ddc393f" testName="BVManagedUIContentTestPagination" computerName="OWNER-PC" duration="00:00:00.0566627" startTime="2014-06-19T12:42:18.5142334-05:00" endTime="2014-06-19T12:42:18.5752369-05:00" testType="13cdc9d9-ddb5-4fa4-a97d-d965ccfc6d4b" outcome="Passed" testListId="8c84fa94-04c1-424b-9868-57a2d4851a1d">
      <Output>
      </Output>
    </UnitTestResult>
    <UnitTestResult executionId="1f41f138-7f55-45e5-bf5c-fda01fea6196" testId="915c5ee6-ea7f-ebc8-ffeb-939ac16ef3d4" testName="TestDisplayFooter" computerName="OWNER-PC" duration="00:00:00.0264947" startTime="2014-06-19T12:42:18.5762369-05:00" endTime="2014-06-19T12:42:18.6072387-05:00" testType="13cdc9d9-ddb5-4fa4-a97d-d965ccfc6d4b" outcome="Passed" testListId="8c84fa94-04c1-424b-9868-57a2d4851a1d">
      <Output>
      </Output>
    </UnitTestResult>
    <UnitTestResult executionId="3df3b29b-c30b-402b-bf23-afb3157f5821" testId="99cebdfa-8a8d-7958-449d-c3ab05306baa" testName="TestSEOContentFromHTTP_SinglePagePRR_Reviews" computerName="OWNER-PC" duration="00:00:00.0425128" startTime="2014-06-19T12:42:18.6082387-05:00" endTime="2014-06-19T12:42:18.6542414-05:00" testType="13cdc9d9-ddb5-4fa4-a97d-d965ccfc6d4b" outcome="Passed" testListId="8c84fa94-04c1-424b-9868-57a2d4851a1d">
      <Output>
      </Output>
    </UnitTestResult>
    <UnitTestResult executionId="f3f49438-5041-4836-8832-6a7b7387db8d" testId="9bc706cc-8a93-1cbe-a917-e57f61a9b33c" testName="TestStory_Default" computerName="OWNER-PC" duration="00:00:00.0005959" startTime="2014-06-19T12:42:18.6552414-05:00" endTime="2014-06-19T12:42:18.6592417-05:00" testType="13cdc9d9-ddb5-4fa4-a97d-d965ccfc6d4b" outcome="Passed" testListId="8c84fa94-04c1-424b-9868-57a2d4851a1d">
      <Output>
      </Output>
    </UnitTestResult>
    <UnitTestResult executionId="98ad98c0-2baa-4b95-bb68-50d6ce3868a9" testId="9fbc3db2-a72e-842c-8a9f-b86ecd2a1ffa" testName="TestSEOContent_SinglePageHTTP_Aggregate_WithoutPagination" computerName="OWNER-PC" duration="00:00:00.0765739" startTime="2014-06-19T12:42:18.6612418-05:00" endTime="2014-06-19T12:42:18.7482467-05:00" testType="13cdc9d9-ddb5-4fa4-a97d-d965ccfc6d4b" outcome="Passed" testListId="8c84fa94-04c1-424b-9868-57a2d4851a1d">
      <Output>
      </Output>
    </UnitTestResult>
    <UnitTestResult executionId="30491856-9ba6-4a12-8c00-42b85a730d0a" testId="a16719c5-f614-973b-19a7-7416eb2f394c" testName="TestSEOContent_SinglePageHTTP_GetReviews_Blank_Page_Test" computerName="OWNER-PC" duration="00:00:00.1137077" startTime="2014-06-19T12:42:18.7502469-05:00" endTime="2014-06-19T12:42:18.8662535-05:00" testType="13cdc9d9-ddb5-4fa4-a97d-d965ccfc6d4b" outcome="Passed" testListId="8c84fa94-04c1-424b-9868-57a2d4851a1d">
      <Output>
      </Output>
    </UnitTestResult>
    <UnitTestResult executionId="e9dd8f1a-0634-4ecd-9c96-891b670b7e81" testId="a6d9cbae-7a2a-2a07-9ac8-67310f1bbfe9" testName="TestEquality" computerName="OWNER-PC" duration="00:00:00.0007140" startTime="2014-06-19T12:42:18.8662535-05:00" endTime="2014-06-19T12:42:18.8702537-05:00" testType="13cdc9d9-ddb5-4fa4-a97d-d965ccfc6d4b" outcome="Passed" testListId="8c84fa94-04c1-424b-9868-57a2d4851a1d">
      <Output>
      </Output>
    </UnitTestResult>
    <UnitTestResult executionId="8a777b4c-0e73-42ee-8084-9bc290c37637" testId="ad53fe42-0f62-0dd7-7cc0-48e9888ed79f" testName="TestAdd_GetProperty" computerName="OWNER-PC" duration="00:00:00.0010443" startTime="2014-06-19T12:42:18.8702537-05:00" endTime="2014-06-19T12:42:18.8732539-05:00" testType="13cdc9d9-ddb5-4fa4-a97d-d965ccfc6d4b" outcome="Passed" testListId="8c84fa94-04c1-424b-9868-57a2d4851a1d">
      <Output>
      </Output>
    </UnitTestResult>
    <UnitTestResult executionId="f75e2522-a1bc-4617-a5c2-9a4da06ae839" testId="ad819142-0fc8-08d8-db73-e33e4581e13f" testName="Test_SinglePage_Stories" computerName="OWNER-PC" duration="00:00:00.0578515" startTime="2014-06-19T12:42:18.8742540-05:00" endTime="2014-06-19T12:42:18.9342574-05:00" testType="13cdc9d9-ddb5-4fa4-a97d-d965ccfc6d4b" outcome="Passed" testListId="8c84fa94-04c1-424b-9868-57a2d4851a1d">
      <Output>
      </Output>
    </UnitTestResult>
    <UnitTestResult executionId="16d35a20-5a2b-45f3-8da1-73e413ee0fb6" testId="aeaa7568-80d7-74bb-5b00-573772c963a7" testName="TestSEOContentFromHTTP__InvalidCloudKey" computerName="OWNER-PC" duration="00:00:00.0911319" startTime="2014-06-19T12:42:18.9342574-05:00" endTime="2014-06-19T12:42:19.0282628-05:00" testType="13cdc9d9-ddb5-4fa4-a97d-d965ccfc6d4b" outcome="Passed" testListId="8c84fa94-04c1-424b-9868-57a2d4851a1d">
      <Output>
      </Output>
    </UnitTestResult>
    <UnitTestResult executionId="f6006db6-8e44-4f57-bb7d-e0bfc98dd3c8" testId="b2d12f36-ff95-5ec9-cb04-8158ae12524d" testName="Test_InlinePage_Review" computerName="OWNER-PC" duration="00:00:00.0643049" startTime="2014-06-19T12:42:19.0292628-05:00" endTime="2014-06-19T12:42:19.0972667-05:00" testType="13cdc9d9-ddb5-4fa4-a97d-d965ccfc6d4b" outcome="Passed" testListId="8c84fa94-04c1-424b-9868-57a2d4851a1d">
      <Output>
      </Output>
    </UnitTestResult>
    <UnitTestResult executionId="3477e4c6-ac47-4b93-87dc-dfdf5b149aef" testId="b356f059-aac1-f420-83c0-9add27c3b4a9" testName="TestSEOContentFromHTTP_SinglePagePRR" computerName="OWNER-PC" duration="00:00:00.0472432" startTime="2014-06-19T12:42:19.0982668-05:00" endTime="2014-06-19T12:42:19.1472696-05:00" testType="13cdc9d9-ddb5-4fa4-a97d-d965ccfc6d4b" outcome="Passed" testListId="8c84fa94-04c1-424b-9868-57a2d4851a1d">
      <Output>
      </Output>
    </UnitTestResult>
    <UnitTestResult executionId="255fdc61-bb4f-4a6f-92fd-6d48dab4f2d4" testId="b48b3fc7-9265-32fb-3e33-df8465400226" testName="TestStory_Default_None" computerName="OWNER-PC" duration="00:00:00.0006159" startTime="2014-06-19T12:42:19.1482696-05:00" endTime="2014-06-19T12:42:19.1512698-05:00" testType="13cdc9d9-ddb5-4fa4-a97d-d965ccfc6d4b" outcome="Passed" testListId="8c84fa94-04c1-424b-9868-57a2d4851a1d">
      <Output>
      </Output>
    </UnitTestResult>
    <UnitTestResult executionId="ddbc5376-d23c-4fc4-bd08-864745d48fee" testId="b6359c4b-4264-9433-7578-43f7a388767a" testName="Test_SinglePage_Stories" computerName="OWNER-PC" duration="00:00:00.0581733" startTime="2014-06-19T12:42:19.1512698-05:00" endTime="2014-06-19T12:42:19.2122733-05:00" testType="13cdc9d9-ddb5-4fa4-a97d-d965ccfc6d4b" outcome="Passed" testListId="8c84fa94-04c1-424b-9868-57a2d4851a1d">
      <Output>
      </Output>
    </UnitTestResult>
    <UnitTestResult executionId="4b84341f-46c3-4ee8-bec4-cf777b99c97f" testId="b643c69c-4cdc-3e70-5e26-8310153d1cef" testName="TestSEOContent_SinglePageHTTP_GetReviews_ERR0013" computerName="OWNER-PC" duration="00:00:00.0753894" startTime="2014-06-19T12:42:19.2142734-05:00" endTime="2014-06-19T12:42:19.2922779-05:00" testType="13cdc9d9-ddb5-4fa4-a97d-d965ccfc6d4b" outcome="Passed" testListId="8c84fa94-04c1-424b-9868-57a2d4851a1d">
      <Output>
      </Output>
    </UnitTestResult>
    <UnitTestResult executionId="ddb9d1b7-86b7-4b39-8620-bcd863803ec8" testId="b7f4a730-d7d6-6886-d361-333ee2505238" testName="TestSDKEnabled" computerName="OWNER-PC" duration="00:00:00.0010112" startTime="2014-06-19T12:42:19.2922779-05:00" endTime="2014-06-19T12:42:19.2972782-05:00" testType="13cdc9d9-ddb5-4fa4-a97d-d965ccfc6d4b" outcome="Passed" testListId="8c84fa94-04c1-424b-9868-57a2d4851a1d">
      <Output>
      </Output>
    </UnitTestResult>
    <UnitTestResult executionId="430057d6-2786-4320-b685-6530c83bab58" testId="ba579d81-f213-d67c-11cb-81ed57511985" testName="Test_SinglePage_Stories" computerName="OWNER-PC" duration="00:00:00.0510231" startTime="2014-06-19T12:42:19.2982782-05:00" endTime="2014-06-19T12:42:19.3512812-05:00" testType="13cdc9d9-ddb5-4fa4-a97d-d965ccfc6d4b" outcome="Passed" testListId="8c84fa94-04c1-424b-9868-57a2d4851a1d">
      <Output>
      </Output>
    </UnitTestResult>
    <UnitTestResult executionId="4ee470ba-530f-40b9-9116-a306067c95ef" testId="c06fa58c-fdd8-dd0e-a4bc-27769392ea48" testName="TestShowUserAgentSeoContent" computerName="OWNER-PC" duration="00:00:00.0010501" startTime="2014-06-19T12:42:19.3522813-05:00" endTime="2014-06-19T12:42:19.3552815-05:00" testType="13cdc9d9-ddb5-4fa4-a97d-d965ccfc6d4b" outcome="Passed" testListId="8c84fa94-04c1-424b-9868-57a2d4851a1d">
      <Output>
      </Output>
    </UnitTestResult>
    <UnitTestResult executionId="fc77618f-3b3a-454b-8556-529c7d2854fb" testId="c31714d1-4618-8354-d76b-91d08f8c9441" testName="TestSEOContentFromFile_SinglePagePRR" computerName="OWNER-PC" duration="00:00:00.0297191" startTime="2014-06-19T12:42:19.3562815-05:00" endTime="2014-06-19T12:42:19.3882834-05:00" testType="13cdc9d9-ddb5-4fa4-a97d-d965ccfc6d4b" outcome="Passed" testListId="8c84fa94-04c1-424b-9868-57a2d4851a1d">
      <Output>
      </Output>
    </UnitTestResult>
    <UnitTestResult executionId="67f54eac-1954-4c1a-bed9-5f7a9314aa88" testId="c3718dbe-75b9-2641-fc26-2579581d699d" testName="TestValidation" computerName="OWNER-PC" duration="00:00:00.0005116" startTime="2014-06-19T12:42:19.3892834-05:00" endTime="2014-06-19T12:42:19.3922836-05:00" testType="13cdc9d9-ddb5-4fa4-a97d-d965ccfc6d4b" outcome="Passed" testListId="8c84fa94-04c1-424b-9868-57a2d4851a1d">
      <Output>
      </Output>
    </UnitTestResult>
    <UnitTestResult executionId="3b7a138f-c494-4021-a37a-d446759bfdab" testId="cb9ab58d-8baa-855e-5d07-948d7c894c3b" testName="TestMessages" computerName="OWNER-PC" duration="00:00:00.0007021" startTime="2014-06-19T12:42:19.3932836-05:00" endTime="2014-06-19T12:42:19.3972839-05:00" testType="13cdc9d9-ddb5-4fa4-a97d-d965ccfc6d4b" outcome="Passed" testListId="8c84fa94-04c1-424b-9868-57a2d4851a1d">
      <Output>
      </Output>
    </UnitTestResult>
    <UnitTestResult executionId="7f2fae3c-7a07-4773-80f3-481e146554ac" testId="cff9f61b-6dcb-0390-8d2f-6388c5c19037" testName="TestBase_PageUri_For_PRR_HTTP" computerName="OWNER-PC" duration="00:00:00.0098984" startTime="2014-06-19T12:42:19.3982839-05:00" endTime="2014-06-19T12:42:19.4102846-05:00" testType="13cdc9d9-ddb5-4fa4-a97d-d965ccfc6d4b" outcome="Passed" testListId="8c84fa94-04c1-424b-9868-57a2d4851a1d">
      <Output>
      </Output>
    </UnitTestResult>
    <UnitTestResult executionId="eaf4a4a6-7e77-4bcc-95c5-7a77eb8b9966" testId="d1e3fb7c-9317-1703-6861-0e422458bfcb" testName="TestSEOContent_SinglePageHTTP_AggregateRatingAndReviews" computerName="OWNER-PC" duration="00:00:00.0636447" startTime="2014-06-19T12:42:19.4112847-05:00" endTime="2014-06-19T12:42:19.4782885-05:00" testType="13cdc9d9-ddb5-4fa4-a97d-d965ccfc6d4b" outcome="Passed" testListId="8c84fa94-04c1-424b-9868-57a2d4851a1d">
      <Output>
      </Output>
    </UnitTestResult>
    <UnitTestResult executionId="0caf6c38-9ba4-499d-9d04-3c2ba6ab5df4" testId="d59f7a52-4d79-9972-54da-b2b7c1ae1c5f" testName="Test_SinglePage_Review" computerName="OWNER-PC" duration="00:00:00.0496800" startTime="2014-06-19T12:42:19.4802886-05:00" endTime="2014-06-19T12:42:19.5322916-05:00" testType="13cdc9d9-ddb5-4fa4-a97d-d965ccfc6d4b" outcome="Passed" testListId="8c84fa94-04c1-424b-9868-57a2d4851a1d">
      <Output>
      </Output>
    </UnitTestResult>
    <UnitTestResult executionId="756d4d72-b1d1-4c2f-95c2-7e9307937f1f" testId="d5b9f4f0-6010-0c54-3743-eb4ff4f22503" testName="Test_InteractivePage_Stories" computerName="OWNER-PC" duration="00:00:00.0574777" startTime="2014-06-19T12:42:19.5342917-05:00" endTime="2014-06-19T12:42:19.5962953-05:00" testType="13cdc9d9-ddb5-4fa4-a97d-d965ccfc6d4b" outcome="Passed" testListId="8c84fa94-04c1-424b-9868-57a2d4851a1d">
      <Output>
      </Output>
    </UnitTestResult>
    <UnitTestResult executionId="22e3d853-5648-4e03-b9c8-0e95edf7bfb3" testId="d8ca1f24-9443-c0e5-1264-61d20ec22e40" testName="TestSEOContentFromFile_SinglePage_FileUnavailableError_bvReveal" computerName="OWNER-PC" duration="00:00:00.0276865" startTime="2014-06-19T12:42:19.5982954-05:00" endTime="2014-06-19T12:42:19.6292971-05:00" testType="13cdc9d9-ddb5-4fa4-a97d-d965ccfc6d4b" outcome="Passed" testListId="8c84fa94-04c1-424b-9868-57a2d4851a1d">
      <Output>
      </Output>
    </UnitTestResult>
    <UnitTestResult executionId="d6d1b933-7be5-404c-b310-bc06b8ec8ffc" testId="da0c38e7-f05e-1866-f108-b4c889ec0aac" testName="Test_InlinePage_Question" computerName="OWNER-PC" duration="00:00:00.0457919" startTime="2014-06-19T12:42:19.6312973-05:00" endTime="2014-06-19T12:42:19.6793000-05:00" testType="13cdc9d9-ddb5-4fa4-a97d-d965ccfc6d4b" outcome="Passed" testListId="8c84fa94-04c1-424b-9868-57a2d4851a1d">
      <Output>
      </Output>
    </UnitTestResult>
    <UnitTestResult executionId="cdf78e7f-4973-44c7-ab9f-f3f59cf59c1c" testId="da2e4a92-4ba6-bd6e-bb80-20abea394ccb" testName="TestStory_Stories_PageNumber" computerName="OWNER-PC" duration="00:00:00.0108535" startTime="2014-06-19T12:42:19.6813001-05:00" endTime="2014-06-19T12:42:19.6943009-05:00" testType="13cdc9d9-ddb5-4fa4-a97d-d965ccfc6d4b" outcome="Passed" testListId="8c84fa94-04c1-424b-9868-57a2d4851a1d">
      <Output>
      </Output>
    </UnitTestResult>
    <UnitTestResult executionId="9f033b20-f489-422e-aa70-dff821a62029" testId="dcc3c09a-4129-5a88-ed35-c7f7905cd23e" testName="TestSEOContentFromFile_SinglePageC2013" computerName="OWNER-PC" duration="00:00:00.0233869" startTime="2014-06-19T12:42:19.6953009-05:00" endTime="2014-06-19T12:42:19.7213024-05:00" testType="13cdc9d9-ddb5-4fa4-a97d-d965ccfc6d4b" outcome="Passed" testListId="8c84fa94-04c1-424b-9868-57a2d4851a1d">
      <Output>
      </Output>
    </UnitTestResult>
    <UnitTestResult executionId="917e8439-9637-4d35-8d7a-1ae3d7a89254" testId="dcc51909-54b6-883c-dfae-331a4fe24ce0" testName="TestSEOContent_SinglePageHTTP_AggregateRating_IfNotPresent" computerName="OWNER-PC" duration="00:00:00.0955219" startTime="2014-06-19T12:42:19.7213024-05:00" endTime="2014-06-19T12:42:19.8193080-05:00" testType="13cdc9d9-ddb5-4fa4-a97d-d965ccfc6d4b" outcome="Passed" testListId="8c84fa94-04c1-424b-9868-57a2d4851a1d">
      <Output>
      </Output>
    </UnitTestResult>
    <UnitTestResult executionId="3bd2764f-0a80-4f15-b2e2-057286a8ad84" testId="e5392506-b2a1-3752-d638-f48e2c0698ee" testName="Test_InteractivePage_Question" computerName="OWNER-PC" duration="00:00:00.0998797" startTime="2014-06-19T12:42:19.8203081-05:00" endTime="2014-06-19T12:42:19.9253141-05:00" testType="13cdc9d9-ddb5-4fa4-a97d-d965ccfc6d4b" outcome="Passed" testListId="8c84fa94-04c1-424b-9868-57a2d4851a1d">
      <Output>
      </Output>
    </UnitTestResult>
    <UnitTestResult executionId="17b5be0c-41da-4af9-a60a-2e8e79a7f7d1" testId="ef6ccb04-b599-464a-c095-b5e5580d4593" testName="TestDisplayFooter_Debug" computerName="OWNER-PC" duration="00:00:00.0324527" startTime="2014-06-19T12:42:19.9263141-05:00" endTime="2014-06-19T12:42:19.9623162-05:00" testType="13cdc9d9-ddb5-4fa4-a97d-d965ccfc6d4b" outcome="Passed" testListId="8c84fa94-04c1-424b-9868-57a2d4851a1d">
      <Output>
      </Output>
    </UnitTestResult>
    <UnitTestResult executionId="de780bcc-5a34-4e46-ad2c-7abe320502ee" testId="f257fd26-c7b6-848a-b0cf-55010618c280" testName="BVManagedUIContentTestExecutionTimeOut" computerName="OWNER-PC" duration="00:00:00.1123993" startTime="2014-06-19T12:42:19.9633162-05:00" endTime="2014-06-19T12:42:20.0783228-05:00" testType="13cdc9d9-ddb5-4fa4-a97d-d965ccfc6d4b" outcome="Passed" testListId="8c84fa94-04c1-424b-9868-57a2d4851a1d">
      <Output>
      </Output>
    </UnitTestResult>
    <UnitTestResult executionId="8163cc78-e913-4cfc-ad14-a8f2105dba3b" testId="f85c0aa3-3674-b42a-2128-69bd3afe7ca6" testName="TestSEOContentFrom_Using_HTTPS" computerName="OWNER-PC" duration="00:00:00.3072524" startTime="2014-06-19T12:42:20.0793229-05:00" endTime="2014-06-19T12:42:20.3883406-05:00" testType="13cdc9d9-ddb5-4fa4-a97d-d965ccfc6d4b" outcome="Passed" testListId="8c84fa94-04c1-424b-9868-57a2d4851a1d">
      <Output>
      </Output>
    </UnitTestResult>
    <UnitTestResult executionId="0a1c535e-8b40-47b8-ad2d-9a264c3c3b78" testId="fc6b45b6-617d-35be-f3b7-a6ec6b460ed6" testName="TestSEOContentFromHTTP_SinglePageC2013" computerName="OWNER-PC" duration="00:00:00.0606655" startTime="2014-06-19T12:42:20.3913407-05:00" endTime="2014-06-19T12:42:20.4643449-05:00" testType="13cdc9d9-ddb5-4fa4-a97d-d965ccfc6d4b" outcome="Passed" testListId="8c84fa94-04c1-424b-9868-57a2d4851a1d">
      <Output>
      </Output>
    </UnitTestResult>
  </Results>
</TestRun>